[0.899s] Invoking command in '/root/ros2_ws/build/ament_package': PYTHONPATH=/root/ros2_ws/build/ament_package/prefix_override:/usr/lib/python3/dist-packages/colcon_core/task/python/colcon_distutils_commands:/root/ros2_ws/install/ament_package/lib/python3.10/site-packages:${PYTHONPATH} /usr/bin/python3 -W ignore:setup.py install is deprecated -W ignore:easy_install command is deprecated setup.py develop --editable --build-directory /root/ros2_ws/build/ament_package/build --no-deps symlink_data
[1.140s] running develop
[1.321s] running egg_info
[1.321s] creating ament_package.egg-info
[1.321s] writing ament_package.egg-info/PKG-INFO
[1.321s] writing dependency_links to ament_package.egg-info/dependency_links.txt
[1.321s] writing requirements to ament_package.egg-info/requires.txt
[1.321s] writing top-level names to ament_package.egg-info/top_level.txt
[1.321s] writing manifest file 'ament_package.egg-info/SOURCES.txt'
[1.322s] reading manifest file 'ament_package.egg-info/SOURCES.txt'
[1.322s] writing manifest file 'ament_package.egg-info/SOURCES.txt'
[1.322s] running build_ext
[1.322s] Creating /root/ros2_ws/install/ament_package/lib/python3.10/site-packages/ament-package.egg-link (link to .)
[1.322s] 
[1.322s] Installed /root/ros2_ws/build/ament_package
[1.322s] running symlink_data
[1.322s] symbolically linking /root/ros2_ws/build/ament_package/package.xml -> /root/ros2_ws/install/ament_package/share/ament_package
[1.322s] creating /root/ros2_ws/install/ament_package/share/ament_index
[1.322s] creating /root/ros2_ws/install/ament_package/share/ament_index/resource_index
[1.322s] creating /root/ros2_ws/install/ament_package/share/ament_index/resource_index/packages
[1.322s] symbolically linking /root/ros2_ws/build/ament_package/resource/ament_package -> /root/ros2_ws/install/ament_package/share/ament_index/resource_index/packages
[1.363s] Invoked command in '/root/ros2_ws/build/ament_package' returned '0': PYTHONPATH=/root/ros2_ws/build/ament_package/prefix_override:/usr/lib/python3/dist-packages/colcon_core/task/python/colcon_distutils_commands:/root/ros2_ws/install/ament_package/lib/python3.10/site-packages:${PYTHONPATH} /usr/bin/python3 -W ignore:setup.py install is deprecated -W ignore:easy_install command is deprecated setup.py develop --editable --build-directory /root/ros2_ws/build/ament_package/build --no-deps symlink_data
