[0.031s] Invoking command in '/root/ros2_ws/build/ament_cmake_export_include_directories': AMENT_PREFIX_PATH=/root/ros2_ws/install/ament_cmake_core:/root/ros2_ws/install/ament_package:${AMENT_PREFIX_PATH} CMAKE_PREFIX_PATH=/root/ros2_ws/install/ament_cmake_core:/opt/ros/humble PYTHONPATH=/root/ros2_ws/build/ament_package:/root/ros2_ws/install/ament_package/lib/python3.10/site-packages:${PYTHONPATH} /usr/bin/cmake /root/ros2_ws/src/ament/ament_cmake/ament_cmake_export_include_directories -DAMENT_CMAKE_SYMLINK_INSTALL=1 -DCMAKE_INSTALL_PREFIX=/root/ros2_ws/install/ament_cmake_export_include_directories
[0.047s] -- Found ament_cmake_core: 1.3.14 (/root/ros2_ws/install/ament_cmake_core/share/ament_cmake_core/cmake)
[0.267s] -- Found Python3: /usr/bin/python3 (found version "3.10.12") found components: Interpreter 
[0.357s] -- Override CMake install command with custom implementation using symlinks instead of copying resources
[0.455s] -- Configuring done
[0.456s] -- Generating done
[0.460s] -- Build files have been written to: /root/ros2_ws/build/ament_cmake_export_include_directories
[0.460s] Invoked command in '/root/ros2_ws/build/ament_cmake_export_include_directories' returned '0': AMENT_PREFIX_PATH=/root/ros2_ws/install/ament_cmake_core:/root/ros2_ws/install/ament_package:${AMENT_PREFIX_PATH} CMAKE_PREFIX_PATH=/root/ros2_ws/install/ament_cmake_core:/opt/ros/humble PYTHONPATH=/root/ros2_ws/build/ament_package:/root/ros2_ws/install/ament_package/lib/python3.10/site-packages:${PYTHONPATH} /usr/bin/cmake /root/ros2_ws/src/ament/ament_cmake/ament_cmake_export_include_directories -DAMENT_CMAKE_SYMLINK_INSTALL=1 -DCMAKE_INSTALL_PREFIX=/root/ros2_ws/install/ament_cmake_export_include_directories
[0.462s] Invoking command in '/root/ros2_ws/build/ament_cmake_export_include_directories': AMENT_PREFIX_PATH=/root/ros2_ws/install/ament_cmake_core:/root/ros2_ws/install/ament_package:${AMENT_PREFIX_PATH} CMAKE_PREFIX_PATH=/root/ros2_ws/install/ament_cmake_core:/opt/ros/humble PYTHONPATH=/root/ros2_ws/build/ament_package:/root/ros2_ws/install/ament_package/lib/python3.10/site-packages:${PYTHONPATH} /usr/bin/cmake --build /root/ros2_ws/build/ament_cmake_export_include_directories -- -j16 -l16
[0.495s] Invoked command in '/root/ros2_ws/build/ament_cmake_export_include_directories' returned '0': AMENT_PREFIX_PATH=/root/ros2_ws/install/ament_cmake_core:/root/ros2_ws/install/ament_package:${AMENT_PREFIX_PATH} CMAKE_PREFIX_PATH=/root/ros2_ws/install/ament_cmake_core:/opt/ros/humble PYTHONPATH=/root/ros2_ws/build/ament_package:/root/ros2_ws/install/ament_package/lib/python3.10/site-packages:${PYTHONPATH} /usr/bin/cmake --build /root/ros2_ws/build/ament_cmake_export_include_directories -- -j16 -l16
[0.497s] Invoking command in '/root/ros2_ws/build/ament_cmake_export_include_directories': AMENT_PREFIX_PATH=/root/ros2_ws/install/ament_cmake_core:/root/ros2_ws/install/ament_package:${AMENT_PREFIX_PATH} CMAKE_PREFIX_PATH=/root/ros2_ws/install/ament_cmake_core:/opt/ros/humble PYTHONPATH=/root/ros2_ws/build/ament_package:/root/ros2_ws/install/ament_package/lib/python3.10/site-packages:${PYTHONPATH} /usr/bin/cmake --install /root/ros2_ws/build/ament_cmake_export_include_directories
[0.505s] -- Install configuration: ""
[0.505s] -- Execute custom install script
[0.506s] -- Symlinking: /root/ros2_ws/install/ament_cmake_export_include_directories/share/ament_index/resource_index/package_run_dependencies/ament_cmake_export_include_directories
[0.511s] -- Symlinking: /root/ros2_ws/install/ament_cmake_export_include_directories/share/ament_index/resource_index/parent_prefix_path/ament_cmake_export_include_directories
[0.520s] -- Symlinking: /root/ros2_ws/install/ament_cmake_export_include_directories/share/ament_cmake_export_include_directories/environment/ament_prefix_path.sh
[0.528s] -- Symlinking: /root/ros2_ws/install/ament_cmake_export_include_directories/share/ament_cmake_export_include_directories/environment/ament_prefix_path.dsv
[0.537s] -- Symlinking: /root/ros2_ws/install/ament_cmake_export_include_directories/share/ament_cmake_export_include_directories/environment/path.sh
[0.545s] -- Symlinking: /root/ros2_ws/install/ament_cmake_export_include_directories/share/ament_cmake_export_include_directories/environment/path.dsv
[0.554s] -- Symlinking: /root/ros2_ws/install/ament_cmake_export_include_directories/share/ament_cmake_export_include_directories/local_setup.bash
[0.561s] -- Symlinking: /root/ros2_ws/install/ament_cmake_export_include_directories/share/ament_cmake_export_include_directories/local_setup.sh
[0.570s] -- Symlinking: /root/ros2_ws/install/ament_cmake_export_include_directories/share/ament_cmake_export_include_directories/local_setup.zsh
[0.578s] -- Symlinking: /root/ros2_ws/install/ament_cmake_export_include_directories/share/ament_cmake_export_include_directories/local_setup.dsv
[0.586s] -- Symlinking: /root/ros2_ws/install/ament_cmake_export_include_directories/share/ament_cmake_export_include_directories/package.dsv
[0.595s] -- Symlinking: /root/ros2_ws/install/ament_cmake_export_include_directories/share/ament_index/resource_index/packages/ament_cmake_export_include_directories
[0.604s] -- Symlinking: /root/ros2_ws/install/ament_cmake_export_include_directories/share/ament_cmake_export_include_directories/cmake/ament_cmake_export_include_directories-extras.cmake
[0.614s] -- Symlinking: /root/ros2_ws/install/ament_cmake_export_include_directories/share/ament_cmake_export_include_directories/cmake/ament_cmake_export_include_directoriesConfig.cmake
[0.639s] -- Symlinking: /root/ros2_ws/install/ament_cmake_export_include_directories/share/ament_cmake_export_include_directories/cmake/ament_cmake_export_include_directoriesConfig-version.cmake
[0.639s] -- Symlinking: /root/ros2_ws/install/ament_cmake_export_include_directories/share/ament_cmake_export_include_directories/package.xml
[0.672s] -- Symlinking: /root/ros2_ws/install/ament_cmake_export_include_directories/share/ament_cmake_export_include_directories/cmake/ament_cmake_export_include_directories-extras.cmake.in
[0.672s] -- Symlinking: /root/ros2_ws/install/ament_cmake_export_include_directories/share/ament_cmake_export_include_directories/cmake/ament_cmake_export_include_directories_package_hook.cmake
[0.672s] -- Symlinking: /root/ros2_ws/install/ament_cmake_export_include_directories/share/ament_cmake_export_include_directories/cmake/ament_export_include_directories.cmake
[0.697s] Invoked command in '/root/ros2_ws/build/ament_cmake_export_include_directories' returned '0': AMENT_PREFIX_PATH=/root/ros2_ws/install/ament_cmake_core:/root/ros2_ws/install/ament_package:${AMENT_PREFIX_PATH} CMAKE_PREFIX_PATH=/root/ros2_ws/install/ament_cmake_core:/opt/ros/humble PYTHONPATH=/root/ros2_ws/build/ament_package:/root/ros2_ws/install/ament_package/lib/python3.10/site-packages:${PYTHONPATH} /usr/bin/cmake --install /root/ros2_ws/build/ament_cmake_export_include_directories
