Consolidate compiler generated dependencies of target gtest
Consolidate compiler generated dependencies of target tracetools
Consolidate compiler generated dependencies of target gtest_main
[ 23%] Built target tracetools
[ 38%] Built target gtest
[ 53%] Built target gtest_main
Consolidate compiler generated dependencies of target tracetools_status
[ 69%] Built target tracetools_status
Consolidate compiler generated dependencies of target test_status
Consolidate compiler generated dependencies of target status
[ 84%] Built target test_status
[100%] Built target status
-- Install configuration: ""
-- Execute custom install script
-- Symlinking: /root/ros2_ws/install/tracetools/share/tracetools/environment/library_path.sh
-- Symlinking: /root/ros2_ws/install/tracetools/share/tracetools/environment/library_path.dsv
-- Symlinking: /root/ros2_ws/install/tracetools/lib/libtracetools_status.so
-- Symlinking: /root/ros2_ws/install/tracetools/lib/tracetools/status
-- Symlinking: /root/ros2_ws/install/tracetools/include/tracetools/tracetools/config.h
-- Symlinking: /root/ros2_ws/install/tracetools/include/tracetools/tracetools/status.h
-- Symlinking: /root/ros2_ws/install/tracetools/include/tracetools/tracetools/tracetools.h
-- Symlinking: /root/ros2_ws/install/tracetools/include/tracetools/tracetools/utils.hpp
-- Symlinking: /root/ros2_ws/install/tracetools/include/tracetools/tracetools/visibility_control.hpp
-- Symlinking: /root/ros2_ws/install/tracetools/share/ament_index/resource_index/package_run_dependencies/tracetools
-- Symlinking: /root/ros2_ws/install/tracetools/share/ament_index/resource_index/parent_prefix_path/tracetools
-- Symlinking: /root/ros2_ws/install/tracetools/share/tracetools/environment/ament_prefix_path.sh
-- Symlinking: /root/ros2_ws/install/tracetools/share/tracetools/environment/ament_prefix_path.dsv
-- Symlinking: /root/ros2_ws/install/tracetools/share/tracetools/environment/path.sh
-- Symlinking: /root/ros2_ws/install/tracetools/share/tracetools/environment/path.dsv
-- Symlinking: /root/ros2_ws/install/tracetools/share/tracetools/local_setup.bash
-- Symlinking: /root/ros2_ws/install/tracetools/share/tracetools/local_setup.sh
-- Symlinking: /root/ros2_ws/install/tracetools/share/tracetools/local_setup.zsh
-- Symlinking: /root/ros2_ws/install/tracetools/share/tracetools/local_setup.dsv
-- Symlinking: /root/ros2_ws/install/tracetools/share/tracetools/package.dsv
-- Symlinking: /root/ros2_ws/install/tracetools/share/ament_index/resource_index/packages/tracetools
-- Symlinking: /root/ros2_ws/install/tracetools/share/tracetools/cmake/ament_cmake_export_targets-extras.cmake
-- Symlinking: /root/ros2_ws/install/tracetools/share/tracetools/cmake/ament_cmake_export_include_directories-extras.cmake
-- Symlinking: /root/ros2_ws/install/tracetools/share/tracetools/cmake/ament_cmake_export_libraries-extras.cmake
-- Symlinking: /root/ros2_ws/install/tracetools/share/tracetools/cmake/tracetoolsConfig.cmake
-- Symlinking: /root/ros2_ws/install/tracetools/share/tracetools/cmake/tracetoolsConfig-version.cmake
-- Symlinking: /root/ros2_ws/install/tracetools/share/tracetools/package.xml
-- Installing: /root/ros2_ws/install/tracetools/lib/libtracetools.so
-- Installing: /root/ros2_ws/install/tracetools/share/tracetools/cmake/tracetools_exportExport.cmake
-- Installing: /root/ros2_ws/install/tracetools/share/tracetools/cmake/tracetools_exportExport-noconfig.cmake
