[0.036s] Invoking command in '/root/ros2_ws/build/ament_cmake_version': AMENT_PREFIX_PATH=/root/ros2_ws/install/ament_cmake_core:/root/ros2_ws/install/ament_package:${AMENT_PREFIX_PATH} CMAKE_PREFIX_PATH=/root/ros2_ws/install/ament_cmake_core:/opt/ros/humble PYTHONPATH=/root/ros2_ws/build/ament_package:/root/ros2_ws/install/ament_package/lib/python3.10/site-packages:${PYTHONPATH} /usr/bin/cmake --build /root/ros2_ws/build/ament_cmake_version -- -j16 -l16
[0.098s] Invoked command in '/root/ros2_ws/build/ament_cmake_version' returned '0': AMENT_PREFIX_PATH=/root/ros2_ws/install/ament_cmake_core:/root/ros2_ws/install/ament_package:${AMENT_PREFIX_PATH} CMAKE_PREFIX_PATH=/root/ros2_ws/install/ament_cmake_core:/opt/ros/humble PYTHONPATH=/root/ros2_ws/build/ament_package:/root/ros2_ws/install/ament_package/lib/python3.10/site-packages:${PYTHONPATH} /usr/bin/cmake --build /root/ros2_ws/build/ament_cmake_version -- -j16 -l16
[0.099s] Invoking command in '/root/ros2_ws/build/ament_cmake_version': AMENT_PREFIX_PATH=/root/ros2_ws/install/ament_cmake_core:/root/ros2_ws/install/ament_package:${AMENT_PREFIX_PATH} CMAKE_PREFIX_PATH=/root/ros2_ws/install/ament_cmake_core:/opt/ros/humble PYTHONPATH=/root/ros2_ws/build/ament_package:/root/ros2_ws/install/ament_package/lib/python3.10/site-packages:${PYTHONPATH} /usr/bin/cmake --install /root/ros2_ws/build/ament_cmake_version
[0.112s] -- Install configuration: ""
[0.112s] -- Execute custom install script
[0.112s] -- Up-to-date symlink: /root/ros2_ws/install/ament_cmake_version/share/ament_index/resource_index/package_run_dependencies/ament_cmake_version
[0.112s] -- Up-to-date symlink: /root/ros2_ws/install/ament_cmake_version/share/ament_index/resource_index/parent_prefix_path/ament_cmake_version
[0.112s] -- Up-to-date symlink: /root/ros2_ws/install/ament_cmake_version/share/ament_cmake_version/environment/ament_prefix_path.sh
[0.112s] -- Up-to-date symlink: /root/ros2_ws/install/ament_cmake_version/share/ament_cmake_version/environment/ament_prefix_path.dsv
[0.112s] -- Up-to-date symlink: /root/ros2_ws/install/ament_cmake_version/share/ament_cmake_version/environment/path.sh
[0.112s] -- Up-to-date symlink: /root/ros2_ws/install/ament_cmake_version/share/ament_cmake_version/environment/path.dsv
[0.112s] -- Up-to-date symlink: /root/ros2_ws/install/ament_cmake_version/share/ament_cmake_version/local_setup.bash
[0.112s] -- Up-to-date symlink: /root/ros2_ws/install/ament_cmake_version/share/ament_cmake_version/local_setup.sh
[0.112s] -- Up-to-date symlink: /root/ros2_ws/install/ament_cmake_version/share/ament_cmake_version/local_setup.zsh
[0.112s] -- Up-to-date symlink: /root/ros2_ws/install/ament_cmake_version/share/ament_cmake_version/local_setup.dsv
[0.112s] -- Symlinking: /root/ros2_ws/install/ament_cmake_version/share/ament_cmake_version/package.dsv
[0.112s] -- Up-to-date symlink: /root/ros2_ws/install/ament_cmake_version/share/ament_index/resource_index/packages/ament_cmake_version
[0.112s] -- Up-to-date symlink: /root/ros2_ws/install/ament_cmake_version/share/ament_cmake_version/cmake/ament_cmake_version-extras.cmake
[0.112s] -- Up-to-date symlink: /root/ros2_ws/install/ament_cmake_version/share/ament_cmake_version/cmake/ament_cmake_versionConfig.cmake
[0.112s] -- Up-to-date symlink: /root/ros2_ws/install/ament_cmake_version/share/ament_cmake_version/cmake/ament_cmake_versionConfig-version.cmake
[0.113s] -- Up-to-date symlink: /root/ros2_ws/install/ament_cmake_version/share/ament_cmake_version/package.xml
[0.113s] -- Up-to-date symlink: /root/ros2_ws/install/ament_cmake_version/share/ament_cmake_version/cmake/ament_export_development_version_if_higher_than_manifest.cmake
[0.179s] Invoked command in '/root/ros2_ws/build/ament_cmake_version' returned '0': AMENT_PREFIX_PATH=/root/ros2_ws/install/ament_cmake_core:/root/ros2_ws/install/ament_package:${AMENT_PREFIX_PATH} CMAKE_PREFIX_PATH=/root/ros2_ws/install/ament_cmake_core:/opt/ros/humble PYTHONPATH=/root/ros2_ws/build/ament_package:/root/ros2_ws/install/ament_package/lib/python3.10/site-packages:${PYTHONPATH} /usr/bin/cmake --install /root/ros2_ws/build/ament_cmake_version
