[1.215s] Invoking command in '/root/ros2_ws/build/launch_xml': AMENT_PREFIX_PATH=/root/ros2_ws/install/launch:/root/ros2_ws/install/ament_index_python:/root/ros2_ws/install/ament_copyright:/root/ros2_ws/install/ament_pep257:/root/ros2_ws/install/ament_flake8:/root/ros2_ws/install/osrf_pycommon:/root/ros2_ws/install/ament_lint:${AMENT_PREFIX_PATH} PATH=/root/ros2_ws/install/ament_index_python/bin:/root/ros2_ws/install/ament_copyright/bin:/root/ros2_ws/install/ament_pep257/bin:/root/ros2_ws/install/ament_flake8/bin:${PATH} PYTHONPATH=/root/ros2_ws/build/launch_xml/prefix_override:/usr/lib/python3/dist-packages/colcon_core/task/python/colcon_distutils_commands:/root/ros2_ws/install/launch_xml/lib/python3.10/site-packages:/root/ros2_ws/build/launch:/root/ros2_ws/install/launch/lib/python3.10/site-packages:/root/ros2_ws/build/ament_index_python:/root/ros2_ws/install/ament_index_python/lib/python3.10/site-packages:/root/ros2_ws/build/ament_copyright:/root/ros2_ws/install/ament_copyright/lib/python3.10/site-packages:/root/ros2_ws/build/ament_pep257:/root/ros2_ws/install/ament_pep257/lib/python3.10/site-packages:/root/ros2_ws/build/ament_flake8:/root/ros2_ws/install/ament_flake8/lib/python3.10/site-packages:/root/ros2_ws/build/osrf_pycommon:/root/ros2_ws/install/osrf_pycommon/lib/python3.10/site-packages:/root/ros2_ws/build/ament_lint:/root/ros2_ws/install/ament_lint/lib/python3.10/site-packages:${PYTHONPATH} /usr/bin/python3 -W ignore:setup.py install is deprecated -W ignore:easy_install command is deprecated setup.py develop --editable --build-directory /root/ros2_ws/build/launch_xml/build --no-deps symlink_data
[1.532s] running develop
[1.693s] running egg_info
[1.693s] creating launch_xml.egg-info
[1.693s] writing launch_xml.egg-info/PKG-INFO
[1.693s] writing dependency_links to launch_xml.egg-info/dependency_links.txt
[1.693s] writing entry points to launch_xml.egg-info/entry_points.txt
[1.693s] writing requirements to launch_xml.egg-info/requires.txt
[1.693s] writing top-level names to launch_xml.egg-info/top_level.txt
[1.693s] writing manifest file 'launch_xml.egg-info/SOURCES.txt'
[1.695s] reading manifest file 'launch_xml.egg-info/SOURCES.txt'
[1.696s] writing manifest file 'launch_xml.egg-info/SOURCES.txt'
[1.699s] running build_ext
[1.701s] Creating /root/ros2_ws/install/launch_xml/lib/python3.10/site-packages/launch-xml.egg-link (link to .)
[1.701s] 
[1.701s] Installed /root/ros2_ws/build/launch_xml
[1.701s] running symlink_data
[1.701s] symbolically linking /root/ros2_ws/build/launch_xml/package.xml -> /root/ros2_ws/install/launch_xml/share/launch_xml
[1.701s] creating /root/ros2_ws/install/launch_xml/share/ament_index
[1.701s] creating /root/ros2_ws/install/launch_xml/share/ament_index/resource_index
[1.702s] creating /root/ros2_ws/install/launch_xml/share/ament_index/resource_index/packages
[1.702s] symbolically linking /root/ros2_ws/build/launch_xml/resource/launch_xml -> /root/ros2_ws/install/launch_xml/share/ament_index/resource_index/packages
[1.759s] Invoked command in '/root/ros2_ws/build/launch_xml' returned '0': AMENT_PREFIX_PATH=/root/ros2_ws/install/launch:/root/ros2_ws/install/ament_index_python:/root/ros2_ws/install/ament_copyright:/root/ros2_ws/install/ament_pep257:/root/ros2_ws/install/ament_flake8:/root/ros2_ws/install/osrf_pycommon:/root/ros2_ws/install/ament_lint:${AMENT_PREFIX_PATH} PATH=/root/ros2_ws/install/ament_index_python/bin:/root/ros2_ws/install/ament_copyright/bin:/root/ros2_ws/install/ament_pep257/bin:/root/ros2_ws/install/ament_flake8/bin:${PATH} PYTHONPATH=/root/ros2_ws/build/launch_xml/prefix_override:/usr/lib/python3/dist-packages/colcon_core/task/python/colcon_distutils_commands:/root/ros2_ws/install/launch_xml/lib/python3.10/site-packages:/root/ros2_ws/build/launch:/root/ros2_ws/install/launch/lib/python3.10/site-packages:/root/ros2_ws/build/ament_index_python:/root/ros2_ws/install/ament_index_python/lib/python3.10/site-packages:/root/ros2_ws/build/ament_copyright:/root/ros2_ws/install/ament_copyright/lib/python3.10/site-packages:/root/ros2_ws/build/ament_pep257:/root/ros2_ws/install/ament_pep257/lib/python3.10/site-packages:/root/ros2_ws/build/ament_flake8:/root/ros2_ws/install/ament_flake8/lib/python3.10/site-packages:/root/ros2_ws/build/osrf_pycommon:/root/ros2_ws/install/osrf_pycommon/lib/python3.10/site-packages:/root/ros2_ws/build/ament_lint:/root/ros2_ws/install/ament_lint/lib/python3.10/site-packages:${PYTHONPATH} /usr/bin/python3 -W ignore:setup.py install is deprecated -W ignore:easy_install command is deprecated setup.py develop --editable --build-directory /root/ros2_ws/build/launch_xml/build --no-deps symlink_data
