[0.011s] Invoking command in '/root/ros2_ws/build/iceoryx_binding_c': CMAKE_PREFIX_PATH=/root/ros2_ws/install/iceoryx_posh:/root/ros2_ws/install/iceoryx_hoofs:/opt/ros/humble LD_LIBRARY_PATH=/root/ros2_ws/install/iceoryx_posh/lib:/root/ros2_ws/install/iceoryx_hoofs/lib:${LD_LIBRARY_PATH} PATH=/root/ros2_ws/install/iceoryx_posh/bin:${PATH} PKG_CONFIG_PATH=/root/ros2_ws/install/iceoryx_posh/lib/x86_64-linux-gnu/pkgconfig:/root/ros2_ws/install/iceoryx_posh/lib/pkgconfig:/root/ros2_ws/install/iceoryx_hoofs/lib/x86_64-linux-gnu/pkgconfig:/root/ros2_ws/install/iceoryx_hoofs/lib/pkgconfig /usr/bin/cmake --build /root/ros2_ws/build/iceoryx_binding_c -- -j16 -l16
[0.062s] [ 13%] Building CXX object CMakeFiles/iceoryx_binding_c.dir/source/c_request_header.cpp.o
[0.062s] [ 13%] Building CXX object CMakeFiles/iceoryx_binding_c.dir/source/c_client.cpp.o
[0.062s] [ 13%] Building CXX object CMakeFiles/iceoryx_binding_c.dir/source/c_publisher.cpp.o
[0.062s] [ 18%] Building CXX object CMakeFiles/iceoryx_binding_c.dir/source/c_node.cpp.o
[0.062s] [ 22%] Building CXX object CMakeFiles/iceoryx_binding_c.dir/source/c_listener.cpp.o
[0.064s] [ 31%] Building CXX object CMakeFiles/iceoryx_binding_c.dir/source/c_server.cpp.o
[0.064s] [ 31%] Building CXX object CMakeFiles/iceoryx_binding_c.dir/source/c_notification_info.cpp.o
[0.064s] [ 36%] Building CXX object CMakeFiles/iceoryx_binding_c.dir/source/c_subscriber.cpp.o
[0.066s] [ 40%] Building CXX object CMakeFiles/iceoryx_binding_c.dir/source/c_response_header.cpp.o
[0.067s] [ 45%] Building CXX object CMakeFiles/iceoryx_binding_c.dir/source/c_config.cpp.o
[0.070s] [ 50%] Building CXX object CMakeFiles/iceoryx_binding_c.dir/source/c_wait_set.cpp.o
[0.070s] [ 54%] Building CXX object CMakeFiles/iceoryx_binding_c.dir/source/c_user_trigger.cpp.o
[0.071s] [ 59%] Building CXX object CMakeFiles/iceoryx_binding_c.dir/source/c_runtime.cpp.o
[0.073s] [ 63%] Building CXX object CMakeFiles/iceoryx_binding_c.dir/source/c2cpp_enum_translation.cpp.o
[0.073s] [ 68%] Building CXX object CMakeFiles/iceoryx_binding_c.dir/source/c_chunk.cpp.o
[0.090s] [ 72%] Building CXX object CMakeFiles/iceoryx_binding_c.dir/source/c_log.cpp.o
[0.968s] [ 77%] Building CXX object CMakeFiles/iceoryx_binding_c.dir/source/cpp2c_enum_translation.cpp.o
[0.968s] [ 81%] Building CXX object CMakeFiles/iceoryx_binding_c.dir/source/cpp2c_publisher.cpp.o
[1.091s] [ 86%] Building CXX object CMakeFiles/iceoryx_binding_c.dir/source/cpp2c_subscriber.cpp.o
[1.091s] [ 90%] Building CXX object CMakeFiles/iceoryx_binding_c.dir/source/cpp2c_service_description_translation.cpp.o
[1.091s] [ 95%] Building CXX object CMakeFiles/iceoryx_binding_c.dir/source/c_service_discovery.cpp.o
[1.901s] [100%] Linking CXX shared library libiceoryx_binding_c.so
[2.050s] [100%] Built target iceoryx_binding_c
[2.062s] Invoked command in '/root/ros2_ws/build/iceoryx_binding_c' returned '0': CMAKE_PREFIX_PATH=/root/ros2_ws/install/iceoryx_posh:/root/ros2_ws/install/iceoryx_hoofs:/opt/ros/humble LD_LIBRARY_PATH=/root/ros2_ws/install/iceoryx_posh/lib:/root/ros2_ws/install/iceoryx_hoofs/lib:${LD_LIBRARY_PATH} PATH=/root/ros2_ws/install/iceoryx_posh/bin:${PATH} PKG_CONFIG_PATH=/root/ros2_ws/install/iceoryx_posh/lib/x86_64-linux-gnu/pkgconfig:/root/ros2_ws/install/iceoryx_posh/lib/pkgconfig:/root/ros2_ws/install/iceoryx_hoofs/lib/x86_64-linux-gnu/pkgconfig:/root/ros2_ws/install/iceoryx_hoofs/lib/pkgconfig /usr/bin/cmake --build /root/ros2_ws/build/iceoryx_binding_c -- -j16 -l16
[2.063s] Invoking command in '/root/ros2_ws/build/iceoryx_binding_c': CMAKE_PREFIX_PATH=/root/ros2_ws/install/iceoryx_posh:/root/ros2_ws/install/iceoryx_hoofs:/opt/ros/humble LD_LIBRARY_PATH=/root/ros2_ws/install/iceoryx_posh/lib:/root/ros2_ws/install/iceoryx_hoofs/lib:${LD_LIBRARY_PATH} PATH=/root/ros2_ws/install/iceoryx_posh/bin:${PATH} PKG_CONFIG_PATH=/root/ros2_ws/install/iceoryx_posh/lib/x86_64-linux-gnu/pkgconfig:/root/ros2_ws/install/iceoryx_posh/lib/pkgconfig:/root/ros2_ws/install/iceoryx_hoofs/lib/x86_64-linux-gnu/pkgconfig:/root/ros2_ws/install/iceoryx_hoofs/lib/pkgconfig /usr/bin/cmake --install /root/ros2_ws/build/iceoryx_binding_c
[2.072s] -- Install configuration: ""
[2.072s] -- Installing: /root/ros2_ws/install/iceoryx_binding_c/lib/libiceoryx_binding_c.so
[2.076s] -- Set runtime path of "/root/ros2_ws/install/iceoryx_binding_c/lib/libiceoryx_binding_c.so" to ""
[2.076s] -- Installing: /root/ros2_ws/install/iceoryx_binding_c/include/iceoryx/v2.0.6
[2.076s] -- Installing: /root/ros2_ws/install/iceoryx_binding_c/include/iceoryx/v2.0.6/iceoryx_binding_c
[2.076s] -- Installing: /root/ros2_ws/install/iceoryx_binding_c/include/iceoryx/v2.0.6/iceoryx_binding_c/api.h
[2.076s] -- Installing: /root/ros2_ws/install/iceoryx_binding_c/include/iceoryx/v2.0.6/iceoryx_binding_c/chunk.h
[2.076s] -- Installing: /root/ros2_ws/install/iceoryx_binding_c/include/iceoryx/v2.0.6/iceoryx_binding_c/client.h
[2.076s] -- Installing: /root/ros2_ws/install/iceoryx_binding_c/include/iceoryx/v2.0.6/iceoryx_binding_c/config.h
[2.076s] -- Installing: /root/ros2_ws/install/iceoryx_binding_c/include/iceoryx/v2.0.6/iceoryx_binding_c/enums.h
[2.076s] -- Installing: /root/ros2_ws/install/iceoryx_binding_c/include/iceoryx/v2.0.6/iceoryx_binding_c/internal
[2.076s] -- Installing: /root/ros2_ws/install/iceoryx_binding_c/include/iceoryx/v2.0.6/iceoryx_binding_c/internal/c2cpp_binding.h
[2.076s] -- Installing: /root/ros2_ws/install/iceoryx_binding_c/include/iceoryx/v2.0.6/iceoryx_binding_c/internal/c2cpp_enum_translation.hpp
[2.076s] -- Installing: /root/ros2_ws/install/iceoryx_binding_c/include/iceoryx/v2.0.6/iceoryx_binding_c/internal/cpp2c_enum_translation.hpp
[2.076s] -- Installing: /root/ros2_ws/install/iceoryx_binding_c/include/iceoryx/v2.0.6/iceoryx_binding_c/internal/cpp2c_publisher.hpp
[2.077s] -- Installing: /root/ros2_ws/install/iceoryx_binding_c/include/iceoryx/v2.0.6/iceoryx_binding_c/internal/cpp2c_service_description_translation.hpp
[2.077s] -- Installing: /root/ros2_ws/install/iceoryx_binding_c/include/iceoryx/v2.0.6/iceoryx_binding_c/internal/cpp2c_subscriber.hpp
[2.077s] -- Installing: /root/ros2_ws/install/iceoryx_binding_c/include/iceoryx/v2.0.6/iceoryx_binding_c/internal/cpp2c_waitset.hpp
[2.077s] -- Installing: /root/ros2_ws/install/iceoryx_binding_c/include/iceoryx/v2.0.6/iceoryx_binding_c/listener.h
[2.077s] -- Installing: /root/ros2_ws/install/iceoryx_binding_c/include/iceoryx/v2.0.6/iceoryx_binding_c/log.h
[2.077s] -- Installing: /root/ros2_ws/install/iceoryx_binding_c/include/iceoryx/v2.0.6/iceoryx_binding_c/node.h
[2.077s] -- Installing: /root/ros2_ws/install/iceoryx_binding_c/include/iceoryx/v2.0.6/iceoryx_binding_c/notification_info.h
[2.077s] -- Installing: /root/ros2_ws/install/iceoryx_binding_c/include/iceoryx/v2.0.6/iceoryx_binding_c/publisher.h
[2.077s] -- Installing: /root/ros2_ws/install/iceoryx_binding_c/include/iceoryx/v2.0.6/iceoryx_binding_c/request_header.h
[2.077s] -- Installing: /root/ros2_ws/install/iceoryx_binding_c/include/iceoryx/v2.0.6/iceoryx_binding_c/response_header.h
[2.077s] -- Installing: /root/ros2_ws/install/iceoryx_binding_c/include/iceoryx/v2.0.6/iceoryx_binding_c/runtime.h
[2.077s] -- Installing: /root/ros2_ws/install/iceoryx_binding_c/include/iceoryx/v2.0.6/iceoryx_binding_c/server.h
[2.077s] -- Installing: /root/ros2_ws/install/iceoryx_binding_c/include/iceoryx/v2.0.6/iceoryx_binding_c/service_description.h
[2.077s] -- Installing: /root/ros2_ws/install/iceoryx_binding_c/include/iceoryx/v2.0.6/iceoryx_binding_c/service_discovery.h
[2.078s] -- Installing: /root/ros2_ws/install/iceoryx_binding_c/include/iceoryx/v2.0.6/iceoryx_binding_c/subscriber.h
[2.078s] -- Installing: /root/ros2_ws/install/iceoryx_binding_c/include/iceoryx/v2.0.6/iceoryx_binding_c/types.h
[2.078s] -- Installing: /root/ros2_ws/install/iceoryx_binding_c/include/iceoryx/v2.0.6/iceoryx_binding_c/user_trigger.h
[2.078s] -- Installing: /root/ros2_ws/install/iceoryx_binding_c/include/iceoryx/v2.0.6/iceoryx_binding_c/wait_set.h
[2.078s] -- Installing: /root/ros2_ws/install/iceoryx_binding_c/lib/cmake/iceoryx_binding_c/iceoryx_binding_cConfigVersion.cmake
[2.078s] -- Installing: /root/ros2_ws/install/iceoryx_binding_c/lib/cmake/iceoryx_binding_c/iceoryx_binding_cConfig.cmake
[2.078s] -- Installing: /root/ros2_ws/install/iceoryx_binding_c/lib/cmake/iceoryx_binding_c/iceoryx_binding_cTargets.cmake
[2.078s] -- Installing: /root/ros2_ws/install/iceoryx_binding_c/lib/cmake/iceoryx_binding_c/iceoryx_binding_cTargets-noconfig.cmake
[2.078s] -- Installing: /root/ros2_ws/install/iceoryx_binding_c/share/doc/iceoryx_binding_c/LICENSE
[2.080s] Invoked command in '/root/ros2_ws/build/iceoryx_binding_c' returned '0': CMAKE_PREFIX_PATH=/root/ros2_ws/install/iceoryx_posh:/root/ros2_ws/install/iceoryx_hoofs:/opt/ros/humble LD_LIBRARY_PATH=/root/ros2_ws/install/iceoryx_posh/lib:/root/ros2_ws/install/iceoryx_hoofs/lib:${LD_LIBRARY_PATH} PATH=/root/ros2_ws/install/iceoryx_posh/bin:${PATH} PKG_CONFIG_PATH=/root/ros2_ws/install/iceoryx_posh/lib/x86_64-linux-gnu/pkgconfig:/root/ros2_ws/install/iceoryx_posh/lib/pkgconfig:/root/ros2_ws/install/iceoryx_hoofs/lib/x86_64-linux-gnu/pkgconfig:/root/ros2_ws/install/iceoryx_hoofs/lib/pkgconfig /usr/bin/cmake --install /root/ros2_ws/build/iceoryx_binding_c
