[0.014s] Invoking command in '/root/ros2_ws/build/ament_cmake_gmock': AMENT_PREFIX_PATH=/root/ros2_ws/install/ament_cmake_gtest:/root/ros2_ws/install/ament_cmake_test:/root/ros2_ws/install/ament_cmake_python:/root/ros2_ws/install/ament_cmake_core:/root/ros2_ws/install/ament_package:${AMENT_PREFIX_PATH} CMAKE_PREFIX_PATH=/root/ros2_ws/install/ament_cmake_gtest:/root/ros2_ws/install/ament_cmake_test:/root/ros2_ws/install/ament_cmake_python:/root/ros2_ws/install/gmock_vendor:/root/ros2_ws/install/ament_cmake_core:/root/ros2_ws/install/gtest_vendor:/opt/ros/humble PKG_CONFIG_PATH=/root/ros2_ws/install/gmock_vendor/lib/x86_64-linux-gnu/pkgconfig:/root/ros2_ws/install/gmock_vendor/lib/pkgconfig:/root/ros2_ws/install/gtest_vendor/lib/x86_64-linux-gnu/pkgconfig:/root/ros2_ws/install/gtest_vendor/lib/pkgconfig PYTHONPATH=/root/ros2_ws/install/ament_cmake_test/local/lib/python3.10/dist-packages:/root/ros2_ws/build/ament_package:/root/ros2_ws/install/ament_package/lib/python3.10/site-packages:${PYTHONPATH} /usr/bin/cmake /root/ros2_ws/src/ament/ament_cmake/ament_cmake_gmock -DAMENT_CMAKE_SYMLINK_INSTALL=1 -DCMAKE_INSTALL_PREFIX=/root/ros2_ws/install/ament_cmake_gmock
[0.028s] -- Found ament_cmake_core: 1.3.14 (/root/ros2_ws/install/ament_cmake_core/share/ament_cmake_core/cmake)
[0.718s] -- Found Python3: /usr/bin/python3 (found version "3.10.12") found components: Interpreter 
[0.718s] -- Override CMake install command with custom implementation using symlinks instead of copying resources
[0.718s] -- Configuring done
[0.718s] -- Generating done
[0.718s] -- Build files have been written to: /root/ros2_ws/build/ament_cmake_gmock
[0.729s] Invoked command in '/root/ros2_ws/build/ament_cmake_gmock' returned '0': AMENT_PREFIX_PATH=/root/ros2_ws/install/ament_cmake_gtest:/root/ros2_ws/install/ament_cmake_test:/root/ros2_ws/install/ament_cmake_python:/root/ros2_ws/install/ament_cmake_core:/root/ros2_ws/install/ament_package:${AMENT_PREFIX_PATH} CMAKE_PREFIX_PATH=/root/ros2_ws/install/ament_cmake_gtest:/root/ros2_ws/install/ament_cmake_test:/root/ros2_ws/install/ament_cmake_python:/root/ros2_ws/install/gmock_vendor:/root/ros2_ws/install/ament_cmake_core:/root/ros2_ws/install/gtest_vendor:/opt/ros/humble PKG_CONFIG_PATH=/root/ros2_ws/install/gmock_vendor/lib/x86_64-linux-gnu/pkgconfig:/root/ros2_ws/install/gmock_vendor/lib/pkgconfig:/root/ros2_ws/install/gtest_vendor/lib/x86_64-linux-gnu/pkgconfig:/root/ros2_ws/install/gtest_vendor/lib/pkgconfig PYTHONPATH=/root/ros2_ws/install/ament_cmake_test/local/lib/python3.10/dist-packages:/root/ros2_ws/build/ament_package:/root/ros2_ws/install/ament_package/lib/python3.10/site-packages:${PYTHONPATH} /usr/bin/cmake /root/ros2_ws/src/ament/ament_cmake/ament_cmake_gmock -DAMENT_CMAKE_SYMLINK_INSTALL=1 -DCMAKE_INSTALL_PREFIX=/root/ros2_ws/install/ament_cmake_gmock
[0.729s] Invoking command in '/root/ros2_ws/build/ament_cmake_gmock': AMENT_PREFIX_PATH=/root/ros2_ws/install/ament_cmake_gtest:/root/ros2_ws/install/ament_cmake_test:/root/ros2_ws/install/ament_cmake_python:/root/ros2_ws/install/ament_cmake_core:/root/ros2_ws/install/ament_package:${AMENT_PREFIX_PATH} CMAKE_PREFIX_PATH=/root/ros2_ws/install/ament_cmake_gtest:/root/ros2_ws/install/ament_cmake_test:/root/ros2_ws/install/ament_cmake_python:/root/ros2_ws/install/gmock_vendor:/root/ros2_ws/install/ament_cmake_core:/root/ros2_ws/install/gtest_vendor:/opt/ros/humble PKG_CONFIG_PATH=/root/ros2_ws/install/gmock_vendor/lib/x86_64-linux-gnu/pkgconfig:/root/ros2_ws/install/gmock_vendor/lib/pkgconfig:/root/ros2_ws/install/gtest_vendor/lib/x86_64-linux-gnu/pkgconfig:/root/ros2_ws/install/gtest_vendor/lib/pkgconfig PYTHONPATH=/root/ros2_ws/install/ament_cmake_test/local/lib/python3.10/dist-packages:/root/ros2_ws/build/ament_package:/root/ros2_ws/install/ament_package/lib/python3.10/site-packages:${PYTHONPATH} /usr/bin/cmake --build /root/ros2_ws/build/ament_cmake_gmock -- -j16 -l16
[0.885s] Invoked command in '/root/ros2_ws/build/ament_cmake_gmock' returned '0': AMENT_PREFIX_PATH=/root/ros2_ws/install/ament_cmake_gtest:/root/ros2_ws/install/ament_cmake_test:/root/ros2_ws/install/ament_cmake_python:/root/ros2_ws/install/ament_cmake_core:/root/ros2_ws/install/ament_package:${AMENT_PREFIX_PATH} CMAKE_PREFIX_PATH=/root/ros2_ws/install/ament_cmake_gtest:/root/ros2_ws/install/ament_cmake_test:/root/ros2_ws/install/ament_cmake_python:/root/ros2_ws/install/gmock_vendor:/root/ros2_ws/install/ament_cmake_core:/root/ros2_ws/install/gtest_vendor:/opt/ros/humble PKG_CONFIG_PATH=/root/ros2_ws/install/gmock_vendor/lib/x86_64-linux-gnu/pkgconfig:/root/ros2_ws/install/gmock_vendor/lib/pkgconfig:/root/ros2_ws/install/gtest_vendor/lib/x86_64-linux-gnu/pkgconfig:/root/ros2_ws/install/gtest_vendor/lib/pkgconfig PYTHONPATH=/root/ros2_ws/install/ament_cmake_test/local/lib/python3.10/dist-packages:/root/ros2_ws/build/ament_package:/root/ros2_ws/install/ament_package/lib/python3.10/site-packages:${PYTHONPATH} /usr/bin/cmake --build /root/ros2_ws/build/ament_cmake_gmock -- -j16 -l16
[0.885s] Invoking command in '/root/ros2_ws/build/ament_cmake_gmock': AMENT_PREFIX_PATH=/root/ros2_ws/install/ament_cmake_gtest:/root/ros2_ws/install/ament_cmake_test:/root/ros2_ws/install/ament_cmake_python:/root/ros2_ws/install/ament_cmake_core:/root/ros2_ws/install/ament_package:${AMENT_PREFIX_PATH} CMAKE_PREFIX_PATH=/root/ros2_ws/install/ament_cmake_gtest:/root/ros2_ws/install/ament_cmake_test:/root/ros2_ws/install/ament_cmake_python:/root/ros2_ws/install/gmock_vendor:/root/ros2_ws/install/ament_cmake_core:/root/ros2_ws/install/gtest_vendor:/opt/ros/humble PKG_CONFIG_PATH=/root/ros2_ws/install/gmock_vendor/lib/x86_64-linux-gnu/pkgconfig:/root/ros2_ws/install/gmock_vendor/lib/pkgconfig:/root/ros2_ws/install/gtest_vendor/lib/x86_64-linux-gnu/pkgconfig:/root/ros2_ws/install/gtest_vendor/lib/pkgconfig PYTHONPATH=/root/ros2_ws/install/ament_cmake_test/local/lib/python3.10/dist-packages:/root/ros2_ws/build/ament_package:/root/ros2_ws/install/ament_package/lib/python3.10/site-packages:${PYTHONPATH} /usr/bin/cmake --install /root/ros2_ws/build/ament_cmake_gmock
[0.891s] -- Install configuration: ""
[0.891s] -- Execute custom install script
[0.891s] -- Symlinking: /root/ros2_ws/install/ament_cmake_gmock/share/ament_index/resource_index/package_run_dependencies/ament_cmake_gmock
[0.900s] -- Symlinking: /root/ros2_ws/install/ament_cmake_gmock/share/ament_index/resource_index/parent_prefix_path/ament_cmake_gmock
[0.906s] -- Symlinking: /root/ros2_ws/install/ament_cmake_gmock/share/ament_cmake_gmock/environment/ament_prefix_path.sh
[0.912s] -- Symlinking: /root/ros2_ws/install/ament_cmake_gmock/share/ament_cmake_gmock/environment/ament_prefix_path.dsv
[0.921s] -- Symlinking: /root/ros2_ws/install/ament_cmake_gmock/share/ament_cmake_gmock/environment/path.sh
[0.928s] -- Symlinking: /root/ros2_ws/install/ament_cmake_gmock/share/ament_cmake_gmock/environment/path.dsv
[0.937s] -- Symlinking: /root/ros2_ws/install/ament_cmake_gmock/share/ament_cmake_gmock/local_setup.bash
[0.947s] -- Symlinking: /root/ros2_ws/install/ament_cmake_gmock/share/ament_cmake_gmock/local_setup.sh
[0.956s] -- Symlinking: /root/ros2_ws/install/ament_cmake_gmock/share/ament_cmake_gmock/local_setup.zsh
[0.966s] -- Symlinking: /root/ros2_ws/install/ament_cmake_gmock/share/ament_cmake_gmock/local_setup.dsv
[0.976s] -- Symlinking: /root/ros2_ws/install/ament_cmake_gmock/share/ament_cmake_gmock/package.dsv
[0.983s] -- Symlinking: /root/ros2_ws/install/ament_cmake_gmock/share/ament_index/resource_index/packages/ament_cmake_gmock
[0.992s] -- Symlinking: /root/ros2_ws/install/ament_cmake_gmock/share/ament_cmake_gmock/cmake/ament_cmake_gmock-extras.cmake
[0.998s] -- Symlinking: /root/ros2_ws/install/ament_cmake_gmock/share/ament_cmake_gmock/cmake/ament_cmake_gmockConfig.cmake
[1.005s] -- Symlinking: /root/ros2_ws/install/ament_cmake_gmock/share/ament_cmake_gmock/cmake/ament_cmake_gmockConfig-version.cmake
[1.013s] -- Symlinking: /root/ros2_ws/install/ament_cmake_gmock/share/ament_cmake_gmock/package.xml
[1.023s] -- Symlinking: /root/ros2_ws/install/ament_cmake_gmock/share/ament_cmake_gmock/cmake/ament_add_gmock.cmake
[1.031s] -- Symlinking: /root/ros2_ws/install/ament_cmake_gmock/share/ament_cmake_gmock/cmake/ament_find_gmock.cmake
[1.039s] Invoked command in '/root/ros2_ws/build/ament_cmake_gmock' returned '0': AMENT_PREFIX_PATH=/root/ros2_ws/install/ament_cmake_gtest:/root/ros2_ws/install/ament_cmake_test:/root/ros2_ws/install/ament_cmake_python:/root/ros2_ws/install/ament_cmake_core:/root/ros2_ws/install/ament_package:${AMENT_PREFIX_PATH} CMAKE_PREFIX_PATH=/root/ros2_ws/install/ament_cmake_gtest:/root/ros2_ws/install/ament_cmake_test:/root/ros2_ws/install/ament_cmake_python:/root/ros2_ws/install/gmock_vendor:/root/ros2_ws/install/ament_cmake_core:/root/ros2_ws/install/gtest_vendor:/opt/ros/humble PKG_CONFIG_PATH=/root/ros2_ws/install/gmock_vendor/lib/x86_64-linux-gnu/pkgconfig:/root/ros2_ws/install/gmock_vendor/lib/pkgconfig:/root/ros2_ws/install/gtest_vendor/lib/x86_64-linux-gnu/pkgconfig:/root/ros2_ws/install/gtest_vendor/lib/pkgconfig PYTHONPATH=/root/ros2_ws/install/ament_cmake_test/local/lib/python3.10/dist-packages:/root/ros2_ws/build/ament_package:/root/ros2_ws/install/ament_package/lib/python3.10/site-packages:${PYTHONPATH} /usr/bin/cmake --install /root/ros2_ws/build/ament_cmake_gmock
