[0.043s] Invoking command in '/root/ros2_ws/build/ament_cmake_python': AMENT_PREFIX_PATH=/root/ros2_ws/install/ament_cmake_core:/root/ros2_ws/install/ament_package:${AMENT_PREFIX_PATH} CMAKE_PREFIX_PATH=/root/ros2_ws/install/ament_cmake_core:/opt/ros/humble PYTHONPATH=/root/ros2_ws/build/ament_package:/root/ros2_ws/install/ament_package/lib/python3.10/site-packages:${PYTHONPATH} /usr/bin/cmake /root/ros2_ws/src/ament/ament_cmake/ament_cmake_python -DAMENT_CMAKE_SYMLINK_INSTALL=1 -DCMAKE_INSTALL_PREFIX=/root/ros2_ws/install/ament_cmake_python
[0.064s] -- Found ament_cmake_core: 1.3.14 (/root/ros2_ws/install/ament_cmake_core/share/ament_cmake_core/cmake)
[0.270s] -- Found Python3: /usr/bin/python3 (found version "3.10.12") found components: Interpreter 
[0.358s] -- Override CMake install command with custom implementation using symlinks instead of copying resources
[0.443s] -- Configuring done
[0.445s] -- Generating done
[0.446s] -- Build files have been written to: /root/ros2_ws/build/ament_cmake_python
[0.451s] Invoked command in '/root/ros2_ws/build/ament_cmake_python' returned '0': AMENT_PREFIX_PATH=/root/ros2_ws/install/ament_cmake_core:/root/ros2_ws/install/ament_package:${AMENT_PREFIX_PATH} CMAKE_PREFIX_PATH=/root/ros2_ws/install/ament_cmake_core:/opt/ros/humble PYTHONPATH=/root/ros2_ws/build/ament_package:/root/ros2_ws/install/ament_package/lib/python3.10/site-packages:${PYTHONPATH} /usr/bin/cmake /root/ros2_ws/src/ament/ament_cmake/ament_cmake_python -DAMENT_CMAKE_SYMLINK_INSTALL=1 -DCMAKE_INSTALL_PREFIX=/root/ros2_ws/install/ament_cmake_python
[0.452s] Invoking command in '/root/ros2_ws/build/ament_cmake_python': AMENT_PREFIX_PATH=/root/ros2_ws/install/ament_cmake_core:/root/ros2_ws/install/ament_package:${AMENT_PREFIX_PATH} CMAKE_PREFIX_PATH=/root/ros2_ws/install/ament_cmake_core:/opt/ros/humble PYTHONPATH=/root/ros2_ws/build/ament_package:/root/ros2_ws/install/ament_package/lib/python3.10/site-packages:${PYTHONPATH} /usr/bin/cmake --build /root/ros2_ws/build/ament_cmake_python -- -j16 -l16
[0.493s] Invoked command in '/root/ros2_ws/build/ament_cmake_python' returned '0': AMENT_PREFIX_PATH=/root/ros2_ws/install/ament_cmake_core:/root/ros2_ws/install/ament_package:${AMENT_PREFIX_PATH} CMAKE_PREFIX_PATH=/root/ros2_ws/install/ament_cmake_core:/opt/ros/humble PYTHONPATH=/root/ros2_ws/build/ament_package:/root/ros2_ws/install/ament_package/lib/python3.10/site-packages:${PYTHONPATH} /usr/bin/cmake --build /root/ros2_ws/build/ament_cmake_python -- -j16 -l16
[0.494s] Invoking command in '/root/ros2_ws/build/ament_cmake_python': AMENT_PREFIX_PATH=/root/ros2_ws/install/ament_cmake_core:/root/ros2_ws/install/ament_package:${AMENT_PREFIX_PATH} CMAKE_PREFIX_PATH=/root/ros2_ws/install/ament_cmake_core:/opt/ros/humble PYTHONPATH=/root/ros2_ws/build/ament_package:/root/ros2_ws/install/ament_package/lib/python3.10/site-packages:${PYTHONPATH} /usr/bin/cmake --install /root/ros2_ws/build/ament_cmake_python
[0.505s] -- Install configuration: ""
[0.505s] -- Execute custom install script
[0.505s] -- Symlinking: /root/ros2_ws/install/ament_cmake_python/share/ament_index/resource_index/package_run_dependencies/ament_cmake_python
[0.520s] -- Symlinking: /root/ros2_ws/install/ament_cmake_python/share/ament_index/resource_index/parent_prefix_path/ament_cmake_python
[0.529s] -- Symlinking: /root/ros2_ws/install/ament_cmake_python/share/ament_cmake_python/environment/ament_prefix_path.sh
[0.536s] -- Symlinking: /root/ros2_ws/install/ament_cmake_python/share/ament_cmake_python/environment/ament_prefix_path.dsv
[0.546s] -- Symlinking: /root/ros2_ws/install/ament_cmake_python/share/ament_cmake_python/environment/path.sh
[0.555s] -- Symlinking: /root/ros2_ws/install/ament_cmake_python/share/ament_cmake_python/environment/path.dsv
[0.564s] -- Symlinking: /root/ros2_ws/install/ament_cmake_python/share/ament_cmake_python/local_setup.bash
[0.572s] -- Symlinking: /root/ros2_ws/install/ament_cmake_python/share/ament_cmake_python/local_setup.sh
[0.581s] -- Symlinking: /root/ros2_ws/install/ament_cmake_python/share/ament_cmake_python/local_setup.zsh
[0.590s] -- Symlinking: /root/ros2_ws/install/ament_cmake_python/share/ament_cmake_python/local_setup.dsv
[0.597s] -- Symlinking: /root/ros2_ws/install/ament_cmake_python/share/ament_cmake_python/package.dsv
[0.606s] -- Symlinking: /root/ros2_ws/install/ament_cmake_python/share/ament_index/resource_index/packages/ament_cmake_python
[0.614s] -- Symlinking: /root/ros2_ws/install/ament_cmake_python/share/ament_cmake_python/cmake/ament_cmake_python-extras.cmake
[0.622s] -- Symlinking: /root/ros2_ws/install/ament_cmake_python/share/ament_cmake_python/cmake/ament_cmake_pythonConfig.cmake
[0.630s] -- Symlinking: /root/ros2_ws/install/ament_cmake_python/share/ament_cmake_python/cmake/ament_cmake_pythonConfig-version.cmake
[0.638s] -- Symlinking: /root/ros2_ws/install/ament_cmake_python/share/ament_cmake_python/package.xml
[0.660s] -- Symlinking: /root/ros2_ws/install/ament_cmake_python/share/ament_cmake_python/cmake/ament_get_python_install_dir.cmake
[0.660s] -- Symlinking: /root/ros2_ws/install/ament_cmake_python/share/ament_cmake_python/cmake/ament_python_install_module.cmake
[0.660s] -- Symlinking: /root/ros2_ws/install/ament_cmake_python/share/ament_cmake_python/cmake/ament_python_install_package.cmake
[0.710s] Invoked command in '/root/ros2_ws/build/ament_cmake_python' returned '0': AMENT_PREFIX_PATH=/root/ros2_ws/install/ament_cmake_core:/root/ros2_ws/install/ament_package:${AMENT_PREFIX_PATH} CMAKE_PREFIX_PATH=/root/ros2_ws/install/ament_cmake_core:/opt/ros/humble PYTHONPATH=/root/ros2_ws/build/ament_package:/root/ros2_ws/install/ament_package/lib/python3.10/site-packages:${PYTHONPATH} /usr/bin/cmake --install /root/ros2_ws/build/ament_cmake_python
