[0.077s] Invoking command in '/root/ros2_ws/build/ament_cmake_export_interfaces': AMENT_PREFIX_PATH=/root/ros2_ws/install/ament_cmake_export_libraries:/root/ros2_ws/install/ament_cmake_core:/root/ros2_ws/install/ament_package:${AMENT_PREFIX_PATH} CMAKE_PREFIX_PATH=/root/ros2_ws/install/ament_cmake_export_libraries:/root/ros2_ws/install/ament_cmake_core:/opt/ros/humble PYTHONPATH=/root/ros2_ws/build/ament_package:/root/ros2_ws/install/ament_package/lib/python3.10/site-packages:${PYTHONPATH} /usr/bin/cmake --build /root/ros2_ws/build/ament_cmake_export_interfaces -- -j16 -l16
[0.226s] Invoked command in '/root/ros2_ws/build/ament_cmake_export_interfaces' returned '0': AMENT_PREFIX_PATH=/root/ros2_ws/install/ament_cmake_export_libraries:/root/ros2_ws/install/ament_cmake_core:/root/ros2_ws/install/ament_package:${AMENT_PREFIX_PATH} CMAKE_PREFIX_PATH=/root/ros2_ws/install/ament_cmake_export_libraries:/root/ros2_ws/install/ament_cmake_core:/opt/ros/humble PYTHONPATH=/root/ros2_ws/build/ament_package:/root/ros2_ws/install/ament_package/lib/python3.10/site-packages:${PYTHONPATH} /usr/bin/cmake --build /root/ros2_ws/build/ament_cmake_export_interfaces -- -j16 -l16
[0.227s] Invoking command in '/root/ros2_ws/build/ament_cmake_export_interfaces': AMENT_PREFIX_PATH=/root/ros2_ws/install/ament_cmake_export_libraries:/root/ros2_ws/install/ament_cmake_core:/root/ros2_ws/install/ament_package:${AMENT_PREFIX_PATH} CMAKE_PREFIX_PATH=/root/ros2_ws/install/ament_cmake_export_libraries:/root/ros2_ws/install/ament_cmake_core:/opt/ros/humble PYTHONPATH=/root/ros2_ws/build/ament_package:/root/ros2_ws/install/ament_package/lib/python3.10/site-packages:${PYTHONPATH} /usr/bin/cmake --install /root/ros2_ws/build/ament_cmake_export_interfaces
[0.232s] -- Install configuration: ""
[0.233s] -- Execute custom install script
[0.233s] -- Up-to-date symlink: /root/ros2_ws/install/ament_cmake_export_interfaces/share/ament_index/resource_index/package_run_dependencies/ament_cmake_export_interfaces
[0.233s] -- Up-to-date symlink: /root/ros2_ws/install/ament_cmake_export_interfaces/share/ament_index/resource_index/parent_prefix_path/ament_cmake_export_interfaces
[0.233s] -- Up-to-date symlink: /root/ros2_ws/install/ament_cmake_export_interfaces/share/ament_cmake_export_interfaces/environment/ament_prefix_path.sh
[0.233s] -- Up-to-date symlink: /root/ros2_ws/install/ament_cmake_export_interfaces/share/ament_cmake_export_interfaces/environment/ament_prefix_path.dsv
[0.234s] -- Up-to-date symlink: /root/ros2_ws/install/ament_cmake_export_interfaces/share/ament_cmake_export_interfaces/environment/path.sh
[0.234s] -- Up-to-date symlink: /root/ros2_ws/install/ament_cmake_export_interfaces/share/ament_cmake_export_interfaces/environment/path.dsv
[0.234s] -- Up-to-date symlink: /root/ros2_ws/install/ament_cmake_export_interfaces/share/ament_cmake_export_interfaces/local_setup.bash
[0.234s] -- Up-to-date symlink: /root/ros2_ws/install/ament_cmake_export_interfaces/share/ament_cmake_export_interfaces/local_setup.sh
[0.234s] -- Up-to-date symlink: /root/ros2_ws/install/ament_cmake_export_interfaces/share/ament_cmake_export_interfaces/local_setup.zsh
[0.234s] -- Up-to-date symlink: /root/ros2_ws/install/ament_cmake_export_interfaces/share/ament_cmake_export_interfaces/local_setup.dsv
[0.234s] -- Symlinking: /root/ros2_ws/install/ament_cmake_export_interfaces/share/ament_cmake_export_interfaces/package.dsv
[0.240s] -- Up-to-date symlink: /root/ros2_ws/install/ament_cmake_export_interfaces/share/ament_index/resource_index/packages/ament_cmake_export_interfaces
[0.240s] -- Up-to-date symlink: /root/ros2_ws/install/ament_cmake_export_interfaces/share/ament_cmake_export_interfaces/cmake/ament_cmake_export_interfaces-extras.cmake
[0.240s] -- Up-to-date symlink: /root/ros2_ws/install/ament_cmake_export_interfaces/share/ament_cmake_export_interfaces/cmake/ament_cmake_export_interfacesConfig.cmake
[0.240s] -- Up-to-date symlink: /root/ros2_ws/install/ament_cmake_export_interfaces/share/ament_cmake_export_interfaces/cmake/ament_cmake_export_interfacesConfig-version.cmake
[0.240s] -- Up-to-date symlink: /root/ros2_ws/install/ament_cmake_export_interfaces/share/ament_cmake_export_interfaces/package.xml
[0.240s] -- Up-to-date symlink: /root/ros2_ws/install/ament_cmake_export_interfaces/share/ament_cmake_export_interfaces/cmake/ament_cmake_export_interfaces-extras.cmake.in
[0.240s] -- Up-to-date symlink: /root/ros2_ws/install/ament_cmake_export_interfaces/share/ament_cmake_export_interfaces/cmake/ament_cmake_export_interfaces_package_hook.cmake
[0.240s] -- Up-to-date symlink: /root/ros2_ws/install/ament_cmake_export_interfaces/share/ament_cmake_export_interfaces/cmake/ament_export_interfaces.cmake
[0.242s] Invoked command in '/root/ros2_ws/build/ament_cmake_export_interfaces' returned '0': AMENT_PREFIX_PATH=/root/ros2_ws/install/ament_cmake_export_libraries:/root/ros2_ws/install/ament_cmake_core:/root/ros2_ws/install/ament_package:${AMENT_PREFIX_PATH} CMAKE_PREFIX_PATH=/root/ros2_ws/install/ament_cmake_export_libraries:/root/ros2_ws/install/ament_cmake_core:/opt/ros/humble PYTHONPATH=/root/ros2_ws/build/ament_package:/root/ros2_ws/install/ament_package/lib/python3.10/site-packages:${PYTHONPATH} /usr/bin/cmake --install /root/ros2_ws/build/ament_cmake_export_interfaces
