[0.149s] Invoking command in '/root/ros2_ws/build/ament_cmake_export_targets': AMENT_PREFIX_PATH=/root/ros2_ws/install/ament_cmake_export_libraries:/root/ros2_ws/install/ament_cmake_core:/root/ros2_ws/install/ament_package:${AMENT_PREFIX_PATH} CMAKE_PREFIX_PATH=/root/ros2_ws/install/ament_cmake_export_libraries:/root/ros2_ws/install/ament_cmake_core:/opt/ros/humble PYTHONPATH=/root/ros2_ws/build/ament_package:/root/ros2_ws/install/ament_package/lib/python3.10/site-packages:${PYTHONPATH} /usr/bin/cmake --build /root/ros2_ws/build/ament_cmake_export_targets -- -j16 -l16
[0.175s] Invoked command in '/root/ros2_ws/build/ament_cmake_export_targets' returned '0': AMENT_PREFIX_PATH=/root/ros2_ws/install/ament_cmake_export_libraries:/root/ros2_ws/install/ament_cmake_core:/root/ros2_ws/install/ament_package:${AMENT_PREFIX_PATH} CMAKE_PREFIX_PATH=/root/ros2_ws/install/ament_cmake_export_libraries:/root/ros2_ws/install/ament_cmake_core:/opt/ros/humble PYTHONPATH=/root/ros2_ws/build/ament_package:/root/ros2_ws/install/ament_package/lib/python3.10/site-packages:${PYTHONPATH} /usr/bin/cmake --build /root/ros2_ws/build/ament_cmake_export_targets -- -j16 -l16
[0.176s] Invoking command in '/root/ros2_ws/build/ament_cmake_export_targets': AMENT_PREFIX_PATH=/root/ros2_ws/install/ament_cmake_export_libraries:/root/ros2_ws/install/ament_cmake_core:/root/ros2_ws/install/ament_package:${AMENT_PREFIX_PATH} CMAKE_PREFIX_PATH=/root/ros2_ws/install/ament_cmake_export_libraries:/root/ros2_ws/install/ament_cmake_core:/opt/ros/humble PYTHONPATH=/root/ros2_ws/build/ament_package:/root/ros2_ws/install/ament_package/lib/python3.10/site-packages:${PYTHONPATH} /usr/bin/cmake --install /root/ros2_ws/build/ament_cmake_export_targets
[0.185s] -- Install configuration: ""
[0.185s] -- Execute custom install script
[0.185s] -- Up-to-date symlink: /root/ros2_ws/install/ament_cmake_export_targets/share/ament_index/resource_index/package_run_dependencies/ament_cmake_export_targets
[0.186s] -- Up-to-date symlink: /root/ros2_ws/install/ament_cmake_export_targets/share/ament_index/resource_index/parent_prefix_path/ament_cmake_export_targets
[0.186s] -- Up-to-date symlink: /root/ros2_ws/install/ament_cmake_export_targets/share/ament_cmake_export_targets/environment/ament_prefix_path.sh
[0.186s] -- Up-to-date symlink: /root/ros2_ws/install/ament_cmake_export_targets/share/ament_cmake_export_targets/environment/ament_prefix_path.dsv
[0.187s] -- Up-to-date symlink: /root/ros2_ws/install/ament_cmake_export_targets/share/ament_cmake_export_targets/environment/path.sh
[0.187s] -- Up-to-date symlink: /root/ros2_ws/install/ament_cmake_export_targets/share/ament_cmake_export_targets/environment/path.dsv
[0.187s] -- Up-to-date symlink: /root/ros2_ws/install/ament_cmake_export_targets/share/ament_cmake_export_targets/local_setup.bash
[0.187s] -- Up-to-date symlink: /root/ros2_ws/install/ament_cmake_export_targets/share/ament_cmake_export_targets/local_setup.sh
[0.187s] -- Up-to-date symlink: /root/ros2_ws/install/ament_cmake_export_targets/share/ament_cmake_export_targets/local_setup.zsh
[0.187s] -- Up-to-date symlink: /root/ros2_ws/install/ament_cmake_export_targets/share/ament_cmake_export_targets/local_setup.dsv
[0.188s] -- Symlinking: /root/ros2_ws/install/ament_cmake_export_targets/share/ament_cmake_export_targets/package.dsv
[0.194s] -- Up-to-date symlink: /root/ros2_ws/install/ament_cmake_export_targets/share/ament_index/resource_index/packages/ament_cmake_export_targets
[0.194s] -- Up-to-date symlink: /root/ros2_ws/install/ament_cmake_export_targets/share/ament_cmake_export_targets/cmake/ament_cmake_export_targets-extras.cmake
[0.194s] -- Up-to-date symlink: /root/ros2_ws/install/ament_cmake_export_targets/share/ament_cmake_export_targets/cmake/ament_cmake_export_targetsConfig.cmake
[0.194s] -- Up-to-date symlink: /root/ros2_ws/install/ament_cmake_export_targets/share/ament_cmake_export_targets/cmake/ament_cmake_export_targetsConfig-version.cmake
[0.195s] -- Up-to-date symlink: /root/ros2_ws/install/ament_cmake_export_targets/share/ament_cmake_export_targets/package.xml
[0.195s] -- Up-to-date symlink: /root/ros2_ws/install/ament_cmake_export_targets/share/ament_cmake_export_targets/cmake/ament_cmake_export_targets-extras.cmake.in
[0.195s] -- Up-to-date symlink: /root/ros2_ws/install/ament_cmake_export_targets/share/ament_cmake_export_targets/cmake/ament_cmake_export_targets_package_hook.cmake
[0.195s] -- Up-to-date symlink: /root/ros2_ws/install/ament_cmake_export_targets/share/ament_cmake_export_targets/cmake/ament_export_targets.cmake
[0.210s] Invoked command in '/root/ros2_ws/build/ament_cmake_export_targets' returned '0': AMENT_PREFIX_PATH=/root/ros2_ws/install/ament_cmake_export_libraries:/root/ros2_ws/install/ament_cmake_core:/root/ros2_ws/install/ament_package:${AMENT_PREFIX_PATH} CMAKE_PREFIX_PATH=/root/ros2_ws/install/ament_cmake_export_libraries:/root/ros2_ws/install/ament_cmake_core:/opt/ros/humble PYTHONPATH=/root/ros2_ws/build/ament_package:/root/ros2_ws/install/ament_package/lib/python3.10/site-packages:${PYTHONPATH} /usr/bin/cmake --install /root/ros2_ws/build/ament_cmake_export_targets
