[0.426s] Invoking command in '/root/ros2_ws/build/ament_copyright': AMENT_PREFIX_PATH=/root/ros2_ws/install/ament_pep257:/root/ros2_ws/install/ament_flake8:/root/ros2_ws/install/ament_lint:${AMENT_PREFIX_PATH} PATH=/root/ros2_ws/install/ament_pep257/bin:/root/ros2_ws/install/ament_flake8/bin:${PATH} PYTHONPATH=/root/ros2_ws/build/ament_copyright/prefix_override:/usr/lib/python3/dist-packages/colcon_core/task/python/colcon_distutils_commands:/root/ros2_ws/install/ament_copyright/lib/python3.10/site-packages:/root/ros2_ws/build/ament_pep257:/root/ros2_ws/install/ament_pep257/lib/python3.10/site-packages:/root/ros2_ws/build/ament_flake8:/root/ros2_ws/install/ament_flake8/lib/python3.10/site-packages:/root/ros2_ws/build/ament_lint:/root/ros2_ws/install/ament_lint/lib/python3.10/site-packages:${PYTHONPATH} /usr/bin/python3 -W ignore:setup.py install is deprecated -W ignore:easy_install command is deprecated setup.py develop --editable --build-directory /root/ros2_ws/build/ament_copyright/build --no-deps symlink_data
[0.601s] running develop
[0.654s] running egg_info
[0.654s] creating ament_copyright.egg-info
[0.654s] writing ament_copyright.egg-info/PKG-INFO
[0.654s] writing dependency_links to ament_copyright.egg-info/dependency_links.txt
[0.654s] writing entry points to ament_copyright.egg-info/entry_points.txt
[0.654s] writing requirements to ament_copyright.egg-info/requires.txt
[0.654s] writing top-level names to ament_copyright.egg-info/top_level.txt
[0.654s] writing manifest file 'ament_copyright.egg-info/SOURCES.txt'
[0.655s] reading manifest file 'ament_copyright.egg-info/SOURCES.txt'
[0.656s] writing manifest file 'ament_copyright.egg-info/SOURCES.txt'
[0.658s] running build_ext
[0.658s] Creating /root/ros2_ws/install/ament_copyright/lib/python3.10/site-packages/ament-copyright.egg-link (link to .)
[0.658s] Installing ament_copyright script to /root/ros2_ws/install/ament_copyright/bin
[0.658s] 
[0.658s] Installed /root/ros2_ws/build/ament_copyright
[0.658s] running symlink_data
[0.658s] symbolically linking /root/ros2_ws/build/ament_copyright/package.xml -> /root/ros2_ws/install/ament_copyright/share/ament_copyright
[0.658s] creating /root/ros2_ws/install/ament_copyright/share/ament_index
[0.659s] creating /root/ros2_ws/install/ament_copyright/share/ament_index/resource_index
[0.659s] creating /root/ros2_ws/install/ament_copyright/share/ament_index/resource_index/packages
[0.659s] symbolically linking /root/ros2_ws/build/ament_copyright/resource/ament_copyright -> /root/ros2_ws/install/ament_copyright/share/ament_index/resource_index/packages
[0.680s] Invoked command in '/root/ros2_ws/build/ament_copyright' returned '0': AMENT_PREFIX_PATH=/root/ros2_ws/install/ament_pep257:/root/ros2_ws/install/ament_flake8:/root/ros2_ws/install/ament_lint:${AMENT_PREFIX_PATH} PATH=/root/ros2_ws/install/ament_pep257/bin:/root/ros2_ws/install/ament_flake8/bin:${PATH} PYTHONPATH=/root/ros2_ws/build/ament_copyright/prefix_override:/usr/lib/python3/dist-packages/colcon_core/task/python/colcon_distutils_commands:/root/ros2_ws/install/ament_copyright/lib/python3.10/site-packages:/root/ros2_ws/build/ament_pep257:/root/ros2_ws/install/ament_pep257/lib/python3.10/site-packages:/root/ros2_ws/build/ament_flake8:/root/ros2_ws/install/ament_flake8/lib/python3.10/site-packages:/root/ros2_ws/build/ament_lint:/root/ros2_ws/install/ament_lint/lib/python3.10/site-packages:${PYTHONPATH} /usr/bin/python3 -W ignore:setup.py install is deprecated -W ignore:easy_install command is deprecated setup.py develop --editable --build-directory /root/ros2_ws/build/ament_copyright/build --no-deps symlink_data
