[0.023s] Invoking command in '/root/ros2_ws/build/ament_cmake_core': AMENT_PREFIX_PATH=/root/ros2_ws/install/ament_package:${AMENT_PREFIX_PATH} CMAKE_PREFIX_PATH=/opt/ros/humble PYTHONPATH=/root/ros2_ws/build/ament_package:/root/ros2_ws/install/ament_package/lib/python3.10/site-packages:${PYTHONPATH} /usr/bin/cmake /root/ros2_ws/src/ament/ament_cmake/ament_cmake_core -DAMENT_CMAKE_SYMLINK_INSTALL=1 -DCMAKE_INSTALL_PREFIX=/root/ros2_ws/install/ament_cmake_core
[0.428s] -- Found Python3: /usr/bin/python3 (found version "3.10.12") found components: Interpreter 
[0.428s] -- Override CMake install command with custom implementation using symlinks instead of copying resources
[0.428s] -- ament_cmake_core 1.3.14
[0.469s] -- Configuring done
[0.471s] -- Generating done
[0.472s] -- Build files have been written to: /root/ros2_ws/build/ament_cmake_core
[0.475s] Invoked command in '/root/ros2_ws/build/ament_cmake_core' returned '0': AMENT_PREFIX_PATH=/root/ros2_ws/install/ament_package:${AMENT_PREFIX_PATH} CMAKE_PREFIX_PATH=/opt/ros/humble PYTHONPATH=/root/ros2_ws/build/ament_package:/root/ros2_ws/install/ament_package/lib/python3.10/site-packages:${PYTHONPATH} /usr/bin/cmake /root/ros2_ws/src/ament/ament_cmake/ament_cmake_core -DAMENT_CMAKE_SYMLINK_INSTALL=1 -DCMAKE_INSTALL_PREFIX=/root/ros2_ws/install/ament_cmake_core
[0.475s] Invoking command in '/root/ros2_ws/build/ament_cmake_core': AMENT_PREFIX_PATH=/root/ros2_ws/install/ament_package:${AMENT_PREFIX_PATH} CMAKE_PREFIX_PATH=/opt/ros/humble PYTHONPATH=/root/ros2_ws/build/ament_package:/root/ros2_ws/install/ament_package/lib/python3.10/site-packages:${PYTHONPATH} /usr/bin/cmake --build /root/ros2_ws/build/ament_cmake_core -- -j16 -l16
[0.529s] Invoked command in '/root/ros2_ws/build/ament_cmake_core' returned '0': AMENT_PREFIX_PATH=/root/ros2_ws/install/ament_package:${AMENT_PREFIX_PATH} CMAKE_PREFIX_PATH=/opt/ros/humble PYTHONPATH=/root/ros2_ws/build/ament_package:/root/ros2_ws/install/ament_package/lib/python3.10/site-packages:${PYTHONPATH} /usr/bin/cmake --build /root/ros2_ws/build/ament_cmake_core -- -j16 -l16
[0.530s] Invoking command in '/root/ros2_ws/build/ament_cmake_core': AMENT_PREFIX_PATH=/root/ros2_ws/install/ament_package:${AMENT_PREFIX_PATH} CMAKE_PREFIX_PATH=/opt/ros/humble PYTHONPATH=/root/ros2_ws/build/ament_package:/root/ros2_ws/install/ament_package/lib/python3.10/site-packages:${PYTHONPATH} /usr/bin/cmake --install /root/ros2_ws/build/ament_cmake_core
[0.541s] -- Install configuration: ""
[0.541s] -- Execute custom install script
[0.541s] -- Symlinking: /root/ros2_ws/install/ament_cmake_core/share/ament_index/resource_index/package_run_dependencies/ament_cmake_core
[0.558s] -- Symlinking: /root/ros2_ws/install/ament_cmake_core/share/ament_index/resource_index/parent_prefix_path/ament_cmake_core
[0.569s] -- Symlinking: /root/ros2_ws/install/ament_cmake_core/share/ament_cmake_core/environment/ament_prefix_path.sh
[0.591s] -- Symlinking: /root/ros2_ws/install/ament_cmake_core/share/ament_cmake_core/environment/ament_prefix_path.dsv
[0.601s] -- Symlinking: /root/ros2_ws/install/ament_cmake_core/share/ament_cmake_core/environment/path.sh
[0.613s] -- Symlinking: /root/ros2_ws/install/ament_cmake_core/share/ament_cmake_core/environment/path.dsv
[0.621s] -- Symlinking: /root/ros2_ws/install/ament_cmake_core/share/ament_cmake_core/local_setup.bash
[0.628s] -- Symlinking: /root/ros2_ws/install/ament_cmake_core/share/ament_cmake_core/local_setup.sh
[0.638s] -- Symlinking: /root/ros2_ws/install/ament_cmake_core/share/ament_cmake_core/local_setup.zsh
[0.645s] -- Symlinking: /root/ros2_ws/install/ament_cmake_core/share/ament_cmake_core/local_setup.dsv
[0.652s] -- Symlinking: /root/ros2_ws/install/ament_cmake_core/share/ament_cmake_core/package.dsv
[0.659s] -- Symlinking: /root/ros2_ws/install/ament_cmake_core/share/ament_index/resource_index/packages/ament_cmake_core
[0.668s] -- Symlinking: /root/ros2_ws/install/ament_cmake_core/share/ament_cmake_core/cmake/ament_cmake_core-extras.cmake
[0.675s] -- Symlinking: /root/ros2_ws/install/ament_cmake_core/share/ament_cmake_core/cmake/ament_cmake_environment-extras.cmake
[0.681s] -- Symlinking: /root/ros2_ws/install/ament_cmake_core/share/ament_cmake_core/cmake/ament_cmake_environment_hooks-extras.cmake
[0.688s] -- Symlinking: /root/ros2_ws/install/ament_cmake_core/share/ament_cmake_core/cmake/ament_cmake_index-extras.cmake
[0.694s] -- Symlinking: /root/ros2_ws/install/ament_cmake_core/share/ament_cmake_core/cmake/ament_cmake_package_templates-extras.cmake
[0.703s] -- Symlinking: /root/ros2_ws/install/ament_cmake_core/share/ament_cmake_core/cmake/ament_cmake_uninstall_target-extras.cmake
[0.710s] -- Symlinking: /root/ros2_ws/install/ament_cmake_core/share/ament_cmake_core/cmake/ament_cmake_symlink_install-extras.cmake
[0.717s] -- Symlinking: /root/ros2_ws/install/ament_cmake_core/share/ament_cmake_core/cmake/ament_cmake_coreConfig.cmake
[0.726s] -- Symlinking: /root/ros2_ws/install/ament_cmake_core/share/ament_cmake_core/cmake/ament_cmake_coreConfig-version.cmake
[0.735s] -- Symlinking: /root/ros2_ws/install/ament_cmake_core/share/ament_cmake_core/package.xml
[0.744s] -- Symlinking: /root/ros2_ws/install/ament_cmake_core/share/ament_cmake_core/cmake/core/all.cmake
[0.753s] -- Symlinking: /root/ros2_ws/install/ament_cmake_core/share/ament_cmake_core/cmake/core/ament_execute_extensions.cmake
[0.762s] -- Symlinking: /root/ros2_ws/install/ament_cmake_core/share/ament_cmake_core/cmake/core/ament_package.cmake
[0.771s] -- Symlinking: /root/ros2_ws/install/ament_cmake_core/share/ament_cmake_core/cmake/core/ament_package_xml.cmake
[0.778s] -- Symlinking: /root/ros2_ws/install/ament_cmake_core/share/ament_cmake_core/cmake/core/ament_register_extension.cmake
[0.787s] -- Symlinking: /root/ros2_ws/install/ament_cmake_core/share/ament_cmake_core/cmake/core/assert_file_exists.cmake
[0.794s] -- Symlinking: /root/ros2_ws/install/ament_cmake_core/share/ament_cmake_core/cmake/core/get_executable_path.cmake
[0.800s] -- Symlinking: /root/ros2_ws/install/ament_cmake_core/share/ament_cmake_core/cmake/core/list_append_unique.cmake
[0.807s] -- Symlinking: /root/ros2_ws/install/ament_cmake_core/share/ament_cmake_core/cmake/core/normalize_path.cmake
[0.816s] -- Symlinking: /root/ros2_ws/install/ament_cmake_core/share/ament_cmake_core/cmake/core/package_xml_2_cmake.py
[0.822s] -- Symlinking: /root/ros2_ws/install/ament_cmake_core/share/ament_cmake_core/cmake/core/python.cmake
[0.828s] -- Symlinking: /root/ros2_ws/install/ament_cmake_core/share/ament_cmake_core/cmake/core/stamp.cmake
[0.836s] -- Symlinking: /root/ros2_ws/install/ament_cmake_core/share/ament_cmake_core/cmake/core/string_ends_with.cmake
[0.843s] -- Symlinking: /root/ros2_ws/install/ament_cmake_core/share/ament_cmake_core/cmake/core/templates/nameConfig-version.cmake.in
[0.851s] -- Symlinking: /root/ros2_ws/install/ament_cmake_core/share/ament_cmake_core/cmake/core/templates/nameConfig.cmake.in
[0.858s] -- Symlinking: /root/ros2_ws/install/ament_cmake_core/share/ament_cmake_core/cmake/environment/ament_cmake_environment_package_hook.cmake
[0.868s] -- Symlinking: /root/ros2_ws/install/ament_cmake_core/share/ament_cmake_core/cmake/environment/ament_generate_environment.cmake
[0.876s] -- Symlinking: /root/ros2_ws/install/ament_cmake_core/share/ament_cmake_core/cmake/environment_hooks/ament_cmake_environment_hooks_package_hook.cmake
[0.884s] -- Symlinking: /root/ros2_ws/install/ament_cmake_core/share/ament_cmake_core/cmake/environment_hooks/ament_environment_hooks.cmake
[0.892s] -- Symlinking: /root/ros2_ws/install/ament_cmake_core/share/ament_cmake_core/cmake/environment_hooks/ament_generate_package_environment.cmake
[0.901s] -- Symlinking: /root/ros2_ws/install/ament_cmake_core/share/ament_cmake_core/cmake/environment_hooks/environment/ament_prefix_path.bat
[0.907s] -- Symlinking: /root/ros2_ws/install/ament_cmake_core/share/ament_cmake_core/cmake/environment_hooks/environment/ament_prefix_path.sh
[0.913s] -- Symlinking: /root/ros2_ws/install/ament_cmake_core/share/ament_cmake_core/cmake/environment_hooks/environment/path.bat
[0.921s] -- Symlinking: /root/ros2_ws/install/ament_cmake_core/share/ament_cmake_core/cmake/environment_hooks/environment/path.sh
[0.928s] -- Symlinking: /root/ros2_ws/install/ament_cmake_core/share/ament_cmake_core/cmake/index/ament_cmake_index_package_hook.cmake
[0.937s] -- Symlinking: /root/ros2_ws/install/ament_cmake_core/share/ament_cmake_core/cmake/index/ament_index_get_prefix_path.cmake
[0.944s] -- Symlinking: /root/ros2_ws/install/ament_cmake_core/share/ament_cmake_core/cmake/index/ament_index_get_resource.cmake
[0.949s] -- Symlinking: /root/ros2_ws/install/ament_cmake_core/share/ament_cmake_core/cmake/index/ament_index_get_resources.cmake
[0.958s] -- Symlinking: /root/ros2_ws/install/ament_cmake_core/share/ament_cmake_core/cmake/index/ament_index_has_resource.cmake
[0.964s] -- Symlinking: /root/ros2_ws/install/ament_cmake_core/share/ament_cmake_core/cmake/index/ament_index_register_package.cmake
[0.972s] -- Symlinking: /root/ros2_ws/install/ament_cmake_core/share/ament_cmake_core/cmake/index/ament_index_register_resource.cmake
[0.981s] -- Symlinking: /root/ros2_ws/install/ament_cmake_core/share/ament_cmake_core/cmake/package_templates/templates_2_cmake.py
[0.989s] -- Symlinking: /root/ros2_ws/install/ament_cmake_core/share/ament_cmake_core/cmake/symlink_install/ament_cmake_symlink_install.cmake.in
[0.995s] -- Symlinking: /root/ros2_ws/install/ament_cmake_core/share/ament_cmake_core/cmake/symlink_install/ament_cmake_symlink_install_append_install_code.cmake
[1.003s] -- Symlinking: /root/ros2_ws/install/ament_cmake_core/share/ament_cmake_core/cmake/symlink_install/ament_cmake_symlink_install_directory.cmake
[1.009s] -- Symlinking: /root/ros2_ws/install/ament_cmake_core/share/ament_cmake_core/cmake/symlink_install/ament_cmake_symlink_install_files.cmake
[1.015s] -- Symlinking: /root/ros2_ws/install/ament_cmake_core/share/ament_cmake_core/cmake/symlink_install/ament_cmake_symlink_install_programs.cmake
[1.021s] -- Symlinking: /root/ros2_ws/install/ament_cmake_core/share/ament_cmake_core/cmake/symlink_install/ament_cmake_symlink_install_targets.cmake
[1.027s] -- Symlinking: /root/ros2_ws/install/ament_cmake_core/share/ament_cmake_core/cmake/symlink_install/ament_cmake_symlink_install_uninstall_script.cmake.in
[1.035s] -- Symlinking: /root/ros2_ws/install/ament_cmake_core/share/ament_cmake_core/cmake/symlink_install/install.cmake
[1.041s] -- Symlinking: /root/ros2_ws/install/ament_cmake_core/share/ament_cmake_core/cmake/uninstall_target/ament_cmake_uninstall_target.cmake.in
[1.049s] -- Symlinking: /root/ros2_ws/install/ament_cmake_core/share/ament_cmake_core/cmake/uninstall_target/ament_cmake_uninstall_target_append_uninstall_code.cmake
