[0.031s] Invoking command in '/root/ros2_ws/build/ament_cmake_export_link_flags': AMENT_PREFIX_PATH=/root/ros2_ws/install/ament_cmake_core:/root/ros2_ws/install/ament_package:${AMENT_PREFIX_PATH} CMAKE_PREFIX_PATH=/root/ros2_ws/install/ament_cmake_core:/opt/ros/humble PYTHONPATH=/root/ros2_ws/build/ament_package:/root/ros2_ws/install/ament_package/lib/python3.10/site-packages:${PYTHONPATH} /usr/bin/cmake /root/ros2_ws/src/ament/ament_cmake/ament_cmake_export_link_flags -DAMENT_CMAKE_SYMLINK_INSTALL=1 -DCMAKE_INSTALL_PREFIX=/root/ros2_ws/install/ament_cmake_export_link_flags
[0.048s] -- Found ament_cmake_core: 1.3.14 (/root/ros2_ws/install/ament_cmake_core/share/ament_cmake_core/cmake)
[0.244s] -- Found Python3: /usr/bin/python3 (found version "3.10.12") found components: Interpreter 
[0.313s] -- Override CMake install command with custom implementation using symlinks instead of copying resources
[0.407s] -- Configuring done
[0.410s] -- Generating done
[0.414s] -- Build files have been written to: /root/ros2_ws/build/ament_cmake_export_link_flags
[0.420s] Invoked command in '/root/ros2_ws/build/ament_cmake_export_link_flags' returned '0': AMENT_PREFIX_PATH=/root/ros2_ws/install/ament_cmake_core:/root/ros2_ws/install/ament_package:${AMENT_PREFIX_PATH} CMAKE_PREFIX_PATH=/root/ros2_ws/install/ament_cmake_core:/opt/ros/humble PYTHONPATH=/root/ros2_ws/build/ament_package:/root/ros2_ws/install/ament_package/lib/python3.10/site-packages:${PYTHONPATH} /usr/bin/cmake /root/ros2_ws/src/ament/ament_cmake/ament_cmake_export_link_flags -DAMENT_CMAKE_SYMLINK_INSTALL=1 -DCMAKE_INSTALL_PREFIX=/root/ros2_ws/install/ament_cmake_export_link_flags
[0.420s] Invoking command in '/root/ros2_ws/build/ament_cmake_export_link_flags': AMENT_PREFIX_PATH=/root/ros2_ws/install/ament_cmake_core:/root/ros2_ws/install/ament_package:${AMENT_PREFIX_PATH} CMAKE_PREFIX_PATH=/root/ros2_ws/install/ament_cmake_core:/opt/ros/humble PYTHONPATH=/root/ros2_ws/build/ament_package:/root/ros2_ws/install/ament_package/lib/python3.10/site-packages:${PYTHONPATH} /usr/bin/cmake --build /root/ros2_ws/build/ament_cmake_export_link_flags -- -j16 -l16
[0.462s] Invoked command in '/root/ros2_ws/build/ament_cmake_export_link_flags' returned '0': AMENT_PREFIX_PATH=/root/ros2_ws/install/ament_cmake_core:/root/ros2_ws/install/ament_package:${AMENT_PREFIX_PATH} CMAKE_PREFIX_PATH=/root/ros2_ws/install/ament_cmake_core:/opt/ros/humble PYTHONPATH=/root/ros2_ws/build/ament_package:/root/ros2_ws/install/ament_package/lib/python3.10/site-packages:${PYTHONPATH} /usr/bin/cmake --build /root/ros2_ws/build/ament_cmake_export_link_flags -- -j16 -l16
[0.463s] Invoking command in '/root/ros2_ws/build/ament_cmake_export_link_flags': AMENT_PREFIX_PATH=/root/ros2_ws/install/ament_cmake_core:/root/ros2_ws/install/ament_package:${AMENT_PREFIX_PATH} CMAKE_PREFIX_PATH=/root/ros2_ws/install/ament_cmake_core:/opt/ros/humble PYTHONPATH=/root/ros2_ws/build/ament_package:/root/ros2_ws/install/ament_package/lib/python3.10/site-packages:${PYTHONPATH} /usr/bin/cmake --install /root/ros2_ws/build/ament_cmake_export_link_flags
[0.471s] -- Install configuration: ""
[0.471s] -- Execute custom install script
[0.471s] -- Symlinking: /root/ros2_ws/install/ament_cmake_export_link_flags/share/ament_index/resource_index/package_run_dependencies/ament_cmake_export_link_flags
[0.481s] -- Symlinking: /root/ros2_ws/install/ament_cmake_export_link_flags/share/ament_index/resource_index/parent_prefix_path/ament_cmake_export_link_flags
[0.486s] -- Symlinking: /root/ros2_ws/install/ament_cmake_export_link_flags/share/ament_cmake_export_link_flags/environment/ament_prefix_path.sh
[0.496s] -- Symlinking: /root/ros2_ws/install/ament_cmake_export_link_flags/share/ament_cmake_export_link_flags/environment/ament_prefix_path.dsv
[0.505s] -- Symlinking: /root/ros2_ws/install/ament_cmake_export_link_flags/share/ament_cmake_export_link_flags/environment/path.sh
[0.511s] -- Symlinking: /root/ros2_ws/install/ament_cmake_export_link_flags/share/ament_cmake_export_link_flags/environment/path.dsv
[0.518s] -- Symlinking: /root/ros2_ws/install/ament_cmake_export_link_flags/share/ament_cmake_export_link_flags/local_setup.bash
[0.528s] -- Symlinking: /root/ros2_ws/install/ament_cmake_export_link_flags/share/ament_cmake_export_link_flags/local_setup.sh
[0.537s] -- Symlinking: /root/ros2_ws/install/ament_cmake_export_link_flags/share/ament_cmake_export_link_flags/local_setup.zsh
[0.544s] -- Symlinking: /root/ros2_ws/install/ament_cmake_export_link_flags/share/ament_cmake_export_link_flags/local_setup.dsv
[0.551s] -- Symlinking: /root/ros2_ws/install/ament_cmake_export_link_flags/share/ament_cmake_export_link_flags/package.dsv
[0.561s] -- Symlinking: /root/ros2_ws/install/ament_cmake_export_link_flags/share/ament_index/resource_index/packages/ament_cmake_export_link_flags
[0.571s] -- Symlinking: /root/ros2_ws/install/ament_cmake_export_link_flags/share/ament_cmake_export_link_flags/cmake/ament_cmake_export_link_flags-extras.cmake
[0.579s] -- Symlinking: /root/ros2_ws/install/ament_cmake_export_link_flags/share/ament_cmake_export_link_flags/cmake/ament_cmake_export_link_flagsConfig.cmake
[0.588s] -- Symlinking: /root/ros2_ws/install/ament_cmake_export_link_flags/share/ament_cmake_export_link_flags/cmake/ament_cmake_export_link_flagsConfig-version.cmake
[0.598s] -- Symlinking: /root/ros2_ws/install/ament_cmake_export_link_flags/share/ament_cmake_export_link_flags/package.xml
[0.607s] -- Symlinking: /root/ros2_ws/install/ament_cmake_export_link_flags/share/ament_cmake_export_link_flags/cmake/ament_cmake_export_link_flags-extras.cmake.in
[0.635s] -- Symlinking: /root/ros2_ws/install/ament_cmake_export_link_flags/share/ament_cmake_export_link_flags/cmake/ament_cmake_export_link_flags_package_hook.cmake
[0.635s] -- Symlinking: /root/ros2_ws/install/ament_cmake_export_link_flags/share/ament_cmake_export_link_flags/cmake/ament_export_link_flags.cmake
[0.670s] Invoked command in '/root/ros2_ws/build/ament_cmake_export_link_flags' returned '0': AMENT_PREFIX_PATH=/root/ros2_ws/install/ament_cmake_core:/root/ros2_ws/install/ament_package:${AMENT_PREFIX_PATH} CMAKE_PREFIX_PATH=/root/ros2_ws/install/ament_cmake_core:/opt/ros/humble PYTHONPATH=/root/ros2_ws/build/ament_package:/root/ros2_ws/install/ament_package/lib/python3.10/site-packages:${PYTHONPATH} /usr/bin/cmake --install /root/ros2_ws/build/ament_cmake_export_link_flags
