-- The C compiler identification is GNU 11.4.0
-- The CXX compiler identification is GNU 11.4.0
-- Detecting C compiler ABI info
-- Detecting C compiler ABI info - done
-- Check for working C compiler: /usr/bin/cc - skipped
-- Detecting C compile features
-- Detecting C compile features - done
-- Detecting CXX compiler ABI info
-- Detecting CXX compiler ABI info - done
-- Check for working CXX compiler: /usr/bin/c++ - skipped
-- Detecting CXX compile features
-- Detecting CXX compile features - done
-- Found ament_cmake_ros: 0.10.0 (/root/ros2_ws/install/ament_cmake_ros/share/ament_cmake_ros/cmake)
-- Found Python3: /usr/bin/python3 (found version "3.10.12") found components: Interpreter 
-- Override CMake install command with custom implementation using symlinks instead of copying resources
-- Found rcutils: 5.1.8 (/opt/ros/humble/share/rcutils/cmake)
-- Found rmw: 6.1.2 (/root/ros2_ws/install/rmw/share/rmw/cmake)
-- Found libyaml_vendor: 1.2.2 (/root/ros2_ws/install/libyaml_vendor/share/libyaml_vendor/cmake)
-- Found ament_lint_auto: 0.12.15 (/root/ros2_ws/install/ament_lint_auto/share/ament_lint_auto/cmake)
-- Found performance_test_fixture: 0.0.9 (/opt/ros/humble/share/performance_test_fixture/cmake)
-- Found gtest sources under '/root/ros2_ws/install/gtest_vendor/src/gtest_vendor': C++ tests using 'Google Test' will be built
-- Looking for pthread.h
-- Looking for pthread.h - found
-- Performing Test CMAKE_HAVE_LIBC_PTHREAD
-- Performing Test CMAKE_HAVE_LIBC_PTHREAD - Success
-- Found Threads: TRUE  
-- Performance tests are disabled by default, so Google Benchmark tests will be skipped. To enable these tests, set the CMake variable 'AMENT_RUN_PERFORMANCE_TESTS'.
-- Added test 'copyright' to check source files copyright and LICENSE
-- Added test 'cppcheck' to perform static code analysis on C / C++ code
-- Configured cppcheck include dirs: /opt/ros/humble/include;$<BUILD_INTERFACE:/root/ros2_ws/src/ros2/rcl/rcl_yaml_param_parser/include>
-- Configured cppcheck exclude dirs and/or files: 
-- Added test 'cpplint' to check C / C++ code against the Google style
-- Configured cpplint exclude dirs and/or files: 
-- Added test 'lint_cmake' to check CMake code style
-- Added test 'uncrustify' to check C / C++ code style
-- Configured uncrustify additional arguments: 
-- Added test 'xmllint' to check XML markup files
-- Configuring done
-- Generating done
-- Build files have been written to: /root/ros2_ws/build/rcl_yaml_param_parser
[  3%] Building CXX object gtest/CMakeFiles/gtest.dir/src/gtest-all.cc.o
[  9%] Generating rcl_yaml_param_parser/version.h
[  9%] Building CXX object gtest/CMakeFiles/gtest_main.dir/src/gtest_main.cc.o
[  9%] Built target ament_generate_version_header__rcl_yaml_param_parser
[ 18%] Building C object CMakeFiles/rcl_yaml_param_parser.dir/src/node_params.c.o
[ 18%] Building C object CMakeFiles/rcl_yaml_param_parser.dir/src/parse.c.o
[ 25%] Building C object CMakeFiles/rcl_yaml_param_parser.dir/src/namespace.c.o
[ 18%] Building C object CMakeFiles/rcl_yaml_param_parser.dir/src/add_to_arrays.c.o
[ 25%] Building C object CMakeFiles/rcl_yaml_param_parser.dir/src/parser.c.o
[ 28%] Building C object CMakeFiles/rcl_yaml_param_parser.dir/src/yaml_variant.c.o
[ 31%] Linking C shared library librcl_yaml_param_parser.so
[ 31%] Built target rcl_yaml_param_parser
[ 34%] Building CXX object CMakeFiles/benchmark_variant.dir/test/benchmark/benchmark_variant.cpp.o
[ 37%] Building CXX object CMakeFiles/benchmark_parse_yaml.dir/test/benchmark/benchmark_parse_yaml.cpp.o
[ 40%] Linking CXX static library libgtest_main.a
[ 40%] Built target gtest_main
[ 43%] Linking CXX executable benchmark_parse_yaml
[ 43%] Built target benchmark_parse_yaml
[ 46%] Linking CXX executable benchmark_variant
[ 46%] Built target benchmark_variant
[ 50%] Linking CXX static library libgtest.a
[ 50%] Built target gtest
[ 59%] Building CXX object CMakeFiles/test_yaml_variant.dir/test/test_yaml_variant.cpp.o
[ 59%] Building CXX object CMakeFiles/test_node_params.dir/test/test_node_params.cpp.o
[ 59%] Building CXX object CMakeFiles/test_parser_multiple_params.dir/test/test_parser_multiple_params.cpp.o
[ 62%] Building CXX object CMakeFiles/test_parser_multiple_nodes.dir/test/test_parser_multiple_nodes.cpp.o
[ 65%] Building CXX object CMakeFiles/test_parse.dir/test/test_parse.cpp.o
[ 68%] Building CXX object CMakeFiles/test_parse_yaml.dir/test/test_parse_yaml.cpp.o
[ 71%] Building CXX object CMakeFiles/test_namespace.dir/test/test_namespace.cpp.o
[ 75%] Building CXX object CMakeFiles/test_parser.dir/test/test_parser.cpp.o
In file included from /root/ros2_ws/src/ros2/rcl/rcl_yaml_param_parser/test/test_parse.cpp:28:
/root/ros2_ws/src/ros2/rcl/rcl_yaml_param_parser/test/./mocking_utils/patch.hpp:38:10: fatal error: mimick/mimick.h: No such file or directory
   38 | #include "mimick/mimick.h"
      |          ^~~~~~~~~~~~~~~~~
compilation terminated.
gmake[2]: *** [CMakeFiles/test_parse.dir/build.make:76: CMakeFiles/test_parse.dir/test/test_parse.cpp.o] Error 1
gmake[1]: *** [CMakeFiles/Makefile2:289: CMakeFiles/test_parse.dir/all] Error 2
gmake[1]: *** Waiting for unfinished jobs....
In file included from /root/ros2_ws/src/ros2/rcl/rcl_yaml_param_parser/test/test_parser.cpp:27:
/root/ros2_ws/src/ros2/rcl/rcl_yaml_param_parser/test/./mocking_utils/patch.hpp:38:10: fatal error: mimick/mimick.h: No such file or directory
   38 | #include "mimick/mimick.h"
      |          ^~~~~~~~~~~~~~~~~
compilation terminated.
In file included from /root/ros2_ws/src/ros2/rcl/rcl_yaml_param_parser/test/test_parser_multiple_nodes.cpp:27:
/root/ros2_ws/src/ros2/rcl/rcl_yaml_param_parser/test/./mocking_utils/patch.hpp:38:10: fatal error: mimick/mimick.h: No such file or directory
   38 | #include "mimick/mimick.h"
      |          ^~~~~~~~~~~~~~~~~
compilation terminated.
gmake[2]: *** [CMakeFiles/test_parser_multiple_nodes.dir/build.make:76: CMakeFiles/test_parser_multiple_nodes.dir/test/test_parser_multiple_nodes.cpp.o] Error 1
gmake[1]: *** [CMakeFiles/Makefile2:345: CMakeFiles/test_parser_multiple_nodes.dir/all] Error 2
gmake[2]: *** [CMakeFiles/test_parser.dir/build.make:76: CMakeFiles/test_parser.dir/test/test_parser.cpp.o] Error 1
gmake[1]: *** [CMakeFiles/Makefile2:317: CMakeFiles/test_parser.dir/all] Error 2
In file included from /root/ros2_ws/src/ros2/rcl/rcl_yaml_param_parser/test/test_parser_multiple_params.cpp:27:
/root/ros2_ws/src/ros2/rcl/rcl_yaml_param_parser/test/./mocking_utils/patch.hpp:38:10: fatal error: mimick/mimick.h: No such file or directory
   38 | #include "mimick/mimick.h"
      |          ^~~~~~~~~~~~~~~~~
compilation terminated.
gmake[2]: *** [CMakeFiles/test_parser_multiple_params.dir/build.make:76: CMakeFiles/test_parser_multiple_params.dir/test/test_parser_multiple_params.cpp.o] Error 1
gmake[1]: *** [CMakeFiles/Makefile2:373: CMakeFiles/test_parser_multiple_params.dir/all] Error 2
[ 78%] Linking CXX executable test_node_params
[ 78%] Built target test_node_params
[ 81%] Linking CXX executable test_namespace
[ 84%] Linking CXX executable test_yaml_variant
[ 84%] Built target test_namespace
[ 87%] Linking CXX executable test_parse_yaml
[ 87%] Built target test_yaml_variant
[ 87%] Built target test_parse_yaml
gmake: *** [Makefile:146: all] Error 2
