[0.067s] Invoking command in '/root/ros2_ws/build/rcl_yaml_param_parser': AMENT_PREFIX_PATH=/root/ros2_ws/install/rmw:/root/ros2_ws/install/libyaml_vendor:/root/ros2_ws/install/rosidl_runtime_c:/root/ros2_ws/install/rcpputils:/root/ros2_ws/install/rosidl_typesupport_interface:/root/ros2_ws/install/ament_cmake_ros:/root/ros2_ws/install/ament_lint_common:/root/ros2_ws/install/ament_cmake_uncrustify:/root/ros2_ws/install/ament_uncrustify:/root/ros2_ws/install/uncrustify_vendor:/root/ros2_ws/install/ament_cmake_xmllint:/root/ros2_ws/install/ament_cmake_pep257:/root/ros2_ws/install/ament_cmake_flake8:/root/ros2_ws/install/ament_cmake_cpplint:/root/ros2_ws/install/ament_cmake_cppcheck:/root/ros2_ws/install/ament_cmake_copyright:/root/ros2_ws/install/ament_cmake:/root/ros2_ws/install/ament_cmake_lint_cmake:/root/ros2_ws/install/ament_cmake_gmock:/root/ros2_ws/install/ament_cmake_gen_version_h:/root/ros2_ws/install/domain_coordinator:/root/ros2_ws/install/ament_xmllint:/root/ros2_ws/install/ament_lint_cmake:/root/ros2_ws/install/ament_lint_auto:/root/ros2_ws/install/ament_cpplint:/root/ros2_ws/install/ament_cmake_pytest:/root/ros2_ws/install/ament_cmake_gtest:/root/ros2_ws/install/ament_copyright:/root/ros2_ws/install/ament_cmake_test:/root/ros2_ws/install/ament_cmake_target_dependencies:/root/ros2_ws/install/ament_cmake_export_targets:/root/ros2_ws/install/ament_cmake_export_interfaces:/root/ros2_ws/install/ament_cmake_export_dependencies:/root/ros2_ws/install/ament_pep257:/root/ros2_ws/install/ament_cmake_version:/root/ros2_ws/install/ament_cmake_python:/root/ros2_ws/install/ament_cmake_libraries:/root/ros2_ws/install/ament_cmake_include_directories:/root/ros2_ws/install/ament_cmake_export_link_flags:/root/ros2_ws/install/ament_cmake_export_libraries:/root/ros2_ws/install/ament_cmake_export_include_directories:/root/ros2_ws/install/ament_cmake_export_definitions:/root/ros2_ws/install/ament_flake8:/root/ros2_ws/install/ament_cmake_core:/root/ros2_ws/install/ament_pycodestyle:/root/ros2_ws/install/ament_package:/root/ros2_ws/install/ament_lint:/root/ros2_ws/install/ament_cppcheck:${AMENT_PREFIX_PATH} CMAKE_PREFIX_PATH=/root/ros2_ws/install/rmw:/root/ros2_ws/install/libyaml_vendor:/root/ros2_ws/install/rosidl_runtime_c:/root/ros2_ws/install/rcpputils:/root/ros2_ws/install/rosidl_typesupport_interface:/root/ros2_ws/install/ament_cmake_ros:/root/ros2_ws/install/ament_lint_common:/root/ros2_ws/install/ament_cmake_uncrustify:/root/ros2_ws/install/uncrustify_vendor:/root/ros2_ws/install/ament_cmake_xmllint:/root/ros2_ws/install/ament_cmake_pep257:/root/ros2_ws/install/ament_cmake_flake8:/root/ros2_ws/install/ament_cmake_cpplint:/root/ros2_ws/install/ament_cmake_cppcheck:/root/ros2_ws/install/ament_cmake_copyright:/root/ros2_ws/install/ament_cmake:/root/ros2_ws/install/ament_cmake_lint_cmake:/root/ros2_ws/install/ament_cmake_gmock:/root/ros2_ws/install/ament_cmake_gen_version_h:/root/ros2_ws/install/ament_lint_auto:/root/ros2_ws/install/ament_cmake_pytest:/root/ros2_ws/install/ament_cmake_gtest:/root/ros2_ws/install/ament_cmake_test:/root/ros2_ws/install/ament_cmake_target_dependencies:/root/ros2_ws/install/ament_cmake_export_targets:/root/ros2_ws/install/ament_cmake_export_interfaces:/root/ros2_ws/install/ament_cmake_export_dependencies:/root/ros2_ws/install/ament_cmake_version:/root/ros2_ws/install/ament_cmake_python:/root/ros2_ws/install/ament_cmake_libraries:/root/ros2_ws/install/ament_cmake_include_directories:/root/ros2_ws/install/ament_cmake_export_link_flags:/root/ros2_ws/install/ament_cmake_export_libraries:/root/ros2_ws/install/ament_cmake_export_include_directories:/root/ros2_ws/install/ament_cmake_export_definitions:/root/ros2_ws/install/gmock_vendor:/root/ros2_ws/install/ament_cmake_core:/root/ros2_ws/install/gtest_vendor:/opt/ros/humble LD_LIBRARY_PATH=/root/ros2_ws/install/rmw/lib:/root/ros2_ws/install/libyaml_vendor/lib:/root/ros2_ws/install/rosidl_runtime_c/lib:/root/ros2_ws/install/rcpputils/lib:${LD_LIBRARY_PATH} PATH=/root/ros2_ws/install/ament_uncrustify/bin:/root/ros2_ws/install/ament_xmllint/bin:/root/ros2_ws/install/ament_lint_cmake/bin:/root/ros2_ws/install/ament_cpplint/bin:/root/ros2_ws/install/ament_copyright/bin:/root/ros2_ws/install/ament_pep257/bin:/root/ros2_ws/install/ament_flake8/bin:/root/ros2_ws/install/ament_pycodestyle/bin:/root/ros2_ws/install/ament_cppcheck/bin:${PATH} PKG_CONFIG_PATH=/root/ros2_ws/install/gmock_vendor/lib/x86_64-linux-gnu/pkgconfig:/root/ros2_ws/install/gmock_vendor/lib/pkgconfig:/root/ros2_ws/install/gtest_vendor/lib/x86_64-linux-gnu/pkgconfig:/root/ros2_ws/install/gtest_vendor/lib/pkgconfig PYTHONPATH=/root/ros2_ws/build/ament_uncrustify:/root/ros2_ws/install/ament_uncrustify/lib/python3.10/site-packages:/root/ros2_ws/build/domain_coordinator:/root/ros2_ws/install/domain_coordinator/lib/python3.10/site-packages:/root/ros2_ws/build/ament_xmllint:/root/ros2_ws/install/ament_xmllint/lib/python3.10/site-packages:/root/ros2_ws/build/ament_lint_cmake:/root/ros2_ws/install/ament_lint_cmake/lib/python3.10/site-packages:/root/ros2_ws/build/ament_cpplint:/root/ros2_ws/install/ament_cpplint/lib/python3.10/site-packages:/root/ros2_ws/build/ament_copyright:/root/ros2_ws/install/ament_copyright/lib/python3.10/site-packages:/root/ros2_ws/install/ament_cmake_test/local/lib/python3.10/dist-packages:/root/ros2_ws/build/ament_pep257:/root/ros2_ws/install/ament_pep257/lib/python3.10/site-packages:/root/ros2_ws/build/ament_flake8:/root/ros2_ws/install/ament_flake8/lib/python3.10/site-packages:/root/ros2_ws/build/ament_pycodestyle:/root/ros2_ws/install/ament_pycodestyle/lib/python3.10/site-packages:/root/ros2_ws/build/ament_package:/root/ros2_ws/install/ament_package/lib/python3.10/site-packages:/root/ros2_ws/build/ament_lint:/root/ros2_ws/install/ament_lint/lib/python3.10/site-packages:/root/ros2_ws/build/ament_cppcheck:/root/ros2_ws/install/ament_cppcheck/lib/python3.10/site-packages:${PYTHONPATH} /usr/bin/cmake /root/ros2_ws/src/ros2/rcl/rcl_yaml_param_parser -DAMENT_CMAKE_SYMLINK_INSTALL=1 -DCMAKE_INSTALL_PREFIX=/root/ros2_ws/install/rcl_yaml_param_parser
[0.123s] -- The C compiler identification is GNU 11.4.0
[0.174s] -- The CXX compiler identification is GNU 11.4.0
[0.180s] -- Detecting C compiler ABI info
[0.239s] -- Detecting C compiler ABI info - done
[0.249s] -- Check for working C compiler: /usr/bin/cc - skipped
[0.249s] -- Detecting C compile features
[0.249s] -- Detecting C compile features - done
[0.253s] -- Detecting CXX compiler ABI info
[0.325s] -- Detecting CXX compiler ABI info - done
[0.331s] -- Check for working CXX compiler: /usr/bin/c++ - skipped
[0.331s] -- Detecting CXX compile features
[0.331s] -- Detecting CXX compile features - done
[0.332s] -- Found ament_cmake_ros: 0.10.0 (/root/ros2_ws/install/ament_cmake_ros/share/ament_cmake_ros/cmake)
[0.531s] -- Found Python3: /usr/bin/python3 (found version "3.10.12") found components: Interpreter 
[0.592s] -- Override CMake install command with custom implementation using symlinks instead of copying resources
[0.618s] -- Found rcutils: 5.1.8 (/opt/ros/humble/share/rcutils/cmake)
[0.624s] -- Found rmw: 6.1.2 (/root/ros2_ws/install/rmw/share/rmw/cmake)
[0.629s] -- Found libyaml_vendor: 1.2.2 (/root/ros2_ws/install/libyaml_vendor/share/libyaml_vendor/cmake)
[0.632s] -- Found ament_lint_auto: 0.12.15 (/root/ros2_ws/install/ament_lint_auto/share/ament_lint_auto/cmake)
[0.730s] -- Found performance_test_fixture: 0.0.9 (/opt/ros/humble/share/performance_test_fixture/cmake)
[0.745s] -- Found gtest sources under '/root/ros2_ws/install/gtest_vendor/src/gtest_vendor': C++ tests using 'Google Test' will be built
[0.747s] -- Looking for pthread.h
[0.803s] -- Looking for pthread.h - found
[0.803s] -- Performing Test CMAKE_HAVE_LIBC_PTHREAD
[0.867s] -- Performing Test CMAKE_HAVE_LIBC_PTHREAD - Success
[0.868s] -- Found Threads: TRUE  
[0.895s] -- Performance tests are disabled by default, so Google Benchmark tests will be skipped. To enable these tests, set the CMake variable 'AMENT_RUN_PERFORMANCE_TESTS'.
[0.907s] -- Added test 'copyright' to check source files copyright and LICENSE
[0.911s] -- Added test 'cppcheck' to perform static code analysis on C / C++ code
[0.911s] -- Configured cppcheck include dirs: /opt/ros/humble/include;$<BUILD_INTERFACE:/root/ros2_ws/src/ros2/rcl/rcl_yaml_param_parser/include>
[0.911s] -- Configured cppcheck exclude dirs and/or files: 
[0.914s] -- Added test 'cpplint' to check C / C++ code against the Google style
[0.915s] -- Configured cpplint exclude dirs and/or files: 
[0.917s] -- Added test 'lint_cmake' to check CMake code style
[0.920s] -- Added test 'uncrustify' to check C / C++ code style
[0.920s] -- Configured uncrustify additional arguments: 
[0.922s] -- Added test 'xmllint' to check XML markup files
[0.929s] -- Configuring done
[0.956s] -- Generating done
[0.965s] -- Build files have been written to: /root/ros2_ws/build/rcl_yaml_param_parser
[0.971s] Invoked command in '/root/ros2_ws/build/rcl_yaml_param_parser' returned '0': AMENT_PREFIX_PATH=/root/ros2_ws/install/rmw:/root/ros2_ws/install/libyaml_vendor:/root/ros2_ws/install/rosidl_runtime_c:/root/ros2_ws/install/rcpputils:/root/ros2_ws/install/rosidl_typesupport_interface:/root/ros2_ws/install/ament_cmake_ros:/root/ros2_ws/install/ament_lint_common:/root/ros2_ws/install/ament_cmake_uncrustify:/root/ros2_ws/install/ament_uncrustify:/root/ros2_ws/install/uncrustify_vendor:/root/ros2_ws/install/ament_cmake_xmllint:/root/ros2_ws/install/ament_cmake_pep257:/root/ros2_ws/install/ament_cmake_flake8:/root/ros2_ws/install/ament_cmake_cpplint:/root/ros2_ws/install/ament_cmake_cppcheck:/root/ros2_ws/install/ament_cmake_copyright:/root/ros2_ws/install/ament_cmake:/root/ros2_ws/install/ament_cmake_lint_cmake:/root/ros2_ws/install/ament_cmake_gmock:/root/ros2_ws/install/ament_cmake_gen_version_h:/root/ros2_ws/install/domain_coordinator:/root/ros2_ws/install/ament_xmllint:/root/ros2_ws/install/ament_lint_cmake:/root/ros2_ws/install/ament_lint_auto:/root/ros2_ws/install/ament_cpplint:/root/ros2_ws/install/ament_cmake_pytest:/root/ros2_ws/install/ament_cmake_gtest:/root/ros2_ws/install/ament_copyright:/root/ros2_ws/install/ament_cmake_test:/root/ros2_ws/install/ament_cmake_target_dependencies:/root/ros2_ws/install/ament_cmake_export_targets:/root/ros2_ws/install/ament_cmake_export_interfaces:/root/ros2_ws/install/ament_cmake_export_dependencies:/root/ros2_ws/install/ament_pep257:/root/ros2_ws/install/ament_cmake_version:/root/ros2_ws/install/ament_cmake_python:/root/ros2_ws/install/ament_cmake_libraries:/root/ros2_ws/install/ament_cmake_include_directories:/root/ros2_ws/install/ament_cmake_export_link_flags:/root/ros2_ws/install/ament_cmake_export_libraries:/root/ros2_ws/install/ament_cmake_export_include_directories:/root/ros2_ws/install/ament_cmake_export_definitions:/root/ros2_ws/install/ament_flake8:/root/ros2_ws/install/ament_cmake_core:/root/ros2_ws/install/ament_pycodestyle:/root/ros2_ws/install/ament_package:/root/ros2_ws/install/ament_lint:/root/ros2_ws/install/ament_cppcheck:${AMENT_PREFIX_PATH} CMAKE_PREFIX_PATH=/root/ros2_ws/install/rmw:/root/ros2_ws/install/libyaml_vendor:/root/ros2_ws/install/rosidl_runtime_c:/root/ros2_ws/install/rcpputils:/root/ros2_ws/install/rosidl_typesupport_interface:/root/ros2_ws/install/ament_cmake_ros:/root/ros2_ws/install/ament_lint_common:/root/ros2_ws/install/ament_cmake_uncrustify:/root/ros2_ws/install/uncrustify_vendor:/root/ros2_ws/install/ament_cmake_xmllint:/root/ros2_ws/install/ament_cmake_pep257:/root/ros2_ws/install/ament_cmake_flake8:/root/ros2_ws/install/ament_cmake_cpplint:/root/ros2_ws/install/ament_cmake_cppcheck:/root/ros2_ws/install/ament_cmake_copyright:/root/ros2_ws/install/ament_cmake:/root/ros2_ws/install/ament_cmake_lint_cmake:/root/ros2_ws/install/ament_cmake_gmock:/root/ros2_ws/install/ament_cmake_gen_version_h:/root/ros2_ws/install/ament_lint_auto:/root/ros2_ws/install/ament_cmake_pytest:/root/ros2_ws/install/ament_cmake_gtest:/root/ros2_ws/install/ament_cmake_test:/root/ros2_ws/install/ament_cmake_target_dependencies:/root/ros2_ws/install/ament_cmake_export_targets:/root/ros2_ws/install/ament_cmake_export_interfaces:/root/ros2_ws/install/ament_cmake_export_dependencies:/root/ros2_ws/install/ament_cmake_version:/root/ros2_ws/install/ament_cmake_python:/root/ros2_ws/install/ament_cmake_libraries:/root/ros2_ws/install/ament_cmake_include_directories:/root/ros2_ws/install/ament_cmake_export_link_flags:/root/ros2_ws/install/ament_cmake_export_libraries:/root/ros2_ws/install/ament_cmake_export_include_directories:/root/ros2_ws/install/ament_cmake_export_definitions:/root/ros2_ws/install/gmock_vendor:/root/ros2_ws/install/ament_cmake_core:/root/ros2_ws/install/gtest_vendor:/opt/ros/humble LD_LIBRARY_PATH=/root/ros2_ws/install/rmw/lib:/root/ros2_ws/install/libyaml_vendor/lib:/root/ros2_ws/install/rosidl_runtime_c/lib:/root/ros2_ws/install/rcpputils/lib:${LD_LIBRARY_PATH} PATH=/root/ros2_ws/install/ament_uncrustify/bin:/root/ros2_ws/install/ament_xmllint/bin:/root/ros2_ws/install/ament_lint_cmake/bin:/root/ros2_ws/install/ament_cpplint/bin:/root/ros2_ws/install/ament_copyright/bin:/root/ros2_ws/install/ament_pep257/bin:/root/ros2_ws/install/ament_flake8/bin:/root/ros2_ws/install/ament_pycodestyle/bin:/root/ros2_ws/install/ament_cppcheck/bin:${PATH} PKG_CONFIG_PATH=/root/ros2_ws/install/gmock_vendor/lib/x86_64-linux-gnu/pkgconfig:/root/ros2_ws/install/gmock_vendor/lib/pkgconfig:/root/ros2_ws/install/gtest_vendor/lib/x86_64-linux-gnu/pkgconfig:/root/ros2_ws/install/gtest_vendor/lib/pkgconfig PYTHONPATH=/root/ros2_ws/build/ament_uncrustify:/root/ros2_ws/install/ament_uncrustify/lib/python3.10/site-packages:/root/ros2_ws/build/domain_coordinator:/root/ros2_ws/install/domain_coordinator/lib/python3.10/site-packages:/root/ros2_ws/build/ament_xmllint:/root/ros2_ws/install/ament_xmllint/lib/python3.10/site-packages:/root/ros2_ws/build/ament_lint_cmake:/root/ros2_ws/install/ament_lint_cmake/lib/python3.10/site-packages:/root/ros2_ws/build/ament_cpplint:/root/ros2_ws/install/ament_cpplint/lib/python3.10/site-packages:/root/ros2_ws/build/ament_copyright:/root/ros2_ws/install/ament_copyright/lib/python3.10/site-packages:/root/ros2_ws/install/ament_cmake_test/local/lib/python3.10/dist-packages:/root/ros2_ws/build/ament_pep257:/root/ros2_ws/install/ament_pep257/lib/python3.10/site-packages:/root/ros2_ws/build/ament_flake8:/root/ros2_ws/install/ament_flake8/lib/python3.10/site-packages:/root/ros2_ws/build/ament_pycodestyle:/root/ros2_ws/install/ament_pycodestyle/lib/python3.10/site-packages:/root/ros2_ws/build/ament_package:/root/ros2_ws/install/ament_package/lib/python3.10/site-packages:/root/ros2_ws/build/ament_lint:/root/ros2_ws/install/ament_lint/lib/python3.10/site-packages:/root/ros2_ws/build/ament_cppcheck:/root/ros2_ws/install/ament_cppcheck/lib/python3.10/site-packages:${PYTHONPATH} /usr/bin/cmake /root/ros2_ws/src/ros2/rcl/rcl_yaml_param_parser -DAMENT_CMAKE_SYMLINK_INSTALL=1 -DCMAKE_INSTALL_PREFIX=/root/ros2_ws/install/rcl_yaml_param_parser
[0.972s] Invoking command in '/root/ros2_ws/build/rcl_yaml_param_parser': AMENT_PREFIX_PATH=/root/ros2_ws/install/rmw:/root/ros2_ws/install/libyaml_vendor:/root/ros2_ws/install/rosidl_runtime_c:/root/ros2_ws/install/rcpputils:/root/ros2_ws/install/rosidl_typesupport_interface:/root/ros2_ws/install/ament_cmake_ros:/root/ros2_ws/install/ament_lint_common:/root/ros2_ws/install/ament_cmake_uncrustify:/root/ros2_ws/install/ament_uncrustify:/root/ros2_ws/install/uncrustify_vendor:/root/ros2_ws/install/ament_cmake_xmllint:/root/ros2_ws/install/ament_cmake_pep257:/root/ros2_ws/install/ament_cmake_flake8:/root/ros2_ws/install/ament_cmake_cpplint:/root/ros2_ws/install/ament_cmake_cppcheck:/root/ros2_ws/install/ament_cmake_copyright:/root/ros2_ws/install/ament_cmake:/root/ros2_ws/install/ament_cmake_lint_cmake:/root/ros2_ws/install/ament_cmake_gmock:/root/ros2_ws/install/ament_cmake_gen_version_h:/root/ros2_ws/install/domain_coordinator:/root/ros2_ws/install/ament_xmllint:/root/ros2_ws/install/ament_lint_cmake:/root/ros2_ws/install/ament_lint_auto:/root/ros2_ws/install/ament_cpplint:/root/ros2_ws/install/ament_cmake_pytest:/root/ros2_ws/install/ament_cmake_gtest:/root/ros2_ws/install/ament_copyright:/root/ros2_ws/install/ament_cmake_test:/root/ros2_ws/install/ament_cmake_target_dependencies:/root/ros2_ws/install/ament_cmake_export_targets:/root/ros2_ws/install/ament_cmake_export_interfaces:/root/ros2_ws/install/ament_cmake_export_dependencies:/root/ros2_ws/install/ament_pep257:/root/ros2_ws/install/ament_cmake_version:/root/ros2_ws/install/ament_cmake_python:/root/ros2_ws/install/ament_cmake_libraries:/root/ros2_ws/install/ament_cmake_include_directories:/root/ros2_ws/install/ament_cmake_export_link_flags:/root/ros2_ws/install/ament_cmake_export_libraries:/root/ros2_ws/install/ament_cmake_export_include_directories:/root/ros2_ws/install/ament_cmake_export_definitions:/root/ros2_ws/install/ament_flake8:/root/ros2_ws/install/ament_cmake_core:/root/ros2_ws/install/ament_pycodestyle:/root/ros2_ws/install/ament_package:/root/ros2_ws/install/ament_lint:/root/ros2_ws/install/ament_cppcheck:${AMENT_PREFIX_PATH} CMAKE_PREFIX_PATH=/root/ros2_ws/install/rmw:/root/ros2_ws/install/libyaml_vendor:/root/ros2_ws/install/rosidl_runtime_c:/root/ros2_ws/install/rcpputils:/root/ros2_ws/install/rosidl_typesupport_interface:/root/ros2_ws/install/ament_cmake_ros:/root/ros2_ws/install/ament_lint_common:/root/ros2_ws/install/ament_cmake_uncrustify:/root/ros2_ws/install/uncrustify_vendor:/root/ros2_ws/install/ament_cmake_xmllint:/root/ros2_ws/install/ament_cmake_pep257:/root/ros2_ws/install/ament_cmake_flake8:/root/ros2_ws/install/ament_cmake_cpplint:/root/ros2_ws/install/ament_cmake_cppcheck:/root/ros2_ws/install/ament_cmake_copyright:/root/ros2_ws/install/ament_cmake:/root/ros2_ws/install/ament_cmake_lint_cmake:/root/ros2_ws/install/ament_cmake_gmock:/root/ros2_ws/install/ament_cmake_gen_version_h:/root/ros2_ws/install/ament_lint_auto:/root/ros2_ws/install/ament_cmake_pytest:/root/ros2_ws/install/ament_cmake_gtest:/root/ros2_ws/install/ament_cmake_test:/root/ros2_ws/install/ament_cmake_target_dependencies:/root/ros2_ws/install/ament_cmake_export_targets:/root/ros2_ws/install/ament_cmake_export_interfaces:/root/ros2_ws/install/ament_cmake_export_dependencies:/root/ros2_ws/install/ament_cmake_version:/root/ros2_ws/install/ament_cmake_python:/root/ros2_ws/install/ament_cmake_libraries:/root/ros2_ws/install/ament_cmake_include_directories:/root/ros2_ws/install/ament_cmake_export_link_flags:/root/ros2_ws/install/ament_cmake_export_libraries:/root/ros2_ws/install/ament_cmake_export_include_directories:/root/ros2_ws/install/ament_cmake_export_definitions:/root/ros2_ws/install/gmock_vendor:/root/ros2_ws/install/ament_cmake_core:/root/ros2_ws/install/gtest_vendor:/opt/ros/humble LD_LIBRARY_PATH=/root/ros2_ws/install/rmw/lib:/root/ros2_ws/install/libyaml_vendor/lib:/root/ros2_ws/install/rosidl_runtime_c/lib:/root/ros2_ws/install/rcpputils/lib:${LD_LIBRARY_PATH} PATH=/root/ros2_ws/install/ament_uncrustify/bin:/root/ros2_ws/install/ament_xmllint/bin:/root/ros2_ws/install/ament_lint_cmake/bin:/root/ros2_ws/install/ament_cpplint/bin:/root/ros2_ws/install/ament_copyright/bin:/root/ros2_ws/install/ament_pep257/bin:/root/ros2_ws/install/ament_flake8/bin:/root/ros2_ws/install/ament_pycodestyle/bin:/root/ros2_ws/install/ament_cppcheck/bin:${PATH} PKG_CONFIG_PATH=/root/ros2_ws/install/gmock_vendor/lib/x86_64-linux-gnu/pkgconfig:/root/ros2_ws/install/gmock_vendor/lib/pkgconfig:/root/ros2_ws/install/gtest_vendor/lib/x86_64-linux-gnu/pkgconfig:/root/ros2_ws/install/gtest_vendor/lib/pkgconfig PYTHONPATH=/root/ros2_ws/build/ament_uncrustify:/root/ros2_ws/install/ament_uncrustify/lib/python3.10/site-packages:/root/ros2_ws/build/domain_coordinator:/root/ros2_ws/install/domain_coordinator/lib/python3.10/site-packages:/root/ros2_ws/build/ament_xmllint:/root/ros2_ws/install/ament_xmllint/lib/python3.10/site-packages:/root/ros2_ws/build/ament_lint_cmake:/root/ros2_ws/install/ament_lint_cmake/lib/python3.10/site-packages:/root/ros2_ws/build/ament_cpplint:/root/ros2_ws/install/ament_cpplint/lib/python3.10/site-packages:/root/ros2_ws/build/ament_copyright:/root/ros2_ws/install/ament_copyright/lib/python3.10/site-packages:/root/ros2_ws/install/ament_cmake_test/local/lib/python3.10/dist-packages:/root/ros2_ws/build/ament_pep257:/root/ros2_ws/install/ament_pep257/lib/python3.10/site-packages:/root/ros2_ws/build/ament_flake8:/root/ros2_ws/install/ament_flake8/lib/python3.10/site-packages:/root/ros2_ws/build/ament_pycodestyle:/root/ros2_ws/install/ament_pycodestyle/lib/python3.10/site-packages:/root/ros2_ws/build/ament_package:/root/ros2_ws/install/ament_package/lib/python3.10/site-packages:/root/ros2_ws/build/ament_lint:/root/ros2_ws/install/ament_lint/lib/python3.10/site-packages:/root/ros2_ws/build/ament_cppcheck:/root/ros2_ws/install/ament_cppcheck/lib/python3.10/site-packages:${PYTHONPATH} /usr/bin/cmake --build /root/ros2_ws/build/rcl_yaml_param_parser -- -j16 -l16
[1.019s] [  3%] Building CXX object gtest/CMakeFiles/gtest.dir/src/gtest-all.cc.o
[1.022s] [  9%] Generating rcl_yaml_param_parser/version.h
[1.022s] [  9%] Building CXX object gtest/CMakeFiles/gtest_main.dir/src/gtest_main.cc.o
[1.044s] [  9%] Built target ament_generate_version_header__rcl_yaml_param_parser
[1.067s] [ 18%] Building C object CMakeFiles/rcl_yaml_param_parser.dir/src/node_params.c.o
[1.067s] [ 18%] Building C object CMakeFiles/rcl_yaml_param_parser.dir/src/parse.c.o
[1.067s] [ 25%] Building C object CMakeFiles/rcl_yaml_param_parser.dir/src/namespace.c.o
[1.067s] [ 18%] Building C object CMakeFiles/rcl_yaml_param_parser.dir/src/add_to_arrays.c.o
[1.067s] [ 25%] Building C object CMakeFiles/rcl_yaml_param_parser.dir/src/parser.c.o
[1.069s] [ 28%] Building C object CMakeFiles/rcl_yaml_param_parser.dir/src/yaml_variant.c.o
[1.175s] [ 31%] Linking C shared library librcl_yaml_param_parser.so
[1.220s] [ 31%] Built target rcl_yaml_param_parser
[1.240s] [ 34%] Building CXX object CMakeFiles/benchmark_variant.dir/test/benchmark/benchmark_variant.cpp.o
[1.243s] [ 37%] Building CXX object CMakeFiles/benchmark_parse_yaml.dir/test/benchmark/benchmark_parse_yaml.cpp.o
[1.770s] [ 40%] Linking CXX static library libgtest_main.a
[1.800s] [ 40%] Built target gtest_main
[1.909s] [ 43%] Linking CXX executable benchmark_parse_yaml
[2.008s] [ 43%] Built target benchmark_parse_yaml
[2.090s] [ 46%] Linking CXX executable benchmark_variant
[2.168s] [ 46%] Built target benchmark_variant
[3.078s] [ 50%] Linking CXX static library libgtest.a
[3.137s] [ 50%] Built target gtest
[3.152s] [ 59%] Building CXX object CMakeFiles/test_yaml_variant.dir/test/test_yaml_variant.cpp.o
[3.153s] [ 59%] Building CXX object CMakeFiles/test_node_params.dir/test/test_node_params.cpp.o
[3.153s] [ 59%] Building CXX object CMakeFiles/test_parser_multiple_params.dir/test/test_parser_multiple_params.cpp.o
[3.154s] [ 62%] Building CXX object CMakeFiles/test_parser_multiple_nodes.dir/test/test_parser_multiple_nodes.cpp.o
[3.156s] [ 65%] Building CXX object CMakeFiles/test_parse.dir/test/test_parse.cpp.o
[3.156s] [ 68%] Building CXX object CMakeFiles/test_parse_yaml.dir/test/test_parse_yaml.cpp.o
[3.158s] [ 71%] Building CXX object CMakeFiles/test_namespace.dir/test/test_namespace.cpp.o
[3.158s] [ 75%] Building CXX object CMakeFiles/test_parser.dir/test/test_parser.cpp.o
[3.230s] In file included from /root/ros2_ws/src/ros2/rcl/rcl_yaml_param_parser/test/test_parse.cpp:28:
[3.230s] /root/ros2_ws/src/ros2/rcl/rcl_yaml_param_parser/test/./mocking_utils/patch.hpp:38:10: fatal error: mimick/mimick.h: No such file or directory
[3.231s]    38 | #include "mimick/mimick.h"
[3.231s]       |          ^~~~~~~~~~~~~~~~~
[3.231s] compilation terminated.
[3.232s] gmake[2]: *** [CMakeFiles/test_parse.dir/build.make:76: CMakeFiles/test_parse.dir/test/test_parse.cpp.o] Error 1
[3.232s] gmake[1]: *** [CMakeFiles/Makefile2:289: CMakeFiles/test_parse.dir/all] Error 2
[3.232s] gmake[1]: *** Waiting for unfinished jobs....
[3.249s] In file included from /root/ros2_ws/src/ros2/rcl/rcl_yaml_param_parser/test/test_parser.cpp:27:
[3.249s] /root/ros2_ws/src/ros2/rcl/rcl_yaml_param_parser/test/./mocking_utils/patch.hpp:38:10: fatal error: mimick/mimick.h: No such file or directory
[3.249s]    38 | #include "mimick/mimick.h"
[3.249s]       |          ^~~~~~~~~~~~~~~~~
[3.249s] compilation terminated.
[3.250s] In file included from /root/ros2_ws/src/ros2/rcl/rcl_yaml_param_parser/test/test_parser_multiple_nodes.cpp:27:
[3.250s] /root/ros2_ws/src/ros2/rcl/rcl_yaml_param_parser/test/./mocking_utils/patch.hpp:38:10: fatal error: mimick/mimick.h: No such file or directory
[3.250s]    38 | #include "mimick/mimick.h"
[3.250s]       |          ^~~~~~~~~~~~~~~~~
[3.250s] compilation terminated.
[3.251s] gmake[2]: *** [CMakeFiles/test_parser_multiple_nodes.dir/build.make:76: CMakeFiles/test_parser_multiple_nodes.dir/test/test_parser_multiple_nodes.cpp.o] Error 1
[3.251s] gmake[1]: *** [CMakeFiles/Makefile2:345: CMakeFiles/test_parser_multiple_nodes.dir/all] Error 2
[3.251s] gmake[2]: *** [CMakeFiles/test_parser.dir/build.make:76: CMakeFiles/test_parser.dir/test/test_parser.cpp.o] Error 1
[3.251s] gmake[1]: *** [CMakeFiles/Makefile2:317: CMakeFiles/test_parser.dir/all] Error 2
[3.259s] In file included from /root/ros2_ws/src/ros2/rcl/rcl_yaml_param_parser/test/test_parser_multiple_params.cpp:27:
[3.259s] /root/ros2_ws/src/ros2/rcl/rcl_yaml_param_parser/test/./mocking_utils/patch.hpp:38:10: fatal error: mimick/mimick.h: No such file or directory
[3.259s]    38 | #include "mimick/mimick.h"
[3.259s]       |          ^~~~~~~~~~~~~~~~~
[3.259s] compilation terminated.
[3.261s] gmake[2]: *** [CMakeFiles/test_parser_multiple_params.dir/build.make:76: CMakeFiles/test_parser_multiple_params.dir/test/test_parser_multiple_params.cpp.o] Error 1
[3.261s] gmake[1]: *** [CMakeFiles/Makefile2:373: CMakeFiles/test_parser_multiple_params.dir/all] Error 2
[3.766s] [ 78%] Linking CXX executable test_node_params
[3.921s] [ 78%] Built target test_node_params
[4.056s] [ 81%] Linking CXX executable test_namespace
[4.184s] [ 84%] Linking CXX executable test_yaml_variant
[4.196s] [ 84%] Built target test_namespace
[4.268s] [ 87%] Linking CXX executable test_parse_yaml
[4.308s] [ 87%] Built target test_yaml_variant
[4.419s] [ 87%] Built target test_parse_yaml
[4.420s] gmake: *** [Makefile:146: all] Error 2
[4.422s] Invoked command in '/root/ros2_ws/build/rcl_yaml_param_parser' returned '2': AMENT_PREFIX_PATH=/root/ros2_ws/install/rmw:/root/ros2_ws/install/libyaml_vendor:/root/ros2_ws/install/rosidl_runtime_c:/root/ros2_ws/install/rcpputils:/root/ros2_ws/install/rosidl_typesupport_interface:/root/ros2_ws/install/ament_cmake_ros:/root/ros2_ws/install/ament_lint_common:/root/ros2_ws/install/ament_cmake_uncrustify:/root/ros2_ws/install/ament_uncrustify:/root/ros2_ws/install/uncrustify_vendor:/root/ros2_ws/install/ament_cmake_xmllint:/root/ros2_ws/install/ament_cmake_pep257:/root/ros2_ws/install/ament_cmake_flake8:/root/ros2_ws/install/ament_cmake_cpplint:/root/ros2_ws/install/ament_cmake_cppcheck:/root/ros2_ws/install/ament_cmake_copyright:/root/ros2_ws/install/ament_cmake:/root/ros2_ws/install/ament_cmake_lint_cmake:/root/ros2_ws/install/ament_cmake_gmock:/root/ros2_ws/install/ament_cmake_gen_version_h:/root/ros2_ws/install/domain_coordinator:/root/ros2_ws/install/ament_xmllint:/root/ros2_ws/install/ament_lint_cmake:/root/ros2_ws/install/ament_lint_auto:/root/ros2_ws/install/ament_cpplint:/root/ros2_ws/install/ament_cmake_pytest:/root/ros2_ws/install/ament_cmake_gtest:/root/ros2_ws/install/ament_copyright:/root/ros2_ws/install/ament_cmake_test:/root/ros2_ws/install/ament_cmake_target_dependencies:/root/ros2_ws/install/ament_cmake_export_targets:/root/ros2_ws/install/ament_cmake_export_interfaces:/root/ros2_ws/install/ament_cmake_export_dependencies:/root/ros2_ws/install/ament_pep257:/root/ros2_ws/install/ament_cmake_version:/root/ros2_ws/install/ament_cmake_python:/root/ros2_ws/install/ament_cmake_libraries:/root/ros2_ws/install/ament_cmake_include_directories:/root/ros2_ws/install/ament_cmake_export_link_flags:/root/ros2_ws/install/ament_cmake_export_libraries:/root/ros2_ws/install/ament_cmake_export_include_directories:/root/ros2_ws/install/ament_cmake_export_definitions:/root/ros2_ws/install/ament_flake8:/root/ros2_ws/install/ament_cmake_core:/root/ros2_ws/install/ament_pycodestyle:/root/ros2_ws/install/ament_package:/root/ros2_ws/install/ament_lint:/root/ros2_ws/install/ament_cppcheck:${AMENT_PREFIX_PATH} CMAKE_PREFIX_PATH=/root/ros2_ws/install/rmw:/root/ros2_ws/install/libyaml_vendor:/root/ros2_ws/install/rosidl_runtime_c:/root/ros2_ws/install/rcpputils:/root/ros2_ws/install/rosidl_typesupport_interface:/root/ros2_ws/install/ament_cmake_ros:/root/ros2_ws/install/ament_lint_common:/root/ros2_ws/install/ament_cmake_uncrustify:/root/ros2_ws/install/uncrustify_vendor:/root/ros2_ws/install/ament_cmake_xmllint:/root/ros2_ws/install/ament_cmake_pep257:/root/ros2_ws/install/ament_cmake_flake8:/root/ros2_ws/install/ament_cmake_cpplint:/root/ros2_ws/install/ament_cmake_cppcheck:/root/ros2_ws/install/ament_cmake_copyright:/root/ros2_ws/install/ament_cmake:/root/ros2_ws/install/ament_cmake_lint_cmake:/root/ros2_ws/install/ament_cmake_gmock:/root/ros2_ws/install/ament_cmake_gen_version_h:/root/ros2_ws/install/ament_lint_auto:/root/ros2_ws/install/ament_cmake_pytest:/root/ros2_ws/install/ament_cmake_gtest:/root/ros2_ws/install/ament_cmake_test:/root/ros2_ws/install/ament_cmake_target_dependencies:/root/ros2_ws/install/ament_cmake_export_targets:/root/ros2_ws/install/ament_cmake_export_interfaces:/root/ros2_ws/install/ament_cmake_export_dependencies:/root/ros2_ws/install/ament_cmake_version:/root/ros2_ws/install/ament_cmake_python:/root/ros2_ws/install/ament_cmake_libraries:/root/ros2_ws/install/ament_cmake_include_directories:/root/ros2_ws/install/ament_cmake_export_link_flags:/root/ros2_ws/install/ament_cmake_export_libraries:/root/ros2_ws/install/ament_cmake_export_include_directories:/root/ros2_ws/install/ament_cmake_export_definitions:/root/ros2_ws/install/gmock_vendor:/root/ros2_ws/install/ament_cmake_core:/root/ros2_ws/install/gtest_vendor:/opt/ros/humble LD_LIBRARY_PATH=/root/ros2_ws/install/rmw/lib:/root/ros2_ws/install/libyaml_vendor/lib:/root/ros2_ws/install/rosidl_runtime_c/lib:/root/ros2_ws/install/rcpputils/lib:${LD_LIBRARY_PATH} PATH=/root/ros2_ws/install/ament_uncrustify/bin:/root/ros2_ws/install/ament_xmllint/bin:/root/ros2_ws/install/ament_lint_cmake/bin:/root/ros2_ws/install/ament_cpplint/bin:/root/ros2_ws/install/ament_copyright/bin:/root/ros2_ws/install/ament_pep257/bin:/root/ros2_ws/install/ament_flake8/bin:/root/ros2_ws/install/ament_pycodestyle/bin:/root/ros2_ws/install/ament_cppcheck/bin:${PATH} PKG_CONFIG_PATH=/root/ros2_ws/install/gmock_vendor/lib/x86_64-linux-gnu/pkgconfig:/root/ros2_ws/install/gmock_vendor/lib/pkgconfig:/root/ros2_ws/install/gtest_vendor/lib/x86_64-linux-gnu/pkgconfig:/root/ros2_ws/install/gtest_vendor/lib/pkgconfig PYTHONPATH=/root/ros2_ws/build/ament_uncrustify:/root/ros2_ws/install/ament_uncrustify/lib/python3.10/site-packages:/root/ros2_ws/build/domain_coordinator:/root/ros2_ws/install/domain_coordinator/lib/python3.10/site-packages:/root/ros2_ws/build/ament_xmllint:/root/ros2_ws/install/ament_xmllint/lib/python3.10/site-packages:/root/ros2_ws/build/ament_lint_cmake:/root/ros2_ws/install/ament_lint_cmake/lib/python3.10/site-packages:/root/ros2_ws/build/ament_cpplint:/root/ros2_ws/install/ament_cpplint/lib/python3.10/site-packages:/root/ros2_ws/build/ament_copyright:/root/ros2_ws/install/ament_copyright/lib/python3.10/site-packages:/root/ros2_ws/install/ament_cmake_test/local/lib/python3.10/dist-packages:/root/ros2_ws/build/ament_pep257:/root/ros2_ws/install/ament_pep257/lib/python3.10/site-packages:/root/ros2_ws/build/ament_flake8:/root/ros2_ws/install/ament_flake8/lib/python3.10/site-packages:/root/ros2_ws/build/ament_pycodestyle:/root/ros2_ws/install/ament_pycodestyle/lib/python3.10/site-packages:/root/ros2_ws/build/ament_package:/root/ros2_ws/install/ament_package/lib/python3.10/site-packages:/root/ros2_ws/build/ament_lint:/root/ros2_ws/install/ament_lint/lib/python3.10/site-packages:/root/ros2_ws/build/ament_cppcheck:/root/ros2_ws/install/ament_cppcheck/lib/python3.10/site-packages:${PYTHONPATH} /usr/bin/cmake --build /root/ros2_ws/build/rcl_yaml_param_parser -- -j16 -l16
