[0.010s] Invoking command in '/root/ros2_ws/build/cyclonedds': CMAKE_PREFIX_PATH=/root/ros2_ws/install/iceoryx_binding_c:/root/ros2_ws/install/iceoryx_posh:/root/ros2_ws/install/iceoryx_hoofs:/opt/ros/humble LD_LIBRARY_PATH=/root/ros2_ws/install/iceoryx_binding_c/lib:/root/ros2_ws/install/iceoryx_posh/lib:/root/ros2_ws/install/iceoryx_hoofs/lib:${LD_LIBRARY_PATH} PATH=/root/ros2_ws/install/iceoryx_posh/bin:${PATH} PKG_CONFIG_PATH=/root/ros2_ws/install/iceoryx_binding_c/lib/x86_64-linux-gnu/pkgconfig:/root/ros2_ws/install/iceoryx_binding_c/lib/pkgconfig:/root/ros2_ws/install/iceoryx_posh/lib/x86_64-linux-gnu/pkgconfig:/root/ros2_ws/install/iceoryx_posh/lib/pkgconfig:/root/ros2_ws/install/iceoryx_hoofs/lib/x86_64-linux-gnu/pkgconfig:/root/ros2_ws/install/iceoryx_hoofs/lib/pkgconfig /usr/bin/cmake /root/ros2_ws/src/eclipse-cyclonedds/cyclonedds -DBUILD_IDLC=AUTO -DCMAKE_INSTALL_PREFIX=/root/ros2_ws/install/cyclonedds
[0.056s] -- The C compiler identification is GNU 11.4.0
[0.087s] -- Detecting C compiler ABI info
[0.126s] -- Detecting C compiler ABI info - done
[0.132s] -- Check for working C compiler: /usr/bin/cc - skipped
[0.132s] -- Detecting C compile features
[0.132s] -- Detecting C compile features - done
[0.132s] -- Setting build type to 'RelWithDebInfo' as none was specified.
[0.135s] -- Looking for getopt.h
[0.191s] -- Looking for getopt.h - found
[0.235s] -- Building with OpenSSL support
[0.243s] -- Looking for stdint.h
[0.300s] -- Looking for stdint.h - found
[0.300s] -- Looking for inttypes.h
[0.357s] -- Looking for inttypes.h - found
[0.358s] -- Looking for sys/types.h
[0.566s] -- Looking for sys/types.h - found
[0.566s] -- Looking for stdint.h
[0.566s] -- Looking for stdint.h - found
[0.566s] -- Looking for stddef.h
[0.566s] -- Looking for stddef.h - found
[0.566s] -- Check size of intmax_t
[0.584s] -- Check size of intmax_t - done
[0.585s] -- Looking for stpcpy
[0.646s] -- Looking for stpcpy - found
[0.647s] -- Looking for strlcpy
[0.673s] -- Looking for strlcpy - not found
[0.674s] -- Looking for strlcat
[0.698s] -- Looking for strlcat - not found
[0.701s] -- Performing Test COMPILER_HAS_HIDDEN_VISIBILITY
[0.767s] -- Performing Test COMPILER_HAS_HIDDEN_VISIBILITY - Success
[0.767s] -- Performing Test COMPILER_HAS_HIDDEN_INLINE_VISIBILITY
[0.822s] -- Performing Test COMPILER_HAS_HIDDEN_INLINE_VISIBILITY - Failed
[0.822s] -- Performing Test COMPILER_HAS_DEPRECATED_ATTR
[0.878s] -- Performing Test COMPILER_HAS_DEPRECATED_ATTR - Success
[0.886s] -- Looking for gethostname
[0.952s] -- Looking for gethostname - found
[0.953s] -- Looking for inet_ntop
[1.024s] -- Looking for inet_ntop - found
[1.024s] -- Looking for inet_pton
[1.444s] -- Looking for inet_pton - found
[1.444s] -- Looking for getaddrinfo
[1.444s] -- Looking for getaddrinfo - found
[1.444s] -- Looking for gethostbyname_r
[1.444s] -- Looking for gethostbyname_r - found
[1.445s] -- Check size of struct sockaddr_in6
[1.445s] -- Check size of struct sockaddr_in6 - done
[1.445s] -- Looking for pthread.h
[1.445s] -- Looking for pthread.h - found
[1.446s] -- Performing Test CMAKE_HAVE_LIBC_PTHREAD
[1.446s] -- Performing Test CMAKE_HAVE_LIBC_PTHREAD - Success
[1.446s] -- Found Threads: TRUE  
[1.446s] -- Looking for clock_gettime in c
[1.872s] -- Looking for clock_gettime in c - found
[1.872s] -- Configuring done
[1.873s] -- Generating done
[1.873s] -- Build files have been written to: /root/ros2_ws/build/cyclonedds
[1.873s] Invoked command in '/root/ros2_ws/build/cyclonedds' returned '0': CMAKE_PREFIX_PATH=/root/ros2_ws/install/iceoryx_binding_c:/root/ros2_ws/install/iceoryx_posh:/root/ros2_ws/install/iceoryx_hoofs:/opt/ros/humble LD_LIBRARY_PATH=/root/ros2_ws/install/iceoryx_binding_c/lib:/root/ros2_ws/install/iceoryx_posh/lib:/root/ros2_ws/install/iceoryx_hoofs/lib:${LD_LIBRARY_PATH} PATH=/root/ros2_ws/install/iceoryx_posh/bin:${PATH} PKG_CONFIG_PATH=/root/ros2_ws/install/iceoryx_binding_c/lib/x86_64-linux-gnu/pkgconfig:/root/ros2_ws/install/iceoryx_binding_c/lib/pkgconfig:/root/ros2_ws/install/iceoryx_posh/lib/x86_64-linux-gnu/pkgconfig:/root/ros2_ws/install/iceoryx_posh/lib/pkgconfig:/root/ros2_ws/install/iceoryx_hoofs/lib/x86_64-linux-gnu/pkgconfig:/root/ros2_ws/install/iceoryx_hoofs/lib/pkgconfig /usr/bin/cmake /root/ros2_ws/src/eclipse-cyclonedds/cyclonedds -DBUILD_IDLC=AUTO -DCMAKE_INSTALL_PREFIX=/root/ros2_ws/install/cyclonedds
[1.873s] Invoking command in '/root/ros2_ws/build/cyclonedds': CMAKE_PREFIX_PATH=/root/ros2_ws/install/iceoryx_binding_c:/root/ros2_ws/install/iceoryx_posh:/root/ros2_ws/install/iceoryx_hoofs:/opt/ros/humble LD_LIBRARY_PATH=/root/ros2_ws/install/iceoryx_binding_c/lib:/root/ros2_ws/install/iceoryx_posh/lib:/root/ros2_ws/install/iceoryx_hoofs/lib:${LD_LIBRARY_PATH} PATH=/root/ros2_ws/install/iceoryx_posh/bin:${PATH} PKG_CONFIG_PATH=/root/ros2_ws/install/iceoryx_binding_c/lib/x86_64-linux-gnu/pkgconfig:/root/ros2_ws/install/iceoryx_binding_c/lib/pkgconfig:/root/ros2_ws/install/iceoryx_posh/lib/x86_64-linux-gnu/pkgconfig:/root/ros2_ws/install/iceoryx_posh/lib/pkgconfig:/root/ros2_ws/install/iceoryx_hoofs/lib/x86_64-linux-gnu/pkgconfig:/root/ros2_ws/install/iceoryx_hoofs/lib/pkgconfig /usr/bin/cmake --build /root/ros2_ws/build/cyclonedds -- -j16 -l16
[1.909s] [  2%] Generating include/idl/endian.h
[1.909s] [  2%] Generating include/idl/md5.h
[1.909s] [  0%] Generating src/md5.c
[1.909s] [  2%] Generating include/idl/attributes.h
[1.917s] [  2%] Generating include/idl/misc.h
[1.926s] [  3%] Building C object src/ddsrt/CMakeFiles/ddsrt-internal.dir/src/atomics.c.o
[1.928s] [  4%] Building C object src/ddsrt/CMakeFiles/ddsrt-internal.dir/src/bswap.c.o
[1.928s] [  5%] Building C object src/ddsrt/CMakeFiles/ddsrt-internal.dir/src/retcode.c.o
[1.928s] [  5%] Building C object src/ddsrt/CMakeFiles/ddsrt-internal.dir/src/io.c.o
[1.928s] [  6%] Building C object src/tools/idlpp/CMakeFiles/idlpp.dir/src/directive.c.o
[1.938s] [  7%] Building C object src/tools/idlpp/CMakeFiles/idlpp.dir/src/mbchar.c.o
[1.938s] [  6%] Building C object src/ddsrt/CMakeFiles/ddsrt-internal.dir/src/log.c.o
[1.938s] [  7%] Building C object src/ddsrt/CMakeFiles/ddsrt-internal.dir/src/avl.c.o
[1.938s] [  7%] Building C object src/tools/idlpp/CMakeFiles/idlpp.dir/src/expand.c.o
[1.938s] [  7%] Built target _confgen
[1.939s] [  8%] Building C object src/tools/idlpp/CMakeFiles/idlpp.dir/src/support.c.o
[1.939s] [  8%] Building C object src/tools/idlpp/CMakeFiles/idlpp.dir/src/main.c.o
[1.939s] [  8%] Building C object src/tools/idlpp/CMakeFiles/idlpp.dir/src/system.c.o
[1.939s] [  8%] Building C object src/tools/idlpp/CMakeFiles/idlpp.dir/src/eval.c.o
[1.946s] [  8%] Building C object src/ddsrt/CMakeFiles/ddsrt-internal.dir/src/strtod.c.o
[1.951s] [  9%] Building C object src/ddsrt/CMakeFiles/ddsrt-internal.dir/src/strtol.c.o
[1.954s] [  9%] Building C object src/idl/CMakeFiles/idl.dir/src/symbol.c.o
[2.001s] [  9%] Building C object src/ddsrt/CMakeFiles/ddsrt-internal.dir/src/mh3.c.o
[2.011s] [  9%] Building C object src/ddsrt/CMakeFiles/ddsrt-internal.dir/src/environ.c.o
[2.011s] [ 10%] Building C object src/ddsrt/CMakeFiles/ddsrt-internal.dir/src/expand_vars.c.o
[2.070s] [ 10%] Building C object src/ddsrt/CMakeFiles/ddsrt-internal.dir/src/fibheap.c.o
[2.114s] [ 10%] Building C object src/core/CMakeFiles/ddsc.dir/ddsi/src/ddsi_eth.c.o
[2.134s] [ 11%] Building C object src/core/CMakeFiles/ddsc.dir/ddsi/src/ddsi_ssl.c.o
[2.158s] [ 11%] Building C object src/ddsrt/CMakeFiles/ddsrt-internal.dir/src/hopscotch.c.o
[2.176s] [ 12%] Building C object src/idl/CMakeFiles/idl.dir/src/directive.c.o
[2.183s] [ 13%] Building C object src/ddsrt/CMakeFiles/ddsrt-internal.dir/src/circlist.c.o
[2.191s] [ 13%] Building C object src/ddsrt/CMakeFiles/ddsrt-internal.dir/src/threads.c.o
[2.210s] [ 13%] Building C object src/idl/CMakeFiles/idl.dir/src/expression.c.o
[2.212s] [ 14%] Building C object src/ddsrt/CMakeFiles/ddsrt-internal.dir/src/string.c.o
[2.231s] [ 14%] Building C object src/idl/CMakeFiles/idl.dir/src/file.c.o
[2.235s] [ 14%] Building C object src/ddsrt/CMakeFiles/ddsrt-internal.dir/src/sockets.c.o
[2.278s] [ 14%] Building C object src/ddsrt/CMakeFiles/ddsrt-internal.dir/src/md5.c.o
[2.284s] [ 14%] Building C object src/core/CMakeFiles/ddsc.dir/ddsi/src/ddsi_tcp.c.o
[2.439s] [ 15%] Building C object src/idl/CMakeFiles/idl.dir/src/processor.c.o
[2.443s] [ 15%] Building C object src/core/CMakeFiles/ddsc.dir/ddsi/src/ddsi_tran.c.o
[2.525s] [ 15%] Building C object src/idl/CMakeFiles/idl.dir/src/scanner.c.o
[2.528s] [ 16%] Building C object src/idl/CMakeFiles/idl.dir/src/string.c.o
[2.535s] [ 17%] Building C object src/core/CMakeFiles/ddsc.dir/ddsi/src/ddsi_udp.c.o
[2.542s] [ 18%] Building C object src/ddsrt/CMakeFiles/ddsrt-internal.dir/src/xmlparser.c.o
[2.592s] [ 18%] Building C object src/ddsrt/CMakeFiles/ddsrt-internal.dir/src/ifaddrs.c.o
[2.658s] [ 18%] Building C object src/core/CMakeFiles/ddsc.dir/ddsi/src/ddsi_raweth.c.o
[2.678s] [ 19%] Building C object src/ddsrt/CMakeFiles/ddsrt-internal.dir/src/cdtors.c.o
[2.712s] [ 19%] Building C object src/idl/CMakeFiles/idl.dir/src/annotation.c.o
[2.743s] [ 19%] Building C object src/ddsrt/CMakeFiles/ddsrt-internal.dir/src/random.c.o
[2.745s] [ 19%] Building C object src/ddsrt/CMakeFiles/ddsrt-internal.dir/src/time.c.o
[2.758s] [ 20%] Building C object src/ddsrt/CMakeFiles/ddsrt-internal.dir/src/ifaddrs/posix/ifaddrs.c.o
[2.811s] [ 20%] Building C object src/ddsrt/CMakeFiles/ddsrt-internal.dir/src/sockets/posix/socket.c.o
[2.865s] [ 20%] Building C object src/ddsrt/CMakeFiles/ddsrt-internal.dir/src/sockets/posix/gethostname.c.o
[2.903s] [ 20%] Building C object src/idl/CMakeFiles/idl.dir/src/scope.c.o
[2.904s] [ 20%] Building C object src/core/CMakeFiles/ddsc.dir/ddsi/src/ddsi_vnet.c.o
[2.915s] [ 21%] Building C object src/idl/CMakeFiles/idl.dir/src/tree.c.o
[2.942s] [ 22%] Building C object src/core/CMakeFiles/ddsc.dir/ddsi/src/ddsi_ipaddr.c.o
[2.942s] [ 23%] Building C object src/ddsrt/CMakeFiles/ddsrt-internal.dir/src/heap/posix/heap.c.o
[2.952s] [ 23%] Building C object src/ddsrt/CMakeFiles/ddsrt-internal.dir/src/dynlib/posix/dynlib.c.o
[2.965s] [ 23%] Building C object src/core/CMakeFiles/ddsc.dir/ddsi/src/ddsi_mcgroup.c.o
[2.965s] [ 24%] Building C object src/ddsrt/CMakeFiles/ddsrt-internal.dir/src/environ/posix/environ.c.o
[2.968s] [ 24%] Building C object src/idl/CMakeFiles/idl.dir/src/visit.c.o
[3.006s] [ 24%] Building C object src/ddsrt/CMakeFiles/ddsrt-internal.dir/src/filesystem/posix/filesystem.c.o
[3.130s] [ 24%] Building C object src/idl/CMakeFiles/idl.dir/src/print.c.o
[3.130s] [ 24%] Building C object src/ddsrt/CMakeFiles/ddsrt-internal.dir/src/process/posix/process.c.o
[3.130s] [ 25%] Building C object src/idl/CMakeFiles/idl.dir/src/keylist.c.o
[3.131s] [ 26%] Building C object src/core/CMakeFiles/ddsc.dir/ddsi/src/ddsi_security_util.c.o
[3.131s] [ 27%] Building C object src/ddsrt/CMakeFiles/ddsrt-internal.dir/src/random/posix/random.c.o
[3.131s] [ 27%] Building C object src/ddsrt/CMakeFiles/ddsrt-internal.dir/src/sync/posix/sync.c.o
[3.131s] [ 27%] Building C object src/idl/CMakeFiles/idl.dir/src/hashid.c.o
[3.131s] [ 27%] Building C object src/ddsrt/CMakeFiles/ddsrt-internal.dir/src/threads/posix/threads.c.o
[3.131s] [ 27%] Building C object src/core/CMakeFiles/ddsc.dir/ddsi/src/ddsi_security_omg.c.o
[3.272s] [ 28%] Building C object src/ddsrt/CMakeFiles/ddsrt-internal.dir/src/netstat/linux/netstat.c.o
[3.273s] [ 28%] Building C object src/core/CMakeFiles/ddsc.dir/ddsi/src/ddsi_portmapping.c.o
[3.273s] [ 29%] Building C object src/idl/CMakeFiles/idl.dir/src/parser.c.o
[3.273s] [ 29%] Building C object src/ddsrt/CMakeFiles/ddsrt-internal.dir/src/time/posix/time.c.o
[3.273s] [ 30%] Building C object src/core/CMakeFiles/ddsc.dir/ddsi/src/ddsi_handshake.c.o
[3.273s] [ 30%] Building C object src/core/CMakeFiles/ddsc.dir/ddsi/src/ddsi_serdata.c.o
[3.273s] [ 30%] Building C object src/idl/CMakeFiles/idl.dir/src/md5.c.o
[3.273s] [ 30%] Building C object src/core/CMakeFiles/ddsc.dir/ddsi/src/ddsi_serdata_default.c.o
[3.689s] [ 31%] Building C object src/ddsrt/CMakeFiles/ddsrt-internal.dir/src/rusage/posix/rusage.c.o
[3.689s] [ 32%] Building C object src/core/CMakeFiles/ddsc.dir/ddsi/src/ddsi_sertype.c.o
[3.689s] [ 33%] Building C object src/core/CMakeFiles/ddsc.dir/ddsi/src/ddsi_serdata_pserop.c.o
[4.107s] [ 33%] Building C object src/core/CMakeFiles/ddsc.dir/ddsi/src/ddsi_serdata_plist.c.o
[4.108s] [ 33%] Building C object src/core/CMakeFiles/ddsc.dir/ddsi/src/ddsi_sertype_default.c.o
[4.108s] [ 33%] Building C object src/core/CMakeFiles/ddsc.dir/ddsi/src/ddsi_sertype_pserop.c.o
[4.108s] [ 33%] Linking C static library ../../lib/libddsrt-internal.a
[4.108s] [ 34%] Building C object src/core/CMakeFiles/ddsc.dir/ddsi/src/ddsi_sertype_plist.c.o
[4.108s] [ 34%] Building C object src/core/CMakeFiles/ddsc.dir/ddsi/src/ddsi_sertopic.c.o
[4.108s] [ 35%] Building C object src/core/CMakeFiles/ddsc.dir/ddsi/src/ddsi_statistics.c.o
[4.108s] [ 35%] Building C object src/core/CMakeFiles/ddsc.dir/ddsi/src/ddsi_iid.c.o
[4.108s] [ 35%] Built target ddsrt-internal
[4.108s] [ 36%] Building C object src/core/CMakeFiles/ddsc.dir/ddsi/src/ddsi_vendor.c.o
[4.108s] [ 36%] Building C object src/core/CMakeFiles/ddsc.dir/ddsi/src/ddsi_tkmap.c.o
[4.108s] [ 36%] Building C object src/core/CMakeFiles/ddsc.dir/ddsi/src/ddsi_threadmon.c.o
[4.108s] [ 36%] Building C object src/core/CMakeFiles/ddsc.dir/ddsi/src/ddsi_rhc.c.o
[4.108s] [ 37%] Building C object src/core/CMakeFiles/ddsc.dir/ddsi/src/ddsi_pmd.c.o
[4.108s] [ 37%] Building C object src/core/CMakeFiles/ddsc.dir/ddsi/src/ddsi_entity_index.c.o
[4.108s] [ 38%] Building C object src/core/CMakeFiles/ddsc.dir/ddsi/src/ddsi_deadline.c.o
[4.108s] [ 38%] Building C object src/core/CMakeFiles/ddsc.dir/ddsi/src/ddsi_deliver_locally.c.o
[4.108s] [ 38%] Building C object src/core/CMakeFiles/ddsc.dir/ddsi/src/ddsi_plist.c.o
[4.108s] [ 39%] Building C object src/core/CMakeFiles/ddsc.dir/ddsi/src/ddsi_cdrstream.c.o
[4.109s] [ 40%] Linking C static library ../../../lib/libidlpp.a
[4.109s] [ 40%] Building C object src/core/CMakeFiles/ddsc.dir/ddsi/src/ddsi_config.c.o
[4.109s] [ 40%] Building C object src/core/CMakeFiles/ddsc.dir/ddsi/src/ddsi_time.c.o
[4.109s] [ 41%] Building C object src/core/CMakeFiles/ddsc.dir/ddsi/src/ddsi_ownip.c.o
[4.112s] [ 41%] Built target idlpp
[4.113s] [ 42%] Building C object src/core/CMakeFiles/ddsc.dir/ddsi/src/ddsi_list_genptr.c.o
[4.113s] [ 42%] Building C object src/core/CMakeFiles/ddsc.dir/ddsi/src/ddsi_acknack.c.o
[4.113s] [ 42%] Building C object src/core/CMakeFiles/ddsc.dir/ddsi/src/ddsi_wraddrset.c.o
[4.113s] [ 42%] Building C object src/core/CMakeFiles/ddsc.dir/ddsi/src/ddsi_typelib.c.o
[4.113s] [ 43%] Building C object src/core/CMakeFiles/ddsc.dir/ddsi/src/ddsi_entity.c.o
[4.113s] [ 43%] Building C object src/core/CMakeFiles/ddsc.dir/ddsi/src/ddsi_entity_match.c.o
[4.113s] [ 43%] Building C object src/core/CMakeFiles/ddsc.dir/ddsi/src/ddsi_proxy_participant.c.o
[4.113s] [ 44%] Building C object src/core/CMakeFiles/ddsc.dir/ddsi/src/ddsi_participant.c.o
[4.113s] [ 44%] Building C object src/core/CMakeFiles/ddsc.dir/ddsi/src/ddsi_topic.c.o
[4.113s] [ 45%] Building C object src/core/CMakeFiles/ddsc.dir/ddsi/src/ddsi_endpoint.c.o
[4.113s] [ 45%] Building C object src/core/CMakeFiles/ddsc.dir/ddsi/src/ddsi_proxy_endpoint.c.o
[4.113s] [ 45%] Building C object src/core/CMakeFiles/ddsc.dir/ddsi/src/q_addrset.c.o
[4.114s] [ 45%] Building C object src/core/CMakeFiles/ddsc.dir/ddsi/src/q_bswap.c.o
[4.114s] [ 46%] Building C object src/core/CMakeFiles/ddsc.dir/ddsi/src/q_bitset_inlines.c.o
[4.114s] [ 47%] Building C object src/core/CMakeFiles/ddsc.dir/ddsi/src/q_ddsi_discovery.c.o
[4.114s] [ 47%] Building C object src/core/CMakeFiles/ddsc.dir/ddsi/src/q_debmon.c.o
[4.114s] [ 47%] Building C object src/core/CMakeFiles/ddsc.dir/ddsi/src/q_gc.c.o
[4.487s] [ 48%] Building C object src/core/CMakeFiles/ddsc.dir/ddsi/src/q_init.c.o
[4.487s] [ 48%] Linking C shared library ../../lib/libcycloneddsidl.so
[4.487s] [ 48%] Building C object src/core/CMakeFiles/ddsc.dir/ddsi/src/q_lat_estim.c.o
[4.487s] [ 49%] Building C object src/core/CMakeFiles/ddsc.dir/ddsi/src/q_lease.c.o
[4.488s] [ 49%] Building C object src/core/CMakeFiles/ddsc.dir/ddsi/src/q_misc.c.o
[4.488s] [ 49%] Built target idl
[4.488s] [ 50%] Building C object src/core/CMakeFiles/ddsc.dir/ddsi/src/q_qosmatch.c.o
[4.488s] [ 50%] Building C object src/core/CMakeFiles/ddsc.dir/ddsi/src/q_pcap.c.o
[4.488s] [ 50%] Building C object src/core/CMakeFiles/ddsc.dir/ddsi/src/q_radmin.c.o
[4.488s] [ 50%] Building C object src/core/CMakeFiles/ddsc.dir/ddsi/src/q_receive.c.o
[4.488s] [ 51%] Building C object src/core/CMakeFiles/ddsc.dir/ddsi/src/q_sockwaitset.c.o
[4.488s] [ 51%] Building C object src/core/CMakeFiles/ddsc.dir/ddsi/src/q_thread.c.o
[4.488s] [ 52%] Building C object src/core/CMakeFiles/ddsc.dir/ddsi/src/q_transmit.c.o
[4.501s] [ 52%] Building C object src/core/CMakeFiles/ddsc.dir/ddsi/src/q_inverse_uint32_set.c.o
[4.501s] [ 52%] Building C object src/core/CMakeFiles/ddsc.dir/ddsi/src/q_whc.c.o
[4.519s] [ 53%] Building C object src/core/CMakeFiles/ddsc.dir/ddsi/src/q_xevent.c.o
[4.538s] [ 53%] Building C object src/core/CMakeFiles/ddsc.dir/ddsi/src/q_xmsg.c.o
[4.561s] [ 53%] Building C object src/core/CMakeFiles/ddsc.dir/ddsi/src/q_freelist.c.o
[4.606s] [ 54%] Building C object src/core/CMakeFiles/ddsc.dir/ddsi/src/sysdeps.c.o
[4.619s] [ 55%] Building C object src/core/CMakeFiles/ddsc.dir/ddsi/src/ddsi_xt_typeinfo.c.o
[4.622s] [ 55%] Building C object src/core/CMakeFiles/ddsc.dir/ddsi/src/ddsi_lifespan.c.o
[4.652s] [ 55%] Building C object src/core/CMakeFiles/ddsc.dir/ddsi/src/ddsi_xt_typelookup.c.o
[4.700s] [ 55%] Building C object src/core/CMakeFiles/ddsc.dir/ddsi/src/ddsi_xt_typemap.c.o
[4.700s] [ 56%] Building C object src/core/CMakeFiles/ddsc.dir/ddsi/src/ddsi_typelookup.c.o
[4.700s] [ 56%] Building C object src/core/CMakeFiles/ddsc.dir/ddsi/src/ddsi_typewrap.c.o
[4.726s] [ 57%] Building C object src/core/CMakeFiles/ddsc.dir/ddsi/src/ddsi_typebuilder.c.o
[4.735s] [ 57%] Building C object src/core/CMakeFiles/ddsc.dir/ddsi/src/ddsi_security_msg.c.o
[4.796s] [ 57%] Building C object src/core/CMakeFiles/ddsc.dir/ddsi/src/ddsi_security_exchange.c.o
[4.808s] [ 58%] Building C object src/core/CMakeFiles/ddsc.dir/ddsi/src/ddsi_shm_transport.c.o
[4.873s] [ 58%] Building C object src/core/CMakeFiles/ddsc.dir/ddsi/defconfig.c.o
[5.007s] [ 58%] Building C object src/core/CMakeFiles/ddsc.dir/ddsc/src/dds_alloc.c.o
[5.007s] [ 59%] Building C object src/core/CMakeFiles/ddsc.dir/ddsc/src/dds_builtin.c.o
[5.007s] [ 59%] Building C object src/core/CMakeFiles/ddsc.dir/ddsc/src/dds_coherent.c.o
[5.076s] [ 60%] Building C object src/core/CMakeFiles/ddsc.dir/ddsc/src/dds_participant.c.o
[5.175s] [ 60%] Building C object src/core/CMakeFiles/ddsc.dir/ddsc/src/dds_writer.c.o
[5.175s] [ 60%] Building C object src/core/CMakeFiles/ddsc.dir/ddsc/src/dds_reader.c.o
[5.204s] [ 61%] Building C object src/core/CMakeFiles/ddsc.dir/ddsc/src/dds_init.c.o
[5.204s] [ 61%] Building C object src/core/CMakeFiles/ddsc.dir/ddsc/src/dds_publisher.c.o
[5.206s] [ 61%] Building C object src/core/CMakeFiles/ddsc.dir/ddsc/src/dds_rhc.c.o
[5.280s] [ 62%] Building C object src/core/CMakeFiles/ddsc.dir/ddsc/src/dds_rhc_default.c.o
[5.363s] [ 62%] Building C object src/core/CMakeFiles/ddsc.dir/ddsc/src/dds_domain.c.o
[5.364s] [ 63%] Building C object src/core/CMakeFiles/ddsc.dir/ddsc/src/dds_instance.c.o
[5.364s] [ 63%] Building C object src/core/CMakeFiles/ddsc.dir/ddsc/src/dds_qos.c.o
[5.378s] [ 63%] Building C object src/core/CMakeFiles/ddsc.dir/ddsc/src/dds_handles.c.o
[5.385s] [ 64%] Building C object src/core/CMakeFiles/ddsc.dir/ddsc/src/dds_entity.c.o
[5.404s] [ 64%] Building C object src/core/CMakeFiles/ddsc.dir/ddsc/src/dds_matched.c.o
[5.404s] [ 65%] Building C object src/core/CMakeFiles/ddsc.dir/ddsc/src/dds_querycond.c.o
[5.489s] [ 65%] Building C object src/core/CMakeFiles/ddsc.dir/ddsc/src/dds_topic.c.o
[5.495s] [ 65%] Building C object src/core/CMakeFiles/ddsc.dir/ddsc/src/dds_listener.c.o
[5.528s] [ 66%] Building C object src/core/CMakeFiles/ddsc.dir/ddsc/src/dds_read.c.o
[5.609s] [ 66%] Building C object src/core/CMakeFiles/ddsc.dir/ddsc/src/dds_waitset.c.o
[5.668s] [ 66%] Building C object src/core/CMakeFiles/ddsc.dir/ddsc/src/dds_readcond.c.o
[5.668s] [ 67%] Building C object src/core/CMakeFiles/ddsc.dir/ddsc/src/dds_guardcond.c.o
[5.734s] [ 67%] Building C object src/core/CMakeFiles/ddsc.dir/ddsc/src/dds_statistics.c.o
[5.762s] [ 68%] Building C object src/core/CMakeFiles/ddsc.dir/ddsc/src/dds_subscriber.c.o
[5.978s] [ 68%] Building C object src/core/CMakeFiles/ddsc.dir/ddsc/src/dds_write.c.o
[6.001s] [ 68%] Building C object src/core/CMakeFiles/ddsc.dir/ddsc/src/dds_whc.c.o
[6.001s] [ 68%] Building C object src/core/CMakeFiles/ddsc.dir/ddsc/src/dds_serdata_builtintopic.c.o
[6.001s] [ 69%] Building C object src/core/CMakeFiles/ddsc.dir/ddsc/src/dds_whc_builtintopic.c.o
[6.001s] [ 70%] Building C object src/core/CMakeFiles/ddsc.dir/ddsc/src/dds_sertype_builtintopic.c.o
[6.001s] [ 70%] Building C object src/core/CMakeFiles/ddsc.dir/ddsc/src/dds_loan.c.o
[6.001s] [ 70%] Building C object src/core/CMakeFiles/ddsc.dir/ddsc/src/dds_data_allocator.c.o
[6.001s] [ 71%] Building C object src/core/CMakeFiles/ddsc.dir/ddsc/src/shm_monitor.c.o
[6.001s] [ 71%] Building C object src/core/CMakeFiles/ddsc.dir/__/security/core/src/dds_security_serialize.c.o
[6.001s] [ 71%] Building C object src/core/CMakeFiles/ddsc.dir/__/security/core/src/dds_security_utils.c.o
[6.093s] [ 72%] Building C object src/core/CMakeFiles/ddsc.dir/__/security/core/src/dds_security_plugins.c.o
[6.099s] [ 72%] Building C object src/core/CMakeFiles/ddsc.dir/__/security/core/src/shared_secret.c.o
[6.100s] [ 73%] Building C object src/core/CMakeFiles/ddsc.dir/__/security/core/src/dds_security_fsm.c.o
[6.134s] [ 73%] Building C object src/core/CMakeFiles/ddsc.dir/__/security/core/src/dds_security_timed_cb.c.o
[6.134s] [ 73%] Building C object src/core/CMakeFiles/ddsc.dir/__/ddsrt/src/atomics.c.o
[6.134s] [ 74%] Building C object src/core/CMakeFiles/ddsc.dir/__/ddsrt/src/avl.c.o
[6.546s] [ 74%] Building C object src/core/CMakeFiles/ddsc.dir/__/ddsrt/src/bswap.c.o
[6.546s] [ 74%] Building C object src/core/CMakeFiles/ddsc.dir/__/ddsrt/src/io.c.o
[6.546s] [ 75%] Building C object src/core/CMakeFiles/ddsc.dir/__/ddsrt/src/log.c.o
[6.546s] [ 75%] Building C object src/core/CMakeFiles/ddsc.dir/__/ddsrt/src/retcode.c.o
[6.547s] [ 76%] Building C object src/core/CMakeFiles/ddsc.dir/__/ddsrt/src/strtod.c.o
[6.547s] [ 76%] Building C object src/core/CMakeFiles/ddsc.dir/__/ddsrt/src/strtol.c.o
[6.547s] [ 77%] Building C object src/core/CMakeFiles/ddsc.dir/__/ddsrt/src/environ.c.o
[6.547s] [ 78%] Building C object src/core/CMakeFiles/ddsc.dir/__/ddsrt/src/fibheap.c.o
[6.547s] [ 78%] Building C object src/core/CMakeFiles/ddsc.dir/__/ddsrt/src/mh3.c.o
[6.547s] [ 78%] Building C object src/core/CMakeFiles/ddsc.dir/__/ddsrt/src/expand_vars.c.o
[6.547s] [ 78%] Building C object src/core/CMakeFiles/ddsc.dir/__/ddsrt/src/hopscotch.c.o
[6.547s] [ 78%] Building C object src/core/CMakeFiles/ddsc.dir/__/ddsrt/src/string.c.o
[6.547s] [ 78%] Building C object src/core/CMakeFiles/ddsc.dir/__/ddsrt/src/circlist.c.o
[6.547s] [ 79%] Building C object src/core/CMakeFiles/ddsc.dir/__/ddsrt/src/threads.c.o
[6.547s] [ 79%] Building C object src/core/CMakeFiles/ddsc.dir/__/ddsrt/src/sockets.c.o
[6.547s] [ 80%] Building C object src/core/CMakeFiles/ddsc.dir/__/ddsrt/src/md5.c.o
[6.547s] [ 80%] Building C object src/core/CMakeFiles/ddsc.dir/__/ddsrt/src/xmlparser.c.o
[6.547s] [ 81%] Building C object src/core/CMakeFiles/ddsc.dir/__/ddsrt/src/ifaddrs.c.o
[6.548s] [ 81%] Building C object src/core/CMakeFiles/ddsc.dir/__/ddsrt/src/cdtors.c.o
[6.548s] [ 81%] Building C object src/core/CMakeFiles/ddsc.dir/__/ddsrt/src/random.c.o
[6.548s] [ 82%] Building C object src/core/CMakeFiles/ddsc.dir/__/ddsrt/src/time.c.o
[6.548s] [ 82%] Building C object src/core/CMakeFiles/ddsc.dir/__/ddsrt/src/ifaddrs/posix/ifaddrs.c.o
[6.548s] [ 82%] Building C object src/core/CMakeFiles/ddsc.dir/__/ddsrt/src/sockets/posix/socket.c.o
[6.548s] [ 83%] Building C object src/core/CMakeFiles/ddsc.dir/__/ddsrt/src/sockets/posix/gethostname.c.o
[6.548s] [ 83%] Building C object src/core/CMakeFiles/ddsc.dir/__/ddsrt/src/heap/posix/heap.c.o
[6.548s] [ 84%] Building C object src/core/CMakeFiles/ddsc.dir/__/ddsrt/src/dynlib/posix/dynlib.c.o
[6.548s] [ 84%] Building C object src/core/CMakeFiles/ddsc.dir/__/ddsrt/src/environ/posix/environ.c.o
[6.548s] [ 84%] Building C object src/core/CMakeFiles/ddsc.dir/__/ddsrt/src/random/posix/random.c.o
[6.548s] [ 84%] Building C object src/core/CMakeFiles/ddsc.dir/__/ddsrt/src/filesystem/posix/filesystem.c.o
[6.548s] [ 85%] Building C object src/core/CMakeFiles/ddsc.dir/__/ddsrt/src/process/posix/process.c.o
[6.548s] [ 86%] Building C object src/core/CMakeFiles/ddsc.dir/__/ddsrt/src/sync/posix/sync.c.o
[6.548s] [ 86%] Building C object src/core/CMakeFiles/ddsc.dir/__/ddsrt/src/threads/posix/threads.c.o
[6.549s] [ 86%] Building C object src/core/CMakeFiles/ddsc.dir/__/ddsrt/src/rusage/posix/rusage.c.o
[6.549s] [ 87%] Building C object src/core/CMakeFiles/ddsc.dir/__/ddsrt/src/time/posix/time.c.o
[6.549s] [ 87%] Building C object src/core/CMakeFiles/ddsc.dir/__/ddsrt/src/netstat/linux/netstat.c.o
[6.818s] [ 87%] Linking C shared library ../../lib/libddsc.so
[6.952s] [ 87%] Built target ddsc
[6.952s] [ 87%] Building C object src/security/builtin_plugins/authentication/CMakeFiles/dds_security_auth.dir/src/authentication.c.o
[6.952s] [ 88%] Building C object src/security/builtin_plugins/authentication/CMakeFiles/dds_security_auth.dir/src/auth_utils.c.o
[6.952s] [ 88%] Building C object src/tools/idlc/CMakeFiles/idlc.dir/src/generator.c.o
[6.952s] [ 87%] Building C object src/security/builtin_plugins/access_control/CMakeFiles/dds_security_ac.dir/src/access_control_parser.c.o
[6.952s] [ 88%] Building C object src/security/builtin_plugins/authentication/CMakeFiles/dds_security_auth.dir/__/__/openssl/src/openssl_support.c.o
[6.952s] [ 88%] Building C object src/tools/idlc/CMakeFiles/idlc.dir/src/plugin.c.o
[6.952s] [ 88%] Building C object src/security/builtin_plugins/access_control/CMakeFiles/dds_security_ac.dir/src/access_control_objects.c.o
[6.952s] [ 88%] Building C object src/security/builtin_plugins/access_control/CMakeFiles/dds_security_ac.dir/src/access_control.c.o
[6.952s] [ 89%] Building C object src/tools/idlc/CMakeFiles/idlc.dir/src/descriptor.c.o
[6.952s] [ 89%] Building C object src/tools/idlc/CMakeFiles/idlc.dir/src/idlc.c.o
[6.952s] [ 90%] Building C object src/security/builtin_plugins/access_control/CMakeFiles/dds_security_ac.dir/src/access_control_utils.c.o
[6.952s] [ 91%] Building C object src/tools/idlc/CMakeFiles/idlc.dir/src/options.c.o
[6.952s] [ 91%] Building C object src/tools/idlc/CMakeFiles/idlc.dir/src/descriptor_type_meta.c.o
[6.952s] [ 92%] Building C object src/security/builtin_plugins/cryptographic/CMakeFiles/dds_security_crypto.dir/src/crypto_cipher.c.o
[6.952s] [ 93%] Building C object src/tools/idlc/CMakeFiles/idlc.dir/src/types.c.o
[6.952s] [ 93%] Building C object src/security/builtin_plugins/access_control/CMakeFiles/dds_security_ac.dir/__/__/openssl/src/openssl_support.c.o
[6.953s] [ 93%] Building C object src/security/builtin_plugins/cryptographic/CMakeFiles/dds_security_crypto.dir/src/crypto_key_exchange.c.o
[7.042s] [ 93%] Building C object src/security/builtin_plugins/cryptographic/CMakeFiles/dds_security_crypto.dir/src/crypto_key_factory.c.o
[7.042s] [ 94%] Building C object src/security/builtin_plugins/cryptographic/CMakeFiles/dds_security_crypto.dir/src/crypto_objects.c.o
[7.076s] [ 94%] Building C object src/security/builtin_plugins/cryptographic/CMakeFiles/dds_security_crypto.dir/src/crypto_transform.c.o
[7.146s] [ 94%] Building C object src/security/builtin_plugins/cryptographic/CMakeFiles/dds_security_crypto.dir/src/cryptography.c.o
[7.147s] [ 95%] Building C object src/security/builtin_plugins/cryptographic/CMakeFiles/dds_security_crypto.dir/src/crypto_utils.c.o
[7.244s] [ 95%] Building C object src/security/builtin_plugins/cryptographic/CMakeFiles/dds_security_crypto.dir/__/__/openssl/src/openssl_support.c.o
[7.651s] [ 96%] Linking C shared library ../../../../lib/libdds_security_crypto.so
[7.716s] [ 96%] Linking C shared library ../../../../lib/libdds_security_auth.so
[7.724s] [ 96%] Built target dds_security_crypto
[7.803s] [ 97%] Built target dds_security_auth
[7.803s] [ 97%] Linking C shared library ../../../../lib/libdds_security_ac.so
[7.823s] [ 97%] Linking C executable ../../../bin/idlc
[7.863s] [ 97%] Built target dds_security_ac
[7.923s] [ 97%] Built target idlc
[7.944s] [ 97%] Generating ddsperf_types.c, ddsperf_types.h
[7.971s] [ 97%] Built target ddsperf_types_generate
[7.988s] [ 98%] Building C object src/tools/ddsperf/CMakeFiles/ddsperf.dir/ddsperf.c.o
[7.988s] [ 98%] Building C object src/tools/ddsperf/CMakeFiles/ddsperf.dir/netload.c.o
[7.988s] [ 98%] Building C object src/tools/ddsperf/CMakeFiles/ddsperf.dir/cputime.c.o
[7.991s] [ 98%] Building C object src/tools/ddsperf/CMakeFiles/ddsperf.dir/async_listener.c.o
[7.991s] [ 99%] Building C object src/tools/ddsperf/CMakeFiles/ddsperf.dir/ddsperf_types.c.o
[8.553s] [ 99%] Linking C executable ../../../bin/ddsperf
[8.646s] [100%] Built target ddsperf
