[0.169s] Invoking command in '/root/ros2_ws/build/ament_cmake_target_dependencies': AMENT_PREFIX_PATH=/root/ros2_ws/install/ament_cmake_libraries:/root/ros2_ws/install/ament_cmake_include_directories:/root/ros2_ws/install/ament_cmake_core:/root/ros2_ws/install/ament_package:${AMENT_PREFIX_PATH} CMAKE_PREFIX_PATH=/root/ros2_ws/install/ament_cmake_libraries:/root/ros2_ws/install/ament_cmake_include_directories:/root/ros2_ws/install/ament_cmake_core:/opt/ros/humble PYTHONPATH=/root/ros2_ws/build/ament_package:/root/ros2_ws/install/ament_package/lib/python3.10/site-packages:${PYTHONPATH} /usr/bin/cmake --build /root/ros2_ws/build/ament_cmake_target_dependencies -- -j16 -l16
[0.211s] Invoked command in '/root/ros2_ws/build/ament_cmake_target_dependencies' returned '0': AMENT_PREFIX_PATH=/root/ros2_ws/install/ament_cmake_libraries:/root/ros2_ws/install/ament_cmake_include_directories:/root/ros2_ws/install/ament_cmake_core:/root/ros2_ws/install/ament_package:${AMENT_PREFIX_PATH} CMAKE_PREFIX_PATH=/root/ros2_ws/install/ament_cmake_libraries:/root/ros2_ws/install/ament_cmake_include_directories:/root/ros2_ws/install/ament_cmake_core:/opt/ros/humble PYTHONPATH=/root/ros2_ws/build/ament_package:/root/ros2_ws/install/ament_package/lib/python3.10/site-packages:${PYTHONPATH} /usr/bin/cmake --build /root/ros2_ws/build/ament_cmake_target_dependencies -- -j16 -l16
[0.212s] Invoking command in '/root/ros2_ws/build/ament_cmake_target_dependencies': AMENT_PREFIX_PATH=/root/ros2_ws/install/ament_cmake_libraries:/root/ros2_ws/install/ament_cmake_include_directories:/root/ros2_ws/install/ament_cmake_core:/root/ros2_ws/install/ament_package:${AMENT_PREFIX_PATH} CMAKE_PREFIX_PATH=/root/ros2_ws/install/ament_cmake_libraries:/root/ros2_ws/install/ament_cmake_include_directories:/root/ros2_ws/install/ament_cmake_core:/opt/ros/humble PYTHONPATH=/root/ros2_ws/build/ament_package:/root/ros2_ws/install/ament_package/lib/python3.10/site-packages:${PYTHONPATH} /usr/bin/cmake --install /root/ros2_ws/build/ament_cmake_target_dependencies
[0.219s] -- Install configuration: ""
[0.220s] -- Execute custom install script
[0.220s] -- Up-to-date symlink: /root/ros2_ws/install/ament_cmake_target_dependencies/share/ament_index/resource_index/package_run_dependencies/ament_cmake_target_dependencies
[0.220s] -- Up-to-date symlink: /root/ros2_ws/install/ament_cmake_target_dependencies/share/ament_index/resource_index/parent_prefix_path/ament_cmake_target_dependencies
[0.220s] -- Up-to-date symlink: /root/ros2_ws/install/ament_cmake_target_dependencies/share/ament_cmake_target_dependencies/environment/ament_prefix_path.sh
[0.220s] -- Up-to-date symlink: /root/ros2_ws/install/ament_cmake_target_dependencies/share/ament_cmake_target_dependencies/environment/ament_prefix_path.dsv
[0.220s] -- Up-to-date symlink: /root/ros2_ws/install/ament_cmake_target_dependencies/share/ament_cmake_target_dependencies/environment/path.sh
[0.221s] -- Up-to-date symlink: /root/ros2_ws/install/ament_cmake_target_dependencies/share/ament_cmake_target_dependencies/environment/path.dsv
[0.221s] -- Up-to-date symlink: /root/ros2_ws/install/ament_cmake_target_dependencies/share/ament_cmake_target_dependencies/local_setup.bash
[0.221s] -- Up-to-date symlink: /root/ros2_ws/install/ament_cmake_target_dependencies/share/ament_cmake_target_dependencies/local_setup.sh
[0.221s] -- Up-to-date symlink: /root/ros2_ws/install/ament_cmake_target_dependencies/share/ament_cmake_target_dependencies/local_setup.zsh
[0.221s] -- Up-to-date symlink: /root/ros2_ws/install/ament_cmake_target_dependencies/share/ament_cmake_target_dependencies/local_setup.dsv
[0.221s] -- Symlinking: /root/ros2_ws/install/ament_cmake_target_dependencies/share/ament_cmake_target_dependencies/package.dsv
[0.230s] -- Up-to-date symlink: /root/ros2_ws/install/ament_cmake_target_dependencies/share/ament_index/resource_index/packages/ament_cmake_target_dependencies
[0.230s] -- Up-to-date symlink: /root/ros2_ws/install/ament_cmake_target_dependencies/share/ament_cmake_target_dependencies/cmake/ament_cmake_target_dependencies-extras.cmake
[0.230s] -- Up-to-date symlink: /root/ros2_ws/install/ament_cmake_target_dependencies/share/ament_cmake_target_dependencies/cmake/ament_cmake_target_dependenciesConfig.cmake
[0.230s] -- Up-to-date symlink: /root/ros2_ws/install/ament_cmake_target_dependencies/share/ament_cmake_target_dependencies/cmake/ament_cmake_target_dependenciesConfig-version.cmake
[0.231s] -- Up-to-date symlink: /root/ros2_ws/install/ament_cmake_target_dependencies/share/ament_cmake_target_dependencies/package.xml
[0.231s] -- Up-to-date symlink: /root/ros2_ws/install/ament_cmake_target_dependencies/share/ament_cmake_target_dependencies/cmake/ament_get_recursive_properties.cmake
[0.231s] -- Up-to-date symlink: /root/ros2_ws/install/ament_cmake_target_dependencies/share/ament_cmake_target_dependencies/cmake/ament_target_dependencies.cmake
[0.233s] Invoked command in '/root/ros2_ws/build/ament_cmake_target_dependencies' returned '0': AMENT_PREFIX_PATH=/root/ros2_ws/install/ament_cmake_libraries:/root/ros2_ws/install/ament_cmake_include_directories:/root/ros2_ws/install/ament_cmake_core:/root/ros2_ws/install/ament_package:${AMENT_PREFIX_PATH} CMAKE_PREFIX_PATH=/root/ros2_ws/install/ament_cmake_libraries:/root/ros2_ws/install/ament_cmake_include_directories:/root/ros2_ws/install/ament_cmake_core:/opt/ros/humble PYTHONPATH=/root/ros2_ws/build/ament_package:/root/ros2_ws/install/ament_package/lib/python3.10/site-packages:${PYTHONPATH} /usr/bin/cmake --install /root/ros2_ws/build/ament_cmake_target_dependencies
