[0.028s] Invoking command in '/root/ros2_ws/build/ament_cmake_export_definitions': AMENT_PREFIX_PATH=/root/ros2_ws/install/ament_cmake_core:/root/ros2_ws/install/ament_package:${AMENT_PREFIX_PATH} CMAKE_PREFIX_PATH=/root/ros2_ws/install/ament_cmake_core:/opt/ros/humble PYTHONPATH=/root/ros2_ws/build/ament_package:/root/ros2_ws/install/ament_package/lib/python3.10/site-packages:${PYTHONPATH} /usr/bin/cmake --build /root/ros2_ws/build/ament_cmake_export_definitions -- -j16 -l16
[0.060s] Invoked command in '/root/ros2_ws/build/ament_cmake_export_definitions' returned '0': AMENT_PREFIX_PATH=/root/ros2_ws/install/ament_cmake_core:/root/ros2_ws/install/ament_package:${AMENT_PREFIX_PATH} CMAKE_PREFIX_PATH=/root/ros2_ws/install/ament_cmake_core:/opt/ros/humble PYTHONPATH=/root/ros2_ws/build/ament_package:/root/ros2_ws/install/ament_package/lib/python3.10/site-packages:${PYTHONPATH} /usr/bin/cmake --build /root/ros2_ws/build/ament_cmake_export_definitions -- -j16 -l16
[0.061s] Invoking command in '/root/ros2_ws/build/ament_cmake_export_definitions': AMENT_PREFIX_PATH=/root/ros2_ws/install/ament_cmake_core:/root/ros2_ws/install/ament_package:${AMENT_PREFIX_PATH} CMAKE_PREFIX_PATH=/root/ros2_ws/install/ament_cmake_core:/opt/ros/humble PYTHONPATH=/root/ros2_ws/build/ament_package:/root/ros2_ws/install/ament_package/lib/python3.10/site-packages:${PYTHONPATH} /usr/bin/cmake --install /root/ros2_ws/build/ament_cmake_export_definitions
[0.073s] -- Install configuration: ""
[0.073s] -- Execute custom install script
[0.073s] -- Up-to-date symlink: /root/ros2_ws/install/ament_cmake_export_definitions/share/ament_index/resource_index/package_run_dependencies/ament_cmake_export_definitions
[0.073s] -- Up-to-date symlink: /root/ros2_ws/install/ament_cmake_export_definitions/share/ament_index/resource_index/parent_prefix_path/ament_cmake_export_definitions
[0.074s] -- Up-to-date symlink: /root/ros2_ws/install/ament_cmake_export_definitions/share/ament_cmake_export_definitions/environment/ament_prefix_path.sh
[0.074s] -- Up-to-date symlink: /root/ros2_ws/install/ament_cmake_export_definitions/share/ament_cmake_export_definitions/environment/ament_prefix_path.dsv
[0.074s] -- Up-to-date symlink: /root/ros2_ws/install/ament_cmake_export_definitions/share/ament_cmake_export_definitions/environment/path.sh
[0.074s] -- Up-to-date symlink: /root/ros2_ws/install/ament_cmake_export_definitions/share/ament_cmake_export_definitions/environment/path.dsv
[0.075s] -- Up-to-date symlink: /root/ros2_ws/install/ament_cmake_export_definitions/share/ament_cmake_export_definitions/local_setup.bash
[0.075s] -- Up-to-date symlink: /root/ros2_ws/install/ament_cmake_export_definitions/share/ament_cmake_export_definitions/local_setup.sh
[0.075s] -- Up-to-date symlink: /root/ros2_ws/install/ament_cmake_export_definitions/share/ament_cmake_export_definitions/local_setup.zsh
[0.075s] -- Up-to-date symlink: /root/ros2_ws/install/ament_cmake_export_definitions/share/ament_cmake_export_definitions/local_setup.dsv
[0.075s] -- Symlinking: /root/ros2_ws/install/ament_cmake_export_definitions/share/ament_cmake_export_definitions/package.dsv
[0.089s] -- Up-to-date symlink: /root/ros2_ws/install/ament_cmake_export_definitions/share/ament_index/resource_index/packages/ament_cmake_export_definitions
[0.089s] -- Up-to-date symlink: /root/ros2_ws/install/ament_cmake_export_definitions/share/ament_cmake_export_definitions/cmake/ament_cmake_export_definitions-extras.cmake
[0.089s] -- Up-to-date symlink: /root/ros2_ws/install/ament_cmake_export_definitions/share/ament_cmake_export_definitions/cmake/ament_cmake_export_definitionsConfig.cmake
[0.089s] -- Up-to-date symlink: /root/ros2_ws/install/ament_cmake_export_definitions/share/ament_cmake_export_definitions/cmake/ament_cmake_export_definitionsConfig-version.cmake
[0.089s] -- Up-to-date symlink: /root/ros2_ws/install/ament_cmake_export_definitions/share/ament_cmake_export_definitions/package.xml
[0.089s] -- Up-to-date symlink: /root/ros2_ws/install/ament_cmake_export_definitions/share/ament_cmake_export_definitions/cmake/ament_cmake_export_definitions-extras.cmake.in
[0.090s] -- Up-to-date symlink: /root/ros2_ws/install/ament_cmake_export_definitions/share/ament_cmake_export_definitions/cmake/ament_cmake_export_definitions_package_hook.cmake
[0.090s] -- Up-to-date symlink: /root/ros2_ws/install/ament_cmake_export_definitions/share/ament_cmake_export_definitions/cmake/ament_export_definitions.cmake
[0.107s] Invoked command in '/root/ros2_ws/build/ament_cmake_export_definitions' returned '0': AMENT_PREFIX_PATH=/root/ros2_ws/install/ament_cmake_core:/root/ros2_ws/install/ament_package:${AMENT_PREFIX_PATH} CMAKE_PREFIX_PATH=/root/ros2_ws/install/ament_cmake_core:/opt/ros/humble PYTHONPATH=/root/ros2_ws/build/ament_package:/root/ros2_ws/install/ament_package/lib/python3.10/site-packages:${PYTHONPATH} /usr/bin/cmake --install /root/ros2_ws/build/ament_cmake_export_definitions
