[0.032s] Invoking command in '/root/ros2_ws/build/ament_cmake_libraries': AMENT_PREFIX_PATH=/root/ros2_ws/install/ament_cmake_core:/root/ros2_ws/install/ament_package:${AMENT_PREFIX_PATH} CMAKE_PREFIX_PATH=/root/ros2_ws/install/ament_cmake_core:/opt/ros/humble PYTHONPATH=/root/ros2_ws/build/ament_package:/root/ros2_ws/install/ament_package/lib/python3.10/site-packages:${PYTHONPATH} /usr/bin/cmake --build /root/ros2_ws/build/ament_cmake_libraries -- -j16 -l16
[0.064s] Invoked command in '/root/ros2_ws/build/ament_cmake_libraries' returned '0': AMENT_PREFIX_PATH=/root/ros2_ws/install/ament_cmake_core:/root/ros2_ws/install/ament_package:${AMENT_PREFIX_PATH} CMAKE_PREFIX_PATH=/root/ros2_ws/install/ament_cmake_core:/opt/ros/humble PYTHONPATH=/root/ros2_ws/build/ament_package:/root/ros2_ws/install/ament_package/lib/python3.10/site-packages:${PYTHONPATH} /usr/bin/cmake --build /root/ros2_ws/build/ament_cmake_libraries -- -j16 -l16
[0.065s] Invoking command in '/root/ros2_ws/build/ament_cmake_libraries': AMENT_PREFIX_PATH=/root/ros2_ws/install/ament_cmake_core:/root/ros2_ws/install/ament_package:${AMENT_PREFIX_PATH} CMAKE_PREFIX_PATH=/root/ros2_ws/install/ament_cmake_core:/opt/ros/humble PYTHONPATH=/root/ros2_ws/build/ament_package:/root/ros2_ws/install/ament_package/lib/python3.10/site-packages:${PYTHONPATH} /usr/bin/cmake --install /root/ros2_ws/build/ament_cmake_libraries
[0.082s] -- Install configuration: ""
[0.082s] -- Execute custom install script
[0.082s] -- Up-to-date symlink: /root/ros2_ws/install/ament_cmake_libraries/share/ament_index/resource_index/package_run_dependencies/ament_cmake_libraries
[0.082s] -- Up-to-date symlink: /root/ros2_ws/install/ament_cmake_libraries/share/ament_index/resource_index/parent_prefix_path/ament_cmake_libraries
[0.083s] -- Up-to-date symlink: /root/ros2_ws/install/ament_cmake_libraries/share/ament_cmake_libraries/environment/ament_prefix_path.sh
[0.083s] -- Up-to-date symlink: /root/ros2_ws/install/ament_cmake_libraries/share/ament_cmake_libraries/environment/ament_prefix_path.dsv
[0.083s] -- Up-to-date symlink: /root/ros2_ws/install/ament_cmake_libraries/share/ament_cmake_libraries/environment/path.sh
[0.083s] -- Up-to-date symlink: /root/ros2_ws/install/ament_cmake_libraries/share/ament_cmake_libraries/environment/path.dsv
[0.083s] -- Up-to-date symlink: /root/ros2_ws/install/ament_cmake_libraries/share/ament_cmake_libraries/local_setup.bash
[0.083s] -- Up-to-date symlink: /root/ros2_ws/install/ament_cmake_libraries/share/ament_cmake_libraries/local_setup.sh
[0.083s] -- Up-to-date symlink: /root/ros2_ws/install/ament_cmake_libraries/share/ament_cmake_libraries/local_setup.zsh
[0.083s] -- Up-to-date symlink: /root/ros2_ws/install/ament_cmake_libraries/share/ament_cmake_libraries/local_setup.dsv
[0.083s] -- Symlinking: /root/ros2_ws/install/ament_cmake_libraries/share/ament_cmake_libraries/package.dsv
[0.095s] -- Up-to-date symlink: /root/ros2_ws/install/ament_cmake_libraries/share/ament_index/resource_index/packages/ament_cmake_libraries
[0.095s] -- Up-to-date symlink: /root/ros2_ws/install/ament_cmake_libraries/share/ament_cmake_libraries/cmake/ament_cmake_libraries-extras.cmake
[0.096s] -- Up-to-date symlink: /root/ros2_ws/install/ament_cmake_libraries/share/ament_cmake_libraries/cmake/ament_cmake_librariesConfig.cmake
[0.096s] -- Up-to-date symlink: /root/ros2_ws/install/ament_cmake_libraries/share/ament_cmake_libraries/cmake/ament_cmake_librariesConfig-version.cmake
[0.096s] -- Up-to-date symlink: /root/ros2_ws/install/ament_cmake_libraries/share/ament_cmake_libraries/package.xml
[0.096s] -- Up-to-date symlink: /root/ros2_ws/install/ament_cmake_libraries/share/ament_cmake_libraries/cmake/ament_libraries_deduplicate.cmake
[0.127s] Invoked command in '/root/ros2_ws/build/ament_cmake_libraries' returned '0': AMENT_PREFIX_PATH=/root/ros2_ws/install/ament_cmake_core:/root/ros2_ws/install/ament_package:${AMENT_PREFIX_PATH} CMAKE_PREFIX_PATH=/root/ros2_ws/install/ament_cmake_core:/opt/ros/humble PYTHONPATH=/root/ros2_ws/build/ament_package:/root/ros2_ws/install/ament_package/lib/python3.10/site-packages:${PYTHONPATH} /usr/bin/cmake --install /root/ros2_ws/build/ament_cmake_libraries
