[0.035s] Invoking command in '/root/ros2_ws/build/ament_cmake_export_include_directories': AMENT_PREFIX_PATH=/root/ros2_ws/install/ament_cmake_core:/root/ros2_ws/install/ament_package:${AMENT_PREFIX_PATH} CMAKE_PREFIX_PATH=/root/ros2_ws/install/ament_cmake_core:/opt/ros/humble PYTHONPATH=/root/ros2_ws/build/ament_package:/root/ros2_ws/install/ament_package/lib/python3.10/site-packages:${PYTHONPATH} /usr/bin/cmake --build /root/ros2_ws/build/ament_cmake_export_include_directories -- -j16 -l16
[0.106s] Invoked command in '/root/ros2_ws/build/ament_cmake_export_include_directories' returned '0': AMENT_PREFIX_PATH=/root/ros2_ws/install/ament_cmake_core:/root/ros2_ws/install/ament_package:${AMENT_PREFIX_PATH} CMAKE_PREFIX_PATH=/root/ros2_ws/install/ament_cmake_core:/opt/ros/humble PYTHONPATH=/root/ros2_ws/build/ament_package:/root/ros2_ws/install/ament_package/lib/python3.10/site-packages:${PYTHONPATH} /usr/bin/cmake --build /root/ros2_ws/build/ament_cmake_export_include_directories -- -j16 -l16
[0.106s] Invoking command in '/root/ros2_ws/build/ament_cmake_export_include_directories': AMENT_PREFIX_PATH=/root/ros2_ws/install/ament_cmake_core:/root/ros2_ws/install/ament_package:${AMENT_PREFIX_PATH} CMAKE_PREFIX_PATH=/root/ros2_ws/install/ament_cmake_core:/opt/ros/humble PYTHONPATH=/root/ros2_ws/build/ament_package:/root/ros2_ws/install/ament_package/lib/python3.10/site-packages:${PYTHONPATH} /usr/bin/cmake --install /root/ros2_ws/build/ament_cmake_export_include_directories
[0.119s] -- Install configuration: ""
[0.119s] -- Execute custom install script
[0.119s] -- Up-to-date symlink: /root/ros2_ws/install/ament_cmake_export_include_directories/share/ament_index/resource_index/package_run_dependencies/ament_cmake_export_include_directories
[0.119s] -- Up-to-date symlink: /root/ros2_ws/install/ament_cmake_export_include_directories/share/ament_index/resource_index/parent_prefix_path/ament_cmake_export_include_directories
[0.119s] -- Up-to-date symlink: /root/ros2_ws/install/ament_cmake_export_include_directories/share/ament_cmake_export_include_directories/environment/ament_prefix_path.sh
[0.119s] -- Up-to-date symlink: /root/ros2_ws/install/ament_cmake_export_include_directories/share/ament_cmake_export_include_directories/environment/ament_prefix_path.dsv
[0.119s] -- Up-to-date symlink: /root/ros2_ws/install/ament_cmake_export_include_directories/share/ament_cmake_export_include_directories/environment/path.sh
[0.119s] -- Up-to-date symlink: /root/ros2_ws/install/ament_cmake_export_include_directories/share/ament_cmake_export_include_directories/environment/path.dsv
[0.119s] -- Up-to-date symlink: /root/ros2_ws/install/ament_cmake_export_include_directories/share/ament_cmake_export_include_directories/local_setup.bash
[0.119s] -- Up-to-date symlink: /root/ros2_ws/install/ament_cmake_export_include_directories/share/ament_cmake_export_include_directories/local_setup.sh
[0.119s] -- Up-to-date symlink: /root/ros2_ws/install/ament_cmake_export_include_directories/share/ament_cmake_export_include_directories/local_setup.zsh
[0.119s] -- Up-to-date symlink: /root/ros2_ws/install/ament_cmake_export_include_directories/share/ament_cmake_export_include_directories/local_setup.dsv
[0.119s] -- Symlinking: /root/ros2_ws/install/ament_cmake_export_include_directories/share/ament_cmake_export_include_directories/package.dsv
[0.119s] -- Up-to-date symlink: /root/ros2_ws/install/ament_cmake_export_include_directories/share/ament_index/resource_index/packages/ament_cmake_export_include_directories
[0.119s] -- Up-to-date symlink: /root/ros2_ws/install/ament_cmake_export_include_directories/share/ament_cmake_export_include_directories/cmake/ament_cmake_export_include_directories-extras.cmake
[0.119s] -- Up-to-date symlink: /root/ros2_ws/install/ament_cmake_export_include_directories/share/ament_cmake_export_include_directories/cmake/ament_cmake_export_include_directoriesConfig.cmake
[0.120s] -- Up-to-date symlink: /root/ros2_ws/install/ament_cmake_export_include_directories/share/ament_cmake_export_include_directories/cmake/ament_cmake_export_include_directoriesConfig-version.cmake
[0.120s] -- Up-to-date symlink: /root/ros2_ws/install/ament_cmake_export_include_directories/share/ament_cmake_export_include_directories/package.xml
[0.120s] -- Up-to-date symlink: /root/ros2_ws/install/ament_cmake_export_include_directories/share/ament_cmake_export_include_directories/cmake/ament_cmake_export_include_directories-extras.cmake.in
[0.120s] -- Up-to-date symlink: /root/ros2_ws/install/ament_cmake_export_include_directories/share/ament_cmake_export_include_directories/cmake/ament_cmake_export_include_directories_package_hook.cmake
[0.120s] -- Up-to-date symlink: /root/ros2_ws/install/ament_cmake_export_include_directories/share/ament_cmake_export_include_directories/cmake/ament_export_include_directories.cmake
[0.169s] Invoked command in '/root/ros2_ws/build/ament_cmake_export_include_directories' returned '0': AMENT_PREFIX_PATH=/root/ros2_ws/install/ament_cmake_core:/root/ros2_ws/install/ament_package:${AMENT_PREFIX_PATH} CMAKE_PREFIX_PATH=/root/ros2_ws/install/ament_cmake_core:/opt/ros/humble PYTHONPATH=/root/ros2_ws/build/ament_package:/root/ros2_ws/install/ament_package/lib/python3.10/site-packages:${PYTHONPATH} /usr/bin/cmake --install /root/ros2_ws/build/ament_cmake_export_include_directories
