[0.891s] Invoking command in '/root/ros2_ws/build/ament_cppcheck': PYTHONPATH=/root/ros2_ws/build/ament_cppcheck/prefix_override:/usr/lib/python3/dist-packages/colcon_core/task/python/colcon_distutils_commands:/root/ros2_ws/install/ament_cppcheck/lib/python3.10/site-packages:${PYTHONPATH} /usr/bin/python3 -W ignore:setup.py install is deprecated -W ignore:easy_install command is deprecated setup.py develop --editable --build-directory /root/ros2_ws/build/ament_cppcheck/build --no-deps symlink_data
[1.069s] running develop
[1.186s] running egg_info
[1.186s] creating ament_cppcheck.egg-info
[1.186s] writing ament_cppcheck.egg-info/PKG-INFO
[1.187s] writing dependency_links to ament_cppcheck.egg-info/dependency_links.txt
[1.189s] writing entry points to ament_cppcheck.egg-info/entry_points.txt
[1.189s] writing requirements to ament_cppcheck.egg-info/requires.txt
[1.189s] writing top-level names to ament_cppcheck.egg-info/top_level.txt
[1.189s] writing manifest file 'ament_cppcheck.egg-info/SOURCES.txt'
[1.191s] reading manifest file 'ament_cppcheck.egg-info/SOURCES.txt'
[1.192s] writing manifest file 'ament_cppcheck.egg-info/SOURCES.txt'
[1.195s] running build_ext
[1.195s] Creating /root/ros2_ws/install/ament_cppcheck/lib/python3.10/site-packages/ament-cppcheck.egg-link (link to .)
[1.198s] Installing ament_cppcheck script to /root/ros2_ws/install/ament_cppcheck/bin
[1.198s] 
[1.198s] Installed /root/ros2_ws/build/ament_cppcheck
[1.198s] running symlink_data
[1.198s] symbolically linking /root/ros2_ws/build/ament_cppcheck/package.xml -> /root/ros2_ws/install/ament_cppcheck/share/ament_cppcheck
[1.198s] creating /root/ros2_ws/install/ament_cppcheck/share/ament_index
[1.199s] creating /root/ros2_ws/install/ament_cppcheck/share/ament_index/resource_index
[1.199s] creating /root/ros2_ws/install/ament_cppcheck/share/ament_index/resource_index/packages
[1.199s] symbolically linking /root/ros2_ws/build/ament_cppcheck/resource/ament_cppcheck -> /root/ros2_ws/install/ament_cppcheck/share/ament_index/resource_index/packages
[1.271s] Invoked command in '/root/ros2_ws/build/ament_cppcheck' returned '0': PYTHONPATH=/root/ros2_ws/build/ament_cppcheck/prefix_override:/usr/lib/python3/dist-packages/colcon_core/task/python/colcon_distutils_commands:/root/ros2_ws/install/ament_cppcheck/lib/python3.10/site-packages:${PYTHONPATH} /usr/bin/python3 -W ignore:setup.py install is deprecated -W ignore:easy_install command is deprecated setup.py develop --editable --build-directory /root/ros2_ws/build/ament_cppcheck/build --no-deps symlink_data
