[0.034s] Invoking command in '/root/ros2_ws/build/ament_cmake_export_definitions': AMENT_PREFIX_PATH=/root/ros2_ws/install/ament_cmake_core:/root/ros2_ws/install/ament_package:${AMENT_PREFIX_PATH} CMAKE_PREFIX_PATH=/root/ros2_ws/install/ament_cmake_core:/opt/ros/humble PYTHONPATH=/root/ros2_ws/build/ament_package:/root/ros2_ws/install/ament_package/lib/python3.10/site-packages:${PYTHONPATH} /usr/bin/cmake /root/ros2_ws/src/ament/ament_cmake/ament_cmake_export_definitions -DAMENT_CMAKE_SYMLINK_INSTALL=1 -DCMAKE_INSTALL_PREFIX=/root/ros2_ws/install/ament_cmake_export_definitions
[0.052s] -- Found ament_cmake_core: 1.3.14 (/root/ros2_ws/install/ament_cmake_core/share/ament_cmake_core/cmake)
[0.244s] -- Found Python3: /usr/bin/python3 (found version "3.10.12") found components: Interpreter 
[0.351s] -- Override CMake install command with custom implementation using symlinks instead of copying resources
[0.410s] -- Configuring done
[0.413s] -- Generating done
[0.418s] -- Build files have been written to: /root/ros2_ws/build/ament_cmake_export_definitions
[0.419s] Invoked command in '/root/ros2_ws/build/ament_cmake_export_definitions' returned '0': AMENT_PREFIX_PATH=/root/ros2_ws/install/ament_cmake_core:/root/ros2_ws/install/ament_package:${AMENT_PREFIX_PATH} CMAKE_PREFIX_PATH=/root/ros2_ws/install/ament_cmake_core:/opt/ros/humble PYTHONPATH=/root/ros2_ws/build/ament_package:/root/ros2_ws/install/ament_package/lib/python3.10/site-packages:${PYTHONPATH} /usr/bin/cmake /root/ros2_ws/src/ament/ament_cmake/ament_cmake_export_definitions -DAMENT_CMAKE_SYMLINK_INSTALL=1 -DCMAKE_INSTALL_PREFIX=/root/ros2_ws/install/ament_cmake_export_definitions
[0.421s] Invoking command in '/root/ros2_ws/build/ament_cmake_export_definitions': AMENT_PREFIX_PATH=/root/ros2_ws/install/ament_cmake_core:/root/ros2_ws/install/ament_package:${AMENT_PREFIX_PATH} CMAKE_PREFIX_PATH=/root/ros2_ws/install/ament_cmake_core:/opt/ros/humble PYTHONPATH=/root/ros2_ws/build/ament_package:/root/ros2_ws/install/ament_package/lib/python3.10/site-packages:${PYTHONPATH} /usr/bin/cmake --build /root/ros2_ws/build/ament_cmake_export_definitions -- -j16 -l16
[0.462s] Invoked command in '/root/ros2_ws/build/ament_cmake_export_definitions' returned '0': AMENT_PREFIX_PATH=/root/ros2_ws/install/ament_cmake_core:/root/ros2_ws/install/ament_package:${AMENT_PREFIX_PATH} CMAKE_PREFIX_PATH=/root/ros2_ws/install/ament_cmake_core:/opt/ros/humble PYTHONPATH=/root/ros2_ws/build/ament_package:/root/ros2_ws/install/ament_package/lib/python3.10/site-packages:${PYTHONPATH} /usr/bin/cmake --build /root/ros2_ws/build/ament_cmake_export_definitions -- -j16 -l16
[0.463s] Invoking command in '/root/ros2_ws/build/ament_cmake_export_definitions': AMENT_PREFIX_PATH=/root/ros2_ws/install/ament_cmake_core:/root/ros2_ws/install/ament_package:${AMENT_PREFIX_PATH} CMAKE_PREFIX_PATH=/root/ros2_ws/install/ament_cmake_core:/opt/ros/humble PYTHONPATH=/root/ros2_ws/build/ament_package:/root/ros2_ws/install/ament_package/lib/python3.10/site-packages:${PYTHONPATH} /usr/bin/cmake --install /root/ros2_ws/build/ament_cmake_export_definitions
[0.472s] -- Install configuration: ""
[0.473s] -- Execute custom install script
[0.473s] -- Symlinking: /root/ros2_ws/install/ament_cmake_export_definitions/share/ament_index/resource_index/package_run_dependencies/ament_cmake_export_definitions
[0.482s] -- Symlinking: /root/ros2_ws/install/ament_cmake_export_definitions/share/ament_index/resource_index/parent_prefix_path/ament_cmake_export_definitions
[0.492s] -- Symlinking: /root/ros2_ws/install/ament_cmake_export_definitions/share/ament_cmake_export_definitions/environment/ament_prefix_path.sh
[0.498s] -- Symlinking: /root/ros2_ws/install/ament_cmake_export_definitions/share/ament_cmake_export_definitions/environment/ament_prefix_path.dsv
[0.508s] -- Symlinking: /root/ros2_ws/install/ament_cmake_export_definitions/share/ament_cmake_export_definitions/environment/path.sh
[0.516s] -- Symlinking: /root/ros2_ws/install/ament_cmake_export_definitions/share/ament_cmake_export_definitions/environment/path.dsv
[0.527s] -- Symlinking: /root/ros2_ws/install/ament_cmake_export_definitions/share/ament_cmake_export_definitions/local_setup.bash
[0.536s] -- Symlinking: /root/ros2_ws/install/ament_cmake_export_definitions/share/ament_cmake_export_definitions/local_setup.sh
[0.545s] -- Symlinking: /root/ros2_ws/install/ament_cmake_export_definitions/share/ament_cmake_export_definitions/local_setup.zsh
[0.552s] -- Symlinking: /root/ros2_ws/install/ament_cmake_export_definitions/share/ament_cmake_export_definitions/local_setup.dsv
[0.559s] -- Symlinking: /root/ros2_ws/install/ament_cmake_export_definitions/share/ament_cmake_export_definitions/package.dsv
[0.565s] -- Symlinking: /root/ros2_ws/install/ament_cmake_export_definitions/share/ament_index/resource_index/packages/ament_cmake_export_definitions
[0.574s] -- Symlinking: /root/ros2_ws/install/ament_cmake_export_definitions/share/ament_cmake_export_definitions/cmake/ament_cmake_export_definitions-extras.cmake
[0.583s] -- Symlinking: /root/ros2_ws/install/ament_cmake_export_definitions/share/ament_cmake_export_definitions/cmake/ament_cmake_export_definitionsConfig.cmake
[0.591s] -- Symlinking: /root/ros2_ws/install/ament_cmake_export_definitions/share/ament_cmake_export_definitions/cmake/ament_cmake_export_definitionsConfig-version.cmake
[0.598s] -- Symlinking: /root/ros2_ws/install/ament_cmake_export_definitions/share/ament_cmake_export_definitions/package.xml
[0.606s] -- Symlinking: /root/ros2_ws/install/ament_cmake_export_definitions/share/ament_cmake_export_definitions/cmake/ament_cmake_export_definitions-extras.cmake.in
[0.614s] -- Symlinking: /root/ros2_ws/install/ament_cmake_export_definitions/share/ament_cmake_export_definitions/cmake/ament_cmake_export_definitions_package_hook.cmake
[0.622s] -- Symlinking: /root/ros2_ws/install/ament_cmake_export_definitions/share/ament_cmake_export_definitions/cmake/ament_export_definitions.cmake
[0.660s] Invoked command in '/root/ros2_ws/build/ament_cmake_export_definitions' returned '0': AMENT_PREFIX_PATH=/root/ros2_ws/install/ament_cmake_core:/root/ros2_ws/install/ament_package:${AMENT_PREFIX_PATH} CMAKE_PREFIX_PATH=/root/ros2_ws/install/ament_cmake_core:/opt/ros/humble PYTHONPATH=/root/ros2_ws/build/ament_package:/root/ros2_ws/install/ament_package/lib/python3.10/site-packages:${PYTHONPATH} /usr/bin/cmake --install /root/ros2_ws/build/ament_cmake_export_definitions
