running develop
running egg_info
creating ament_lint_cmake.egg-info
writing ament_lint_cmake.egg-info/PKG-INFO
writing dependency_links to ament_lint_cmake.egg-info/dependency_links.txt
writing entry points to ament_lint_cmake.egg-info/entry_points.txt
writing requirements to ament_lint_cmake.egg-info/requires.txt
writing top-level names to ament_lint_cmake.egg-info/top_level.txt
writing manifest file 'ament_lint_cmake.egg-info/SOURCES.txt'
reading manifest file 'ament_lint_cmake.egg-info/SOURCES.txt'
writing manifest file 'ament_lint_cmake.egg-info/SOURCES.txt'
running build_ext
Creating /root/ros2_ws/install/ament_lint_cmake/lib/python3.10/site-packages/ament-lint-cmake.egg-link (link to .)
Installing ament_lint_cmake script to /root/ros2_ws/install/ament_lint_cmake/bin

Installed /root/ros2_ws/build/ament_lint_cmake
running symlink_data
symbolically linking /root/ros2_ws/build/ament_lint_cmake/package.xml -> /root/ros2_ws/install/ament_lint_cmake/share/ament_lint_cmake
creating /root/ros2_ws/install/ament_lint_cmake/share/ament_index
creating /root/ros2_ws/install/ament_lint_cmake/share/ament_index/resource_index
creating /root/ros2_ws/install/ament_lint_cmake/share/ament_index/resource_index/packages
symbolically linking /root/ros2_ws/build/ament_lint_cmake/resource/ament_lint_cmake -> /root/ros2_ws/install/ament_lint_cmake/share/ament_index/resource_index/packages
