Consolidate compiler generated dependencies of target gtest
Consolidate compiler generated dependencies of target gtest_main
[ 13%] Built target gtest
[ 20%] Built target ament_generate_version_header__ament_index_cpp
[ 33%] Built target gtest_main
Consolidate compiler generated dependencies of target ament_index_cpp
[ 86%] Built target ament_index_cpp
Consolidate compiler generated dependencies of target ament_index_cpp_utest
[100%] Built target ament_index_cpp_utest
-- Install configuration: ""
-- Execute custom install script
-- Symlinking: /root/ros2_ws/install/ament_index_cpp/share/ament_index_cpp/environment/library_path.sh
-- Symlinking: /root/ros2_ws/install/ament_index_cpp/share/ament_index_cpp/environment/library_path.dsv
-- Symlinking: /root/ros2_ws/install/ament_index_cpp/share/ament_index/resource_index/package_run_dependencies/ament_index_cpp
-- Symlinking: /root/ros2_ws/install/ament_index_cpp/share/ament_index/resource_index/parent_prefix_path/ament_index_cpp
-- Symlinking: /root/ros2_ws/install/ament_index_cpp/share/ament_index_cpp/environment/ament_prefix_path.sh
-- Symlinking: /root/ros2_ws/install/ament_index_cpp/share/ament_index_cpp/environment/ament_prefix_path.dsv
-- Symlinking: /root/ros2_ws/install/ament_index_cpp/share/ament_index_cpp/environment/path.sh
-- Symlinking: /root/ros2_ws/install/ament_index_cpp/share/ament_index_cpp/environment/path.dsv
-- Symlinking: /root/ros2_ws/install/ament_index_cpp/share/ament_index_cpp/local_setup.bash
-- Symlinking: /root/ros2_ws/install/ament_index_cpp/share/ament_index_cpp/local_setup.sh
-- Symlinking: /root/ros2_ws/install/ament_index_cpp/share/ament_index_cpp/local_setup.zsh
-- Symlinking: /root/ros2_ws/install/ament_index_cpp/share/ament_index_cpp/local_setup.dsv
-- Symlinking: /root/ros2_ws/install/ament_index_cpp/share/ament_index_cpp/package.dsv
-- Symlinking: /root/ros2_ws/install/ament_index_cpp/share/ament_index/resource_index/packages/ament_index_cpp
-- Symlinking: /root/ros2_ws/install/ament_index_cpp/share/ament_index_cpp/cmake/ament_cmake_export_targets-extras.cmake
-- Symlinking: /root/ros2_ws/install/ament_index_cpp/share/ament_index_cpp/cmake/ament_index_cppConfig.cmake
-- Symlinking: /root/ros2_ws/install/ament_index_cpp/share/ament_index_cpp/cmake/ament_index_cppConfig-version.cmake
-- Symlinking: /root/ros2_ws/install/ament_index_cpp/share/ament_index_cpp/package.xml
-- Symlinking: /root/ros2_ws/install/ament_index_cpp/include/ament_index_cpp/ament_index_cpp/version.h
-- Symlinking: /root/ros2_ws/install/ament_index_cpp/include/ament_index_cpp/ament_index_cpp/get_package_prefix.hpp
-- Symlinking: /root/ros2_ws/install/ament_index_cpp/include/ament_index_cpp/ament_index_cpp/get_package_share_directory.hpp
-- Symlinking: /root/ros2_ws/install/ament_index_cpp/include/ament_index_cpp/ament_index_cpp/get_packages_with_prefixes.hpp
-- Symlinking: /root/ros2_ws/install/ament_index_cpp/include/ament_index_cpp/ament_index_cpp/get_resource.hpp
-- Symlinking: /root/ros2_ws/install/ament_index_cpp/include/ament_index_cpp/ament_index_cpp/get_resources.hpp
-- Symlinking: /root/ros2_ws/install/ament_index_cpp/include/ament_index_cpp/ament_index_cpp/get_search_paths.hpp
-- Symlinking: /root/ros2_ws/install/ament_index_cpp/include/ament_index_cpp/ament_index_cpp/has_resource.hpp
-- Symlinking: /root/ros2_ws/install/ament_index_cpp/include/ament_index_cpp/ament_index_cpp/visibility_control.h
-- Installing: /root/ros2_ws/install/ament_index_cpp/share/ament_index_cpp/cmake/export_ament_index_cppExport.cmake
-- Installing: /root/ros2_ws/install/ament_index_cpp/share/ament_index_cpp/cmake/export_ament_index_cppExport-noconfig.cmake
-- Installing: /root/ros2_ws/install/ament_index_cpp/lib/libament_index_cpp.so
