-- The C compiler identification is GNU 11.4.0
-- The CXX compiler identification is GNU 11.4.0
-- Detecting C compiler ABI info
-- Detecting C compiler ABI info - done
-- Check for working C compiler: /usr/bin/cc - skipped
-- Detecting C compile features
-- Detecting C compile features - done
-- Detecting CXX compiler ABI info
-- Detecting CXX compiler ABI info - done
-- Check for working CXX compiler: /usr/bin/c++ - skipped
-- Detecting CXX compile features
-- Detecting CXX compile features - done
-- Found ament_cmake: 1.3.14 (/root/ros2_ws/install/ament_cmake/share/ament_cmake/cmake)
-- Found Python3: /usr/bin/python3 (found version "3.10.12") found components: Interpreter 
-- Override CMake install command with custom implementation using symlinks instead of copying resources
-- Found ament_cmake_ros: 0.10.0 (/root/ros2_ws/install/ament_cmake_ros/share/ament_cmake_ros/cmake)
-- Found rcutils: 5.1.8 (/opt/ros/humble/share/rcutils/cmake)
-- Found ament_cmake_copyright: 0.12.15 (/root/ros2_ws/install/ament_cmake_copyright/share/ament_cmake_copyright/cmake)
-- Found ament_cmake_cppcheck: 0.12.15 (/root/ros2_ws/install/ament_cmake_cppcheck/share/ament_cmake_cppcheck/cmake)
-- Found ament_cmake_cpplint: 0.12.15 (/root/ros2_ws/install/ament_cmake_cpplint/share/ament_cmake_cpplint/cmake)
-- Found ament_cmake_lint_cmake: 0.12.15 (/root/ros2_ws/install/ament_cmake_lint_cmake/share/ament_cmake_lint_cmake/cmake)
-- Found ament_cmake_uncrustify: 0.12.15 (/root/ros2_ws/install/ament_cmake_uncrustify/share/ament_cmake_uncrustify/cmake)
-- Found ament_cmake_xmllint: 0.12.15 (/root/ros2_ws/install/ament_cmake_xmllint/share/ament_cmake_xmllint/cmake)
-- Found gtest sources under '/root/ros2_ws/install/gtest_vendor/src/gtest_vendor': C++ tests using 'Google Test' will be built
-- Looking for pthread.h
-- Looking for pthread.h - found
-- Performing Test CMAKE_HAVE_LIBC_PTHREAD
-- Performing Test CMAKE_HAVE_LIBC_PTHREAD - Success
-- Found Threads: TRUE  
-- Configuring done
-- Generating done
-- Build files have been written to: /root/ros2_ws/build/rcpputils
[  4%] Building CXX object gtest/CMakeFiles/gtest.dir/src/gtest-all.cc.o
[  4%] Generating rcpputils/version.h
[  6%] Building CXX object gtest/CMakeFiles/gtest_main.dir/src/gtest_main.cc.o
[  8%] Building C object CMakeFiles/dummy_shared_library.dir/test/dummy_shared_library/dummy_shared_library.c.o
[  8%] Built target ament_generate_version_header__rcpputils
[ 10%] Linking C shared library libdummy_shared_library.so
[ 12%] Building CXX object CMakeFiles/rcpputils.dir/src/asserts.cpp.o
[ 16%] Building CXX object CMakeFiles/rcpputils.dir/src/filesystem_helper.cpp.o
[ 16%] Building CXX object CMakeFiles/rcpputils.dir/src/env.cpp.o
[ 18%] Building CXX object CMakeFiles/rcpputils.dir/src/find_library.cpp.o
[ 20%] Building CXX object CMakeFiles/rcpputils.dir/src/shared_library.cpp.o
[ 20%] Built target dummy_shared_library
[ 22%] Linking CXX shared library librcpputils.so
[ 22%] Built target rcpputils
[ 24%] Building CXX object CMakeFiles/test_library.dir/test/test_library.cpp.o
[ 26%] Linking CXX shared library libtest_library.so
[ 26%] Built target test_library
[ 28%] Linking CXX static library libgtest_main.a
[ 28%] Built target gtest_main
[ 30%] Linking CXX static library libgtest.a
[ 30%] Built target gtest
[ 32%] Building CXX object CMakeFiles/test_split.dir/test/test_split.cpp.o
[ 34%] Building CXX object CMakeFiles/test_asserts_ndebug.dir/test/test_asserts.cpp.o
[ 36%] Building CXX object CMakeFiles/test_scope_exit.dir/test/test_scope_exit.cpp.o
[ 38%] Building CXX object CMakeFiles/test_thread_safety_annotations.dir/test/test_thread_safety_annotations.cpp.o
[ 40%] Building CXX object CMakeFiles/test_env.dir/test/test_env.cpp.o
[ 42%] Building CXX object CMakeFiles/test_filesystem_helper.dir/test/test_filesystem_helper.cpp.o
[ 44%] Building CXX object CMakeFiles/test_join.dir/test/test_join.cpp.o
[ 46%] Building CXX object CMakeFiles/test_time.dir/test/test_time.cpp.o
[ 48%] Building CXX object CMakeFiles/test_asserts_debug.dir/test/test_asserts.cpp.o
[ 51%] Building CXX object CMakeFiles/test_shared_library.dir/test/test_shared_library.cpp.o
[ 53%] Building CXX object CMakeFiles/test_find_and_replace.dir/test/test_find_and_replace.cpp.o
[ 55%] Building CXX object CMakeFiles/test_process.dir/test/test_process.cpp.o
[ 57%] Building CXX object CMakeFiles/test_endian.dir/test/test_endian.cpp.o
[ 61%] Building CXX object CMakeFiles/test_find_library.dir/test/test_find_library.cpp.o
[ 61%] Building CXX object CMakeFiles/test_clamp.dir/test/test_clamp.cpp.o
[ 63%] Building CXX object CMakeFiles/test_pointer_traits.dir/test/test_pointer_traits.cpp.o
[ 65%] Linking CXX executable test_endian
[ 67%] Linking CXX executable test_process
[ 69%] Linking CXX executable test_clamp
[ 71%] Linking CXX executable test_shared_library
[ 73%] Linking CXX executable test_scope_exit
[ 75%] Linking CXX executable test_find_and_replace
[ 77%] Linking CXX executable test_env
[ 79%] Linking CXX executable test_pointer_traits
[ 79%] Built target test_process
[ 81%] Linking CXX executable test_asserts_ndebug
[ 83%] Building CXX object CMakeFiles/test_accumulator.dir/test/test_accumulator.cpp.o
[ 83%] Built target test_clamp
[ 83%] Built target test_env
[ 85%] Linking CXX executable test_asserts_debug
[ 85%] Built target test_scope_exit
[ 85%] Built target test_shared_library
[ 87%] Linking CXX executable test_thread_safety_annotations
[ 87%] Built target test_find_and_replace
[ 87%] Built target test_pointer_traits
[ 87%] Built target test_endian
[ 87%] Built target test_asserts_debug
[ 87%] Built target test_asserts_ndebug
[ 89%] Linking CXX executable test_join
[ 89%] Built target test_thread_safety_annotations
[ 91%] Linking CXX executable test_find_library
[ 93%] Linking CXX executable test_time
[ 95%] Linking CXX executable test_filesystem_helper
[ 95%] Built target test_join
[ 95%] Built target test_time
[ 95%] Built target test_find_library
[ 95%] Built target test_filesystem_helper
[ 97%] Linking CXX executable test_split
[100%] Linking CXX executable test_accumulator
[100%] Built target test_split
[100%] Built target test_accumulator
-- Install configuration: ""
-- Execute custom install script
-- Symlinking: /root/ros2_ws/install/rcpputils/share/rcpputils/environment/library_path.sh
-- Symlinking: /root/ros2_ws/install/rcpputils/share/rcpputils/environment/library_path.dsv
-- Symlinking: /root/ros2_ws/install/rcpputils/share/ament_index/resource_index/package_run_dependencies/rcpputils
-- Symlinking: /root/ros2_ws/install/rcpputils/share/ament_index/resource_index/parent_prefix_path/rcpputils
-- Symlinking: /root/ros2_ws/install/rcpputils/share/rcpputils/environment/ament_prefix_path.sh
-- Symlinking: /root/ros2_ws/install/rcpputils/share/rcpputils/environment/ament_prefix_path.dsv
-- Symlinking: /root/ros2_ws/install/rcpputils/share/rcpputils/environment/path.sh
-- Symlinking: /root/ros2_ws/install/rcpputils/share/rcpputils/environment/path.dsv
-- Symlinking: /root/ros2_ws/install/rcpputils/share/rcpputils/local_setup.bash
-- Symlinking: /root/ros2_ws/install/rcpputils/share/rcpputils/local_setup.sh
-- Symlinking: /root/ros2_ws/install/rcpputils/share/rcpputils/local_setup.zsh
-- Symlinking: /root/ros2_ws/install/rcpputils/share/rcpputils/local_setup.dsv
-- Symlinking: /root/ros2_ws/install/rcpputils/share/rcpputils/package.dsv
-- Symlinking: /root/ros2_ws/install/rcpputils/share/ament_index/resource_index/packages/rcpputils
-- Symlinking: /root/ros2_ws/install/rcpputils/share/rcpputils/cmake/ament_cmake_export_include_directories-extras.cmake
-- Symlinking: /root/ros2_ws/install/rcpputils/share/rcpputils/cmake/ament_cmake_export_libraries-extras.cmake
-- Symlinking: /root/ros2_ws/install/rcpputils/share/rcpputils/cmake/ament_cmake_export_targets-extras.cmake
-- Symlinking: /root/ros2_ws/install/rcpputils/share/rcpputils/cmake/ament_cmake_export_dependencies-extras.cmake
-- Symlinking: /root/ros2_ws/install/rcpputils/share/rcpputils/cmake/rcpputilsConfig.cmake
-- Symlinking: /root/ros2_ws/install/rcpputils/share/rcpputils/cmake/rcpputilsConfig-version.cmake
-- Symlinking: /root/ros2_ws/install/rcpputils/share/rcpputils/package.xml
-- Symlinking: /root/ros2_ws/install/rcpputils/include/rcpputils/rcppmath/clamp.hpp
-- Symlinking: /root/ros2_ws/install/rcpputils/include/rcpputils/rcppmath/rolling_mean_accumulator.hpp
-- Symlinking: /root/ros2_ws/install/rcpputils/include/rcpputils/rcpputils/asserts.hpp
-- Symlinking: /root/ros2_ws/install/rcpputils/include/rcpputils/rcpputils/endian.hpp
-- Symlinking: /root/ros2_ws/install/rcpputils/include/rcpputils/rcpputils/env.hpp
-- Symlinking: /root/ros2_ws/install/rcpputils/include/rcpputils/rcpputils/filesystem_helper.hpp
-- Symlinking: /root/ros2_ws/install/rcpputils/include/rcpputils/rcpputils/find_and_replace.hpp
-- Symlinking: /root/ros2_ws/install/rcpputils/include/rcpputils/rcpputils/find_library.hpp
-- Symlinking: /root/ros2_ws/install/rcpputils/include/rcpputils/rcpputils/get_env.hpp
-- Symlinking: /root/ros2_ws/install/rcpputils/include/rcpputils/rcpputils/join.hpp
-- Symlinking: /root/ros2_ws/install/rcpputils/include/rcpputils/rcpputils/pointer_traits.hpp
-- Symlinking: /root/ros2_ws/install/rcpputils/include/rcpputils/rcpputils/process.hpp
-- Symlinking: /root/ros2_ws/install/rcpputils/include/rcpputils/rcpputils/scope_exit.hpp
-- Symlinking: /root/ros2_ws/install/rcpputils/include/rcpputils/rcpputils/shared_library.hpp
-- Symlinking: /root/ros2_ws/install/rcpputils/include/rcpputils/rcpputils/split.hpp
-- Symlinking: /root/ros2_ws/install/rcpputils/include/rcpputils/rcpputils/thread_safety_annotations.hpp
-- Symlinking: /root/ros2_ws/install/rcpputils/include/rcpputils/rcpputils/time.hpp
-- Symlinking: /root/ros2_ws/install/rcpputils/include/rcpputils/rcpputils/tl_expected/expected.hpp
-- Symlinking: /root/ros2_ws/install/rcpputils/include/rcpputils/rcpputils/visibility_control.hpp
-- Symlinking: /root/ros2_ws/install/rcpputils/include/rcpputils/rcpputils/version.h
-- Installing: /root/ros2_ws/install/rcpputils/share/rcpputils/cmake/rcpputilsExport.cmake
-- Installing: /root/ros2_ws/install/rcpputils/share/rcpputils/cmake/rcpputilsExport-noconfig.cmake
-- Installing: /root/ros2_ws/install/rcpputils/lib/librcpputils.so
-- Set runtime path of "/root/ros2_ws/install/rcpputils/lib/librcpputils.so" to ""
