[0.086s] Invoking command in '/root/ros2_ws/build/rcpputils': AMENT_PREFIX_PATH=/root/ros2_ws/install/ament_cmake_ros:/root/ros2_ws/install/ament_lint_common:/root/ros2_ws/install/ament_cmake_uncrustify:/root/ros2_ws/install/ament_uncrustify:/root/ros2_ws/install/uncrustify_vendor:/root/ros2_ws/install/ament_cmake_xmllint:/root/ros2_ws/install/ament_cmake_pep257:/root/ros2_ws/install/ament_cmake_flake8:/root/ros2_ws/install/ament_cmake_cpplint:/root/ros2_ws/install/ament_cmake_cppcheck:/root/ros2_ws/install/ament_cmake_copyright:/root/ros2_ws/install/ament_cmake:/root/ros2_ws/install/ament_cmake_lint_cmake:/root/ros2_ws/install/ament_cmake_gmock:/root/ros2_ws/install/ament_cmake_gen_version_h:/root/ros2_ws/install/domain_coordinator:/root/ros2_ws/install/ament_xmllint:/root/ros2_ws/install/ament_lint_cmake:/root/ros2_ws/install/ament_lint_auto:/root/ros2_ws/install/ament_cpplint:/root/ros2_ws/install/ament_cmake_pytest:/root/ros2_ws/install/ament_cmake_gtest:/root/ros2_ws/install/ament_copyright:/root/ros2_ws/install/ament_cmake_test:/root/ros2_ws/install/ament_cmake_target_dependencies:/root/ros2_ws/install/ament_cmake_export_targets:/root/ros2_ws/install/ament_cmake_export_interfaces:/root/ros2_ws/install/ament_cmake_export_dependencies:/root/ros2_ws/install/ament_pep257:/root/ros2_ws/install/ament_cmake_version:/root/ros2_ws/install/ament_cmake_python:/root/ros2_ws/install/ament_cmake_libraries:/root/ros2_ws/install/ament_cmake_include_directories:/root/ros2_ws/install/ament_cmake_export_link_flags:/root/ros2_ws/install/ament_cmake_export_libraries:/root/ros2_ws/install/ament_cmake_export_include_directories:/root/ros2_ws/install/ament_cmake_export_definitions:/root/ros2_ws/install/ament_flake8:/root/ros2_ws/install/ament_cmake_core:/root/ros2_ws/install/ament_pycodestyle:/root/ros2_ws/install/ament_package:/root/ros2_ws/install/ament_lint:/root/ros2_ws/install/ament_cppcheck:${AMENT_PREFIX_PATH} CMAKE_PREFIX_PATH=/root/ros2_ws/install/ament_cmake_ros:/root/ros2_ws/install/ament_lint_common:/root/ros2_ws/install/ament_cmake_uncrustify:/root/ros2_ws/install/uncrustify_vendor:/root/ros2_ws/install/ament_cmake_xmllint:/root/ros2_ws/install/ament_cmake_pep257:/root/ros2_ws/install/ament_cmake_flake8:/root/ros2_ws/install/ament_cmake_cpplint:/root/ros2_ws/install/ament_cmake_cppcheck:/root/ros2_ws/install/ament_cmake_copyright:/root/ros2_ws/install/ament_cmake:/root/ros2_ws/install/ament_cmake_lint_cmake:/root/ros2_ws/install/ament_cmake_gmock:/root/ros2_ws/install/ament_cmake_gen_version_h:/root/ros2_ws/install/ament_lint_auto:/root/ros2_ws/install/ament_cmake_pytest:/root/ros2_ws/install/ament_cmake_gtest:/root/ros2_ws/install/ament_cmake_test:/root/ros2_ws/install/ament_cmake_target_dependencies:/root/ros2_ws/install/ament_cmake_export_targets:/root/ros2_ws/install/ament_cmake_export_interfaces:/root/ros2_ws/install/ament_cmake_export_dependencies:/root/ros2_ws/install/ament_cmake_version:/root/ros2_ws/install/ament_cmake_python:/root/ros2_ws/install/ament_cmake_libraries:/root/ros2_ws/install/ament_cmake_include_directories:/root/ros2_ws/install/ament_cmake_export_link_flags:/root/ros2_ws/install/ament_cmake_export_libraries:/root/ros2_ws/install/ament_cmake_export_include_directories:/root/ros2_ws/install/ament_cmake_export_definitions:/root/ros2_ws/install/gmock_vendor:/root/ros2_ws/install/ament_cmake_core:/root/ros2_ws/install/gtest_vendor:/opt/ros/humble PATH=/root/ros2_ws/install/ament_uncrustify/bin:/root/ros2_ws/install/ament_xmllint/bin:/root/ros2_ws/install/ament_lint_cmake/bin:/root/ros2_ws/install/ament_cpplint/bin:/root/ros2_ws/install/ament_copyright/bin:/root/ros2_ws/install/ament_pep257/bin:/root/ros2_ws/install/ament_flake8/bin:/root/ros2_ws/install/ament_pycodestyle/bin:/root/ros2_ws/install/ament_cppcheck/bin:${PATH} PKG_CONFIG_PATH=/root/ros2_ws/install/gmock_vendor/lib/x86_64-linux-gnu/pkgconfig:/root/ros2_ws/install/gmock_vendor/lib/pkgconfig:/root/ros2_ws/install/gtest_vendor/lib/x86_64-linux-gnu/pkgconfig:/root/ros2_ws/install/gtest_vendor/lib/pkgconfig PYTHONPATH=/root/ros2_ws/build/ament_uncrustify:/root/ros2_ws/install/ament_uncrustify/lib/python3.10/site-packages:/root/ros2_ws/build/domain_coordinator:/root/ros2_ws/install/domain_coordinator/lib/python3.10/site-packages:/root/ros2_ws/build/ament_xmllint:/root/ros2_ws/install/ament_xmllint/lib/python3.10/site-packages:/root/ros2_ws/build/ament_lint_cmake:/root/ros2_ws/install/ament_lint_cmake/lib/python3.10/site-packages:/root/ros2_ws/build/ament_cpplint:/root/ros2_ws/install/ament_cpplint/lib/python3.10/site-packages:/root/ros2_ws/build/ament_copyright:/root/ros2_ws/install/ament_copyright/lib/python3.10/site-packages:/root/ros2_ws/install/ament_cmake_test/local/lib/python3.10/dist-packages:/root/ros2_ws/build/ament_pep257:/root/ros2_ws/install/ament_pep257/lib/python3.10/site-packages:/root/ros2_ws/build/ament_flake8:/root/ros2_ws/install/ament_flake8/lib/python3.10/site-packages:/root/ros2_ws/build/ament_pycodestyle:/root/ros2_ws/install/ament_pycodestyle/lib/python3.10/site-packages:/root/ros2_ws/build/ament_package:/root/ros2_ws/install/ament_package/lib/python3.10/site-packages:/root/ros2_ws/build/ament_lint:/root/ros2_ws/install/ament_lint/lib/python3.10/site-packages:/root/ros2_ws/build/ament_cppcheck:/root/ros2_ws/install/ament_cppcheck/lib/python3.10/site-packages:${PYTHONPATH} /usr/bin/cmake /root/ros2_ws/src/ros2/rcpputils -DAMENT_CMAKE_SYMLINK_INSTALL=1 -DCMAKE_INSTALL_PREFIX=/root/ros2_ws/install/rcpputils
[0.136s] -- The C compiler identification is GNU 11.4.0
[0.186s] -- The CXX compiler identification is GNU 11.4.0
[0.192s] -- Detecting C compiler ABI info
[0.343s] -- Detecting C compiler ABI info - done
[0.343s] -- Check for working C compiler: /usr/bin/cc - skipped
[0.343s] -- Detecting C compile features
[0.343s] -- Detecting C compile features - done
[0.343s] -- Detecting CXX compiler ABI info
[0.343s] -- Detecting CXX compiler ABI info - done
[0.343s] -- Check for working CXX compiler: /usr/bin/c++ - skipped
[0.343s] -- Detecting CXX compile features
[0.343s] -- Detecting CXX compile features - done
[0.343s] -- Found ament_cmake: 1.3.14 (/root/ros2_ws/install/ament_cmake/share/ament_cmake/cmake)
[0.516s] -- Found Python3: /usr/bin/python3 (found version "3.10.12") found components: Interpreter 
[0.550s] -- Override CMake install command with custom implementation using symlinks instead of copying resources
[0.586s] -- Found ament_cmake_ros: 0.10.0 (/root/ros2_ws/install/ament_cmake_ros/share/ament_cmake_ros/cmake)
[0.593s] -- Found rcutils: 5.1.8 (/opt/ros/humble/share/rcutils/cmake)
[0.602s] -- Found ament_cmake_copyright: 0.12.15 (/root/ros2_ws/install/ament_cmake_copyright/share/ament_cmake_copyright/cmake)
[0.603s] -- Found ament_cmake_cppcheck: 0.12.15 (/root/ros2_ws/install/ament_cmake_cppcheck/share/ament_cmake_cppcheck/cmake)
[0.604s] -- Found ament_cmake_cpplint: 0.12.15 (/root/ros2_ws/install/ament_cmake_cpplint/share/ament_cmake_cpplint/cmake)
[0.605s] -- Found ament_cmake_lint_cmake: 0.12.15 (/root/ros2_ws/install/ament_cmake_lint_cmake/share/ament_cmake_lint_cmake/cmake)
[0.605s] -- Found ament_cmake_uncrustify: 0.12.15 (/root/ros2_ws/install/ament_cmake_uncrustify/share/ament_cmake_uncrustify/cmake)
[0.606s] -- Found ament_cmake_xmllint: 0.12.15 (/root/ros2_ws/install/ament_cmake_xmllint/share/ament_cmake_xmllint/cmake)
[0.613s] -- Found gtest sources under '/root/ros2_ws/install/gtest_vendor/src/gtest_vendor': C++ tests using 'Google Test' will be built
[0.614s] -- Looking for pthread.h
[0.682s] -- Looking for pthread.h - found
[0.682s] -- Performing Test CMAKE_HAVE_LIBC_PTHREAD
[0.747s] -- Performing Test CMAKE_HAVE_LIBC_PTHREAD - Success
[0.748s] -- Found Threads: TRUE  
[0.836s] -- Configuring done
[0.859s] -- Generating done
[0.867s] -- Build files have been written to: /root/ros2_ws/build/rcpputils
[0.872s] Invoked command in '/root/ros2_ws/build/rcpputils' returned '0': AMENT_PREFIX_PATH=/root/ros2_ws/install/ament_cmake_ros:/root/ros2_ws/install/ament_lint_common:/root/ros2_ws/install/ament_cmake_uncrustify:/root/ros2_ws/install/ament_uncrustify:/root/ros2_ws/install/uncrustify_vendor:/root/ros2_ws/install/ament_cmake_xmllint:/root/ros2_ws/install/ament_cmake_pep257:/root/ros2_ws/install/ament_cmake_flake8:/root/ros2_ws/install/ament_cmake_cpplint:/root/ros2_ws/install/ament_cmake_cppcheck:/root/ros2_ws/install/ament_cmake_copyright:/root/ros2_ws/install/ament_cmake:/root/ros2_ws/install/ament_cmake_lint_cmake:/root/ros2_ws/install/ament_cmake_gmock:/root/ros2_ws/install/ament_cmake_gen_version_h:/root/ros2_ws/install/domain_coordinator:/root/ros2_ws/install/ament_xmllint:/root/ros2_ws/install/ament_lint_cmake:/root/ros2_ws/install/ament_lint_auto:/root/ros2_ws/install/ament_cpplint:/root/ros2_ws/install/ament_cmake_pytest:/root/ros2_ws/install/ament_cmake_gtest:/root/ros2_ws/install/ament_copyright:/root/ros2_ws/install/ament_cmake_test:/root/ros2_ws/install/ament_cmake_target_dependencies:/root/ros2_ws/install/ament_cmake_export_targets:/root/ros2_ws/install/ament_cmake_export_interfaces:/root/ros2_ws/install/ament_cmake_export_dependencies:/root/ros2_ws/install/ament_pep257:/root/ros2_ws/install/ament_cmake_version:/root/ros2_ws/install/ament_cmake_python:/root/ros2_ws/install/ament_cmake_libraries:/root/ros2_ws/install/ament_cmake_include_directories:/root/ros2_ws/install/ament_cmake_export_link_flags:/root/ros2_ws/install/ament_cmake_export_libraries:/root/ros2_ws/install/ament_cmake_export_include_directories:/root/ros2_ws/install/ament_cmake_export_definitions:/root/ros2_ws/install/ament_flake8:/root/ros2_ws/install/ament_cmake_core:/root/ros2_ws/install/ament_pycodestyle:/root/ros2_ws/install/ament_package:/root/ros2_ws/install/ament_lint:/root/ros2_ws/install/ament_cppcheck:${AMENT_PREFIX_PATH} CMAKE_PREFIX_PATH=/root/ros2_ws/install/ament_cmake_ros:/root/ros2_ws/install/ament_lint_common:/root/ros2_ws/install/ament_cmake_uncrustify:/root/ros2_ws/install/uncrustify_vendor:/root/ros2_ws/install/ament_cmake_xmllint:/root/ros2_ws/install/ament_cmake_pep257:/root/ros2_ws/install/ament_cmake_flake8:/root/ros2_ws/install/ament_cmake_cpplint:/root/ros2_ws/install/ament_cmake_cppcheck:/root/ros2_ws/install/ament_cmake_copyright:/root/ros2_ws/install/ament_cmake:/root/ros2_ws/install/ament_cmake_lint_cmake:/root/ros2_ws/install/ament_cmake_gmock:/root/ros2_ws/install/ament_cmake_gen_version_h:/root/ros2_ws/install/ament_lint_auto:/root/ros2_ws/install/ament_cmake_pytest:/root/ros2_ws/install/ament_cmake_gtest:/root/ros2_ws/install/ament_cmake_test:/root/ros2_ws/install/ament_cmake_target_dependencies:/root/ros2_ws/install/ament_cmake_export_targets:/root/ros2_ws/install/ament_cmake_export_interfaces:/root/ros2_ws/install/ament_cmake_export_dependencies:/root/ros2_ws/install/ament_cmake_version:/root/ros2_ws/install/ament_cmake_python:/root/ros2_ws/install/ament_cmake_libraries:/root/ros2_ws/install/ament_cmake_include_directories:/root/ros2_ws/install/ament_cmake_export_link_flags:/root/ros2_ws/install/ament_cmake_export_libraries:/root/ros2_ws/install/ament_cmake_export_include_directories:/root/ros2_ws/install/ament_cmake_export_definitions:/root/ros2_ws/install/gmock_vendor:/root/ros2_ws/install/ament_cmake_core:/root/ros2_ws/install/gtest_vendor:/opt/ros/humble PATH=/root/ros2_ws/install/ament_uncrustify/bin:/root/ros2_ws/install/ament_xmllint/bin:/root/ros2_ws/install/ament_lint_cmake/bin:/root/ros2_ws/install/ament_cpplint/bin:/root/ros2_ws/install/ament_copyright/bin:/root/ros2_ws/install/ament_pep257/bin:/root/ros2_ws/install/ament_flake8/bin:/root/ros2_ws/install/ament_pycodestyle/bin:/root/ros2_ws/install/ament_cppcheck/bin:${PATH} PKG_CONFIG_PATH=/root/ros2_ws/install/gmock_vendor/lib/x86_64-linux-gnu/pkgconfig:/root/ros2_ws/install/gmock_vendor/lib/pkgconfig:/root/ros2_ws/install/gtest_vendor/lib/x86_64-linux-gnu/pkgconfig:/root/ros2_ws/install/gtest_vendor/lib/pkgconfig PYTHONPATH=/root/ros2_ws/build/ament_uncrustify:/root/ros2_ws/install/ament_uncrustify/lib/python3.10/site-packages:/root/ros2_ws/build/domain_coordinator:/root/ros2_ws/install/domain_coordinator/lib/python3.10/site-packages:/root/ros2_ws/build/ament_xmllint:/root/ros2_ws/install/ament_xmllint/lib/python3.10/site-packages:/root/ros2_ws/build/ament_lint_cmake:/root/ros2_ws/install/ament_lint_cmake/lib/python3.10/site-packages:/root/ros2_ws/build/ament_cpplint:/root/ros2_ws/install/ament_cpplint/lib/python3.10/site-packages:/root/ros2_ws/build/ament_copyright:/root/ros2_ws/install/ament_copyright/lib/python3.10/site-packages:/root/ros2_ws/install/ament_cmake_test/local/lib/python3.10/dist-packages:/root/ros2_ws/build/ament_pep257:/root/ros2_ws/install/ament_pep257/lib/python3.10/site-packages:/root/ros2_ws/build/ament_flake8:/root/ros2_ws/install/ament_flake8/lib/python3.10/site-packages:/root/ros2_ws/build/ament_pycodestyle:/root/ros2_ws/install/ament_pycodestyle/lib/python3.10/site-packages:/root/ros2_ws/build/ament_package:/root/ros2_ws/install/ament_package/lib/python3.10/site-packages:/root/ros2_ws/build/ament_lint:/root/ros2_ws/install/ament_lint/lib/python3.10/site-packages:/root/ros2_ws/build/ament_cppcheck:/root/ros2_ws/install/ament_cppcheck/lib/python3.10/site-packages:${PYTHONPATH} /usr/bin/cmake /root/ros2_ws/src/ros2/rcpputils -DAMENT_CMAKE_SYMLINK_INSTALL=1 -DCMAKE_INSTALL_PREFIX=/root/ros2_ws/install/rcpputils
[0.873s] Invoking command in '/root/ros2_ws/build/rcpputils': AMENT_PREFIX_PATH=/root/ros2_ws/install/ament_cmake_ros:/root/ros2_ws/install/ament_lint_common:/root/ros2_ws/install/ament_cmake_uncrustify:/root/ros2_ws/install/ament_uncrustify:/root/ros2_ws/install/uncrustify_vendor:/root/ros2_ws/install/ament_cmake_xmllint:/root/ros2_ws/install/ament_cmake_pep257:/root/ros2_ws/install/ament_cmake_flake8:/root/ros2_ws/install/ament_cmake_cpplint:/root/ros2_ws/install/ament_cmake_cppcheck:/root/ros2_ws/install/ament_cmake_copyright:/root/ros2_ws/install/ament_cmake:/root/ros2_ws/install/ament_cmake_lint_cmake:/root/ros2_ws/install/ament_cmake_gmock:/root/ros2_ws/install/ament_cmake_gen_version_h:/root/ros2_ws/install/domain_coordinator:/root/ros2_ws/install/ament_xmllint:/root/ros2_ws/install/ament_lint_cmake:/root/ros2_ws/install/ament_lint_auto:/root/ros2_ws/install/ament_cpplint:/root/ros2_ws/install/ament_cmake_pytest:/root/ros2_ws/install/ament_cmake_gtest:/root/ros2_ws/install/ament_copyright:/root/ros2_ws/install/ament_cmake_test:/root/ros2_ws/install/ament_cmake_target_dependencies:/root/ros2_ws/install/ament_cmake_export_targets:/root/ros2_ws/install/ament_cmake_export_interfaces:/root/ros2_ws/install/ament_cmake_export_dependencies:/root/ros2_ws/install/ament_pep257:/root/ros2_ws/install/ament_cmake_version:/root/ros2_ws/install/ament_cmake_python:/root/ros2_ws/install/ament_cmake_libraries:/root/ros2_ws/install/ament_cmake_include_directories:/root/ros2_ws/install/ament_cmake_export_link_flags:/root/ros2_ws/install/ament_cmake_export_libraries:/root/ros2_ws/install/ament_cmake_export_include_directories:/root/ros2_ws/install/ament_cmake_export_definitions:/root/ros2_ws/install/ament_flake8:/root/ros2_ws/install/ament_cmake_core:/root/ros2_ws/install/ament_pycodestyle:/root/ros2_ws/install/ament_package:/root/ros2_ws/install/ament_lint:/root/ros2_ws/install/ament_cppcheck:${AMENT_PREFIX_PATH} CMAKE_PREFIX_PATH=/root/ros2_ws/install/ament_cmake_ros:/root/ros2_ws/install/ament_lint_common:/root/ros2_ws/install/ament_cmake_uncrustify:/root/ros2_ws/install/uncrustify_vendor:/root/ros2_ws/install/ament_cmake_xmllint:/root/ros2_ws/install/ament_cmake_pep257:/root/ros2_ws/install/ament_cmake_flake8:/root/ros2_ws/install/ament_cmake_cpplint:/root/ros2_ws/install/ament_cmake_cppcheck:/root/ros2_ws/install/ament_cmake_copyright:/root/ros2_ws/install/ament_cmake:/root/ros2_ws/install/ament_cmake_lint_cmake:/root/ros2_ws/install/ament_cmake_gmock:/root/ros2_ws/install/ament_cmake_gen_version_h:/root/ros2_ws/install/ament_lint_auto:/root/ros2_ws/install/ament_cmake_pytest:/root/ros2_ws/install/ament_cmake_gtest:/root/ros2_ws/install/ament_cmake_test:/root/ros2_ws/install/ament_cmake_target_dependencies:/root/ros2_ws/install/ament_cmake_export_targets:/root/ros2_ws/install/ament_cmake_export_interfaces:/root/ros2_ws/install/ament_cmake_export_dependencies:/root/ros2_ws/install/ament_cmake_version:/root/ros2_ws/install/ament_cmake_python:/root/ros2_ws/install/ament_cmake_libraries:/root/ros2_ws/install/ament_cmake_include_directories:/root/ros2_ws/install/ament_cmake_export_link_flags:/root/ros2_ws/install/ament_cmake_export_libraries:/root/ros2_ws/install/ament_cmake_export_include_directories:/root/ros2_ws/install/ament_cmake_export_definitions:/root/ros2_ws/install/gmock_vendor:/root/ros2_ws/install/ament_cmake_core:/root/ros2_ws/install/gtest_vendor:/opt/ros/humble PATH=/root/ros2_ws/install/ament_uncrustify/bin:/root/ros2_ws/install/ament_xmllint/bin:/root/ros2_ws/install/ament_lint_cmake/bin:/root/ros2_ws/install/ament_cpplint/bin:/root/ros2_ws/install/ament_copyright/bin:/root/ros2_ws/install/ament_pep257/bin:/root/ros2_ws/install/ament_flake8/bin:/root/ros2_ws/install/ament_pycodestyle/bin:/root/ros2_ws/install/ament_cppcheck/bin:${PATH} PKG_CONFIG_PATH=/root/ros2_ws/install/gmock_vendor/lib/x86_64-linux-gnu/pkgconfig:/root/ros2_ws/install/gmock_vendor/lib/pkgconfig:/root/ros2_ws/install/gtest_vendor/lib/x86_64-linux-gnu/pkgconfig:/root/ros2_ws/install/gtest_vendor/lib/pkgconfig PYTHONPATH=/root/ros2_ws/build/ament_uncrustify:/root/ros2_ws/install/ament_uncrustify/lib/python3.10/site-packages:/root/ros2_ws/build/domain_coordinator:/root/ros2_ws/install/domain_coordinator/lib/python3.10/site-packages:/root/ros2_ws/build/ament_xmllint:/root/ros2_ws/install/ament_xmllint/lib/python3.10/site-packages:/root/ros2_ws/build/ament_lint_cmake:/root/ros2_ws/install/ament_lint_cmake/lib/python3.10/site-packages:/root/ros2_ws/build/ament_cpplint:/root/ros2_ws/install/ament_cpplint/lib/python3.10/site-packages:/root/ros2_ws/build/ament_copyright:/root/ros2_ws/install/ament_copyright/lib/python3.10/site-packages:/root/ros2_ws/install/ament_cmake_test/local/lib/python3.10/dist-packages:/root/ros2_ws/build/ament_pep257:/root/ros2_ws/install/ament_pep257/lib/python3.10/site-packages:/root/ros2_ws/build/ament_flake8:/root/ros2_ws/install/ament_flake8/lib/python3.10/site-packages:/root/ros2_ws/build/ament_pycodestyle:/root/ros2_ws/install/ament_pycodestyle/lib/python3.10/site-packages:/root/ros2_ws/build/ament_package:/root/ros2_ws/install/ament_package/lib/python3.10/site-packages:/root/ros2_ws/build/ament_lint:/root/ros2_ws/install/ament_lint/lib/python3.10/site-packages:/root/ros2_ws/build/ament_cppcheck:/root/ros2_ws/install/ament_cppcheck/lib/python3.10/site-packages:${PYTHONPATH} /usr/bin/cmake --build /root/ros2_ws/build/rcpputils -- -j16 -l16
[0.920s] [  4%] Building CXX object gtest/CMakeFiles/gtest.dir/src/gtest-all.cc.o
[0.920s] [  4%] Generating rcpputils/version.h
[0.921s] [  6%] Building CXX object gtest/CMakeFiles/gtest_main.dir/src/gtest_main.cc.o
[0.923s] [  8%] Building C object CMakeFiles/dummy_shared_library.dir/test/dummy_shared_library/dummy_shared_library.c.o
[0.935s] [  8%] Built target ament_generate_version_header__rcpputils
[0.950s] [ 10%] Linking C shared library libdummy_shared_library.so
[0.952s] [ 12%] Building CXX object CMakeFiles/rcpputils.dir/src/asserts.cpp.o
[0.952s] [ 16%] Building CXX object CMakeFiles/rcpputils.dir/src/filesystem_helper.cpp.o
[0.952s] [ 16%] Building CXX object CMakeFiles/rcpputils.dir/src/env.cpp.o
[0.952s] [ 18%] Building CXX object CMakeFiles/rcpputils.dir/src/find_library.cpp.o
[0.953s] [ 20%] Building CXX object CMakeFiles/rcpputils.dir/src/shared_library.cpp.o
[0.991s] [ 20%] Built target dummy_shared_library
[1.582s] [ 22%] Linking CXX shared library librcpputils.so
[1.582s] [ 22%] Built target rcpputils
[1.582s] [ 24%] Building CXX object CMakeFiles/test_library.dir/test/test_library.cpp.o
[1.596s] [ 26%] Linking CXX shared library libtest_library.so
[1.640s] [ 26%] Built target test_library
[1.667s] [ 28%] Linking CXX static library libgtest_main.a
[1.692s] [ 28%] Built target gtest_main
[3.365s] [ 30%] Linking CXX static library libgtest.a
[3.416s] [ 30%] Built target gtest
[3.434s] [ 32%] Building CXX object CMakeFiles/test_split.dir/test/test_split.cpp.o
[3.434s] [ 34%] Building CXX object CMakeFiles/test_asserts_ndebug.dir/test/test_asserts.cpp.o
[3.434s] [ 36%] Building CXX object CMakeFiles/test_scope_exit.dir/test/test_scope_exit.cpp.o
[3.434s] [ 38%] Building CXX object CMakeFiles/test_thread_safety_annotations.dir/test/test_thread_safety_annotations.cpp.o
[3.435s] [ 40%] Building CXX object CMakeFiles/test_env.dir/test/test_env.cpp.o
[3.436s] [ 42%] Building CXX object CMakeFiles/test_filesystem_helper.dir/test/test_filesystem_helper.cpp.o
[3.436s] [ 44%] Building CXX object CMakeFiles/test_join.dir/test/test_join.cpp.o
[3.436s] [ 46%] Building CXX object CMakeFiles/test_time.dir/test/test_time.cpp.o
[3.439s] [ 48%] Building CXX object CMakeFiles/test_asserts_debug.dir/test/test_asserts.cpp.o
[3.443s] [ 51%] Building CXX object CMakeFiles/test_shared_library.dir/test/test_shared_library.cpp.o
[3.443s] [ 53%] Building CXX object CMakeFiles/test_find_and_replace.dir/test/test_find_and_replace.cpp.o
[3.445s] [ 55%] Building CXX object CMakeFiles/test_process.dir/test/test_process.cpp.o
[3.447s] [ 57%] Building CXX object CMakeFiles/test_endian.dir/test/test_endian.cpp.o
[3.447s] [ 61%] Building CXX object CMakeFiles/test_find_library.dir/test/test_find_library.cpp.o
[3.447s] [ 61%] Building CXX object CMakeFiles/test_clamp.dir/test/test_clamp.cpp.o
[3.453s] [ 63%] Building CXX object CMakeFiles/test_pointer_traits.dir/test/test_pointer_traits.cpp.o
[4.318s] [ 65%] Linking CXX executable test_endian
[4.356s] [ 67%] Linking CXX executable test_process
[4.430s] [ 69%] Linking CXX executable test_clamp
[4.436s] [ 71%] Linking CXX executable test_shared_library
[4.440s] [ 73%] Linking CXX executable test_scope_exit
[4.444s] [ 75%] Linking CXX executable test_find_and_replace
[4.471s] [ 77%] Linking CXX executable test_env
[4.539s] [ 79%] Linking CXX executable test_pointer_traits
[4.617s] [ 79%] Built target test_process
[4.629s] [ 81%] Linking CXX executable test_asserts_ndebug
[4.679s] [ 83%] Building CXX object CMakeFiles/test_accumulator.dir/test/test_accumulator.cpp.o
[4.703s] [ 83%] Built target test_clamp
[4.707s] [ 83%] Built target test_env
[4.742s] [ 85%] Linking CXX executable test_asserts_debug
[4.748s] [ 85%] Built target test_scope_exit
[4.754s] [ 85%] Built target test_shared_library
[4.777s] [ 87%] Linking CXX executable test_thread_safety_annotations
[4.790s] [ 87%] Built target test_find_and_replace
[4.860s] [ 87%] Built target test_pointer_traits
[4.907s] [ 87%] Built target test_endian
[4.959s] [ 87%] Built target test_asserts_debug
[4.964s] [ 87%] Built target test_asserts_ndebug
[5.030s] [ 89%] Linking CXX executable test_join
[5.053s] [ 89%] Built target test_thread_safety_annotations
[5.055s] [ 91%] Linking CXX executable test_find_library
[5.075s] [ 93%] Linking CXX executable test_time
[5.153s] [ 95%] Linking CXX executable test_filesystem_helper
[5.247s] [ 95%] Built target test_join
[5.275s] [ 95%] Built target test_time
[5.275s] [ 95%] Built target test_find_library
[5.297s] [ 95%] Built target test_filesystem_helper
[5.355s] [ 97%] Linking CXX executable test_split
[5.464s] [100%] Linking CXX executable test_accumulator
[5.466s] [100%] Built target test_split
[5.586s] [100%] Built target test_accumulator
[5.600s] Invoked command in '/root/ros2_ws/build/rcpputils' returned '0': AMENT_PREFIX_PATH=/root/ros2_ws/install/ament_cmake_ros:/root/ros2_ws/install/ament_lint_common:/root/ros2_ws/install/ament_cmake_uncrustify:/root/ros2_ws/install/ament_uncrustify:/root/ros2_ws/install/uncrustify_vendor:/root/ros2_ws/install/ament_cmake_xmllint:/root/ros2_ws/install/ament_cmake_pep257:/root/ros2_ws/install/ament_cmake_flake8:/root/ros2_ws/install/ament_cmake_cpplint:/root/ros2_ws/install/ament_cmake_cppcheck:/root/ros2_ws/install/ament_cmake_copyright:/root/ros2_ws/install/ament_cmake:/root/ros2_ws/install/ament_cmake_lint_cmake:/root/ros2_ws/install/ament_cmake_gmock:/root/ros2_ws/install/ament_cmake_gen_version_h:/root/ros2_ws/install/domain_coordinator:/root/ros2_ws/install/ament_xmllint:/root/ros2_ws/install/ament_lint_cmake:/root/ros2_ws/install/ament_lint_auto:/root/ros2_ws/install/ament_cpplint:/root/ros2_ws/install/ament_cmake_pytest:/root/ros2_ws/install/ament_cmake_gtest:/root/ros2_ws/install/ament_copyright:/root/ros2_ws/install/ament_cmake_test:/root/ros2_ws/install/ament_cmake_target_dependencies:/root/ros2_ws/install/ament_cmake_export_targets:/root/ros2_ws/install/ament_cmake_export_interfaces:/root/ros2_ws/install/ament_cmake_export_dependencies:/root/ros2_ws/install/ament_pep257:/root/ros2_ws/install/ament_cmake_version:/root/ros2_ws/install/ament_cmake_python:/root/ros2_ws/install/ament_cmake_libraries:/root/ros2_ws/install/ament_cmake_include_directories:/root/ros2_ws/install/ament_cmake_export_link_flags:/root/ros2_ws/install/ament_cmake_export_libraries:/root/ros2_ws/install/ament_cmake_export_include_directories:/root/ros2_ws/install/ament_cmake_export_definitions:/root/ros2_ws/install/ament_flake8:/root/ros2_ws/install/ament_cmake_core:/root/ros2_ws/install/ament_pycodestyle:/root/ros2_ws/install/ament_package:/root/ros2_ws/install/ament_lint:/root/ros2_ws/install/ament_cppcheck:${AMENT_PREFIX_PATH} CMAKE_PREFIX_PATH=/root/ros2_ws/install/ament_cmake_ros:/root/ros2_ws/install/ament_lint_common:/root/ros2_ws/install/ament_cmake_uncrustify:/root/ros2_ws/install/uncrustify_vendor:/root/ros2_ws/install/ament_cmake_xmllint:/root/ros2_ws/install/ament_cmake_pep257:/root/ros2_ws/install/ament_cmake_flake8:/root/ros2_ws/install/ament_cmake_cpplint:/root/ros2_ws/install/ament_cmake_cppcheck:/root/ros2_ws/install/ament_cmake_copyright:/root/ros2_ws/install/ament_cmake:/root/ros2_ws/install/ament_cmake_lint_cmake:/root/ros2_ws/install/ament_cmake_gmock:/root/ros2_ws/install/ament_cmake_gen_version_h:/root/ros2_ws/install/ament_lint_auto:/root/ros2_ws/install/ament_cmake_pytest:/root/ros2_ws/install/ament_cmake_gtest:/root/ros2_ws/install/ament_cmake_test:/root/ros2_ws/install/ament_cmake_target_dependencies:/root/ros2_ws/install/ament_cmake_export_targets:/root/ros2_ws/install/ament_cmake_export_interfaces:/root/ros2_ws/install/ament_cmake_export_dependencies:/root/ros2_ws/install/ament_cmake_version:/root/ros2_ws/install/ament_cmake_python:/root/ros2_ws/install/ament_cmake_libraries:/root/ros2_ws/install/ament_cmake_include_directories:/root/ros2_ws/install/ament_cmake_export_link_flags:/root/ros2_ws/install/ament_cmake_export_libraries:/root/ros2_ws/install/ament_cmake_export_include_directories:/root/ros2_ws/install/ament_cmake_export_definitions:/root/ros2_ws/install/gmock_vendor:/root/ros2_ws/install/ament_cmake_core:/root/ros2_ws/install/gtest_vendor:/opt/ros/humble PATH=/root/ros2_ws/install/ament_uncrustify/bin:/root/ros2_ws/install/ament_xmllint/bin:/root/ros2_ws/install/ament_lint_cmake/bin:/root/ros2_ws/install/ament_cpplint/bin:/root/ros2_ws/install/ament_copyright/bin:/root/ros2_ws/install/ament_pep257/bin:/root/ros2_ws/install/ament_flake8/bin:/root/ros2_ws/install/ament_pycodestyle/bin:/root/ros2_ws/install/ament_cppcheck/bin:${PATH} PKG_CONFIG_PATH=/root/ros2_ws/install/gmock_vendor/lib/x86_64-linux-gnu/pkgconfig:/root/ros2_ws/install/gmock_vendor/lib/pkgconfig:/root/ros2_ws/install/gtest_vendor/lib/x86_64-linux-gnu/pkgconfig:/root/ros2_ws/install/gtest_vendor/lib/pkgconfig PYTHONPATH=/root/ros2_ws/build/ament_uncrustify:/root/ros2_ws/install/ament_uncrustify/lib/python3.10/site-packages:/root/ros2_ws/build/domain_coordinator:/root/ros2_ws/install/domain_coordinator/lib/python3.10/site-packages:/root/ros2_ws/build/ament_xmllint:/root/ros2_ws/install/ament_xmllint/lib/python3.10/site-packages:/root/ros2_ws/build/ament_lint_cmake:/root/ros2_ws/install/ament_lint_cmake/lib/python3.10/site-packages:/root/ros2_ws/build/ament_cpplint:/root/ros2_ws/install/ament_cpplint/lib/python3.10/site-packages:/root/ros2_ws/build/ament_copyright:/root/ros2_ws/install/ament_copyright/lib/python3.10/site-packages:/root/ros2_ws/install/ament_cmake_test/local/lib/python3.10/dist-packages:/root/ros2_ws/build/ament_pep257:/root/ros2_ws/install/ament_pep257/lib/python3.10/site-packages:/root/ros2_ws/build/ament_flake8:/root/ros2_ws/install/ament_flake8/lib/python3.10/site-packages:/root/ros2_ws/build/ament_pycodestyle:/root/ros2_ws/install/ament_pycodestyle/lib/python3.10/site-packages:/root/ros2_ws/build/ament_package:/root/ros2_ws/install/ament_package/lib/python3.10/site-packages:/root/ros2_ws/build/ament_lint:/root/ros2_ws/install/ament_lint/lib/python3.10/site-packages:/root/ros2_ws/build/ament_cppcheck:/root/ros2_ws/install/ament_cppcheck/lib/python3.10/site-packages:${PYTHONPATH} /usr/bin/cmake --build /root/ros2_ws/build/rcpputils -- -j16 -l16
[5.602s] Invoking command in '/root/ros2_ws/build/rcpputils': AMENT_PREFIX_PATH=/root/ros2_ws/install/ament_cmake_ros:/root/ros2_ws/install/ament_lint_common:/root/ros2_ws/install/ament_cmake_uncrustify:/root/ros2_ws/install/ament_uncrustify:/root/ros2_ws/install/uncrustify_vendor:/root/ros2_ws/install/ament_cmake_xmllint:/root/ros2_ws/install/ament_cmake_pep257:/root/ros2_ws/install/ament_cmake_flake8:/root/ros2_ws/install/ament_cmake_cpplint:/root/ros2_ws/install/ament_cmake_cppcheck:/root/ros2_ws/install/ament_cmake_copyright:/root/ros2_ws/install/ament_cmake:/root/ros2_ws/install/ament_cmake_lint_cmake:/root/ros2_ws/install/ament_cmake_gmock:/root/ros2_ws/install/ament_cmake_gen_version_h:/root/ros2_ws/install/domain_coordinator:/root/ros2_ws/install/ament_xmllint:/root/ros2_ws/install/ament_lint_cmake:/root/ros2_ws/install/ament_lint_auto:/root/ros2_ws/install/ament_cpplint:/root/ros2_ws/install/ament_cmake_pytest:/root/ros2_ws/install/ament_cmake_gtest:/root/ros2_ws/install/ament_copyright:/root/ros2_ws/install/ament_cmake_test:/root/ros2_ws/install/ament_cmake_target_dependencies:/root/ros2_ws/install/ament_cmake_export_targets:/root/ros2_ws/install/ament_cmake_export_interfaces:/root/ros2_ws/install/ament_cmake_export_dependencies:/root/ros2_ws/install/ament_pep257:/root/ros2_ws/install/ament_cmake_version:/root/ros2_ws/install/ament_cmake_python:/root/ros2_ws/install/ament_cmake_libraries:/root/ros2_ws/install/ament_cmake_include_directories:/root/ros2_ws/install/ament_cmake_export_link_flags:/root/ros2_ws/install/ament_cmake_export_libraries:/root/ros2_ws/install/ament_cmake_export_include_directories:/root/ros2_ws/install/ament_cmake_export_definitions:/root/ros2_ws/install/ament_flake8:/root/ros2_ws/install/ament_cmake_core:/root/ros2_ws/install/ament_pycodestyle:/root/ros2_ws/install/ament_package:/root/ros2_ws/install/ament_lint:/root/ros2_ws/install/ament_cppcheck:${AMENT_PREFIX_PATH} CMAKE_PREFIX_PATH=/root/ros2_ws/install/ament_cmake_ros:/root/ros2_ws/install/ament_lint_common:/root/ros2_ws/install/ament_cmake_uncrustify:/root/ros2_ws/install/uncrustify_vendor:/root/ros2_ws/install/ament_cmake_xmllint:/root/ros2_ws/install/ament_cmake_pep257:/root/ros2_ws/install/ament_cmake_flake8:/root/ros2_ws/install/ament_cmake_cpplint:/root/ros2_ws/install/ament_cmake_cppcheck:/root/ros2_ws/install/ament_cmake_copyright:/root/ros2_ws/install/ament_cmake:/root/ros2_ws/install/ament_cmake_lint_cmake:/root/ros2_ws/install/ament_cmake_gmock:/root/ros2_ws/install/ament_cmake_gen_version_h:/root/ros2_ws/install/ament_lint_auto:/root/ros2_ws/install/ament_cmake_pytest:/root/ros2_ws/install/ament_cmake_gtest:/root/ros2_ws/install/ament_cmake_test:/root/ros2_ws/install/ament_cmake_target_dependencies:/root/ros2_ws/install/ament_cmake_export_targets:/root/ros2_ws/install/ament_cmake_export_interfaces:/root/ros2_ws/install/ament_cmake_export_dependencies:/root/ros2_ws/install/ament_cmake_version:/root/ros2_ws/install/ament_cmake_python:/root/ros2_ws/install/ament_cmake_libraries:/root/ros2_ws/install/ament_cmake_include_directories:/root/ros2_ws/install/ament_cmake_export_link_flags:/root/ros2_ws/install/ament_cmake_export_libraries:/root/ros2_ws/install/ament_cmake_export_include_directories:/root/ros2_ws/install/ament_cmake_export_definitions:/root/ros2_ws/install/gmock_vendor:/root/ros2_ws/install/ament_cmake_core:/root/ros2_ws/install/gtest_vendor:/opt/ros/humble PATH=/root/ros2_ws/install/ament_uncrustify/bin:/root/ros2_ws/install/ament_xmllint/bin:/root/ros2_ws/install/ament_lint_cmake/bin:/root/ros2_ws/install/ament_cpplint/bin:/root/ros2_ws/install/ament_copyright/bin:/root/ros2_ws/install/ament_pep257/bin:/root/ros2_ws/install/ament_flake8/bin:/root/ros2_ws/install/ament_pycodestyle/bin:/root/ros2_ws/install/ament_cppcheck/bin:${PATH} PKG_CONFIG_PATH=/root/ros2_ws/install/gmock_vendor/lib/x86_64-linux-gnu/pkgconfig:/root/ros2_ws/install/gmock_vendor/lib/pkgconfig:/root/ros2_ws/install/gtest_vendor/lib/x86_64-linux-gnu/pkgconfig:/root/ros2_ws/install/gtest_vendor/lib/pkgconfig PYTHONPATH=/root/ros2_ws/build/ament_uncrustify:/root/ros2_ws/install/ament_uncrustify/lib/python3.10/site-packages:/root/ros2_ws/build/domain_coordinator:/root/ros2_ws/install/domain_coordinator/lib/python3.10/site-packages:/root/ros2_ws/build/ament_xmllint:/root/ros2_ws/install/ament_xmllint/lib/python3.10/site-packages:/root/ros2_ws/build/ament_lint_cmake:/root/ros2_ws/install/ament_lint_cmake/lib/python3.10/site-packages:/root/ros2_ws/build/ament_cpplint:/root/ros2_ws/install/ament_cpplint/lib/python3.10/site-packages:/root/ros2_ws/build/ament_copyright:/root/ros2_ws/install/ament_copyright/lib/python3.10/site-packages:/root/ros2_ws/install/ament_cmake_test/local/lib/python3.10/dist-packages:/root/ros2_ws/build/ament_pep257:/root/ros2_ws/install/ament_pep257/lib/python3.10/site-packages:/root/ros2_ws/build/ament_flake8:/root/ros2_ws/install/ament_flake8/lib/python3.10/site-packages:/root/ros2_ws/build/ament_pycodestyle:/root/ros2_ws/install/ament_pycodestyle/lib/python3.10/site-packages:/root/ros2_ws/build/ament_package:/root/ros2_ws/install/ament_package/lib/python3.10/site-packages:/root/ros2_ws/build/ament_lint:/root/ros2_ws/install/ament_lint/lib/python3.10/site-packages:/root/ros2_ws/build/ament_cppcheck:/root/ros2_ws/install/ament_cppcheck/lib/python3.10/site-packages:${PYTHONPATH} /usr/bin/cmake --install /root/ros2_ws/build/rcpputils
[5.611s] -- Install configuration: ""
[5.613s] -- Execute custom install script
[5.613s] -- Symlinking: /root/ros2_ws/install/rcpputils/share/rcpputils/environment/library_path.sh
[5.620s] -- Symlinking: /root/ros2_ws/install/rcpputils/share/rcpputils/environment/library_path.dsv
[5.626s] -- Symlinking: /root/ros2_ws/install/rcpputils/share/ament_index/resource_index/package_run_dependencies/rcpputils
[5.635s] -- Symlinking: /root/ros2_ws/install/rcpputils/share/ament_index/resource_index/parent_prefix_path/rcpputils
[5.644s] -- Symlinking: /root/ros2_ws/install/rcpputils/share/rcpputils/environment/ament_prefix_path.sh
[5.654s] -- Symlinking: /root/ros2_ws/install/rcpputils/share/rcpputils/environment/ament_prefix_path.dsv
[5.663s] -- Symlinking: /root/ros2_ws/install/rcpputils/share/rcpputils/environment/path.sh
[5.672s] -- Symlinking: /root/ros2_ws/install/rcpputils/share/rcpputils/environment/path.dsv
[5.681s] -- Symlinking: /root/ros2_ws/install/rcpputils/share/rcpputils/local_setup.bash
[5.687s] -- Symlinking: /root/ros2_ws/install/rcpputils/share/rcpputils/local_setup.sh
[5.695s] -- Symlinking: /root/ros2_ws/install/rcpputils/share/rcpputils/local_setup.zsh
[5.704s] -- Symlinking: /root/ros2_ws/install/rcpputils/share/rcpputils/local_setup.dsv
[5.713s] -- Symlinking: /root/ros2_ws/install/rcpputils/share/rcpputils/package.dsv
[5.721s] -- Symlinking: /root/ros2_ws/install/rcpputils/share/ament_index/resource_index/packages/rcpputils
[5.729s] -- Symlinking: /root/ros2_ws/install/rcpputils/share/rcpputils/cmake/ament_cmake_export_include_directories-extras.cmake
[5.737s] -- Symlinking: /root/ros2_ws/install/rcpputils/share/rcpputils/cmake/ament_cmake_export_libraries-extras.cmake
[5.746s] -- Symlinking: /root/ros2_ws/install/rcpputils/share/rcpputils/cmake/ament_cmake_export_targets-extras.cmake
[5.756s] -- Symlinking: /root/ros2_ws/install/rcpputils/share/rcpputils/cmake/ament_cmake_export_dependencies-extras.cmake
[5.766s] -- Symlinking: /root/ros2_ws/install/rcpputils/share/rcpputils/cmake/rcpputilsConfig.cmake
[5.775s] -- Symlinking: /root/ros2_ws/install/rcpputils/share/rcpputils/cmake/rcpputilsConfig-version.cmake
[5.785s] -- Symlinking: /root/ros2_ws/install/rcpputils/share/rcpputils/package.xml
[5.796s] -- Symlinking: /root/ros2_ws/install/rcpputils/include/rcpputils/rcppmath/clamp.hpp
[5.804s] -- Symlinking: /root/ros2_ws/install/rcpputils/include/rcpputils/rcppmath/rolling_mean_accumulator.hpp
[5.811s] -- Symlinking: /root/ros2_ws/install/rcpputils/include/rcpputils/rcpputils/asserts.hpp
[5.817s] -- Symlinking: /root/ros2_ws/install/rcpputils/include/rcpputils/rcpputils/endian.hpp
[5.822s] -- Symlinking: /root/ros2_ws/install/rcpputils/include/rcpputils/rcpputils/env.hpp
[5.832s] -- Symlinking: /root/ros2_ws/install/rcpputils/include/rcpputils/rcpputils/filesystem_helper.hpp
[5.839s] -- Symlinking: /root/ros2_ws/install/rcpputils/include/rcpputils/rcpputils/find_and_replace.hpp
[5.846s] -- Symlinking: /root/ros2_ws/install/rcpputils/include/rcpputils/rcpputils/find_library.hpp
[5.854s] -- Symlinking: /root/ros2_ws/install/rcpputils/include/rcpputils/rcpputils/get_env.hpp
[5.860s] -- Symlinking: /root/ros2_ws/install/rcpputils/include/rcpputils/rcpputils/join.hpp
[5.866s] -- Symlinking: /root/ros2_ws/install/rcpputils/include/rcpputils/rcpputils/pointer_traits.hpp
[5.876s] -- Symlinking: /root/ros2_ws/install/rcpputils/include/rcpputils/rcpputils/process.hpp
[5.882s] -- Symlinking: /root/ros2_ws/install/rcpputils/include/rcpputils/rcpputils/scope_exit.hpp
[5.888s] -- Symlinking: /root/ros2_ws/install/rcpputils/include/rcpputils/rcpputils/shared_library.hpp
[5.894s] -- Symlinking: /root/ros2_ws/install/rcpputils/include/rcpputils/rcpputils/split.hpp
[5.902s] -- Symlinking: /root/ros2_ws/install/rcpputils/include/rcpputils/rcpputils/thread_safety_annotations.hpp
[5.910s] -- Symlinking: /root/ros2_ws/install/rcpputils/include/rcpputils/rcpputils/time.hpp
[5.915s] -- Symlinking: /root/ros2_ws/install/rcpputils/include/rcpputils/rcpputils/tl_expected/expected.hpp
[5.922s] -- Symlinking: /root/ros2_ws/install/rcpputils/include/rcpputils/rcpputils/visibility_control.hpp
[5.928s] -- Symlinking: /root/ros2_ws/install/rcpputils/include/rcpputils/rcpputils/version.h
[5.935s] -- Installing: /root/ros2_ws/install/rcpputils/share/rcpputils/cmake/rcpputilsExport.cmake
[5.935s] -- Installing: /root/ros2_ws/install/rcpputils/share/rcpputils/cmake/rcpputilsExport-noconfig.cmake
[5.935s] -- Installing: /root/ros2_ws/install/rcpputils/lib/librcpputils.so
[5.938s] -- Set runtime path of "/root/ros2_ws/install/rcpputils/lib/librcpputils.so" to ""
[5.939s] Invoked command in '/root/ros2_ws/build/rcpputils' returned '0': AMENT_PREFIX_PATH=/root/ros2_ws/install/ament_cmake_ros:/root/ros2_ws/install/ament_lint_common:/root/ros2_ws/install/ament_cmake_uncrustify:/root/ros2_ws/install/ament_uncrustify:/root/ros2_ws/install/uncrustify_vendor:/root/ros2_ws/install/ament_cmake_xmllint:/root/ros2_ws/install/ament_cmake_pep257:/root/ros2_ws/install/ament_cmake_flake8:/root/ros2_ws/install/ament_cmake_cpplint:/root/ros2_ws/install/ament_cmake_cppcheck:/root/ros2_ws/install/ament_cmake_copyright:/root/ros2_ws/install/ament_cmake:/root/ros2_ws/install/ament_cmake_lint_cmake:/root/ros2_ws/install/ament_cmake_gmock:/root/ros2_ws/install/ament_cmake_gen_version_h:/root/ros2_ws/install/domain_coordinator:/root/ros2_ws/install/ament_xmllint:/root/ros2_ws/install/ament_lint_cmake:/root/ros2_ws/install/ament_lint_auto:/root/ros2_ws/install/ament_cpplint:/root/ros2_ws/install/ament_cmake_pytest:/root/ros2_ws/install/ament_cmake_gtest:/root/ros2_ws/install/ament_copyright:/root/ros2_ws/install/ament_cmake_test:/root/ros2_ws/install/ament_cmake_target_dependencies:/root/ros2_ws/install/ament_cmake_export_targets:/root/ros2_ws/install/ament_cmake_export_interfaces:/root/ros2_ws/install/ament_cmake_export_dependencies:/root/ros2_ws/install/ament_pep257:/root/ros2_ws/install/ament_cmake_version:/root/ros2_ws/install/ament_cmake_python:/root/ros2_ws/install/ament_cmake_libraries:/root/ros2_ws/install/ament_cmake_include_directories:/root/ros2_ws/install/ament_cmake_export_link_flags:/root/ros2_ws/install/ament_cmake_export_libraries:/root/ros2_ws/install/ament_cmake_export_include_directories:/root/ros2_ws/install/ament_cmake_export_definitions:/root/ros2_ws/install/ament_flake8:/root/ros2_ws/install/ament_cmake_core:/root/ros2_ws/install/ament_pycodestyle:/root/ros2_ws/install/ament_package:/root/ros2_ws/install/ament_lint:/root/ros2_ws/install/ament_cppcheck:${AMENT_PREFIX_PATH} CMAKE_PREFIX_PATH=/root/ros2_ws/install/ament_cmake_ros:/root/ros2_ws/install/ament_lint_common:/root/ros2_ws/install/ament_cmake_uncrustify:/root/ros2_ws/install/uncrustify_vendor:/root/ros2_ws/install/ament_cmake_xmllint:/root/ros2_ws/install/ament_cmake_pep257:/root/ros2_ws/install/ament_cmake_flake8:/root/ros2_ws/install/ament_cmake_cpplint:/root/ros2_ws/install/ament_cmake_cppcheck:/root/ros2_ws/install/ament_cmake_copyright:/root/ros2_ws/install/ament_cmake:/root/ros2_ws/install/ament_cmake_lint_cmake:/root/ros2_ws/install/ament_cmake_gmock:/root/ros2_ws/install/ament_cmake_gen_version_h:/root/ros2_ws/install/ament_lint_auto:/root/ros2_ws/install/ament_cmake_pytest:/root/ros2_ws/install/ament_cmake_gtest:/root/ros2_ws/install/ament_cmake_test:/root/ros2_ws/install/ament_cmake_target_dependencies:/root/ros2_ws/install/ament_cmake_export_targets:/root/ros2_ws/install/ament_cmake_export_interfaces:/root/ros2_ws/install/ament_cmake_export_dependencies:/root/ros2_ws/install/ament_cmake_version:/root/ros2_ws/install/ament_cmake_python:/root/ros2_ws/install/ament_cmake_libraries:/root/ros2_ws/install/ament_cmake_include_directories:/root/ros2_ws/install/ament_cmake_export_link_flags:/root/ros2_ws/install/ament_cmake_export_libraries:/root/ros2_ws/install/ament_cmake_export_include_directories:/root/ros2_ws/install/ament_cmake_export_definitions:/root/ros2_ws/install/gmock_vendor:/root/ros2_ws/install/ament_cmake_core:/root/ros2_ws/install/gtest_vendor:/opt/ros/humble PATH=/root/ros2_ws/install/ament_uncrustify/bin:/root/ros2_ws/install/ament_xmllint/bin:/root/ros2_ws/install/ament_lint_cmake/bin:/root/ros2_ws/install/ament_cpplint/bin:/root/ros2_ws/install/ament_copyright/bin:/root/ros2_ws/install/ament_pep257/bin:/root/ros2_ws/install/ament_flake8/bin:/root/ros2_ws/install/ament_pycodestyle/bin:/root/ros2_ws/install/ament_cppcheck/bin:${PATH} PKG_CONFIG_PATH=/root/ros2_ws/install/gmock_vendor/lib/x86_64-linux-gnu/pkgconfig:/root/ros2_ws/install/gmock_vendor/lib/pkgconfig:/root/ros2_ws/install/gtest_vendor/lib/x86_64-linux-gnu/pkgconfig:/root/ros2_ws/install/gtest_vendor/lib/pkgconfig PYTHONPATH=/root/ros2_ws/build/ament_uncrustify:/root/ros2_ws/install/ament_uncrustify/lib/python3.10/site-packages:/root/ros2_ws/build/domain_coordinator:/root/ros2_ws/install/domain_coordinator/lib/python3.10/site-packages:/root/ros2_ws/build/ament_xmllint:/root/ros2_ws/install/ament_xmllint/lib/python3.10/site-packages:/root/ros2_ws/build/ament_lint_cmake:/root/ros2_ws/install/ament_lint_cmake/lib/python3.10/site-packages:/root/ros2_ws/build/ament_cpplint:/root/ros2_ws/install/ament_cpplint/lib/python3.10/site-packages:/root/ros2_ws/build/ament_copyright:/root/ros2_ws/install/ament_copyright/lib/python3.10/site-packages:/root/ros2_ws/install/ament_cmake_test/local/lib/python3.10/dist-packages:/root/ros2_ws/build/ament_pep257:/root/ros2_ws/install/ament_pep257/lib/python3.10/site-packages:/root/ros2_ws/build/ament_flake8:/root/ros2_ws/install/ament_flake8/lib/python3.10/site-packages:/root/ros2_ws/build/ament_pycodestyle:/root/ros2_ws/install/ament_pycodestyle/lib/python3.10/site-packages:/root/ros2_ws/build/ament_package:/root/ros2_ws/install/ament_package/lib/python3.10/site-packages:/root/ros2_ws/build/ament_lint:/root/ros2_ws/install/ament_lint/lib/python3.10/site-packages:/root/ros2_ws/build/ament_cppcheck:/root/ros2_ws/install/ament_cppcheck/lib/python3.10/site-packages:${PYTHONPATH} /usr/bin/cmake --install /root/ros2_ws/build/rcpputils
