[0.037s] Invoking command in '/root/ros2_ws/build/ament_cmake_include_directories': AMENT_PREFIX_PATH=/root/ros2_ws/install/ament_cmake_core:/root/ros2_ws/install/ament_package:${AMENT_PREFIX_PATH} CMAKE_PREFIX_PATH=/root/ros2_ws/install/ament_cmake_core:/opt/ros/humble PYTHONPATH=/root/ros2_ws/build/ament_package:/root/ros2_ws/install/ament_package/lib/python3.10/site-packages:${PYTHONPATH} /usr/bin/cmake /root/ros2_ws/src/ament/ament_cmake/ament_cmake_include_directories -DAMENT_CMAKE_SYMLINK_INSTALL=1 -DCMAKE_INSTALL_PREFIX=/root/ros2_ws/install/ament_cmake_include_directories
[0.052s] -- Found ament_cmake_core: 1.3.14 (/root/ros2_ws/install/ament_cmake_core/share/ament_cmake_core/cmake)
[0.250s] -- Found Python3: /usr/bin/python3 (found version "3.10.12") found components: Interpreter 
[0.366s] -- Override CMake install command with custom implementation using symlinks instead of copying resources
[0.426s] -- Configuring done
[0.432s] -- Generating done
[0.435s] -- Build files have been written to: /root/ros2_ws/build/ament_cmake_include_directories
[0.435s] Invoked command in '/root/ros2_ws/build/ament_cmake_include_directories' returned '0': AMENT_PREFIX_PATH=/root/ros2_ws/install/ament_cmake_core:/root/ros2_ws/install/ament_package:${AMENT_PREFIX_PATH} CMAKE_PREFIX_PATH=/root/ros2_ws/install/ament_cmake_core:/opt/ros/humble PYTHONPATH=/root/ros2_ws/build/ament_package:/root/ros2_ws/install/ament_package/lib/python3.10/site-packages:${PYTHONPATH} /usr/bin/cmake /root/ros2_ws/src/ament/ament_cmake/ament_cmake_include_directories -DAMENT_CMAKE_SYMLINK_INSTALL=1 -DCMAKE_INSTALL_PREFIX=/root/ros2_ws/install/ament_cmake_include_directories
[0.436s] Invoking command in '/root/ros2_ws/build/ament_cmake_include_directories': AMENT_PREFIX_PATH=/root/ros2_ws/install/ament_cmake_core:/root/ros2_ws/install/ament_package:${AMENT_PREFIX_PATH} CMAKE_PREFIX_PATH=/root/ros2_ws/install/ament_cmake_core:/opt/ros/humble PYTHONPATH=/root/ros2_ws/build/ament_package:/root/ros2_ws/install/ament_package/lib/python3.10/site-packages:${PYTHONPATH} /usr/bin/cmake --build /root/ros2_ws/build/ament_cmake_include_directories -- -j16 -l16
[0.479s] Invoked command in '/root/ros2_ws/build/ament_cmake_include_directories' returned '0': AMENT_PREFIX_PATH=/root/ros2_ws/install/ament_cmake_core:/root/ros2_ws/install/ament_package:${AMENT_PREFIX_PATH} CMAKE_PREFIX_PATH=/root/ros2_ws/install/ament_cmake_core:/opt/ros/humble PYTHONPATH=/root/ros2_ws/build/ament_package:/root/ros2_ws/install/ament_package/lib/python3.10/site-packages:${PYTHONPATH} /usr/bin/cmake --build /root/ros2_ws/build/ament_cmake_include_directories -- -j16 -l16
[0.481s] Invoking command in '/root/ros2_ws/build/ament_cmake_include_directories': AMENT_PREFIX_PATH=/root/ros2_ws/install/ament_cmake_core:/root/ros2_ws/install/ament_package:${AMENT_PREFIX_PATH} CMAKE_PREFIX_PATH=/root/ros2_ws/install/ament_cmake_core:/opt/ros/humble PYTHONPATH=/root/ros2_ws/build/ament_package:/root/ros2_ws/install/ament_package/lib/python3.10/site-packages:${PYTHONPATH} /usr/bin/cmake --install /root/ros2_ws/build/ament_cmake_include_directories
[0.493s] -- Install configuration: ""
[0.493s] -- Execute custom install script
[0.493s] -- Symlinking: /root/ros2_ws/install/ament_cmake_include_directories/share/ament_index/resource_index/package_run_dependencies/ament_cmake_include_directories
[0.497s] -- Symlinking: /root/ros2_ws/install/ament_cmake_include_directories/share/ament_index/resource_index/parent_prefix_path/ament_cmake_include_directories
[0.508s] -- Symlinking: /root/ros2_ws/install/ament_cmake_include_directories/share/ament_cmake_include_directories/environment/ament_prefix_path.sh
[0.516s] -- Symlinking: /root/ros2_ws/install/ament_cmake_include_directories/share/ament_cmake_include_directories/environment/ament_prefix_path.dsv
[0.520s] -- Symlinking: /root/ros2_ws/install/ament_cmake_include_directories/share/ament_cmake_include_directories/environment/path.sh
[0.529s] -- Symlinking: /root/ros2_ws/install/ament_cmake_include_directories/share/ament_cmake_include_directories/environment/path.dsv
[0.537s] -- Symlinking: /root/ros2_ws/install/ament_cmake_include_directories/share/ament_cmake_include_directories/local_setup.bash
[0.545s] -- Symlinking: /root/ros2_ws/install/ament_cmake_include_directories/share/ament_cmake_include_directories/local_setup.sh
[0.554s] -- Symlinking: /root/ros2_ws/install/ament_cmake_include_directories/share/ament_cmake_include_directories/local_setup.zsh
[0.562s] -- Symlinking: /root/ros2_ws/install/ament_cmake_include_directories/share/ament_cmake_include_directories/local_setup.dsv
[0.570s] -- Symlinking: /root/ros2_ws/install/ament_cmake_include_directories/share/ament_cmake_include_directories/package.dsv
[0.578s] -- Symlinking: /root/ros2_ws/install/ament_cmake_include_directories/share/ament_index/resource_index/packages/ament_cmake_include_directories
[0.586s] -- Symlinking: /root/ros2_ws/install/ament_cmake_include_directories/share/ament_cmake_include_directories/cmake/ament_cmake_include_directories-extras.cmake
[0.593s] -- Symlinking: /root/ros2_ws/install/ament_cmake_include_directories/share/ament_cmake_include_directories/cmake/ament_cmake_include_directoriesConfig.cmake
[0.601s] -- Symlinking: /root/ros2_ws/install/ament_cmake_include_directories/share/ament_cmake_include_directories/cmake/ament_cmake_include_directoriesConfig-version.cmake
[0.609s] -- Symlinking: /root/ros2_ws/install/ament_cmake_include_directories/share/ament_cmake_include_directories/package.xml
[0.618s] -- Symlinking: /root/ros2_ws/install/ament_cmake_include_directories/share/ament_cmake_include_directories/cmake/ament_include_directories_order.cmake
[0.629s] Invoked command in '/root/ros2_ws/build/ament_cmake_include_directories' returned '0': AMENT_PREFIX_PATH=/root/ros2_ws/install/ament_cmake_core:/root/ros2_ws/install/ament_package:${AMENT_PREFIX_PATH} CMAKE_PREFIX_PATH=/root/ros2_ws/install/ament_cmake_core:/opt/ros/humble PYTHONPATH=/root/ros2_ws/build/ament_package:/root/ros2_ws/install/ament_package/lib/python3.10/site-packages:${PYTHONPATH} /usr/bin/cmake --install /root/ros2_ws/build/ament_cmake_include_directories
