[0.041s] Invoking command in '/root/ros2_ws/build/ament_cmake_export_libraries': AMENT_PREFIX_PATH=/root/ros2_ws/install/ament_cmake_core:/root/ros2_ws/install/ament_package:${AMENT_PREFIX_PATH} CMAKE_PREFIX_PATH=/root/ros2_ws/install/ament_cmake_core:/opt/ros/humble PYTHONPATH=/root/ros2_ws/build/ament_package:/root/ros2_ws/install/ament_package/lib/python3.10/site-packages:${PYTHONPATH} /usr/bin/cmake /root/ros2_ws/src/ament/ament_cmake/ament_cmake_export_libraries -DAMENT_CMAKE_SYMLINK_INSTALL=1 -DCMAKE_INSTALL_PREFIX=/root/ros2_ws/install/ament_cmake_export_libraries
[0.060s] -- Found ament_cmake_core: 1.3.14 (/root/ros2_ws/install/ament_cmake_core/share/ament_cmake_core/cmake)
[0.270s] -- Found Python3: /usr/bin/python3 (found version "3.10.12") found components: Interpreter 
[0.374s] -- Override CMake install command with custom implementation using symlinks instead of copying resources
[0.454s] -- Configuring done
[0.461s] -- Generating done
[0.461s] -- Build files have been written to: /root/ros2_ws/build/ament_cmake_export_libraries
[0.462s] Invoked command in '/root/ros2_ws/build/ament_cmake_export_libraries' returned '0': AMENT_PREFIX_PATH=/root/ros2_ws/install/ament_cmake_core:/root/ros2_ws/install/ament_package:${AMENT_PREFIX_PATH} CMAKE_PREFIX_PATH=/root/ros2_ws/install/ament_cmake_core:/opt/ros/humble PYTHONPATH=/root/ros2_ws/build/ament_package:/root/ros2_ws/install/ament_package/lib/python3.10/site-packages:${PYTHONPATH} /usr/bin/cmake /root/ros2_ws/src/ament/ament_cmake/ament_cmake_export_libraries -DAMENT_CMAKE_SYMLINK_INSTALL=1 -DCMAKE_INSTALL_PREFIX=/root/ros2_ws/install/ament_cmake_export_libraries
[0.463s] Invoking command in '/root/ros2_ws/build/ament_cmake_export_libraries': AMENT_PREFIX_PATH=/root/ros2_ws/install/ament_cmake_core:/root/ros2_ws/install/ament_package:${AMENT_PREFIX_PATH} CMAKE_PREFIX_PATH=/root/ros2_ws/install/ament_cmake_core:/opt/ros/humble PYTHONPATH=/root/ros2_ws/build/ament_package:/root/ros2_ws/install/ament_package/lib/python3.10/site-packages:${PYTHONPATH} /usr/bin/cmake --build /root/ros2_ws/build/ament_cmake_export_libraries -- -j16 -l16
[0.497s] Invoked command in '/root/ros2_ws/build/ament_cmake_export_libraries' returned '0': AMENT_PREFIX_PATH=/root/ros2_ws/install/ament_cmake_core:/root/ros2_ws/install/ament_package:${AMENT_PREFIX_PATH} CMAKE_PREFIX_PATH=/root/ros2_ws/install/ament_cmake_core:/opt/ros/humble PYTHONPATH=/root/ros2_ws/build/ament_package:/root/ros2_ws/install/ament_package/lib/python3.10/site-packages:${PYTHONPATH} /usr/bin/cmake --build /root/ros2_ws/build/ament_cmake_export_libraries -- -j16 -l16
[0.498s] Invoking command in '/root/ros2_ws/build/ament_cmake_export_libraries': AMENT_PREFIX_PATH=/root/ros2_ws/install/ament_cmake_core:/root/ros2_ws/install/ament_package:${AMENT_PREFIX_PATH} CMAKE_PREFIX_PATH=/root/ros2_ws/install/ament_cmake_core:/opt/ros/humble PYTHONPATH=/root/ros2_ws/build/ament_package:/root/ros2_ws/install/ament_package/lib/python3.10/site-packages:${PYTHONPATH} /usr/bin/cmake --install /root/ros2_ws/build/ament_cmake_export_libraries
[0.505s] -- Install configuration: ""
[0.506s] -- Execute custom install script
[0.506s] -- Symlinking: /root/ros2_ws/install/ament_cmake_export_libraries/share/ament_index/resource_index/package_run_dependencies/ament_cmake_export_libraries
[0.516s] -- Symlinking: /root/ros2_ws/install/ament_cmake_export_libraries/share/ament_index/resource_index/parent_prefix_path/ament_cmake_export_libraries
[0.525s] -- Symlinking: /root/ros2_ws/install/ament_cmake_export_libraries/share/ament_cmake_export_libraries/environment/ament_prefix_path.sh
[0.529s] -- Symlinking: /root/ros2_ws/install/ament_cmake_export_libraries/share/ament_cmake_export_libraries/environment/ament_prefix_path.dsv
[0.537s] -- Symlinking: /root/ros2_ws/install/ament_cmake_export_libraries/share/ament_cmake_export_libraries/environment/path.sh
[0.545s] -- Symlinking: /root/ros2_ws/install/ament_cmake_export_libraries/share/ament_cmake_export_libraries/environment/path.dsv
[0.554s] -- Symlinking: /root/ros2_ws/install/ament_cmake_export_libraries/share/ament_cmake_export_libraries/local_setup.bash
[0.564s] -- Symlinking: /root/ros2_ws/install/ament_cmake_export_libraries/share/ament_cmake_export_libraries/local_setup.sh
[0.570s] -- Symlinking: /root/ros2_ws/install/ament_cmake_export_libraries/share/ament_cmake_export_libraries/local_setup.zsh
[0.578s] -- Symlinking: /root/ros2_ws/install/ament_cmake_export_libraries/share/ament_cmake_export_libraries/local_setup.dsv
[0.588s] -- Symlinking: /root/ros2_ws/install/ament_cmake_export_libraries/share/ament_cmake_export_libraries/package.dsv
[0.595s] -- Symlinking: /root/ros2_ws/install/ament_cmake_export_libraries/share/ament_index/resource_index/packages/ament_cmake_export_libraries
[0.603s] -- Symlinking: /root/ros2_ws/install/ament_cmake_export_libraries/share/ament_cmake_export_libraries/cmake/ament_cmake_export_libraries-extras.cmake
[0.613s] -- Symlinking: /root/ros2_ws/install/ament_cmake_export_libraries/share/ament_cmake_export_libraries/cmake/ament_cmake_export_librariesConfig.cmake
[0.621s] -- Symlinking: /root/ros2_ws/install/ament_cmake_export_libraries/share/ament_cmake_export_libraries/cmake/ament_cmake_export_librariesConfig-version.cmake
[0.631s] -- Symlinking: /root/ros2_ws/install/ament_cmake_export_libraries/share/ament_cmake_export_libraries/package.xml
[0.656s] -- Symlinking: /root/ros2_ws/install/ament_cmake_export_libraries/share/ament_cmake_export_libraries/cmake/ament_cmake_export_libraries-extras.cmake.in
[0.656s] -- Symlinking: /root/ros2_ws/install/ament_cmake_export_libraries/share/ament_cmake_export_libraries/cmake/ament_cmake_export_libraries_package_hook.cmake
[0.657s] -- Symlinking: /root/ros2_ws/install/ament_cmake_export_libraries/share/ament_cmake_export_libraries/cmake/ament_export_libraries.cmake
[0.690s] -- Symlinking: /root/ros2_ws/install/ament_cmake_export_libraries/share/ament_cmake_export_libraries/cmake/ament_export_library_names.cmake
[0.723s] Invoked command in '/root/ros2_ws/build/ament_cmake_export_libraries' returned '0': AMENT_PREFIX_PATH=/root/ros2_ws/install/ament_cmake_core:/root/ros2_ws/install/ament_package:${AMENT_PREFIX_PATH} CMAKE_PREFIX_PATH=/root/ros2_ws/install/ament_cmake_core:/opt/ros/humble PYTHONPATH=/root/ros2_ws/build/ament_package:/root/ros2_ws/install/ament_package/lib/python3.10/site-packages:${PYTHONPATH} /usr/bin/cmake --install /root/ros2_ws/build/ament_cmake_export_libraries
