[0.033s] Invoking command in '/root/ros2_ws/build/ament_cmake_export_link_flags': AMENT_PREFIX_PATH=/root/ros2_ws/install/ament_cmake_core:/root/ros2_ws/install/ament_package:${AMENT_PREFIX_PATH} CMAKE_PREFIX_PATH=/root/ros2_ws/install/ament_cmake_core:/opt/ros/humble PYTHONPATH=/root/ros2_ws/build/ament_package:/root/ros2_ws/install/ament_package/lib/python3.10/site-packages:${PYTHONPATH} /usr/bin/cmake --build /root/ros2_ws/build/ament_cmake_export_link_flags -- -j16 -l16
[0.103s] Invoked command in '/root/ros2_ws/build/ament_cmake_export_link_flags' returned '0': AMENT_PREFIX_PATH=/root/ros2_ws/install/ament_cmake_core:/root/ros2_ws/install/ament_package:${AMENT_PREFIX_PATH} CMAKE_PREFIX_PATH=/root/ros2_ws/install/ament_cmake_core:/opt/ros/humble PYTHONPATH=/root/ros2_ws/build/ament_package:/root/ros2_ws/install/ament_package/lib/python3.10/site-packages:${PYTHONPATH} /usr/bin/cmake --build /root/ros2_ws/build/ament_cmake_export_link_flags -- -j16 -l16
[0.103s] Invoking command in '/root/ros2_ws/build/ament_cmake_export_link_flags': AMENT_PREFIX_PATH=/root/ros2_ws/install/ament_cmake_core:/root/ros2_ws/install/ament_package:${AMENT_PREFIX_PATH} CMAKE_PREFIX_PATH=/root/ros2_ws/install/ament_cmake_core:/opt/ros/humble PYTHONPATH=/root/ros2_ws/build/ament_package:/root/ros2_ws/install/ament_package/lib/python3.10/site-packages:${PYTHONPATH} /usr/bin/cmake --install /root/ros2_ws/build/ament_cmake_export_link_flags
[0.116s] -- Install configuration: ""
[0.117s] -- Execute custom install script
[0.117s] -- Up-to-date symlink: /root/ros2_ws/install/ament_cmake_export_link_flags/share/ament_index/resource_index/package_run_dependencies/ament_cmake_export_link_flags
[0.117s] -- Up-to-date symlink: /root/ros2_ws/install/ament_cmake_export_link_flags/share/ament_index/resource_index/parent_prefix_path/ament_cmake_export_link_flags
[0.117s] -- Up-to-date symlink: /root/ros2_ws/install/ament_cmake_export_link_flags/share/ament_cmake_export_link_flags/environment/ament_prefix_path.sh
[0.117s] -- Up-to-date symlink: /root/ros2_ws/install/ament_cmake_export_link_flags/share/ament_cmake_export_link_flags/environment/ament_prefix_path.dsv
[0.117s] -- Up-to-date symlink: /root/ros2_ws/install/ament_cmake_export_link_flags/share/ament_cmake_export_link_flags/environment/path.sh
[0.117s] -- Up-to-date symlink: /root/ros2_ws/install/ament_cmake_export_link_flags/share/ament_cmake_export_link_flags/environment/path.dsv
[0.117s] -- Up-to-date symlink: /root/ros2_ws/install/ament_cmake_export_link_flags/share/ament_cmake_export_link_flags/local_setup.bash
[0.117s] -- Up-to-date symlink: /root/ros2_ws/install/ament_cmake_export_link_flags/share/ament_cmake_export_link_flags/local_setup.sh
[0.117s] -- Up-to-date symlink: /root/ros2_ws/install/ament_cmake_export_link_flags/share/ament_cmake_export_link_flags/local_setup.zsh
[0.117s] -- Up-to-date symlink: /root/ros2_ws/install/ament_cmake_export_link_flags/share/ament_cmake_export_link_flags/local_setup.dsv
[0.117s] -- Symlinking: /root/ros2_ws/install/ament_cmake_export_link_flags/share/ament_cmake_export_link_flags/package.dsv
[0.117s] -- Up-to-date symlink: /root/ros2_ws/install/ament_cmake_export_link_flags/share/ament_index/resource_index/packages/ament_cmake_export_link_flags
[0.117s] -- Up-to-date symlink: /root/ros2_ws/install/ament_cmake_export_link_flags/share/ament_cmake_export_link_flags/cmake/ament_cmake_export_link_flags-extras.cmake
[0.117s] -- Up-to-date symlink: /root/ros2_ws/install/ament_cmake_export_link_flags/share/ament_cmake_export_link_flags/cmake/ament_cmake_export_link_flagsConfig.cmake
[0.117s] -- Up-to-date symlink: /root/ros2_ws/install/ament_cmake_export_link_flags/share/ament_cmake_export_link_flags/cmake/ament_cmake_export_link_flagsConfig-version.cmake
[0.117s] -- Up-to-date symlink: /root/ros2_ws/install/ament_cmake_export_link_flags/share/ament_cmake_export_link_flags/package.xml
[0.117s] -- Up-to-date symlink: /root/ros2_ws/install/ament_cmake_export_link_flags/share/ament_cmake_export_link_flags/cmake/ament_cmake_export_link_flags-extras.cmake.in
[0.117s] -- Up-to-date symlink: /root/ros2_ws/install/ament_cmake_export_link_flags/share/ament_cmake_export_link_flags/cmake/ament_cmake_export_link_flags_package_hook.cmake
[0.117s] -- Up-to-date symlink: /root/ros2_ws/install/ament_cmake_export_link_flags/share/ament_cmake_export_link_flags/cmake/ament_export_link_flags.cmake
[0.153s] Invoked command in '/root/ros2_ws/build/ament_cmake_export_link_flags' returned '0': AMENT_PREFIX_PATH=/root/ros2_ws/install/ament_cmake_core:/root/ros2_ws/install/ament_package:${AMENT_PREFIX_PATH} CMAKE_PREFIX_PATH=/root/ros2_ws/install/ament_cmake_core:/opt/ros/humble PYTHONPATH=/root/ros2_ws/build/ament_package:/root/ros2_ws/install/ament_package/lib/python3.10/site-packages:${PYTHONPATH} /usr/bin/cmake --install /root/ros2_ws/build/ament_cmake_export_link_flags
