[0.039s] Invoking command in '/root/ros2_ws/build/ament_cmake_export_targets': AMENT_PREFIX_PATH=/root/ros2_ws/install/ament_cmake_export_libraries:/root/ros2_ws/install/ament_cmake_core:/root/ros2_ws/install/ament_package:${AMENT_PREFIX_PATH} CMAKE_PREFIX_PATH=/root/ros2_ws/install/ament_cmake_export_libraries:/root/ros2_ws/install/ament_cmake_core:/opt/ros/humble PYTHONPATH=/root/ros2_ws/build/ament_package:/root/ros2_ws/install/ament_package/lib/python3.10/site-packages:${PYTHONPATH} /usr/bin/cmake /root/ros2_ws/src/ament/ament_cmake/ament_cmake_export_targets -DAMENT_CMAKE_SYMLINK_INSTALL=1 -DCMAKE_INSTALL_PREFIX=/root/ros2_ws/install/ament_cmake_export_targets
[0.296s] -- Found ament_cmake_core: 1.3.14 (/root/ros2_ws/install/ament_cmake_core/share/ament_cmake_core/cmake)
[0.297s] -- Found Python3: /usr/bin/python3 (found version "3.10.12") found components: Interpreter 
[0.297s] -- Override CMake install command with custom implementation using symlinks instead of copying resources
[0.318s] -- Configuring done
[0.320s] -- Generating done
[0.322s] -- Build files have been written to: /root/ros2_ws/build/ament_cmake_export_targets
[0.327s] Invoked command in '/root/ros2_ws/build/ament_cmake_export_targets' returned '0': AMENT_PREFIX_PATH=/root/ros2_ws/install/ament_cmake_export_libraries:/root/ros2_ws/install/ament_cmake_core:/root/ros2_ws/install/ament_package:${AMENT_PREFIX_PATH} CMAKE_PREFIX_PATH=/root/ros2_ws/install/ament_cmake_export_libraries:/root/ros2_ws/install/ament_cmake_core:/opt/ros/humble PYTHONPATH=/root/ros2_ws/build/ament_package:/root/ros2_ws/install/ament_package/lib/python3.10/site-packages:${PYTHONPATH} /usr/bin/cmake /root/ros2_ws/src/ament/ament_cmake/ament_cmake_export_targets -DAMENT_CMAKE_SYMLINK_INSTALL=1 -DCMAKE_INSTALL_PREFIX=/root/ros2_ws/install/ament_cmake_export_targets
[0.328s] Invoking command in '/root/ros2_ws/build/ament_cmake_export_targets': AMENT_PREFIX_PATH=/root/ros2_ws/install/ament_cmake_export_libraries:/root/ros2_ws/install/ament_cmake_core:/root/ros2_ws/install/ament_package:${AMENT_PREFIX_PATH} CMAKE_PREFIX_PATH=/root/ros2_ws/install/ament_cmake_export_libraries:/root/ros2_ws/install/ament_cmake_core:/opt/ros/humble PYTHONPATH=/root/ros2_ws/build/ament_package:/root/ros2_ws/install/ament_package/lib/python3.10/site-packages:${PYTHONPATH} /usr/bin/cmake --build /root/ros2_ws/build/ament_cmake_export_targets -- -j16 -l16
[0.360s] Invoked command in '/root/ros2_ws/build/ament_cmake_export_targets' returned '0': AMENT_PREFIX_PATH=/root/ros2_ws/install/ament_cmake_export_libraries:/root/ros2_ws/install/ament_cmake_core:/root/ros2_ws/install/ament_package:${AMENT_PREFIX_PATH} CMAKE_PREFIX_PATH=/root/ros2_ws/install/ament_cmake_export_libraries:/root/ros2_ws/install/ament_cmake_core:/opt/ros/humble PYTHONPATH=/root/ros2_ws/build/ament_package:/root/ros2_ws/install/ament_package/lib/python3.10/site-packages:${PYTHONPATH} /usr/bin/cmake --build /root/ros2_ws/build/ament_cmake_export_targets -- -j16 -l16
[0.361s] Invoking command in '/root/ros2_ws/build/ament_cmake_export_targets': AMENT_PREFIX_PATH=/root/ros2_ws/install/ament_cmake_export_libraries:/root/ros2_ws/install/ament_cmake_core:/root/ros2_ws/install/ament_package:${AMENT_PREFIX_PATH} CMAKE_PREFIX_PATH=/root/ros2_ws/install/ament_cmake_export_libraries:/root/ros2_ws/install/ament_cmake_core:/opt/ros/humble PYTHONPATH=/root/ros2_ws/build/ament_package:/root/ros2_ws/install/ament_package/lib/python3.10/site-packages:${PYTHONPATH} /usr/bin/cmake --install /root/ros2_ws/build/ament_cmake_export_targets
[0.367s] -- Install configuration: ""
[0.367s] -- Execute custom install script
[0.368s] -- Symlinking: /root/ros2_ws/install/ament_cmake_export_targets/share/ament_index/resource_index/package_run_dependencies/ament_cmake_export_targets
[0.372s] -- Symlinking: /root/ros2_ws/install/ament_cmake_export_targets/share/ament_index/resource_index/parent_prefix_path/ament_cmake_export_targets
[0.380s] -- Symlinking: /root/ros2_ws/install/ament_cmake_export_targets/share/ament_cmake_export_targets/environment/ament_prefix_path.sh
[0.385s] -- Symlinking: /root/ros2_ws/install/ament_cmake_export_targets/share/ament_cmake_export_targets/environment/ament_prefix_path.dsv
[0.392s] -- Symlinking: /root/ros2_ws/install/ament_cmake_export_targets/share/ament_cmake_export_targets/environment/path.sh
[0.401s] -- Symlinking: /root/ros2_ws/install/ament_cmake_export_targets/share/ament_cmake_export_targets/environment/path.dsv
[0.409s] -- Symlinking: /root/ros2_ws/install/ament_cmake_export_targets/share/ament_cmake_export_targets/local_setup.bash
[0.417s] -- Symlinking: /root/ros2_ws/install/ament_cmake_export_targets/share/ament_cmake_export_targets/local_setup.sh
[0.426s] -- Symlinking: /root/ros2_ws/install/ament_cmake_export_targets/share/ament_cmake_export_targets/local_setup.zsh
[0.434s] -- Symlinking: /root/ros2_ws/install/ament_cmake_export_targets/share/ament_cmake_export_targets/local_setup.dsv
[0.443s] -- Symlinking: /root/ros2_ws/install/ament_cmake_export_targets/share/ament_cmake_export_targets/package.dsv
[0.448s] -- Symlinking: /root/ros2_ws/install/ament_cmake_export_targets/share/ament_index/resource_index/packages/ament_cmake_export_targets
[0.460s] -- Symlinking: /root/ros2_ws/install/ament_cmake_export_targets/share/ament_cmake_export_targets/cmake/ament_cmake_export_targets-extras.cmake
[0.473s] -- Symlinking: /root/ros2_ws/install/ament_cmake_export_targets/share/ament_cmake_export_targets/cmake/ament_cmake_export_targetsConfig.cmake
[0.473s] -- Symlinking: /root/ros2_ws/install/ament_cmake_export_targets/share/ament_cmake_export_targets/cmake/ament_cmake_export_targetsConfig-version.cmake
[0.477s] -- Symlinking: /root/ros2_ws/install/ament_cmake_export_targets/share/ament_cmake_export_targets/package.xml
[0.485s] -- Symlinking: /root/ros2_ws/install/ament_cmake_export_targets/share/ament_cmake_export_targets/cmake/ament_cmake_export_targets-extras.cmake.in
[0.490s] -- Symlinking: /root/ros2_ws/install/ament_cmake_export_targets/share/ament_cmake_export_targets/cmake/ament_cmake_export_targets_package_hook.cmake
[0.507s] -- Symlinking: /root/ros2_ws/install/ament_cmake_export_targets/share/ament_cmake_export_targets/cmake/ament_export_targets.cmake
[0.509s] Invoked command in '/root/ros2_ws/build/ament_cmake_export_targets' returned '0': AMENT_PREFIX_PATH=/root/ros2_ws/install/ament_cmake_export_libraries:/root/ros2_ws/install/ament_cmake_core:/root/ros2_ws/install/ament_package:${AMENT_PREFIX_PATH} CMAKE_PREFIX_PATH=/root/ros2_ws/install/ament_cmake_export_libraries:/root/ros2_ws/install/ament_cmake_core:/opt/ros/humble PYTHONPATH=/root/ros2_ws/build/ament_package:/root/ros2_ws/install/ament_package/lib/python3.10/site-packages:${PYTHONPATH} /usr/bin/cmake --install /root/ros2_ws/build/ament_cmake_export_targets
