running develop
running egg_info
creating ament_index_python.egg-info
writing ament_index_python.egg-info/PKG-INFO
writing dependency_links to ament_index_python.egg-info/dependency_links.txt
writing entry points to ament_index_python.egg-info/entry_points.txt
writing requirements to ament_index_python.egg-info/requires.txt
writing top-level names to ament_index_python.egg-info/top_level.txt
writing manifest file 'ament_index_python.egg-info/SOURCES.txt'
reading manifest file 'ament_index_python.egg-info/SOURCES.txt'
writing manifest file 'ament_index_python.egg-info/SOURCES.txt'
running build_ext
Creating /root/ros2_ws/install/ament_index_python/lib/python3.10/site-packages/ament-index-python.egg-link (link to .)
Installing ament_index script to /root/ros2_ws/install/ament_index_python/bin

Installed /root/ros2_ws/build/ament_index_python
running symlink_data
symbolically linking /root/ros2_ws/build/ament_index_python/package.xml -> /root/ros2_ws/install/ament_index_python/share/ament_index_python
creating /root/ros2_ws/install/ament_index_python/share/ament_index_python/environment
symbolically linking /root/ros2_ws/build/ament_index_python/completion/ament_index-argcomplete.bash -> /root/ros2_ws/install/ament_index_python/share/ament_index_python/environment
symbolically linking /root/ros2_ws/build/ament_index_python/completion/ament_index-argcomplete.zsh -> /root/ros2_ws/install/ament_index_python/share/ament_index_python/environment
creating /root/ros2_ws/install/ament_index_python/share/ament_index
creating /root/ros2_ws/install/ament_index_python/share/ament_index/resource_index
creating /root/ros2_ws/install/ament_index_python/share/ament_index/resource_index/packages
symbolically linking /root/ros2_ws/build/ament_index_python/resource/ament_index_python -> /root/ros2_ws/install/ament_index_python/share/ament_index/resource_index/packages
