[1.117s] Invoking command in '/root/ros2_ws/build/ament_index_python': AMENT_PREFIX_PATH=/root/ros2_ws/install/ament_copyright:/root/ros2_ws/install/ament_pep257:/root/ros2_ws/install/ament_flake8:/root/ros2_ws/install/ament_lint:${AMENT_PREFIX_PATH} PATH=/root/ros2_ws/install/ament_copyright/bin:/root/ros2_ws/install/ament_pep257/bin:/root/ros2_ws/install/ament_flake8/bin:${PATH} PYTHONPATH=/root/ros2_ws/build/ament_index_python/prefix_override:/usr/lib/python3/dist-packages/colcon_core/task/python/colcon_distutils_commands:/root/ros2_ws/install/ament_index_python/lib/python3.10/site-packages:/root/ros2_ws/build/ament_copyright:/root/ros2_ws/install/ament_copyright/lib/python3.10/site-packages:/root/ros2_ws/build/ament_pep257:/root/ros2_ws/install/ament_pep257/lib/python3.10/site-packages:/root/ros2_ws/build/ament_flake8:/root/ros2_ws/install/ament_flake8/lib/python3.10/site-packages:/root/ros2_ws/build/ament_lint:/root/ros2_ws/install/ament_lint/lib/python3.10/site-packages:${PYTHONPATH} /usr/bin/python3 -W ignore:setup.py install is deprecated -W ignore:easy_install command is deprecated setup.py develop --editable --build-directory /root/ros2_ws/build/ament_index_python/build --no-deps symlink_data
[1.923s] running develop
[2.236s] running egg_info
[2.236s] creating ament_index_python.egg-info
[2.236s] writing ament_index_python.egg-info/PKG-INFO
[2.236s] writing dependency_links to ament_index_python.egg-info/dependency_links.txt
[2.236s] writing entry points to ament_index_python.egg-info/entry_points.txt
[2.237s] writing requirements to ament_index_python.egg-info/requires.txt
[2.237s] writing top-level names to ament_index_python.egg-info/top_level.txt
[2.237s] writing manifest file 'ament_index_python.egg-info/SOURCES.txt'
[2.237s] reading manifest file 'ament_index_python.egg-info/SOURCES.txt'
[2.237s] writing manifest file 'ament_index_python.egg-info/SOURCES.txt'
[2.237s] running build_ext
[2.237s] Creating /root/ros2_ws/install/ament_index_python/lib/python3.10/site-packages/ament-index-python.egg-link (link to .)
[2.237s] Installing ament_index script to /root/ros2_ws/install/ament_index_python/bin
[2.237s] 
[2.237s] Installed /root/ros2_ws/build/ament_index_python
[2.237s] running symlink_data
[2.237s] symbolically linking /root/ros2_ws/build/ament_index_python/package.xml -> /root/ros2_ws/install/ament_index_python/share/ament_index_python
[2.237s] creating /root/ros2_ws/install/ament_index_python/share/ament_index_python/environment
[2.237s] symbolically linking /root/ros2_ws/build/ament_index_python/completion/ament_index-argcomplete.bash -> /root/ros2_ws/install/ament_index_python/share/ament_index_python/environment
[2.237s] symbolically linking /root/ros2_ws/build/ament_index_python/completion/ament_index-argcomplete.zsh -> /root/ros2_ws/install/ament_index_python/share/ament_index_python/environment
[2.237s] creating /root/ros2_ws/install/ament_index_python/share/ament_index
[2.237s] creating /root/ros2_ws/install/ament_index_python/share/ament_index/resource_index
[2.238s] creating /root/ros2_ws/install/ament_index_python/share/ament_index/resource_index/packages
[2.238s] symbolically linking /root/ros2_ws/build/ament_index_python/resource/ament_index_python -> /root/ros2_ws/install/ament_index_python/share/ament_index/resource_index/packages
[2.604s] Invoked command in '/root/ros2_ws/build/ament_index_python' returned '0': AMENT_PREFIX_PATH=/root/ros2_ws/install/ament_copyright:/root/ros2_ws/install/ament_pep257:/root/ros2_ws/install/ament_flake8:/root/ros2_ws/install/ament_lint:${AMENT_PREFIX_PATH} PATH=/root/ros2_ws/install/ament_copyright/bin:/root/ros2_ws/install/ament_pep257/bin:/root/ros2_ws/install/ament_flake8/bin:${PATH} PYTHONPATH=/root/ros2_ws/build/ament_index_python/prefix_override:/usr/lib/python3/dist-packages/colcon_core/task/python/colcon_distutils_commands:/root/ros2_ws/install/ament_index_python/lib/python3.10/site-packages:/root/ros2_ws/build/ament_copyright:/root/ros2_ws/install/ament_copyright/lib/python3.10/site-packages:/root/ros2_ws/build/ament_pep257:/root/ros2_ws/install/ament_pep257/lib/python3.10/site-packages:/root/ros2_ws/build/ament_flake8:/root/ros2_ws/install/ament_flake8/lib/python3.10/site-packages:/root/ros2_ws/build/ament_lint:/root/ros2_ws/install/ament_lint/lib/python3.10/site-packages:${PYTHONPATH} /usr/bin/python3 -W ignore:setup.py install is deprecated -W ignore:easy_install command is deprecated setup.py develop --editable --build-directory /root/ros2_ws/build/ament_index_python/build --no-deps symlink_data
