[0.032s] Invoking command in '/root/ros2_ws/build/ament_cmake_version': AMENT_PREFIX_PATH=/root/ros2_ws/install/ament_cmake_core:/root/ros2_ws/install/ament_package:${AMENT_PREFIX_PATH} CMAKE_PREFIX_PATH=/root/ros2_ws/install/ament_cmake_core:/opt/ros/humble PYTHONPATH=/root/ros2_ws/build/ament_package:/root/ros2_ws/install/ament_package/lib/python3.10/site-packages:${PYTHONPATH} /usr/bin/cmake /root/ros2_ws/src/ament/ament_cmake/ament_cmake_version -DAMENT_CMAKE_SYMLINK_INSTALL=1 -DCMAKE_INSTALL_PREFIX=/root/ros2_ws/install/ament_cmake_version
[0.052s] -- Found ament_cmake_core: 1.3.14 (/root/ros2_ws/install/ament_cmake_core/share/ament_cmake_core/cmake)
[0.262s] -- Found Python3: /usr/bin/python3 (found version "3.10.12") found components: Interpreter 
[0.351s] -- Override CMake install command with custom implementation using symlinks instead of copying resources
[0.437s] -- Configuring done
[0.437s] -- Generating done
[0.438s] -- Build files have been written to: /root/ros2_ws/build/ament_cmake_version
[0.441s] Invoked command in '/root/ros2_ws/build/ament_cmake_version' returned '0': AMENT_PREFIX_PATH=/root/ros2_ws/install/ament_cmake_core:/root/ros2_ws/install/ament_package:${AMENT_PREFIX_PATH} CMAKE_PREFIX_PATH=/root/ros2_ws/install/ament_cmake_core:/opt/ros/humble PYTHONPATH=/root/ros2_ws/build/ament_package:/root/ros2_ws/install/ament_package/lib/python3.10/site-packages:${PYTHONPATH} /usr/bin/cmake /root/ros2_ws/src/ament/ament_cmake/ament_cmake_version -DAMENT_CMAKE_SYMLINK_INSTALL=1 -DCMAKE_INSTALL_PREFIX=/root/ros2_ws/install/ament_cmake_version
[0.442s] Invoking command in '/root/ros2_ws/build/ament_cmake_version': AMENT_PREFIX_PATH=/root/ros2_ws/install/ament_cmake_core:/root/ros2_ws/install/ament_package:${AMENT_PREFIX_PATH} CMAKE_PREFIX_PATH=/root/ros2_ws/install/ament_cmake_core:/opt/ros/humble PYTHONPATH=/root/ros2_ws/build/ament_package:/root/ros2_ws/install/ament_package/lib/python3.10/site-packages:${PYTHONPATH} /usr/bin/cmake --build /root/ros2_ws/build/ament_cmake_version -- -j16 -l16
[0.479s] Invoked command in '/root/ros2_ws/build/ament_cmake_version' returned '0': AMENT_PREFIX_PATH=/root/ros2_ws/install/ament_cmake_core:/root/ros2_ws/install/ament_package:${AMENT_PREFIX_PATH} CMAKE_PREFIX_PATH=/root/ros2_ws/install/ament_cmake_core:/opt/ros/humble PYTHONPATH=/root/ros2_ws/build/ament_package:/root/ros2_ws/install/ament_package/lib/python3.10/site-packages:${PYTHONPATH} /usr/bin/cmake --build /root/ros2_ws/build/ament_cmake_version -- -j16 -l16
[0.480s] Invoking command in '/root/ros2_ws/build/ament_cmake_version': AMENT_PREFIX_PATH=/root/ros2_ws/install/ament_cmake_core:/root/ros2_ws/install/ament_package:${AMENT_PREFIX_PATH} CMAKE_PREFIX_PATH=/root/ros2_ws/install/ament_cmake_core:/opt/ros/humble PYTHONPATH=/root/ros2_ws/build/ament_package:/root/ros2_ws/install/ament_package/lib/python3.10/site-packages:${PYTHONPATH} /usr/bin/cmake --install /root/ros2_ws/build/ament_cmake_version
[0.488s] -- Install configuration: ""
[0.492s] -- Execute custom install script
[0.492s] -- Symlinking: /root/ros2_ws/install/ament_cmake_version/share/ament_index/resource_index/package_run_dependencies/ament_cmake_version
[0.502s] -- Symlinking: /root/ros2_ws/install/ament_cmake_version/share/ament_index/resource_index/parent_prefix_path/ament_cmake_version
[0.508s] -- Symlinking: /root/ros2_ws/install/ament_cmake_version/share/ament_cmake_version/environment/ament_prefix_path.sh
[0.519s] -- Symlinking: /root/ros2_ws/install/ament_cmake_version/share/ament_cmake_version/environment/ament_prefix_path.dsv
[0.527s] -- Symlinking: /root/ros2_ws/install/ament_cmake_version/share/ament_cmake_version/environment/path.sh
[0.537s] -- Symlinking: /root/ros2_ws/install/ament_cmake_version/share/ament_cmake_version/environment/path.dsv
[0.548s] -- Symlinking: /root/ros2_ws/install/ament_cmake_version/share/ament_cmake_version/local_setup.bash
[0.555s] -- Symlinking: /root/ros2_ws/install/ament_cmake_version/share/ament_cmake_version/local_setup.sh
[0.563s] -- Symlinking: /root/ros2_ws/install/ament_cmake_version/share/ament_cmake_version/local_setup.zsh
[0.571s] -- Symlinking: /root/ros2_ws/install/ament_cmake_version/share/ament_cmake_version/local_setup.dsv
[0.578s] -- Symlinking: /root/ros2_ws/install/ament_cmake_version/share/ament_cmake_version/package.dsv
[0.585s] -- Symlinking: /root/ros2_ws/install/ament_cmake_version/share/ament_index/resource_index/packages/ament_cmake_version
[0.594s] -- Symlinking: /root/ros2_ws/install/ament_cmake_version/share/ament_cmake_version/cmake/ament_cmake_version-extras.cmake
[0.602s] -- Symlinking: /root/ros2_ws/install/ament_cmake_version/share/ament_cmake_version/cmake/ament_cmake_versionConfig.cmake
[0.610s] -- Symlinking: /root/ros2_ws/install/ament_cmake_version/share/ament_cmake_version/cmake/ament_cmake_versionConfig-version.cmake
[0.633s] -- Symlinking: /root/ros2_ws/install/ament_cmake_version/share/ament_cmake_version/package.xml
[0.633s] -- Symlinking: /root/ros2_ws/install/ament_cmake_version/share/ament_cmake_version/cmake/ament_export_development_version_if_higher_than_manifest.cmake
[0.675s] Invoked command in '/root/ros2_ws/build/ament_cmake_version' returned '0': AMENT_PREFIX_PATH=/root/ros2_ws/install/ament_cmake_core:/root/ros2_ws/install/ament_package:${AMENT_PREFIX_PATH} CMAKE_PREFIX_PATH=/root/ros2_ws/install/ament_cmake_core:/opt/ros/humble PYTHONPATH=/root/ros2_ws/build/ament_package:/root/ros2_ws/install/ament_package/lib/python3.10/site-packages:${PYTHONPATH} /usr/bin/cmake --install /root/ros2_ws/build/ament_cmake_version
