[100%] Built target iceoryx_binding_c
-- Install configuration: ""
-- Up-to-date: /root/ros2_ws/install/iceoryx_binding_c/lib/libiceoryx_binding_c.so
-- Up-to-date: /root/ros2_ws/install/iceoryx_binding_c/include/iceoryx/v2.0.6
-- Up-to-date: /root/ros2_ws/install/iceoryx_binding_c/include/iceoryx/v2.0.6/iceoryx_binding_c
-- Up-to-date: /root/ros2_ws/install/iceoryx_binding_c/include/iceoryx/v2.0.6/iceoryx_binding_c/api.h
-- Up-to-date: /root/ros2_ws/install/iceoryx_binding_c/include/iceoryx/v2.0.6/iceoryx_binding_c/chunk.h
-- Up-to-date: /root/ros2_ws/install/iceoryx_binding_c/include/iceoryx/v2.0.6/iceoryx_binding_c/client.h
-- Up-to-date: /root/ros2_ws/install/iceoryx_binding_c/include/iceoryx/v2.0.6/iceoryx_binding_c/config.h
-- Up-to-date: /root/ros2_ws/install/iceoryx_binding_c/include/iceoryx/v2.0.6/iceoryx_binding_c/enums.h
-- Up-to-date: /root/ros2_ws/install/iceoryx_binding_c/include/iceoryx/v2.0.6/iceoryx_binding_c/internal
-- Up-to-date: /root/ros2_ws/install/iceoryx_binding_c/include/iceoryx/v2.0.6/iceoryx_binding_c/internal/c2cpp_binding.h
-- Up-to-date: /root/ros2_ws/install/iceoryx_binding_c/include/iceoryx/v2.0.6/iceoryx_binding_c/internal/c2cpp_enum_translation.hpp
-- Up-to-date: /root/ros2_ws/install/iceoryx_binding_c/include/iceoryx/v2.0.6/iceoryx_binding_c/internal/cpp2c_enum_translation.hpp
-- Up-to-date: /root/ros2_ws/install/iceoryx_binding_c/include/iceoryx/v2.0.6/iceoryx_binding_c/internal/cpp2c_publisher.hpp
-- Up-to-date: /root/ros2_ws/install/iceoryx_binding_c/include/iceoryx/v2.0.6/iceoryx_binding_c/internal/cpp2c_service_description_translation.hpp
-- Up-to-date: /root/ros2_ws/install/iceoryx_binding_c/include/iceoryx/v2.0.6/iceoryx_binding_c/internal/cpp2c_subscriber.hpp
-- Up-to-date: /root/ros2_ws/install/iceoryx_binding_c/include/iceoryx/v2.0.6/iceoryx_binding_c/internal/cpp2c_waitset.hpp
-- Up-to-date: /root/ros2_ws/install/iceoryx_binding_c/include/iceoryx/v2.0.6/iceoryx_binding_c/listener.h
-- Up-to-date: /root/ros2_ws/install/iceoryx_binding_c/include/iceoryx/v2.0.6/iceoryx_binding_c/log.h
-- Up-to-date: /root/ros2_ws/install/iceoryx_binding_c/include/iceoryx/v2.0.6/iceoryx_binding_c/node.h
-- Up-to-date: /root/ros2_ws/install/iceoryx_binding_c/include/iceoryx/v2.0.6/iceoryx_binding_c/notification_info.h
-- Up-to-date: /root/ros2_ws/install/iceoryx_binding_c/include/iceoryx/v2.0.6/iceoryx_binding_c/publisher.h
-- Up-to-date: /root/ros2_ws/install/iceoryx_binding_c/include/iceoryx/v2.0.6/iceoryx_binding_c/request_header.h
-- Up-to-date: /root/ros2_ws/install/iceoryx_binding_c/include/iceoryx/v2.0.6/iceoryx_binding_c/response_header.h
-- Up-to-date: /root/ros2_ws/install/iceoryx_binding_c/include/iceoryx/v2.0.6/iceoryx_binding_c/runtime.h
-- Up-to-date: /root/ros2_ws/install/iceoryx_binding_c/include/iceoryx/v2.0.6/iceoryx_binding_c/server.h
-- Up-to-date: /root/ros2_ws/install/iceoryx_binding_c/include/iceoryx/v2.0.6/iceoryx_binding_c/service_description.h
-- Up-to-date: /root/ros2_ws/install/iceoryx_binding_c/include/iceoryx/v2.0.6/iceoryx_binding_c/service_discovery.h
-- Up-to-date: /root/ros2_ws/install/iceoryx_binding_c/include/iceoryx/v2.0.6/iceoryx_binding_c/subscriber.h
-- Up-to-date: /root/ros2_ws/install/iceoryx_binding_c/include/iceoryx/v2.0.6/iceoryx_binding_c/types.h
-- Up-to-date: /root/ros2_ws/install/iceoryx_binding_c/include/iceoryx/v2.0.6/iceoryx_binding_c/user_trigger.h
-- Up-to-date: /root/ros2_ws/install/iceoryx_binding_c/include/iceoryx/v2.0.6/iceoryx_binding_c/wait_set.h
-- Up-to-date: /root/ros2_ws/install/iceoryx_binding_c/lib/cmake/iceoryx_binding_c/iceoryx_binding_cConfigVersion.cmake
-- Up-to-date: /root/ros2_ws/install/iceoryx_binding_c/lib/cmake/iceoryx_binding_c/iceoryx_binding_cConfig.cmake
-- Up-to-date: /root/ros2_ws/install/iceoryx_binding_c/lib/cmake/iceoryx_binding_c/iceoryx_binding_cTargets.cmake
-- Up-to-date: /root/ros2_ws/install/iceoryx_binding_c/lib/cmake/iceoryx_binding_c/iceoryx_binding_cTargets-noconfig.cmake
-- Up-to-date: /root/ros2_ws/install/iceoryx_binding_c/share/doc/iceoryx_binding_c/LICENSE
