-- Found ament_cmake_core: 1.3.14 (/root/ros2_ws/install/ament_cmake_core/share/ament_cmake_core/cmake)
-- Found Python3: /usr/bin/python3 (found version "3.10.12") found components: Interpreter 
-- Override CMake install command with custom implementation using symlinks instead of copying resources
-- Configuring done
-- Generating done
-- Build files have been written to: /root/ros2_ws/build/ament_lint_auto
-- Install configuration: ""
-- Execute custom install script
-- Symlinking: /root/ros2_ws/install/ament_lint_auto/share/ament_index/resource_index/package_run_dependencies/ament_lint_auto
-- Symlinking: /root/ros2_ws/install/ament_lint_auto/share/ament_index/resource_index/parent_prefix_path/ament_lint_auto
-- Symlinking: /root/ros2_ws/install/ament_lint_auto/share/ament_lint_auto/environment/ament_prefix_path.sh
-- Symlinking: /root/ros2_ws/install/ament_lint_auto/share/ament_lint_auto/environment/ament_prefix_path.dsv
-- Symlinking: /root/ros2_ws/install/ament_lint_auto/share/ament_lint_auto/environment/path.sh
-- Symlinking: /root/ros2_ws/install/ament_lint_auto/share/ament_lint_auto/environment/path.dsv
-- Symlinking: /root/ros2_ws/install/ament_lint_auto/share/ament_lint_auto/local_setup.bash
-- Symlinking: /root/ros2_ws/install/ament_lint_auto/share/ament_lint_auto/local_setup.sh
-- Symlinking: /root/ros2_ws/install/ament_lint_auto/share/ament_lint_auto/local_setup.zsh
-- Symlinking: /root/ros2_ws/install/ament_lint_auto/share/ament_lint_auto/local_setup.dsv
-- Symlinking: /root/ros2_ws/install/ament_lint_auto/share/ament_lint_auto/package.dsv
-- Symlinking: /root/ros2_ws/install/ament_lint_auto/share/ament_index/resource_index/packages/ament_lint_auto
-- Symlinking: /root/ros2_ws/install/ament_lint_auto/share/ament_lint_auto/cmake/ament_lint_auto-extras.cmake
-- Symlinking: /root/ros2_ws/install/ament_lint_auto/share/ament_lint_auto/cmake/ament_lint_autoConfig.cmake
-- Symlinking: /root/ros2_ws/install/ament_lint_auto/share/ament_lint_auto/cmake/ament_lint_autoConfig-version.cmake
-- Symlinking: /root/ros2_ws/install/ament_lint_auto/share/ament_lint_auto/package.xml
-- Symlinking: /root/ros2_ws/install/ament_lint_auto/share/ament_lint_auto/cmake/ament_lint_auto_find_test_dependencies.cmake
-- Symlinking: /root/ros2_ws/install/ament_lint_auto/share/ament_lint_auto/cmake/ament_lint_auto_package_hook.cmake
