[0.139s] Invoking command in '/root/ros2_ws/build/ament_lint_auto': AMENT_PREFIX_PATH=/root/ros2_ws/install/ament_cmake_test:/root/ros2_ws/install/ament_cmake_python:/root/ros2_ws/install/ament_cmake_core:/root/ros2_ws/install/ament_package:${AMENT_PREFIX_PATH} CMAKE_PREFIX_PATH=/root/ros2_ws/install/ament_cmake_test:/root/ros2_ws/install/ament_cmake_python:/root/ros2_ws/install/ament_cmake_core:/opt/ros/humble PYTHONPATH=/root/ros2_ws/install/ament_cmake_test/local/lib/python3.10/dist-packages:/root/ros2_ws/build/ament_package:/root/ros2_ws/install/ament_package/lib/python3.10/site-packages:${PYTHONPATH} /usr/bin/cmake /root/ros2_ws/src/ament/ament_lint/ament_lint_auto -DAMENT_CMAKE_SYMLINK_INSTALL=1 -DCMAKE_INSTALL_PREFIX=/root/ros2_ws/install/ament_lint_auto
[0.152s] -- Found ament_cmake_core: 1.3.14 (/root/ros2_ws/install/ament_cmake_core/share/ament_cmake_core/cmake)
[0.287s] -- Found Python3: /usr/bin/python3 (found version "3.10.12") found components: Interpreter 
[0.341s] -- Override CMake install command with custom implementation using symlinks instead of copying resources
[0.388s] -- Configuring done
[0.390s] -- Generating done
[0.392s] -- Build files have been written to: /root/ros2_ws/build/ament_lint_auto
[0.394s] Invoked command in '/root/ros2_ws/build/ament_lint_auto' returned '0': AMENT_PREFIX_PATH=/root/ros2_ws/install/ament_cmake_test:/root/ros2_ws/install/ament_cmake_python:/root/ros2_ws/install/ament_cmake_core:/root/ros2_ws/install/ament_package:${AMENT_PREFIX_PATH} CMAKE_PREFIX_PATH=/root/ros2_ws/install/ament_cmake_test:/root/ros2_ws/install/ament_cmake_python:/root/ros2_ws/install/ament_cmake_core:/opt/ros/humble PYTHONPATH=/root/ros2_ws/install/ament_cmake_test/local/lib/python3.10/dist-packages:/root/ros2_ws/build/ament_package:/root/ros2_ws/install/ament_package/lib/python3.10/site-packages:${PYTHONPATH} /usr/bin/cmake /root/ros2_ws/src/ament/ament_lint/ament_lint_auto -DAMENT_CMAKE_SYMLINK_INSTALL=1 -DCMAKE_INSTALL_PREFIX=/root/ros2_ws/install/ament_lint_auto
[0.395s] Invoking command in '/root/ros2_ws/build/ament_lint_auto': AMENT_PREFIX_PATH=/root/ros2_ws/install/ament_cmake_test:/root/ros2_ws/install/ament_cmake_python:/root/ros2_ws/install/ament_cmake_core:/root/ros2_ws/install/ament_package:${AMENT_PREFIX_PATH} CMAKE_PREFIX_PATH=/root/ros2_ws/install/ament_cmake_test:/root/ros2_ws/install/ament_cmake_python:/root/ros2_ws/install/ament_cmake_core:/opt/ros/humble PYTHONPATH=/root/ros2_ws/install/ament_cmake_test/local/lib/python3.10/dist-packages:/root/ros2_ws/build/ament_package:/root/ros2_ws/install/ament_package/lib/python3.10/site-packages:${PYTHONPATH} /usr/bin/cmake --build /root/ros2_ws/build/ament_lint_auto -- -j16 -l16
[0.427s] Invoked command in '/root/ros2_ws/build/ament_lint_auto' returned '0': AMENT_PREFIX_PATH=/root/ros2_ws/install/ament_cmake_test:/root/ros2_ws/install/ament_cmake_python:/root/ros2_ws/install/ament_cmake_core:/root/ros2_ws/install/ament_package:${AMENT_PREFIX_PATH} CMAKE_PREFIX_PATH=/root/ros2_ws/install/ament_cmake_test:/root/ros2_ws/install/ament_cmake_python:/root/ros2_ws/install/ament_cmake_core:/opt/ros/humble PYTHONPATH=/root/ros2_ws/install/ament_cmake_test/local/lib/python3.10/dist-packages:/root/ros2_ws/build/ament_package:/root/ros2_ws/install/ament_package/lib/python3.10/site-packages:${PYTHONPATH} /usr/bin/cmake --build /root/ros2_ws/build/ament_lint_auto -- -j16 -l16
[0.427s] Invoking command in '/root/ros2_ws/build/ament_lint_auto': AMENT_PREFIX_PATH=/root/ros2_ws/install/ament_cmake_test:/root/ros2_ws/install/ament_cmake_python:/root/ros2_ws/install/ament_cmake_core:/root/ros2_ws/install/ament_package:${AMENT_PREFIX_PATH} CMAKE_PREFIX_PATH=/root/ros2_ws/install/ament_cmake_test:/root/ros2_ws/install/ament_cmake_python:/root/ros2_ws/install/ament_cmake_core:/opt/ros/humble PYTHONPATH=/root/ros2_ws/install/ament_cmake_test/local/lib/python3.10/dist-packages:/root/ros2_ws/build/ament_package:/root/ros2_ws/install/ament_package/lib/python3.10/site-packages:${PYTHONPATH} /usr/bin/cmake --install /root/ros2_ws/build/ament_lint_auto
[0.436s] -- Install configuration: ""
[0.437s] -- Execute custom install script
[0.437s] -- Symlinking: /root/ros2_ws/install/ament_lint_auto/share/ament_index/resource_index/package_run_dependencies/ament_lint_auto
[0.446s] -- Symlinking: /root/ros2_ws/install/ament_lint_auto/share/ament_index/resource_index/parent_prefix_path/ament_lint_auto
[0.454s] -- Symlinking: /root/ros2_ws/install/ament_lint_auto/share/ament_lint_auto/environment/ament_prefix_path.sh
[0.460s] -- Symlinking: /root/ros2_ws/install/ament_lint_auto/share/ament_lint_auto/environment/ament_prefix_path.dsv
[0.468s] -- Symlinking: /root/ros2_ws/install/ament_lint_auto/share/ament_lint_auto/environment/path.sh
[0.476s] -- Symlinking: /root/ros2_ws/install/ament_lint_auto/share/ament_lint_auto/environment/path.dsv
[0.484s] -- Symlinking: /root/ros2_ws/install/ament_lint_auto/share/ament_lint_auto/local_setup.bash
[0.494s] -- Symlinking: /root/ros2_ws/install/ament_lint_auto/share/ament_lint_auto/local_setup.sh
[0.500s] -- Symlinking: /root/ros2_ws/install/ament_lint_auto/share/ament_lint_auto/local_setup.zsh
[0.509s] -- Symlinking: /root/ros2_ws/install/ament_lint_auto/share/ament_lint_auto/local_setup.dsv
[0.517s] -- Symlinking: /root/ros2_ws/install/ament_lint_auto/share/ament_lint_auto/package.dsv
[0.526s] -- Symlinking: /root/ros2_ws/install/ament_lint_auto/share/ament_index/resource_index/packages/ament_lint_auto
[0.535s] -- Symlinking: /root/ros2_ws/install/ament_lint_auto/share/ament_lint_auto/cmake/ament_lint_auto-extras.cmake
[0.541s] -- Symlinking: /root/ros2_ws/install/ament_lint_auto/share/ament_lint_auto/cmake/ament_lint_autoConfig.cmake
[0.550s] -- Symlinking: /root/ros2_ws/install/ament_lint_auto/share/ament_lint_auto/cmake/ament_lint_autoConfig-version.cmake
[0.558s] -- Symlinking: /root/ros2_ws/install/ament_lint_auto/share/ament_lint_auto/package.xml
[0.564s] -- Symlinking: /root/ros2_ws/install/ament_lint_auto/share/ament_lint_auto/cmake/ament_lint_auto_find_test_dependencies.cmake
[0.570s] -- Symlinking: /root/ros2_ws/install/ament_lint_auto/share/ament_lint_auto/cmake/ament_lint_auto_package_hook.cmake
[0.587s] Invoked command in '/root/ros2_ws/build/ament_lint_auto' returned '0': AMENT_PREFIX_PATH=/root/ros2_ws/install/ament_cmake_test:/root/ros2_ws/install/ament_cmake_python:/root/ros2_ws/install/ament_cmake_core:/root/ros2_ws/install/ament_package:${AMENT_PREFIX_PATH} CMAKE_PREFIX_PATH=/root/ros2_ws/install/ament_cmake_test:/root/ros2_ws/install/ament_cmake_python:/root/ros2_ws/install/ament_cmake_core:/opt/ros/humble PYTHONPATH=/root/ros2_ws/install/ament_cmake_test/local/lib/python3.10/dist-packages:/root/ros2_ws/build/ament_package:/root/ros2_ws/install/ament_package/lib/python3.10/site-packages:${PYTHONPATH} /usr/bin/cmake --install /root/ros2_ws/build/ament_lint_auto
