[0.000000] (-) TimerEvent: {}
[0.001313] (-) JobUnselected: {'identifier': 'Girdap'}
[0.001347] (-) JobUnselected: {'identifier': 'action_msgs'}
[0.001358] (-) JobUnselected: {'identifier': 'action_tutorials_cpp'}
[0.001387] (-) JobUnselected: {'identifier': 'action_tutorials_interfaces'}
[0.001395] (-) JobUnselected: {'identifier': 'action_tutorials_py'}
[0.001463] (-) JobUnselected: {'identifier': 'actionlib_msgs'}
[0.001472] (-) JobUnselected: {'identifier': 'ament_clang_format'}
[0.001480] (-) JobUnselected: {'identifier': 'ament_clang_tidy'}
[0.001488] (-) JobUnselected: {'identifier': 'ament_cmake'}
[0.001496] (-) JobUnselected: {'identifier': 'ament_cmake_auto'}
[0.001504] (-) JobUnselected: {'identifier': 'ament_cmake_clang_format'}
[0.001512] (-) JobUnselected: {'identifier': 'ament_cmake_clang_tidy'}
[0.001520] (-) JobUnselected: {'identifier': 'ament_cmake_copyright'}
[0.001527] (-) JobUnselected: {'identifier': 'ament_cmake_core'}
[0.001535] (-) JobUnselected: {'identifier': 'ament_cmake_cppcheck'}
[0.001543] (-) JobUnselected: {'identifier': 'ament_cmake_cpplint'}
[0.001550] (-) JobUnselected: {'identifier': 'ament_cmake_export_definitions'}
[0.001558] (-) JobUnselected: {'identifier': 'ament_cmake_export_dependencies'}
[0.001566] (-) JobUnselected: {'identifier': 'ament_cmake_export_include_directories'}
[0.001575] (-) JobUnselected: {'identifier': 'ament_cmake_export_interfaces'}
[0.001583] (-) JobUnselected: {'identifier': 'ament_cmake_export_libraries'}
[0.001591] (-) JobUnselected: {'identifier': 'ament_cmake_export_link_flags'}
[0.001598] (-) JobUnselected: {'identifier': 'ament_cmake_export_targets'}
[0.001606] (-) JobUnselected: {'identifier': 'ament_cmake_flake8'}
[0.001613] (-) JobUnselected: {'identifier': 'ament_cmake_gen_version_h'}
[0.001621] (-) JobUnselected: {'identifier': 'ament_cmake_gmock'}
[0.001628] (-) JobUnselected: {'identifier': 'ament_cmake_google_benchmark'}
[0.001636] (-) JobUnselected: {'identifier': 'ament_cmake_gtest'}
[0.001644] (-) JobUnselected: {'identifier': 'ament_cmake_include_directories'}
[0.001652] (-) JobUnselected: {'identifier': 'ament_cmake_libraries'}
[0.001659] (-) JobUnselected: {'identifier': 'ament_cmake_lint_cmake'}
[0.001667] (-) JobUnselected: {'identifier': 'ament_cmake_mypy'}
[0.001675] (-) JobUnselected: {'identifier': 'ament_cmake_nose'}
[0.001683] (-) JobUnselected: {'identifier': 'ament_cmake_pclint'}
[0.001690] (-) JobUnselected: {'identifier': 'ament_cmake_pep257'}
[0.001698] (-) JobUnselected: {'identifier': 'ament_cmake_pycodestyle'}
[0.001705] (-) JobUnselected: {'identifier': 'ament_cmake_pyflakes'}
[0.001713] (-) JobUnselected: {'identifier': 'ament_cmake_pytest'}
[0.001720] (-) JobUnselected: {'identifier': 'ament_cmake_python'}
[0.001728] (-) JobUnselected: {'identifier': 'ament_cmake_ros'}
[0.001735] (-) JobUnselected: {'identifier': 'ament_cmake_target_dependencies'}
[0.001743] (-) JobUnselected: {'identifier': 'ament_cmake_test'}
[0.001751] (-) JobUnselected: {'identifier': 'ament_cmake_uncrustify'}
[0.001758] (-) JobUnselected: {'identifier': 'ament_cmake_vendor_package'}
[0.001766] (-) JobUnselected: {'identifier': 'ament_cmake_version'}
[0.001773] (-) JobUnselected: {'identifier': 'ament_cmake_xmllint'}
[0.001781] (-) JobUnselected: {'identifier': 'ament_copyright'}
[0.001788] (-) JobUnselected: {'identifier': 'ament_cppcheck'}
[0.001797] (-) JobUnselected: {'identifier': 'ament_cpplint'}
[0.001805] (-) JobUnselected: {'identifier': 'ament_flake8'}
[0.001812] (-) JobUnselected: {'identifier': 'ament_index_cpp'}
[0.001820] (-) JobUnselected: {'identifier': 'ament_index_python'}
[0.001828] (-) JobUnselected: {'identifier': 'ament_lint'}
[0.001835] (-) JobUnselected: {'identifier': 'ament_lint_auto'}
[0.001842] (-) JobUnselected: {'identifier': 'ament_lint_cmake'}
[0.001853] (-) JobUnselected: {'identifier': 'ament_lint_common'}
[0.001860] (-) JobUnselected: {'identifier': 'ament_mypy'}
[0.001867] (-) JobUnselected: {'identifier': 'ament_package'}
[0.001875] (-) JobUnselected: {'identifier': 'ament_pclint'}
[0.001882] (-) JobUnselected: {'identifier': 'ament_pep257'}
[0.002074] (-) JobUnselected: {'identifier': 'ament_pycodestyle'}
[0.002085] (-) JobUnselected: {'identifier': 'ament_pyflakes'}
[0.002093] (-) JobUnselected: {'identifier': 'ament_uncrustify'}
[0.002101] (-) JobUnselected: {'identifier': 'ament_xmllint'}
[0.002109] (-) JobUnselected: {'identifier': 'builtin_interfaces'}
[0.002117] (-) JobUnselected: {'identifier': 'camera_calibration_parsers'}
[0.002125] (-) JobUnselected: {'identifier': 'camera_info_manager'}
[0.002133] (-) JobUnselected: {'identifier': 'camera_info_manager_py'}
[0.002141] (-) JobUnselected: {'identifier': 'class_loader'}
[0.002150] (-) JobUnselected: {'identifier': 'common_interfaces'}
[0.002157] (-) JobUnselected: {'identifier': 'composition'}
[0.002164] (-) JobUnselected: {'identifier': 'composition_interfaces'}
[0.002172] (-) JobUnselected: {'identifier': 'console_bridge_vendor'}
[0.002180] (-) JobUnselected: {'identifier': 'cv_bridge'}
[0.002188] (-) JobUnselected: {'identifier': 'cyclonedds'}
[0.002196] (-) JobUnselected: {'identifier': 'demo_nodes_cpp'}
[0.002203] (-) JobUnselected: {'identifier': 'demo_nodes_cpp_native'}
[0.002217] (-) JobUnselected: {'identifier': 'demo_nodes_py'}
[0.002226] (-) JobUnselected: {'identifier': 'diagnostic_msgs'}
[0.002234] (-) JobUnselected: {'identifier': 'domain_coordinator'}
[0.002241] (-) JobUnselected: {'identifier': 'dummy_map_server'}
[0.002249] (-) JobUnselected: {'identifier': 'dummy_robot_bringup'}
[0.002257] (-) JobUnselected: {'identifier': 'dummy_sensors'}
[0.002265] (-) JobUnselected: {'identifier': 'eigen3_cmake_module'}
[0.002273] (-) JobUnselected: {'identifier': 'example_interfaces'}
[0.002280] (-) JobUnselected: {'identifier': 'examples_rclcpp_async_client'}
[0.002288] (-) JobUnselected: {'identifier': 'examples_rclcpp_cbg_executor'}
[0.002296] (-) JobUnselected: {'identifier': 'examples_rclcpp_minimal_action_client'}
[0.002304] (-) JobUnselected: {'identifier': 'examples_rclcpp_minimal_action_server'}
[0.002312] (-) JobUnselected: {'identifier': 'examples_rclcpp_minimal_client'}
[0.002319] (-) JobUnselected: {'identifier': 'examples_rclcpp_minimal_composition'}
[0.002327] (-) JobUnselected: {'identifier': 'examples_rclcpp_minimal_publisher'}
[0.002335] (-) JobUnselected: {'identifier': 'examples_rclcpp_minimal_service'}
[0.002343] (-) JobUnselected: {'identifier': 'examples_rclcpp_minimal_subscriber'}
[0.002351] (-) JobUnselected: {'identifier': 'examples_rclcpp_minimal_timer'}
[0.002358] (-) JobUnselected: {'identifier': 'examples_rclcpp_multithreaded_executor'}
[0.002366] (-) JobUnselected: {'identifier': 'examples_rclcpp_wait_set'}
[0.002373] (-) JobUnselected: {'identifier': 'examples_rclpy_executors'}
[0.002381] (-) JobUnselected: {'identifier': 'examples_rclpy_guard_conditions'}
[0.002389] (-) JobUnselected: {'identifier': 'examples_rclpy_minimal_action_client'}
[0.002397] (-) JobUnselected: {'identifier': 'examples_rclpy_minimal_action_server'}
[0.002404] (-) JobUnselected: {'identifier': 'examples_rclpy_minimal_client'}
[0.002412] (-) JobUnselected: {'identifier': 'examples_rclpy_minimal_publisher'}
[0.002420] (-) JobUnselected: {'identifier': 'examples_rclpy_minimal_service'}
[0.002427] (-) JobUnselected: {'identifier': 'examples_rclpy_minimal_subscriber'}
[0.002435] (-) JobUnselected: {'identifier': 'examples_rclpy_pointcloud_publisher'}
[0.002443] (-) JobUnselected: {'identifier': 'examples_tf2_py'}
[0.002451] (-) JobUnselected: {'identifier': 'fastcdr'}
[0.002459] (-) JobUnselected: {'identifier': 'fastrtps'}
[0.002466] (-) JobUnselected: {'identifier': 'fastrtps_cmake_module'}
[0.002474] (-) JobUnselected: {'identifier': 'foonathan_memory_vendor'}
[0.002482] (-) JobUnselected: {'identifier': 'gazebo_dev'}
[0.002490] (-) JobUnselected: {'identifier': 'gazebo_msgs'}
[0.002497] (-) JobUnselected: {'identifier': 'gazebo_plugins'}
[0.002505] (-) JobUnselected: {'identifier': 'gazebo_ros'}
[0.002512] (-) JobUnselected: {'identifier': 'gazebo_ros_pkgs'}
[0.002521] (-) JobUnselected: {'identifier': 'geometry2'}
[0.002528] (-) JobUnselected: {'identifier': 'geometry_msgs'}
[0.002777] (-) JobUnselected: {'identifier': 'gmock_vendor'}
[0.002787] (-) JobUnselected: {'identifier': 'google_benchmark_vendor'}
[0.002795] (-) JobUnselected: {'identifier': 'gtest_vendor'}
[0.002803] (-) JobUnselected: {'identifier': 'iceoryx_binding_c'}
[0.002811] (-) JobUnselected: {'identifier': 'iceoryx_hoofs'}
[0.002818] (-) JobUnselected: {'identifier': 'iceoryx_introspection'}
[0.002826] (-) JobUnselected: {'identifier': 'iceoryx_posh'}
[0.002833] (-) JobUnselected: {'identifier': 'ignition_cmake2_vendor'}
[0.002841] (-) JobUnselected: {'identifier': 'ignition_math6_vendor'}
[0.002852] (-) JobUnselected: {'identifier': 'image_common'}
[0.002863] (-) JobUnselected: {'identifier': 'image_geometry'}
[0.002870] (-) JobUnselected: {'identifier': 'image_tools'}
[0.002878] (-) JobUnselected: {'identifier': 'image_transport'}
[0.002886] (-) JobUnselected: {'identifier': 'intra_process_demo'}
[0.002893] (-) JobUnselected: {'identifier': 'kdl_parser'}
[0.002900] (-) JobUnselected: {'identifier': 'keyboard_handler'}
[0.002908] (-) JobUnselected: {'identifier': 'laser_geometry'}
[0.002915] (-) JobUnselected: {'identifier': 'launch'}
[0.002923] (-) JobUnselected: {'identifier': 'launch_pytest'}
[0.002931] (-) JobUnselected: {'identifier': 'launch_ros'}
[0.002938] (-) JobUnselected: {'identifier': 'launch_testing'}
[0.002946] (-) JobUnselected: {'identifier': 'launch_testing_ament_cmake'}
[0.002954] (-) JobUnselected: {'identifier': 'launch_testing_examples'}
[0.002964] (-) JobUnselected: {'identifier': 'launch_testing_ros'}
[0.002972] (-) JobUnselected: {'identifier': 'launch_xml'}
[0.002980] (-) JobUnselected: {'identifier': 'launch_yaml'}
[0.002988] (-) JobUnselected: {'identifier': 'libcurl_vendor'}
[0.002995] (-) JobUnselected: {'identifier': 'libstatistics_collector'}
[0.003004] (-) JobUnselected: {'identifier': 'libyaml_vendor'}
[0.003013] (-) JobUnselected: {'identifier': 'lifecycle'}
[0.003021] (-) JobUnselected: {'identifier': 'lifecycle_msgs'}
[0.003028] (-) JobUnselected: {'identifier': 'lifecycle_py'}
[0.003037] (-) JobUnselected: {'identifier': 'logging_demo'}
[0.003188] (-) JobUnselected: {'identifier': 'map_msgs'}
[0.003199] (-) JobUnselected: {'identifier': 'mcap_vendor'}
[0.003207] (-) JobUnselected: {'identifier': 'message_filters'}
[0.003215] (-) JobUnselected: {'identifier': 'mimick_vendor'}
[0.003222] (-) JobUnselected: {'identifier': 'nav_msgs'}
[0.003230] (-) JobUnselected: {'identifier': 'opencv_tests'}
[0.003238] (-) JobUnselected: {'identifier': 'orocos_kdl_vendor'}
[0.003246] (-) JobUnselected: {'identifier': 'osrf_pycommon'}
[0.003253] (-) JobUnselected: {'identifier': 'osrf_testing_tools_cpp'}
[0.003261] (-) JobUnselected: {'identifier': 'pendulum_control'}
[0.003268] (-) JobUnselected: {'identifier': 'pendulum_msgs'}
[0.003276] (-) JobUnselected: {'identifier': 'performance_test_fixture'}
[0.003284] (-) JobUnselected: {'identifier': 'pluginlib'}
[0.003291] (-) JobUnselected: {'identifier': 'pybind11_vendor'}
[0.003299] (-) JobUnselected: {'identifier': 'python_cmake_module'}
[0.003306] (-) JobUnselected: {'identifier': 'python_orocos_kdl_vendor'}
[0.003314] (-) JobUnselected: {'identifier': 'quality_of_service_demo_cpp'}
[0.003322] (-) JobUnselected: {'identifier': 'quality_of_service_demo_py'}
[0.003329] (-) JobUnselected: {'identifier': 'rcl'}
[0.003337] (-) JobUnselected: {'identifier': 'rcl_action'}
[0.003345] (-) JobUnselected: {'identifier': 'rcl_interfaces'}
[0.003353] (-) JobUnselected: {'identifier': 'rcl_lifecycle'}
[0.003360] (-) JobUnselected: {'identifier': 'rcl_logging_interface'}
[0.003368] (-) JobUnselected: {'identifier': 'rcl_logging_noop'}
[0.003375] (-) JobUnselected: {'identifier': 'rcl_logging_spdlog'}
[0.003383] (-) JobUnselected: {'identifier': 'rcl_yaml_param_parser'}
[0.003391] (-) JobUnselected: {'identifier': 'rclcpp'}
[0.003398] (-) JobUnselected: {'identifier': 'rclcpp_action'}
[0.003406] (-) JobUnselected: {'identifier': 'rclcpp_components'}
[0.003414] (-) JobUnselected: {'identifier': 'rclcpp_lifecycle'}
[0.003421] (-) JobUnselected: {'identifier': 'rclpy'}
[0.003558] (-) JobUnselected: {'identifier': 'rcpputils'}
[0.003567] (-) JobUnselected: {'identifier': 'rcutils'}
[0.003575] (-) JobUnselected: {'identifier': 'resource_retriever'}
[0.003583] (-) JobUnselected: {'identifier': 'rmw'}
[0.003591] (-) JobUnselected: {'identifier': 'rmw_connextdds'}
[0.003598] (-) JobUnselected: {'identifier': 'rmw_connextdds_common'}
[0.003606] (-) JobUnselected: {'identifier': 'rmw_connextddsmicro'}
[0.003613] (-) JobUnselected: {'identifier': 'rmw_cyclonedds_cpp'}
[0.003621] (-) JobUnselected: {'identifier': 'rmw_dds_common'}
[0.003629] (-) JobUnselected: {'identifier': 'rmw_fastrtps_cpp'}
[0.003636] (-) JobUnselected: {'identifier': 'rmw_fastrtps_dynamic_cpp'}
[0.003644] (-) JobUnselected: {'identifier': 'rmw_fastrtps_shared_cpp'}
[0.003651] (-) JobUnselected: {'identifier': 'rmw_implementation'}
[0.003659] (-) JobUnselected: {'identifier': 'rmw_implementation_cmake'}
[0.003666] (-) JobUnselected: {'identifier': 'robot_state_publisher'}
[0.003674] (-) JobUnselected: {'identifier': 'ros2action'}
[0.003682] (-) JobUnselected: {'identifier': 'ros2bag'}
[0.003690] (-) JobUnselected: {'identifier': 'ros2cli'}
[0.003697] (-) JobUnselected: {'identifier': 'ros2cli_common_extensions'}
[0.003705] (-) JobUnselected: {'identifier': 'ros2cli_test_interfaces'}
[0.003713] (-) JobUnselected: {'identifier': 'ros2component'}
[0.003720] (-) JobUnselected: {'identifier': 'ros2doctor'}
[0.003728] (-) JobUnselected: {'identifier': 'ros2interface'}
[0.003736] (-) JobUnselected: {'identifier': 'ros2launch'}
[0.003743] (-) JobUnselected: {'identifier': 'ros2lifecycle'}
[0.003751] (-) JobUnselected: {'identifier': 'ros2lifecycle_test_fixtures'}
[0.003759] (-) JobUnselected: {'identifier': 'ros2multicast'}
[0.003767] (-) JobUnselected: {'identifier': 'ros2node'}
[0.003774] (-) JobUnselected: {'identifier': 'ros2param'}
[0.003782] (-) JobUnselected: {'identifier': 'ros2pkg'}
[0.003790] (-) JobUnselected: {'identifier': 'ros2plugin'}
[0.003797] (-) JobUnselected: {'identifier': 'ros2run'}
[0.003805] (-) JobUnselected: {'identifier': 'ros2service'}
[0.003812] (-) JobUnselected: {'identifier': 'ros2test'}
[0.003820] (-) JobUnselected: {'identifier': 'ros2topic'}
[0.003827] (-) JobUnselected: {'identifier': 'ros2trace'}
[0.003835] (-) JobUnselected: {'identifier': 'ros_environment'}
[0.003843] (-) JobUnselected: {'identifier': 'ros_testing'}
[0.003854] (-) JobUnselected: {'identifier': 'rosbag2'}
[0.003861] (-) JobUnselected: {'identifier': 'rosbag2_compression'}
[0.003869] (-) JobUnselected: {'identifier': 'rosbag2_compression_zstd'}
[0.003877] (-) JobUnselected: {'identifier': 'rosbag2_cpp'}
[0.003884] (-) JobUnselected: {'identifier': 'rosbag2_interfaces'}
[0.003892] (-) JobUnselected: {'identifier': 'rosbag2_performance_benchmarking'}
[0.003902] (-) JobUnselected: {'identifier': 'rosbag2_py'}
[0.003910] (-) JobUnselected: {'identifier': 'rosbag2_storage'}
[0.003917] (-) JobUnselected: {'identifier': 'rosbag2_storage_default_plugins'}
[0.003925] (-) JobUnselected: {'identifier': 'rosbag2_storage_mcap'}
[0.003933] (-) JobUnselected: {'identifier': 'rosbag2_storage_mcap_testdata'}
[0.003940] (-) JobUnselected: {'identifier': 'rosbag2_test_common'}
[0.003948] (-) JobUnselected: {'identifier': 'rosbag2_tests'}
[0.003959] (-) JobUnselected: {'identifier': 'rosbag2_transport'}
[0.003967] (-) JobUnselected: {'identifier': 'rosgraph_msgs'}
[0.003974] (-) JobUnselected: {'identifier': 'rosidl_adapter'}
[0.003982] (-) JobUnselected: {'identifier': 'rosidl_cli'}
[0.003989] (-) JobUnselected: {'identifier': 'rosidl_cmake'}
[0.003997] (-) JobUnselected: {'identifier': 'rosidl_default_generators'}
[0.004007] (-) JobUnselected: {'identifier': 'rosidl_default_runtime'}
[0.004014] (-) JobUnselected: {'identifier': 'rosidl_generator_c'}
[0.004023] (-) JobUnselected: {'identifier': 'rosidl_generator_cpp'}
[0.004030] (-) JobUnselected: {'identifier': 'rosidl_generator_dds_idl'}
[0.004037] (-) JobUnselected: {'identifier': 'rosidl_generator_py'}
[0.004044] (-) JobUnselected: {'identifier': 'rosidl_generator_rs'}
[0.004051] (-) JobUnselected: {'identifier': 'rosidl_parser'}
[0.004060] (-) JobUnselected: {'identifier': 'rosidl_runtime_c'}
[0.004068] (-) JobUnselected: {'identifier': 'rosidl_runtime_cpp'}
[0.004075] (-) JobUnselected: {'identifier': 'rosidl_runtime_py'}
[0.004083] (-) JobUnselected: {'identifier': 'rosidl_typesupport_c'}
[0.004091] (-) JobUnselected: {'identifier': 'rosidl_typesupport_cpp'}
[0.004099] (-) JobUnselected: {'identifier': 'rosidl_typesupport_fastrtps_c'}
[0.004106] (-) JobUnselected: {'identifier': 'rosidl_typesupport_fastrtps_cpp'}
[0.004113] (-) JobUnselected: {'identifier': 'rosidl_typesupport_interface'}
[0.004120] (-) JobUnselected: {'identifier': 'rosidl_typesupport_introspection_c'}
[0.004127] (-) JobUnselected: {'identifier': 'rosidl_typesupport_introspection_cpp'}
[0.004134] (-) JobUnselected: {'identifier': 'rosidl_typesupport_introspection_tests'}
[0.004141] (-) JobUnselected: {'identifier': 'rpyutils'}
[0.004148] (-) JobUnselected: {'identifier': 'rqt'}
[0.004156] (-) JobUnselected: {'identifier': 'rqt_graph'}
[0.004163] (-) JobUnselected: {'identifier': 'rqt_gui'}
[0.004171] (-) JobUnselected: {'identifier': 'rqt_gui_cpp'}
[0.004178] (-) JobUnselected: {'identifier': 'rqt_gui_py'}
[0.004186] (-) JobUnselected: {'identifier': 'rqt_py_common'}
[0.004193] (-) JobUnselected: {'identifier': 'rti_connext_dds_cmake_module'}
[0.004201] (-) JobUnselected: {'identifier': 'rttest'}
[0.004209] (-) JobUnselected: {'identifier': 'rviz2'}
[0.004216] (-) JobUnselected: {'identifier': 'rviz_assimp_vendor'}
[0.004224] (-) JobUnselected: {'identifier': 'rviz_common'}
[0.004232] (-) JobUnselected: {'identifier': 'rviz_default_plugins'}
[0.004239] (-) JobUnselected: {'identifier': 'rviz_ogre_vendor'}
[0.004247] (-) JobUnselected: {'identifier': 'rviz_rendering'}
[0.004254] (-) JobUnselected: {'identifier': 'rviz_rendering_tests'}
[0.004262] (-) JobUnselected: {'identifier': 'rviz_visual_testing_framework'}
[0.004270] (-) JobUnselected: {'identifier': 'sensor_msgs'}
[0.004278] (-) JobUnselected: {'identifier': 'sensor_msgs_py'}
[0.004285] (-) JobUnselected: {'identifier': 'shape_msgs'}
[0.004293] (-) JobUnselected: {'identifier': 'shared_queues_vendor'}
[0.004301] (-) JobUnselected: {'identifier': 'spdlog_vendor'}
[0.004308] (-) JobUnselected: {'identifier': 'sqlite3_vendor'}
[0.004316] (-) JobUnselected: {'identifier': 'sros2'}
[0.004324] (-) JobUnselected: {'identifier': 'sros2_cmake'}
[0.004331] (-) JobUnselected: {'identifier': 'statistics_msgs'}
[0.004339] (-) JobUnselected: {'identifier': 'std_msgs'}
[0.004346] (-) JobUnselected: {'identifier': 'std_srvs'}
[0.004354] (-) JobUnselected: {'identifier': 'stereo_msgs'}
[0.004361] (-) JobUnselected: {'identifier': 'test_cli'}
[0.004369] (-) JobUnselected: {'identifier': 'test_cli_remapping'}
[0.004377] (-) JobUnselected: {'identifier': 'test_communication'}
[0.004385] (-) JobUnselected: {'identifier': 'test_interface_files'}
[0.004392] (-) JobUnselected: {'identifier': 'test_launch_ros'}
[0.004400] (-) JobUnselected: {'identifier': 'test_launch_testing'}
[0.004408] (-) JobUnselected: {'identifier': 'test_msgs'}
[0.004415] (-) JobUnselected: {'identifier': 'test_osrf_testing_tools_cpp'}
[0.004423] (-) JobUnselected: {'identifier': 'test_quality_of_service'}
[0.004430] (-) JobUnselected: {'identifier': 'test_rclcpp'}
[0.004438] (-) JobUnselected: {'identifier': 'test_rmw_implementation'}
[0.004446] (-) JobUnselected: {'identifier': 'test_security'}
[0.004453] (-) JobUnselected: {'identifier': 'test_tf2'}
[0.004461] (-) JobUnselected: {'identifier': 'test_tracetools'}
[0.004469] (-) JobUnselected: {'identifier': 'test_tracetools_launch'}
[0.004477] (-) JobUnselected: {'identifier': 'tf2'}
[0.004484] (-) JobUnselected: {'identifier': 'tf2_bullet'}
[0.004492] (-) JobUnselected: {'identifier': 'tf2_eigen'}
[0.004500] (-) JobUnselected: {'identifier': 'tf2_eigen_kdl'}
[0.004507] (-) JobUnselected: {'identifier': 'tf2_geometry_msgs'}
[0.004515] (-) JobUnselected: {'identifier': 'tf2_kdl'}
[0.004535] (-) JobUnselected: {'identifier': 'tf2_msgs'}
[0.004543] (-) JobUnselected: {'identifier': 'tf2_py'}
[0.004581] (-) JobUnselected: {'identifier': 'tf2_ros'}
[0.004590] (-) JobUnselected: {'identifier': 'tf2_ros_py'}
[0.004598] (-) JobUnselected: {'identifier': 'tf2_sensor_msgs'}
[0.004606] (-) JobUnselected: {'identifier': 'tf2_tools'}
[0.004614] (-) JobUnselected: {'identifier': 'tinyxml2_vendor'}
[0.004621] (-) JobUnselected: {'identifier': 'tinyxml_vendor'}
[0.004629] (-) JobUnselected: {'identifier': 'tlsf'}
[0.004636] (-) JobUnselected: {'identifier': 'tlsf_cpp'}
[0.004644] (-) JobUnselected: {'identifier': 'topic_monitor'}
[0.004651] (-) JobUnselected: {'identifier': 'topic_statistics_demo'}
[0.004659] (-) JobUnselected: {'identifier': 'tracetools'}
[0.004667] (-) JobUnselected: {'identifier': 'tracetools_launch'}
[0.004674] (-) JobUnselected: {'identifier': 'tracetools_read'}
[0.004683] (-) JobUnselected: {'identifier': 'tracetools_test'}
[0.004719] (-) JobUnselected: {'identifier': 'tracetools_trace'}
[0.004727] (-) JobUnselected: {'identifier': 'trajectory_msgs'}
[0.004735] (-) JobUnselected: {'identifier': 'turtlesim'}
[0.004742] (-) JobUnselected: {'identifier': 'uncrustify_vendor'}
[0.004750] (-) JobUnselected: {'identifier': 'unique_identifier_msgs'}
[0.004758] (-) JobUnselected: {'identifier': 'urdf'}
[0.004766] (-) JobUnselected: {'identifier': 'urdf_parser_plugin'}
[0.004774] (-) JobUnselected: {'identifier': 'urdfdom'}
[0.004782] (-) JobUnselected: {'identifier': 'urdfdom_headers'}
[0.004790] (-) JobUnselected: {'identifier': 'vision_msgs'}
[0.004799] (-) JobUnselected: {'identifier': 'vision_msgs_rviz_plugins'}
[0.004807] (-) JobUnselected: {'identifier': 'vision_opencv'}
[0.004814] (-) JobUnselected: {'identifier': 'visualization_msgs'}
[0.004823] (-) JobUnselected: {'identifier': 'yaml_cpp_vendor'}
[0.004831] (-) JobUnselected: {'identifier': 'zstd_vendor'}
[0.004841] (ida_topics) JobQueued: {'identifier': 'ida_topics', 'dependencies': OrderedDict([('ament_cppcheck', '/root/ros2_ws/install/ament_cppcheck'), ('ament_lint', '/root/ros2_ws/install/ament_lint'), ('ament_package', '/root/ros2_ws/install/ament_package'), ('ament_pycodestyle', '/root/ros2_ws/install/ament_pycodestyle'), ('fastcdr', '/root/ros2_ws/install/fastcdr'), ('gtest_vendor', '/root/ros2_ws/install/gtest_vendor'), ('iceoryx_hoofs', '/root/ros2_ws/install/iceoryx_hoofs'), ('osrf_pycommon', '/root/ros2_ws/install/osrf_pycommon'), ('ament_cmake_core', '/root/ros2_ws/install/ament_cmake_core'), ('ament_flake8', '/root/ros2_ws/install/ament_flake8'), ('gmock_vendor', '/root/ros2_ws/install/gmock_vendor'), ('iceoryx_posh', '/root/ros2_ws/install/iceoryx_posh'), ('ament_cmake_export_definitions', '/root/ros2_ws/install/ament_cmake_export_definitions'), ('ament_cmake_export_include_directories', '/root/ros2_ws/install/ament_cmake_export_include_directories'), ('ament_cmake_export_libraries', '/root/ros2_ws/install/ament_cmake_export_libraries'), ('ament_cmake_export_link_flags', '/root/ros2_ws/install/ament_cmake_export_link_flags'), ('ament_cmake_include_directories', '/root/ros2_ws/install/ament_cmake_include_directories'), ('ament_cmake_libraries', '/root/ros2_ws/install/ament_cmake_libraries'), ('ament_cmake_python', '/root/ros2_ws/install/ament_cmake_python'), ('ament_cmake_version', '/root/ros2_ws/install/ament_cmake_version'), ('ament_pep257', '/root/ros2_ws/install/ament_pep257'), ('iceoryx_binding_c', '/root/ros2_ws/install/iceoryx_binding_c'), ('ros_environment', '/root/ros2_ws/install/ros_environment'), ('test_interface_files', '/root/ros2_ws/install/test_interface_files'), ('ament_cmake_export_dependencies', '/root/ros2_ws/install/ament_cmake_export_dependencies'), ('ament_cmake_export_interfaces', '/root/ros2_ws/install/ament_cmake_export_interfaces'), ('ament_cmake_export_targets', '/root/ros2_ws/install/ament_cmake_export_targets'), ('ament_cmake_target_dependencies', '/root/ros2_ws/install/ament_cmake_target_dependencies'), ('ament_cmake_test', '/root/ros2_ws/install/ament_cmake_test'), ('ament_copyright', '/root/ros2_ws/install/ament_copyright'), ('cyclonedds', '/root/ros2_ws/install/cyclonedds'), ('ament_cmake_gtest', '/root/ros2_ws/install/ament_cmake_gtest'), ('ament_cmake_pytest', '/root/ros2_ws/install/ament_cmake_pytest'), ('ament_cpplint', '/root/ros2_ws/install/ament_cpplint'), ('ament_index_python', '/root/ros2_ws/install/ament_index_python'), ('ament_lint_auto', '/root/ros2_ws/install/ament_lint_auto'), ('ament_lint_cmake', '/root/ros2_ws/install/ament_lint_cmake'), ('ament_xmllint', '/root/ros2_ws/install/ament_xmllint'), ('domain_coordinator', '/root/ros2_ws/install/domain_coordinator'), ('ament_cmake_gen_version_h', '/root/ros2_ws/install/ament_cmake_gen_version_h'), ('ament_cmake_gmock', '/root/ros2_ws/install/ament_cmake_gmock'), ('ament_cmake_lint_cmake', '/root/ros2_ws/install/ament_cmake_lint_cmake'), ('launch', '/root/ros2_ws/install/launch'), ('rosidl_cli', '/root/ros2_ws/install/rosidl_cli'), ('rpyutils', '/root/ros2_ws/install/rpyutils'), ('ament_cmake', '/root/ros2_ws/install/ament_cmake'), ('ament_cmake_copyright', '/root/ros2_ws/install/ament_cmake_copyright'), ('launch_xml', '/root/ros2_ws/install/launch_xml'), ('launch_yaml', '/root/ros2_ws/install/launch_yaml'), ('ament_cmake_cppcheck', '/root/ros2_ws/install/ament_cmake_cppcheck'), ('ament_cmake_cpplint', '/root/ros2_ws/install/ament_cmake_cpplint'), ('ament_cmake_flake8', '/root/ros2_ws/install/ament_cmake_flake8'), ('ament_cmake_pep257', '/root/ros2_ws/install/ament_cmake_pep257'), ('ament_cmake_xmllint', '/root/ros2_ws/install/ament_cmake_xmllint'), ('launch_testing', '/root/ros2_ws/install/launch_testing'), ('pybind11_vendor', '/root/ros2_ws/install/pybind11_vendor'), ('uncrustify_vendor', '/root/ros2_ws/install/uncrustify_vendor'), ('ament_uncrustify', '/root/ros2_ws/install/ament_uncrustify'), ('ament_cmake_uncrustify', '/root/ros2_ws/install/ament_cmake_uncrustify'), ('ament_lint_common', '/root/ros2_ws/install/ament_lint_common'), ('ament_cmake_ros', '/root/ros2_ws/install/ament_cmake_ros'), ('ament_index_cpp', '/root/ros2_ws/install/ament_index_cpp'), ('fastrtps_cmake_module', '/root/ros2_ws/install/fastrtps_cmake_module'), ('python_cmake_module', '/root/ros2_ws/install/python_cmake_module'), ('rmw_implementation_cmake', '/root/ros2_ws/install/rmw_implementation_cmake'), ('rosidl_adapter', '/root/ros2_ws/install/rosidl_adapter'), ('rosidl_typesupport_interface', '/root/ros2_ws/install/rosidl_typesupport_interface'), ('spdlog_vendor', '/root/ros2_ws/install/spdlog_vendor'), ('rcutils', '/root/ros2_ws/install/rcutils'), ('rosidl_parser', '/root/ros2_ws/install/rosidl_parser'), ('tracetools', '/root/ros2_ws/install/tracetools'), ('rcpputils', '/root/ros2_ws/install/rcpputils'), ('rosidl_cmake', '/root/ros2_ws/install/rosidl_cmake'), ('rosidl_runtime_c', '/root/ros2_ws/install/rosidl_runtime_c'), ('libyaml_vendor', '/root/ros2_ws/install/libyaml_vendor'), ('rcl_logging_interface', '/root/ros2_ws/install/rcl_logging_interface'), ('rmw', '/root/ros2_ws/install/rmw'), ('rosidl_generator_c', '/root/ros2_ws/install/rosidl_generator_c'), ('rosidl_runtime_cpp', '/root/ros2_ws/install/rosidl_runtime_cpp'), ('rosidl_typesupport_introspection_c', '/root/ros2_ws/install/rosidl_typesupport_introspection_c'), ('rcl_logging_noop', '/root/ros2_ws/install/rcl_logging_noop'), ('rcl_logging_spdlog', '/root/ros2_ws/install/rcl_logging_spdlog'), ('rcl_yaml_param_parser', '/root/ros2_ws/install/rcl_yaml_param_parser'), ('rosidl_generator_cpp', '/root/ros2_ws/install/rosidl_generator_cpp'), ('rosidl_typesupport_introspection_cpp', '/root/ros2_ws/install/rosidl_typesupport_introspection_cpp'), ('rosidl_typesupport_fastrtps_cpp', '/root/ros2_ws/install/rosidl_typesupport_fastrtps_cpp'), ('rosidl_typesupport_fastrtps_c', '/root/ros2_ws/install/rosidl_typesupport_fastrtps_c'), ('rosidl_typesupport_c', '/root/ros2_ws/install/rosidl_typesupport_c'), ('rosidl_generator_py', '/root/ros2_ws/install/rosidl_generator_py'), ('rosidl_generator_rs', '/root/ros2_ws/install/rosidl_generator_rs'), ('rosidl_typesupport_cpp', '/root/ros2_ws/install/rosidl_typesupport_cpp'), ('rosidl_default_generators', '/root/ros2_ws/install/rosidl_default_generators'), ('rosidl_default_runtime', '/root/ros2_ws/install/rosidl_default_runtime'), ('builtin_interfaces', '/root/ros2_ws/install/builtin_interfaces'), ('lifecycle_msgs', '/root/ros2_ws/install/lifecycle_msgs'), ('rmw_dds_common', '/root/ros2_ws/install/rmw_dds_common'), ('unique_identifier_msgs', '/root/ros2_ws/install/unique_identifier_msgs'), ('action_msgs', '/root/ros2_ws/install/action_msgs'), ('rcl_interfaces', '/root/ros2_ws/install/rcl_interfaces'), ('rmw_cyclonedds_cpp', '/root/ros2_ws/install/rmw_cyclonedds_cpp'), ('rosgraph_msgs', '/root/ros2_ws/install/rosgraph_msgs'), ('std_msgs', '/root/ros2_ws/install/std_msgs'), ('geometry_msgs', '/root/ros2_ws/install/geometry_msgs'), ('rmw_implementation', '/root/ros2_ws/install/rmw_implementation'), ('test_msgs', '/root/ros2_ws/install/test_msgs'), ('nav_msgs', '/root/ros2_ws/install/nav_msgs'), ('rcl', '/root/ros2_ws/install/rcl'), ('sensor_msgs', '/root/ros2_ws/install/sensor_msgs'), ('vision_msgs', '/root/ros2_ws/install/vision_msgs'), ('rcl_action', '/root/ros2_ws/install/rcl_action'), ('rcl_lifecycle', '/root/ros2_ws/install/rcl_lifecycle'), ('rclpy', '/root/ros2_ws/install/rclpy')])}
[0.004930] (ida_topics) JobStarted: {'identifier': 'ida_topics'}
[0.015446] (ida_topics) JobEnded: {'identifier': 'ida_topics', 'rc': 1}
[0.026044] (-) EventReactorShutdown: {}
