[0.607s] Invoking command in '/root/ros2_ws/build/ament_flake8': AMENT_PREFIX_PATH=/root/ros2_ws/install/ament_lint:${AMENT_PREFIX_PATH} PYTHONPATH=/root/ros2_ws/build/ament_flake8/prefix_override:/usr/lib/python3/dist-packages/colcon_core/task/python/colcon_distutils_commands:/root/ros2_ws/install/ament_flake8/lib/python3.10/site-packages:/root/ros2_ws/build/ament_lint:/root/ros2_ws/install/ament_lint/lib/python3.10/site-packages:${PYTHONPATH} /usr/bin/python3 -W ignore:setup.py install is deprecated -W ignore:easy_install command is deprecated setup.py develop --editable --build-directory /root/ros2_ws/build/ament_flake8/build --no-deps symlink_data
[0.848s] running develop
[0.969s] running egg_info
[0.969s] creating ament_flake8.egg-info
[0.969s] writing ament_flake8.egg-info/PKG-INFO
[0.969s] writing dependency_links to ament_flake8.egg-info/dependency_links.txt
[0.969s] writing entry points to ament_flake8.egg-info/entry_points.txt
[0.970s] writing requirements to ament_flake8.egg-info/requires.txt
[0.970s] writing top-level names to ament_flake8.egg-info/top_level.txt
[0.970s] writing manifest file 'ament_flake8.egg-info/SOURCES.txt'
[0.971s] reading manifest file 'ament_flake8.egg-info/SOURCES.txt'
[0.972s] writing manifest file 'ament_flake8.egg-info/SOURCES.txt'
[0.973s] running build_ext
[0.973s] Creating /root/ros2_ws/install/ament_flake8/lib/python3.10/site-packages/ament-flake8.egg-link (link to .)
[0.974s] Installing ament_flake8 script to /root/ros2_ws/install/ament_flake8/bin
[0.974s] 
[0.975s] Installed /root/ros2_ws/build/ament_flake8
[0.975s] running symlink_data
[0.975s] symbolically linking /root/ros2_ws/build/ament_flake8/package.xml -> /root/ros2_ws/install/ament_flake8/share/ament_flake8
[0.975s] creating /root/ros2_ws/install/ament_flake8/share/ament_index
[0.975s] creating /root/ros2_ws/install/ament_flake8/share/ament_index/resource_index
[0.975s] creating /root/ros2_ws/install/ament_flake8/share/ament_index/resource_index/packages
[0.975s] symbolically linking /root/ros2_ws/build/ament_flake8/resource/ament_flake8 -> /root/ros2_ws/install/ament_flake8/share/ament_index/resource_index/packages
