[0.015s] Invoking command in '/root/ros2_ws/build/ament_cmake_gmock': AMENT_PREFIX_PATH=/root/ros2_ws/install/ament_cmake_gtest:/root/ros2_ws/install/ament_cmake_test:/root/ros2_ws/install/ament_cmake_python:/root/ros2_ws/install/ament_cmake_core:/root/ros2_ws/install/ament_package:${AMENT_PREFIX_PATH} CMAKE_PREFIX_PATH=/root/ros2_ws/install/ament_cmake_gtest:/root/ros2_ws/install/ament_cmake_test:/root/ros2_ws/install/ament_cmake_python:/root/ros2_ws/install/gmock_vendor:/root/ros2_ws/install/ament_cmake_core:/root/ros2_ws/install/gtest_vendor:/opt/ros/humble PKG_CONFIG_PATH=/root/ros2_ws/install/gmock_vendor/lib/x86_64-linux-gnu/pkgconfig:/root/ros2_ws/install/gmock_vendor/lib/pkgconfig:/root/ros2_ws/install/gtest_vendor/lib/x86_64-linux-gnu/pkgconfig:/root/ros2_ws/install/gtest_vendor/lib/pkgconfig PYTHONPATH=/root/ros2_ws/install/ament_cmake_test/local/lib/python3.10/dist-packages:/root/ros2_ws/build/ament_package:/root/ros2_ws/install/ament_package/lib/python3.10/site-packages:${PYTHONPATH} /usr/bin/cmake --build /root/ros2_ws/build/ament_cmake_gmock -- -j16 -l16
[0.043s] Invoked command in '/root/ros2_ws/build/ament_cmake_gmock' returned '0': AMENT_PREFIX_PATH=/root/ros2_ws/install/ament_cmake_gtest:/root/ros2_ws/install/ament_cmake_test:/root/ros2_ws/install/ament_cmake_python:/root/ros2_ws/install/ament_cmake_core:/root/ros2_ws/install/ament_package:${AMENT_PREFIX_PATH} CMAKE_PREFIX_PATH=/root/ros2_ws/install/ament_cmake_gtest:/root/ros2_ws/install/ament_cmake_test:/root/ros2_ws/install/ament_cmake_python:/root/ros2_ws/install/gmock_vendor:/root/ros2_ws/install/ament_cmake_core:/root/ros2_ws/install/gtest_vendor:/opt/ros/humble PKG_CONFIG_PATH=/root/ros2_ws/install/gmock_vendor/lib/x86_64-linux-gnu/pkgconfig:/root/ros2_ws/install/gmock_vendor/lib/pkgconfig:/root/ros2_ws/install/gtest_vendor/lib/x86_64-linux-gnu/pkgconfig:/root/ros2_ws/install/gtest_vendor/lib/pkgconfig PYTHONPATH=/root/ros2_ws/install/ament_cmake_test/local/lib/python3.10/dist-packages:/root/ros2_ws/build/ament_package:/root/ros2_ws/install/ament_package/lib/python3.10/site-packages:${PYTHONPATH} /usr/bin/cmake --build /root/ros2_ws/build/ament_cmake_gmock -- -j16 -l16
[0.044s] Invoking command in '/root/ros2_ws/build/ament_cmake_gmock': AMENT_PREFIX_PATH=/root/ros2_ws/install/ament_cmake_gtest:/root/ros2_ws/install/ament_cmake_test:/root/ros2_ws/install/ament_cmake_python:/root/ros2_ws/install/ament_cmake_core:/root/ros2_ws/install/ament_package:${AMENT_PREFIX_PATH} CMAKE_PREFIX_PATH=/root/ros2_ws/install/ament_cmake_gtest:/root/ros2_ws/install/ament_cmake_test:/root/ros2_ws/install/ament_cmake_python:/root/ros2_ws/install/gmock_vendor:/root/ros2_ws/install/ament_cmake_core:/root/ros2_ws/install/gtest_vendor:/opt/ros/humble PKG_CONFIG_PATH=/root/ros2_ws/install/gmock_vendor/lib/x86_64-linux-gnu/pkgconfig:/root/ros2_ws/install/gmock_vendor/lib/pkgconfig:/root/ros2_ws/install/gtest_vendor/lib/x86_64-linux-gnu/pkgconfig:/root/ros2_ws/install/gtest_vendor/lib/pkgconfig PYTHONPATH=/root/ros2_ws/install/ament_cmake_test/local/lib/python3.10/dist-packages:/root/ros2_ws/build/ament_package:/root/ros2_ws/install/ament_package/lib/python3.10/site-packages:${PYTHONPATH} /usr/bin/cmake --install /root/ros2_ws/build/ament_cmake_gmock
[0.050s] -- Install configuration: ""
[0.050s] -- Execute custom install script
[0.051s] -- Up-to-date symlink: /root/ros2_ws/install/ament_cmake_gmock/share/ament_index/resource_index/package_run_dependencies/ament_cmake_gmock
[0.051s] -- Up-to-date symlink: /root/ros2_ws/install/ament_cmake_gmock/share/ament_index/resource_index/parent_prefix_path/ament_cmake_gmock
[0.051s] -- Up-to-date symlink: /root/ros2_ws/install/ament_cmake_gmock/share/ament_cmake_gmock/environment/ament_prefix_path.sh
[0.051s] -- Up-to-date symlink: /root/ros2_ws/install/ament_cmake_gmock/share/ament_cmake_gmock/environment/ament_prefix_path.dsv
[0.051s] -- Up-to-date symlink: /root/ros2_ws/install/ament_cmake_gmock/share/ament_cmake_gmock/environment/path.sh
[0.051s] -- Up-to-date symlink: /root/ros2_ws/install/ament_cmake_gmock/share/ament_cmake_gmock/environment/path.dsv
[0.051s] -- Up-to-date symlink: /root/ros2_ws/install/ament_cmake_gmock/share/ament_cmake_gmock/local_setup.bash
[0.051s] -- Up-to-date symlink: /root/ros2_ws/install/ament_cmake_gmock/share/ament_cmake_gmock/local_setup.sh
[0.052s] -- Up-to-date symlink: /root/ros2_ws/install/ament_cmake_gmock/share/ament_cmake_gmock/local_setup.zsh
[0.052s] -- Up-to-date symlink: /root/ros2_ws/install/ament_cmake_gmock/share/ament_cmake_gmock/local_setup.dsv
[0.052s] -- Symlinking: /root/ros2_ws/install/ament_cmake_gmock/share/ament_cmake_gmock/package.dsv
[0.058s] -- Up-to-date symlink: /root/ros2_ws/install/ament_cmake_gmock/share/ament_index/resource_index/packages/ament_cmake_gmock
[0.058s] -- Up-to-date symlink: /root/ros2_ws/install/ament_cmake_gmock/share/ament_cmake_gmock/cmake/ament_cmake_gmock-extras.cmake
[0.058s] -- Up-to-date symlink: /root/ros2_ws/install/ament_cmake_gmock/share/ament_cmake_gmock/cmake/ament_cmake_gmockConfig.cmake
[0.058s] -- Up-to-date symlink: /root/ros2_ws/install/ament_cmake_gmock/share/ament_cmake_gmock/cmake/ament_cmake_gmockConfig-version.cmake
[0.058s] -- Up-to-date symlink: /root/ros2_ws/install/ament_cmake_gmock/share/ament_cmake_gmock/package.xml
[0.059s] -- Up-to-date symlink: /root/ros2_ws/install/ament_cmake_gmock/share/ament_cmake_gmock/cmake/ament_add_gmock.cmake
[0.059s] -- Up-to-date symlink: /root/ros2_ws/install/ament_cmake_gmock/share/ament_cmake_gmock/cmake/ament_find_gmock.cmake
[0.060s] Invoked command in '/root/ros2_ws/build/ament_cmake_gmock' returned '0': AMENT_PREFIX_PATH=/root/ros2_ws/install/ament_cmake_gtest:/root/ros2_ws/install/ament_cmake_test:/root/ros2_ws/install/ament_cmake_python:/root/ros2_ws/install/ament_cmake_core:/root/ros2_ws/install/ament_package:${AMENT_PREFIX_PATH} CMAKE_PREFIX_PATH=/root/ros2_ws/install/ament_cmake_gtest:/root/ros2_ws/install/ament_cmake_test:/root/ros2_ws/install/ament_cmake_python:/root/ros2_ws/install/gmock_vendor:/root/ros2_ws/install/ament_cmake_core:/root/ros2_ws/install/gtest_vendor:/opt/ros/humble PKG_CONFIG_PATH=/root/ros2_ws/install/gmock_vendor/lib/x86_64-linux-gnu/pkgconfig:/root/ros2_ws/install/gmock_vendor/lib/pkgconfig:/root/ros2_ws/install/gtest_vendor/lib/x86_64-linux-gnu/pkgconfig:/root/ros2_ws/install/gtest_vendor/lib/pkgconfig PYTHONPATH=/root/ros2_ws/install/ament_cmake_test/local/lib/python3.10/dist-packages:/root/ros2_ws/build/ament_package:/root/ros2_ws/install/ament_package/lib/python3.10/site-packages:${PYTHONPATH} /usr/bin/cmake --install /root/ros2_ws/build/ament_cmake_gmock
