[1.292s] Invoking command in '/root/ros2_ws/build/domain_coordinator': AMENT_PREFIX_PATH=/root/ros2_ws/install/ament_copyright:/root/ros2_ws/install/ament_pep257:/root/ros2_ws/install/ament_flake8:/root/ros2_ws/install/ament_lint:${AMENT_PREFIX_PATH} PATH=/root/ros2_ws/install/ament_copyright/bin:/root/ros2_ws/install/ament_pep257/bin:/root/ros2_ws/install/ament_flake8/bin:${PATH} PYTHONPATH=/root/ros2_ws/build/domain_coordinator/prefix_override:/usr/lib/python3/dist-packages/colcon_core/task/python/colcon_distutils_commands:/root/ros2_ws/install/domain_coordinator/lib/python3.10/site-packages:/root/ros2_ws/build/ament_copyright:/root/ros2_ws/install/ament_copyright/lib/python3.10/site-packages:/root/ros2_ws/build/ament_pep257:/root/ros2_ws/install/ament_pep257/lib/python3.10/site-packages:/root/ros2_ws/build/ament_flake8:/root/ros2_ws/install/ament_flake8/lib/python3.10/site-packages:/root/ros2_ws/build/ament_lint:/root/ros2_ws/install/ament_lint/lib/python3.10/site-packages:${PYTHONPATH} /usr/bin/python3 -W ignore:setup.py install is deprecated -W ignore:easy_install command is deprecated setup.py develop --editable --build-directory /root/ros2_ws/build/domain_coordinator/build --no-deps symlink_data
[1.707s] running develop
[1.956s] running egg_info
[1.956s] creating domain_coordinator.egg-info
[1.956s] writing domain_coordinator.egg-info/PKG-INFO
[1.956s] writing dependency_links to domain_coordinator.egg-info/dependency_links.txt
[1.956s] writing requirements to domain_coordinator.egg-info/requires.txt
[1.957s] writing top-level names to domain_coordinator.egg-info/top_level.txt
[1.957s] writing manifest file 'domain_coordinator.egg-info/SOURCES.txt'
[1.960s] reading manifest file 'domain_coordinator.egg-info/SOURCES.txt'
[1.961s] writing manifest file 'domain_coordinator.egg-info/SOURCES.txt'
[1.964s] running build_ext
[1.968s] Creating /root/ros2_ws/install/domain_coordinator/lib/python3.10/site-packages/domain-coordinator.egg-link (link to .)
[1.968s] 
[1.968s] Installed /root/ros2_ws/build/domain_coordinator
[1.968s] running symlink_data
[1.968s] symbolically linking /root/ros2_ws/build/domain_coordinator/package.xml -> /root/ros2_ws/install/domain_coordinator/share/domain_coordinator
[1.969s] creating /root/ros2_ws/install/domain_coordinator/share/ament_index
[1.969s] creating /root/ros2_ws/install/domain_coordinator/share/ament_index/resource_index
[1.969s] creating /root/ros2_ws/install/domain_coordinator/share/ament_index/resource_index/packages
[1.969s] symbolically linking /root/ros2_ws/build/domain_coordinator/resource/domain_coordinator -> /root/ros2_ws/install/domain_coordinator/share/ament_index/resource_index/packages
[2.058s] Invoked command in '/root/ros2_ws/build/domain_coordinator' returned '0': AMENT_PREFIX_PATH=/root/ros2_ws/install/ament_copyright:/root/ros2_ws/install/ament_pep257:/root/ros2_ws/install/ament_flake8:/root/ros2_ws/install/ament_lint:${AMENT_PREFIX_PATH} PATH=/root/ros2_ws/install/ament_copyright/bin:/root/ros2_ws/install/ament_pep257/bin:/root/ros2_ws/install/ament_flake8/bin:${PATH} PYTHONPATH=/root/ros2_ws/build/domain_coordinator/prefix_override:/usr/lib/python3/dist-packages/colcon_core/task/python/colcon_distutils_commands:/root/ros2_ws/install/domain_coordinator/lib/python3.10/site-packages:/root/ros2_ws/build/ament_copyright:/root/ros2_ws/install/ament_copyright/lib/python3.10/site-packages:/root/ros2_ws/build/ament_pep257:/root/ros2_ws/install/ament_pep257/lib/python3.10/site-packages:/root/ros2_ws/build/ament_flake8:/root/ros2_ws/install/ament_flake8/lib/python3.10/site-packages:/root/ros2_ws/build/ament_lint:/root/ros2_ws/install/ament_lint/lib/python3.10/site-packages:${PYTHONPATH} /usr/bin/python3 -W ignore:setup.py install is deprecated -W ignore:easy_install command is deprecated setup.py develop --editable --build-directory /root/ros2_ws/build/domain_coordinator/build --no-deps symlink_data
