-- The C compiler identification is GNU 11.4.0
-- The CXX compiler identification is GNU 11.4.0
-- Detecting C compiler ABI info
-- Detecting C compiler ABI info - done
-- Check for working C compiler: /usr/bin/cc - skipped
-- Detecting C compile features
-- Detecting C compile features - done
-- Detecting CXX compiler ABI info
-- Detecting CXX compiler ABI info - done
-- Check for working CXX compiler: /usr/bin/c++ - skipped
-- Detecting CXX compile features
-- Detecting CXX compile features - done
-- Found ament_cmake_python: 1.3.14 (/root/ros2_ws/install/ament_cmake_python/share/ament_cmake_python/cmake)
-- Found ament_cmake_ros: 0.10.0 (/root/ros2_ws/install/ament_cmake_ros/share/ament_cmake_ros/cmake)
-- Found Python3: /usr/bin/python3 (found version "3.10.12") found components: Interpreter 
-- Override CMake install command with custom implementation using symlinks instead of copying resources
-- Performing Test USES_GLIBC
-- Performing Test USES_GLIBC - Success
-- Looking for __atomic_load_8 in atomic
-- Looking for __atomic_load_8 in atomic - found
-- Configuring incomplete, errors occurred!
See also "/root/ros2_ws/build/rcutils/CMakeFiles/CMakeOutput.log".
