running develop
running egg_info
creating launch.egg-info
writing launch.egg-info/PKG-INFO
writing dependency_links to launch.egg-info/dependency_links.txt
writing requirements to launch.egg-info/requires.txt
writing top-level names to launch.egg-info/top_level.txt
writing manifest file 'launch.egg-info/SOURCES.txt'
reading manifest file 'launch.egg-info/SOURCES.txt'
writing manifest file 'launch.egg-info/SOURCES.txt'
running build_ext
Creating /root/ros2_ws/install/launch/lib/python3.10/site-packages/launch.egg-link (link to .)

Installed /root/ros2_ws/build/launch
running symlink_data
symbolically linking /root/ros2_ws/build/launch/package.xml -> /root/ros2_ws/install/launch/share/launch
creating /root/ros2_ws/install/launch/share/ament_index
creating /root/ros2_ws/install/launch/share/ament_index/resource_index
creating /root/ros2_ws/install/launch/share/ament_index/resource_index/packages
symbolically linking /root/ros2_ws/build/launch/resource/launch -> /root/ros2_ws/install/launch/share/ament_index/resource_index/packages
creating /root/ros2_ws/install/launch/share/launch/frontend
symbolically linking /root/ros2_ws/build/launch/share/launch/frontend/grammar.lark -> /root/ros2_ws/install/launch/share/launch/frontend
