[1.510s] Invoking command in '/root/ros2_ws/build/launch': AMENT_PREFIX_PATH=/root/ros2_ws/install/ament_index_python:/root/ros2_ws/install/ament_copyright:/root/ros2_ws/install/ament_pep257:/root/ros2_ws/install/ament_flake8:/root/ros2_ws/install/osrf_pycommon:/root/ros2_ws/install/ament_lint:${AMENT_PREFIX_PATH} PATH=/root/ros2_ws/install/ament_index_python/bin:/root/ros2_ws/install/ament_copyright/bin:/root/ros2_ws/install/ament_pep257/bin:/root/ros2_ws/install/ament_flake8/bin:${PATH} PYTHONPATH=/root/ros2_ws/build/launch/prefix_override:/usr/lib/python3/dist-packages/colcon_core/task/python/colcon_distutils_commands:/root/ros2_ws/install/launch/lib/python3.10/site-packages:/root/ros2_ws/build/ament_index_python:/root/ros2_ws/install/ament_index_python/lib/python3.10/site-packages:/root/ros2_ws/build/ament_copyright:/root/ros2_ws/install/ament_copyright/lib/python3.10/site-packages:/root/ros2_ws/build/ament_pep257:/root/ros2_ws/install/ament_pep257/lib/python3.10/site-packages:/root/ros2_ws/build/ament_flake8:/root/ros2_ws/install/ament_flake8/lib/python3.10/site-packages:/root/ros2_ws/build/osrf_pycommon:/root/ros2_ws/install/osrf_pycommon/lib/python3.10/site-packages:/root/ros2_ws/build/ament_lint:/root/ros2_ws/install/ament_lint/lib/python3.10/site-packages:${PYTHONPATH} /usr/bin/python3 -W ignore:setup.py install is deprecated -W ignore:easy_install command is deprecated setup.py develop --editable --build-directory /root/ros2_ws/build/launch/build --no-deps symlink_data
[1.934s] running develop
[2.117s] running egg_info
[2.117s] creating launch.egg-info
[2.118s] writing launch.egg-info/PKG-INFO
[2.118s] writing dependency_links to launch.egg-info/dependency_links.txt
[2.118s] writing requirements to launch.egg-info/requires.txt
[2.118s] writing top-level names to launch.egg-info/top_level.txt
[2.118s] writing manifest file 'launch.egg-info/SOURCES.txt'
[2.131s] reading manifest file 'launch.egg-info/SOURCES.txt'
[2.131s] writing manifest file 'launch.egg-info/SOURCES.txt'
[2.134s] running build_ext
[2.134s] Creating /root/ros2_ws/install/launch/lib/python3.10/site-packages/launch.egg-link (link to .)
[2.141s] 
[2.141s] Installed /root/ros2_ws/build/launch
[2.141s] running symlink_data
[2.141s] symbolically linking /root/ros2_ws/build/launch/package.xml -> /root/ros2_ws/install/launch/share/launch
[2.147s] creating /root/ros2_ws/install/launch/share/ament_index
[2.147s] creating /root/ros2_ws/install/launch/share/ament_index/resource_index
[2.147s] creating /root/ros2_ws/install/launch/share/ament_index/resource_index/packages
[2.147s] symbolically linking /root/ros2_ws/build/launch/resource/launch -> /root/ros2_ws/install/launch/share/ament_index/resource_index/packages
[2.147s] creating /root/ros2_ws/install/launch/share/launch/frontend
[2.147s] symbolically linking /root/ros2_ws/build/launch/share/launch/frontend/grammar.lark -> /root/ros2_ws/install/launch/share/launch/frontend
[2.249s] Invoked command in '/root/ros2_ws/build/launch' returned '0': AMENT_PREFIX_PATH=/root/ros2_ws/install/ament_index_python:/root/ros2_ws/install/ament_copyright:/root/ros2_ws/install/ament_pep257:/root/ros2_ws/install/ament_flake8:/root/ros2_ws/install/osrf_pycommon:/root/ros2_ws/install/ament_lint:${AMENT_PREFIX_PATH} PATH=/root/ros2_ws/install/ament_index_python/bin:/root/ros2_ws/install/ament_copyright/bin:/root/ros2_ws/install/ament_pep257/bin:/root/ros2_ws/install/ament_flake8/bin:${PATH} PYTHONPATH=/root/ros2_ws/build/launch/prefix_override:/usr/lib/python3/dist-packages/colcon_core/task/python/colcon_distutils_commands:/root/ros2_ws/install/launch/lib/python3.10/site-packages:/root/ros2_ws/build/ament_index_python:/root/ros2_ws/install/ament_index_python/lib/python3.10/site-packages:/root/ros2_ws/build/ament_copyright:/root/ros2_ws/install/ament_copyright/lib/python3.10/site-packages:/root/ros2_ws/build/ament_pep257:/root/ros2_ws/install/ament_pep257/lib/python3.10/site-packages:/root/ros2_ws/build/ament_flake8:/root/ros2_ws/install/ament_flake8/lib/python3.10/site-packages:/root/ros2_ws/build/osrf_pycommon:/root/ros2_ws/install/osrf_pycommon/lib/python3.10/site-packages:/root/ros2_ws/build/ament_lint:/root/ros2_ws/install/ament_lint/lib/python3.10/site-packages:${PYTHONPATH} /usr/bin/python3 -W ignore:setup.py install is deprecated -W ignore:easy_install command is deprecated setup.py develop --editable --build-directory /root/ros2_ws/build/launch/build --no-deps symlink_data
