[0.067s] Invoking command in '/root/ros2_ws/build/ament_cmake_target_dependencies': AMENT_PREFIX_PATH=/root/ros2_ws/install/ament_cmake_libraries:/root/ros2_ws/install/ament_cmake_include_directories:/root/ros2_ws/install/ament_cmake_core:/root/ros2_ws/install/ament_package:${AMENT_PREFIX_PATH} CMAKE_PREFIX_PATH=/root/ros2_ws/install/ament_cmake_libraries:/root/ros2_ws/install/ament_cmake_include_directories:/root/ros2_ws/install/ament_cmake_core:/opt/ros/humble PYTHONPATH=/root/ros2_ws/build/ament_package:/root/ros2_ws/install/ament_package/lib/python3.10/site-packages:${PYTHONPATH} /usr/bin/cmake /root/ros2_ws/src/ament/ament_cmake/ament_cmake_target_dependencies -DAMENT_CMAKE_SYMLINK_INSTALL=1 -DCMAKE_INSTALL_PREFIX=/root/ros2_ws/install/ament_cmake_target_dependencies
[0.091s] -- Found ament_cmake_core: 1.3.14 (/root/ros2_ws/install/ament_cmake_core/share/ament_cmake_core/cmake)
[0.351s] -- Found Python3: /usr/bin/python3 (found version "3.10.12") found components: Interpreter 
[0.351s] -- Override CMake install command with custom implementation using symlinks instead of copying resources
[0.352s] -- Configuring done
[0.352s] -- Generating done
[0.352s] -- Build files have been written to: /root/ros2_ws/build/ament_cmake_target_dependencies
[0.353s] Invoked command in '/root/ros2_ws/build/ament_cmake_target_dependencies' returned '0': AMENT_PREFIX_PATH=/root/ros2_ws/install/ament_cmake_libraries:/root/ros2_ws/install/ament_cmake_include_directories:/root/ros2_ws/install/ament_cmake_core:/root/ros2_ws/install/ament_package:${AMENT_PREFIX_PATH} CMAKE_PREFIX_PATH=/root/ros2_ws/install/ament_cmake_libraries:/root/ros2_ws/install/ament_cmake_include_directories:/root/ros2_ws/install/ament_cmake_core:/opt/ros/humble PYTHONPATH=/root/ros2_ws/build/ament_package:/root/ros2_ws/install/ament_package/lib/python3.10/site-packages:${PYTHONPATH} /usr/bin/cmake /root/ros2_ws/src/ament/ament_cmake/ament_cmake_target_dependencies -DAMENT_CMAKE_SYMLINK_INSTALL=1 -DCMAKE_INSTALL_PREFIX=/root/ros2_ws/install/ament_cmake_target_dependencies
[0.353s] Invoking command in '/root/ros2_ws/build/ament_cmake_target_dependencies': AMENT_PREFIX_PATH=/root/ros2_ws/install/ament_cmake_libraries:/root/ros2_ws/install/ament_cmake_include_directories:/root/ros2_ws/install/ament_cmake_core:/root/ros2_ws/install/ament_package:${AMENT_PREFIX_PATH} CMAKE_PREFIX_PATH=/root/ros2_ws/install/ament_cmake_libraries:/root/ros2_ws/install/ament_cmake_include_directories:/root/ros2_ws/install/ament_cmake_core:/opt/ros/humble PYTHONPATH=/root/ros2_ws/build/ament_package:/root/ros2_ws/install/ament_package/lib/python3.10/site-packages:${PYTHONPATH} /usr/bin/cmake --build /root/ros2_ws/build/ament_cmake_target_dependencies -- -j16 -l16
[0.376s] Invoked command in '/root/ros2_ws/build/ament_cmake_target_dependencies' returned '0': AMENT_PREFIX_PATH=/root/ros2_ws/install/ament_cmake_libraries:/root/ros2_ws/install/ament_cmake_include_directories:/root/ros2_ws/install/ament_cmake_core:/root/ros2_ws/install/ament_package:${AMENT_PREFIX_PATH} CMAKE_PREFIX_PATH=/root/ros2_ws/install/ament_cmake_libraries:/root/ros2_ws/install/ament_cmake_include_directories:/root/ros2_ws/install/ament_cmake_core:/opt/ros/humble PYTHONPATH=/root/ros2_ws/build/ament_package:/root/ros2_ws/install/ament_package/lib/python3.10/site-packages:${PYTHONPATH} /usr/bin/cmake --build /root/ros2_ws/build/ament_cmake_target_dependencies -- -j16 -l16
[0.377s] Invoking command in '/root/ros2_ws/build/ament_cmake_target_dependencies': AMENT_PREFIX_PATH=/root/ros2_ws/install/ament_cmake_libraries:/root/ros2_ws/install/ament_cmake_include_directories:/root/ros2_ws/install/ament_cmake_core:/root/ros2_ws/install/ament_package:${AMENT_PREFIX_PATH} CMAKE_PREFIX_PATH=/root/ros2_ws/install/ament_cmake_libraries:/root/ros2_ws/install/ament_cmake_include_directories:/root/ros2_ws/install/ament_cmake_core:/opt/ros/humble PYTHONPATH=/root/ros2_ws/build/ament_package:/root/ros2_ws/install/ament_package/lib/python3.10/site-packages:${PYTHONPATH} /usr/bin/cmake --install /root/ros2_ws/build/ament_cmake_target_dependencies
[0.386s] -- Install configuration: ""
[0.386s] -- Execute custom install script
[0.387s] -- Symlinking: /root/ros2_ws/install/ament_cmake_target_dependencies/share/ament_index/resource_index/package_run_dependencies/ament_cmake_target_dependencies
[0.393s] -- Symlinking: /root/ros2_ws/install/ament_cmake_target_dependencies/share/ament_index/resource_index/parent_prefix_path/ament_cmake_target_dependencies
[0.399s] -- Symlinking: /root/ros2_ws/install/ament_cmake_target_dependencies/share/ament_cmake_target_dependencies/environment/ament_prefix_path.sh
[0.405s] -- Symlinking: /root/ros2_ws/install/ament_cmake_target_dependencies/share/ament_cmake_target_dependencies/environment/ament_prefix_path.dsv
[0.411s] -- Symlinking: /root/ros2_ws/install/ament_cmake_target_dependencies/share/ament_cmake_target_dependencies/environment/path.sh
[0.420s] -- Symlinking: /root/ros2_ws/install/ament_cmake_target_dependencies/share/ament_cmake_target_dependencies/environment/path.dsv
[0.424s] -- Symlinking: /root/ros2_ws/install/ament_cmake_target_dependencies/share/ament_cmake_target_dependencies/local_setup.bash
[0.429s] -- Symlinking: /root/ros2_ws/install/ament_cmake_target_dependencies/share/ament_cmake_target_dependencies/local_setup.sh
[0.437s] -- Symlinking: /root/ros2_ws/install/ament_cmake_target_dependencies/share/ament_cmake_target_dependencies/local_setup.zsh
[0.442s] -- Symlinking: /root/ros2_ws/install/ament_cmake_target_dependencies/share/ament_cmake_target_dependencies/local_setup.dsv
[0.447s] -- Symlinking: /root/ros2_ws/install/ament_cmake_target_dependencies/share/ament_cmake_target_dependencies/package.dsv
[0.456s] -- Symlinking: /root/ros2_ws/install/ament_cmake_target_dependencies/share/ament_index/resource_index/packages/ament_cmake_target_dependencies
[0.461s] -- Symlinking: /root/ros2_ws/install/ament_cmake_target_dependencies/share/ament_cmake_target_dependencies/cmake/ament_cmake_target_dependencies-extras.cmake
[0.466s] -- Symlinking: /root/ros2_ws/install/ament_cmake_target_dependencies/share/ament_cmake_target_dependencies/cmake/ament_cmake_target_dependenciesConfig.cmake
[0.472s] -- Symlinking: /root/ros2_ws/install/ament_cmake_target_dependencies/share/ament_cmake_target_dependencies/cmake/ament_cmake_target_dependenciesConfig-version.cmake
[0.478s] -- Symlinking: /root/ros2_ws/install/ament_cmake_target_dependencies/share/ament_cmake_target_dependencies/package.xml
[0.487s] -- Symlinking: /root/ros2_ws/install/ament_cmake_target_dependencies/share/ament_cmake_target_dependencies/cmake/ament_get_recursive_properties.cmake
[0.495s] -- Symlinking: /root/ros2_ws/install/ament_cmake_target_dependencies/share/ament_cmake_target_dependencies/cmake/ament_target_dependencies.cmake
[0.501s] Invoked command in '/root/ros2_ws/build/ament_cmake_target_dependencies' returned '0': AMENT_PREFIX_PATH=/root/ros2_ws/install/ament_cmake_libraries:/root/ros2_ws/install/ament_cmake_include_directories:/root/ros2_ws/install/ament_cmake_core:/root/ros2_ws/install/ament_package:${AMENT_PREFIX_PATH} CMAKE_PREFIX_PATH=/root/ros2_ws/install/ament_cmake_libraries:/root/ros2_ws/install/ament_cmake_include_directories:/root/ros2_ws/install/ament_cmake_core:/opt/ros/humble PYTHONPATH=/root/ros2_ws/build/ament_package:/root/ros2_ws/install/ament_package/lib/python3.10/site-packages:${PYTHONPATH} /usr/bin/cmake --install /root/ros2_ws/build/ament_cmake_target_dependencies
