-- The C compiler identification is GNU 11.4.0
-- The CXX compiler identification is GNU 11.4.0
-- Detecting C compiler ABI info
-- Detecting C compiler ABI info - done
-- Check for working C compiler: /usr/bin/cc - skipped
-- Detecting C compile features
-- Detecting C compile features - done
-- Detecting CXX compiler ABI info
-- Detecting CXX compiler ABI info - done
-- Check for working CXX compiler: /usr/bin/c++ - skipped
-- Detecting CXX compile features
-- Detecting CXX compile features - done
-- Found ament_cmake_ros: 0.10.0 (/root/ros2_ws/install/ament_cmake_ros/share/ament_cmake_ros/cmake)
-- Found Python3: /usr/bin/python3 (found version "3.10.12") found components: Interpreter 
-- Override CMake install command with custom implementation using symlinks instead of copying resources
-- Found rcutils: 5.1.8 (/opt/ros/humble/share/rcutils/cmake)
-- Found rosidl_runtime_c: 3.1.8 (/root/ros2_ws/install/rosidl_runtime_c/share/rosidl_runtime_c/cmake)
-- Found ament_lint_auto: 0.12.15 (/root/ros2_ws/install/ament_lint_auto/share/ament_lint_auto/cmake)
-- Found gmock sources under '/root/ros2_ws/install/gmock_vendor/src/gmock_vendor': C++ tests using 'Google Mock' will be built
-- Found gtest sources under '/root/ros2_ws/install/gtest_vendor/src/gtest_vendor': C++ tests using 'Google Test' will be built
-- Looking for pthread.h
-- Looking for pthread.h - found
-- Performing Test CMAKE_HAVE_LIBC_PTHREAD
-- Performing Test CMAKE_HAVE_LIBC_PTHREAD - Success
-- Found Threads: TRUE  
-- Added test 'copyright' to check source files copyright and LICENSE
-- Added test 'cpplint' to check C / C++ code against the Google style
-- Configured cpplint exclude dirs and/or files: 
-- Added test 'lint_cmake' to check CMake code style
-- Added test 'uncrustify' to check C / C++ code style
-- Configured uncrustify additional arguments: 
-- Added test 'xmllint' to check XML markup files
-- Configuring done
-- Generating done
-- Build files have been written to: /root/ros2_ws/build/rmw
[  1%] Building C object CMakeFiles/rmw.dir/src/allocators.c.o
[  2%] Building CXX object gmock/CMakeFiles/gmock.dir/root/ros2_ws/install/gtest_vendor/src/gtest_vendor/src/gtest-all.cc.o
[  3%] Building CXX object gmock/CMakeFiles/gmock_main.dir/src/gmock_main.cc.o
[  5%] Building C object CMakeFiles/rmw.dir/src/convert_rcutils_ret_to_rmw_ret.c.o
[  6%] Building CXX object gtest/CMakeFiles/gtest.dir/src/gtest-all.cc.o
[  7%] Building C object CMakeFiles/rmw.dir/src/init.c.o
[ 10%] Building C object CMakeFiles/rmw.dir/src/event.c.o
[ 10%] Building CXX object gtest/CMakeFiles/gtest_main.dir/src/gtest_main.cc.o
[ 11%] Building C object CMakeFiles/rmw.dir/src/names_and_types.c.o
[ 14%] Building C object CMakeFiles/rmw.dir/src/init_options.c.o
[ 14%] Building C object CMakeFiles/rmw.dir/src/network_flow_endpoint_array.c.o
[ 15%] Building CXX object gmock/CMakeFiles/gmock.dir/src/gmock-all.cc.o
[ 16%] Building C object CMakeFiles/rmw.dir/src/message_sequence.c.o
[ 17%] Building C object CMakeFiles/rmw.dir/src/publisher_options.c.o
[ 19%] Building C object CMakeFiles/rmw.dir/src/network_flow_endpoint.c.o
[ 20%] Building C object CMakeFiles/rmw.dir/src/qos_string_conversions.c.o
[ 21%] Building C object CMakeFiles/rmw.dir/src/security_options.c.o
[ 23%] Building C object CMakeFiles/rmw.dir/src/sanity_checks.c.o
[ 24%] Building C object CMakeFiles/rmw.dir/src/subscription_content_filter_options.c.o
[ 25%] Building C object CMakeFiles/rmw.dir/src/subscription_options.c.o
[ 26%] Building C object CMakeFiles/rmw.dir/src/time.c.o
[ 28%] Building C object CMakeFiles/rmw.dir/src/topic_endpoint_info_array.c.o
[ 30%] Building C object CMakeFiles/rmw.dir/src/topic_endpoint_info.c.o
[ 29%] Building C object CMakeFiles/rmw.dir/src/types.c.o
[ 32%] Building C object CMakeFiles/rmw.dir/src/validate_full_topic_name.c.o
[ 33%] Building C object CMakeFiles/rmw.dir/src/validate_namespace.c.o
[ 34%] Building C object CMakeFiles/rmw.dir/src/validate_node_name.c.o
[ 35%] Linking C shared library librmw.so
[ 35%] Built target rmw
[ 37%] Linking CXX static library libgtest_main.a
[ 37%] Built target gtest_main
[ 38%] Linking CXX static library libgmock_main.a
[ 38%] Built target gmock_main
[ 39%] Linking CXX static library libgmock.a
[ 39%] Built target gmock
[ 41%] Building CXX object test/CMakeFiles/test_event.dir/test_event.cpp.o
[ 42%] Building CXX object test/CMakeFiles/test_names_and_types.dir/test_names_and_types.cpp.o
[ 43%] Building CXX object test/CMakeFiles/test_init_options.dir/test_init_options.cpp.o
[ 44%] Building CXX object test/CMakeFiles/test_init.dir/test_init.cpp.o
[ 46%] Building CXX object test/CMakeFiles/test_convert_rcutils_ret_to_rmw_ret.dir/test_convert_rcutils_ret_to_rmw_ret.cpp.o
[ 48%] Building CXX object test/CMakeFiles/test_publisher_options.dir/test_publisher_options.cpp.o
[ 48%] Building CXX object test/CMakeFiles/test_message_sequence.dir/test_message_sequence.cpp.o
[ 50%] Building CXX object test/CMakeFiles/test_security_options.dir/test_security_options.cpp.o
[ 51%] Building CXX object test/CMakeFiles/test_sanity_checks.dir/test_sanity_checks.cpp.o
[ 52%] Building CXX object test/CMakeFiles/test_allocators.dir/test_allocators.cpp.o
[ 55%] Building CXX object test/CMakeFiles/test_serialized_message.dir/test_serialized_message.cpp.o
[ 55%] Building CXX object test/CMakeFiles/test_subscription_options.dir/test_subscription_options.cpp.o
[ 56%] Building CXX object test/CMakeFiles/test_time.dir/test_time.cpp.o
[ 57%] Building CXX object test/CMakeFiles/test_types.dir/test_types.cpp.o
[ 58%] Building CXX object test/CMakeFiles/test_validate_full_topic_name.dir/test_validate_full_topic_name.cpp.o
[ 60%] Linking CXX static library libgtest.a
[ 60%] Built target gtest
[ 61%] Building CXX object test/CMakeFiles/test_validate_node_name.dir/test_validate_node_name.cpp.o
[ 62%] Linking CXX executable test_subscription_options
[ 64%] Linking CXX executable test_event
[ 65%] Linking CXX executable test_time
[ 66%] Linking CXX executable test_sanity_checks
[ 67%] Linking CXX executable test_init_options
[ 69%] Linking CXX executable test_allocators
[ 70%] Linking CXX executable test_validate_full_topic_name
[ 70%] Built target test_subscription_options
[ 73%] Linking CXX executable test_security_options
[ 73%] Building CXX object test/CMakeFiles/test_validate_namespace.dir/test_validate_namespace.cpp.o
[ 73%] Built target test_time
[ 73%] Built target test_event
[ 74%] Linking CXX executable test_message_sequence
[ 75%] Building CXX object test/CMakeFiles/test_topic_endpoint_info_array.dir/test_topic_endpoint_info_array.cpp.o
[ 76%] Building CXX object test/CMakeFiles/test_topic_endpoint_info.dir/test_topic_endpoint_info.cpp.o
[ 76%] Built target test_sanity_checks
[ 76%] Built target test_validate_full_topic_name
[ 76%] Built target test_init_options
[ 78%] Linking CXX executable test_publisher_options
[ 78%] Built target test_allocators
[ 79%] Building CXX object test/CMakeFiles/test_network_flow_endpoint.dir/test_network_flow_endpoint.cpp.o
[ 80%] Building CXX object test/CMakeFiles/test_subscription_content_filter_options.dir/test_subscription_content_filter_options.cpp.o
[ 82%] Building CXX object test/CMakeFiles/test_qos_string_conversions.dir/test_qos_string_conversions.cpp.o
[ 83%] Building CXX object test/CMakeFiles/test_network_flow_endpoint_array.dir/test_network_flow_endpoint_array.cpp.o
[ 84%] Linking CXX executable test_names_and_types
[ 84%] Built target test_message_sequence
[ 85%] Linking CXX executable test_init
[ 85%] Built target test_security_options
[ 87%] Built target test_publisher_options
[ 87%] Linking CXX executable test_types
[ 88%] Linking CXX executable test_serialized_message
[ 89%] Linking CXX executable test_convert_rcutils_ret_to_rmw_ret
[ 89%] Built target test_names_and_types
[ 89%] Built target test_init
[ 91%] Linking CXX executable test_validate_node_name
[ 91%] Built target test_types
[ 91%] Built target test_convert_rcutils_ret_to_rmw_ret
[ 91%] Built target test_serialized_message
[ 91%] Built target test_validate_node_name
[ 92%] Linking CXX executable test_qos_string_conversions
[ 93%] Linking CXX executable test_network_flow_endpoint
[ 94%] Linking CXX executable test_network_flow_endpoint_array
[ 96%] Linking CXX executable test_validate_namespace
[ 97%] Linking CXX executable test_topic_endpoint_info_array
[ 97%] Built target test_qos_string_conversions
[ 97%] Built target test_network_flow_endpoint
[ 97%] Built target test_network_flow_endpoint_array
[ 98%] Linking CXX executable test_subscription_content_filter_options
[ 98%] Built target test_validate_namespace
[ 98%] Built target test_topic_endpoint_info_array
[100%] Linking CXX executable test_topic_endpoint_info
[100%] Built target test_subscription_content_filter_options
[100%] Built target test_topic_endpoint_info
-- Install configuration: ""
-- Execute custom install script
-- Symlinking: /root/ros2_ws/install/rmw/share/rmw/environment/library_path.sh
-- Symlinking: /root/ros2_ws/install/rmw/share/rmw/environment/library_path.dsv
-- Symlinking: /root/ros2_ws/install/rmw/share/ament_index/resource_index/package_run_dependencies/rmw
-- Symlinking: /root/ros2_ws/install/rmw/share/ament_index/resource_index/parent_prefix_path/rmw
-- Symlinking: /root/ros2_ws/install/rmw/share/rmw/environment/ament_prefix_path.sh
-- Symlinking: /root/ros2_ws/install/rmw/share/rmw/environment/ament_prefix_path.dsv
-- Symlinking: /root/ros2_ws/install/rmw/share/rmw/environment/path.sh
-- Symlinking: /root/ros2_ws/install/rmw/share/rmw/environment/path.dsv
-- Symlinking: /root/ros2_ws/install/rmw/share/rmw/local_setup.bash
-- Symlinking: /root/ros2_ws/install/rmw/share/rmw/local_setup.sh
-- Symlinking: /root/ros2_ws/install/rmw/share/rmw/local_setup.zsh
-- Symlinking: /root/ros2_ws/install/rmw/share/rmw/local_setup.dsv
-- Symlinking: /root/ros2_ws/install/rmw/share/rmw/package.dsv
-- Symlinking: /root/ros2_ws/install/rmw/share/ament_index/resource_index/packages/rmw
-- Symlinking: /root/ros2_ws/install/rmw/share/rmw/cmake/rmw-extras.cmake
-- Symlinking: /root/ros2_ws/install/rmw/share/rmw/cmake/ament_cmake_export_dependencies-extras.cmake
-- Symlinking: /root/ros2_ws/install/rmw/share/rmw/cmake/ament_cmake_export_include_directories-extras.cmake
-- Symlinking: /root/ros2_ws/install/rmw/share/rmw/cmake/ament_cmake_export_libraries-extras.cmake
-- Symlinking: /root/ros2_ws/install/rmw/share/rmw/cmake/ament_cmake_export_targets-extras.cmake
-- Symlinking: /root/ros2_ws/install/rmw/share/rmw/cmake/rmwConfig.cmake
-- Symlinking: /root/ros2_ws/install/rmw/share/rmw/cmake/rmwConfig-version.cmake
-- Symlinking: /root/ros2_ws/install/rmw/share/rmw/package.xml
-- Symlinking: /root/ros2_ws/install/rmw/share/rmw/cmake/configure_rmw_library.cmake
-- Symlinking: /root/ros2_ws/install/rmw/share/rmw/cmake/get_rmw_typesupport.cmake
-- Symlinking: /root/ros2_ws/install/rmw/share/rmw/cmake/register_rmw_implementation.cmake
-- Symlinking: /root/ros2_ws/install/rmw/include/rmw/rmw/allocators.h
-- Symlinking: /root/ros2_ws/install/rmw/include/rmw/rmw/convert_rcutils_ret_to_rmw_ret.h
-- Symlinking: /root/ros2_ws/install/rmw/include/rmw/rmw/domain_id.h
-- Symlinking: /root/ros2_ws/install/rmw/include/rmw/rmw/error_handling.h
-- Symlinking: /root/ros2_ws/install/rmw/include/rmw/rmw/event.h
-- Symlinking: /root/ros2_ws/install/rmw/include/rmw/rmw/event_callback_type.h
-- Symlinking: /root/ros2_ws/install/rmw/include/rmw/rmw/events_statuses/events_statuses.h
-- Symlinking: /root/ros2_ws/install/rmw/include/rmw/rmw/events_statuses/incompatible_qos.h
-- Symlinking: /root/ros2_ws/install/rmw/include/rmw/rmw/events_statuses/liveliness_changed.h
-- Symlinking: /root/ros2_ws/install/rmw/include/rmw/rmw/events_statuses/liveliness_lost.h
-- Symlinking: /root/ros2_ws/install/rmw/include/rmw/rmw/events_statuses/message_lost.h
-- Symlinking: /root/ros2_ws/install/rmw/include/rmw/rmw/events_statuses/offered_deadline_missed.h
-- Symlinking: /root/ros2_ws/install/rmw/include/rmw/rmw/events_statuses/requested_deadline_missed.h
-- Symlinking: /root/ros2_ws/install/rmw/include/rmw/rmw/features.h
-- Symlinking: /root/ros2_ws/install/rmw/include/rmw/rmw/get_network_flow_endpoints.h
-- Symlinking: /root/ros2_ws/install/rmw/include/rmw/rmw/get_node_info_and_types.h
-- Symlinking: /root/ros2_ws/install/rmw/include/rmw/rmw/get_service_names_and_types.h
-- Symlinking: /root/ros2_ws/install/rmw/include/rmw/rmw/get_topic_endpoint_info.h
-- Symlinking: /root/ros2_ws/install/rmw/include/rmw/rmw/get_topic_names_and_types.h
-- Symlinking: /root/ros2_ws/install/rmw/include/rmw/rmw/impl/config.h
-- Symlinking: /root/ros2_ws/install/rmw/include/rmw/rmw/impl/cpp/demangle.hpp
-- Symlinking: /root/ros2_ws/install/rmw/include/rmw/rmw/impl/cpp/key_value.hpp
-- Symlinking: /root/ros2_ws/install/rmw/include/rmw/rmw/impl/cpp/macros.hpp
-- Symlinking: /root/ros2_ws/install/rmw/include/rmw/rmw/incompatible_qos_events_statuses.h
-- Symlinking: /root/ros2_ws/install/rmw/include/rmw/rmw/init.h
-- Symlinking: /root/ros2_ws/install/rmw/include/rmw/rmw/init_options.h
-- Symlinking: /root/ros2_ws/install/rmw/include/rmw/rmw/localhost.h
-- Symlinking: /root/ros2_ws/install/rmw/include/rmw/rmw/macros.h
-- Symlinking: /root/ros2_ws/install/rmw/include/rmw/rmw/message_sequence.h
-- Symlinking: /root/ros2_ws/install/rmw/include/rmw/rmw/names_and_types.h
-- Symlinking: /root/ros2_ws/install/rmw/include/rmw/rmw/network_flow_endpoint.h
-- Symlinking: /root/ros2_ws/install/rmw/include/rmw/rmw/network_flow_endpoint_array.h
-- Symlinking: /root/ros2_ws/install/rmw/include/rmw/rmw/publisher_options.h
-- Symlinking: /root/ros2_ws/install/rmw/include/rmw/rmw/qos_policy_kind.h
-- Symlinking: /root/ros2_ws/install/rmw/include/rmw/rmw/qos_profiles.h
-- Symlinking: /root/ros2_ws/install/rmw/include/rmw/rmw/qos_string_conversions.h
-- Symlinking: /root/ros2_ws/install/rmw/include/rmw/rmw/ret_types.h
-- Symlinking: /root/ros2_ws/install/rmw/include/rmw/rmw/rmw.h
-- Symlinking: /root/ros2_ws/install/rmw/include/rmw/rmw/sanity_checks.h
-- Symlinking: /root/ros2_ws/install/rmw/include/rmw/rmw/security_options.h
-- Symlinking: /root/ros2_ws/install/rmw/include/rmw/rmw/serialized_message.h
-- Symlinking: /root/ros2_ws/install/rmw/include/rmw/rmw/subscription_content_filter_options.h
-- Symlinking: /root/ros2_ws/install/rmw/include/rmw/rmw/subscription_options.h
-- Symlinking: /root/ros2_ws/install/rmw/include/rmw/rmw/time.h
-- Symlinking: /root/ros2_ws/install/rmw/include/rmw/rmw/topic_endpoint_info.h
-- Symlinking: /root/ros2_ws/install/rmw/include/rmw/rmw/topic_endpoint_info_array.h
-- Symlinking: /root/ros2_ws/install/rmw/include/rmw/rmw/types.h
-- Symlinking: /root/ros2_ws/install/rmw/include/rmw/rmw/validate_full_topic_name.h
-- Symlinking: /root/ros2_ws/install/rmw/include/rmw/rmw/validate_namespace.h
-- Symlinking: /root/ros2_ws/install/rmw/include/rmw/rmw/validate_node_name.h
-- Symlinking: /root/ros2_ws/install/rmw/include/rmw/rmw/visibility_control.h
-- Installing: /root/ros2_ws/install/rmw/share/rmw/cmake/rmwExport.cmake
-- Installing: /root/ros2_ws/install/rmw/share/rmw/cmake/rmwExport-noconfig.cmake
-- Installing: /root/ros2_ws/install/rmw/lib/librmw.so
-- Set runtime path of "/root/ros2_ws/install/rmw/lib/librmw.so" to ""
