[0.047s] Invoking command in '/root/ros2_ws/build/rmw': AMENT_PREFIX_PATH=/root/ros2_ws/install/rosidl_runtime_c:/root/ros2_ws/install/rosidl_typesupport_interface:/root/ros2_ws/install/ament_cmake_ros:/root/ros2_ws/install/ament_lint_common:/root/ros2_ws/install/ament_cmake_uncrustify:/root/ros2_ws/install/ament_uncrustify:/root/ros2_ws/install/uncrustify_vendor:/root/ros2_ws/install/ament_cmake_xmllint:/root/ros2_ws/install/ament_cmake_pep257:/root/ros2_ws/install/ament_cmake_flake8:/root/ros2_ws/install/ament_cmake_cpplint:/root/ros2_ws/install/ament_cmake_cppcheck:/root/ros2_ws/install/ament_cmake_copyright:/root/ros2_ws/install/ament_cmake:/root/ros2_ws/install/ament_cmake_lint_cmake:/root/ros2_ws/install/ament_cmake_gmock:/root/ros2_ws/install/ament_cmake_gen_version_h:/root/ros2_ws/install/domain_coordinator:/root/ros2_ws/install/ament_xmllint:/root/ros2_ws/install/ament_lint_cmake:/root/ros2_ws/install/ament_lint_auto:/root/ros2_ws/install/ament_cpplint:/root/ros2_ws/install/ament_cmake_pytest:/root/ros2_ws/install/ament_cmake_gtest:/root/ros2_ws/install/ament_copyright:/root/ros2_ws/install/ament_cmake_test:/root/ros2_ws/install/ament_cmake_target_dependencies:/root/ros2_ws/install/ament_cmake_export_targets:/root/ros2_ws/install/ament_cmake_export_interfaces:/root/ros2_ws/install/ament_cmake_export_dependencies:/root/ros2_ws/install/ament_pep257:/root/ros2_ws/install/ament_cmake_version:/root/ros2_ws/install/ament_cmake_python:/root/ros2_ws/install/ament_cmake_libraries:/root/ros2_ws/install/ament_cmake_include_directories:/root/ros2_ws/install/ament_cmake_export_link_flags:/root/ros2_ws/install/ament_cmake_export_libraries:/root/ros2_ws/install/ament_cmake_export_include_directories:/root/ros2_ws/install/ament_cmake_export_definitions:/root/ros2_ws/install/ament_flake8:/root/ros2_ws/install/ament_cmake_core:/root/ros2_ws/install/ament_pycodestyle:/root/ros2_ws/install/ament_package:/root/ros2_ws/install/ament_lint:/root/ros2_ws/install/ament_cppcheck:${AMENT_PREFIX_PATH} CMAKE_PREFIX_PATH=/root/ros2_ws/install/rosidl_runtime_c:/root/ros2_ws/install/rosidl_typesupport_interface:/root/ros2_ws/install/ament_cmake_ros:/root/ros2_ws/install/ament_lint_common:/root/ros2_ws/install/ament_cmake_uncrustify:/root/ros2_ws/install/uncrustify_vendor:/root/ros2_ws/install/ament_cmake_xmllint:/root/ros2_ws/install/ament_cmake_pep257:/root/ros2_ws/install/ament_cmake_flake8:/root/ros2_ws/install/ament_cmake_cpplint:/root/ros2_ws/install/ament_cmake_cppcheck:/root/ros2_ws/install/ament_cmake_copyright:/root/ros2_ws/install/ament_cmake:/root/ros2_ws/install/ament_cmake_lint_cmake:/root/ros2_ws/install/ament_cmake_gmock:/root/ros2_ws/install/ament_cmake_gen_version_h:/root/ros2_ws/install/ament_lint_auto:/root/ros2_ws/install/ament_cmake_pytest:/root/ros2_ws/install/ament_cmake_gtest:/root/ros2_ws/install/ament_cmake_test:/root/ros2_ws/install/ament_cmake_target_dependencies:/root/ros2_ws/install/ament_cmake_export_targets:/root/ros2_ws/install/ament_cmake_export_interfaces:/root/ros2_ws/install/ament_cmake_export_dependencies:/root/ros2_ws/install/ament_cmake_version:/root/ros2_ws/install/ament_cmake_python:/root/ros2_ws/install/ament_cmake_libraries:/root/ros2_ws/install/ament_cmake_include_directories:/root/ros2_ws/install/ament_cmake_export_link_flags:/root/ros2_ws/install/ament_cmake_export_libraries:/root/ros2_ws/install/ament_cmake_export_include_directories:/root/ros2_ws/install/ament_cmake_export_definitions:/root/ros2_ws/install/gmock_vendor:/root/ros2_ws/install/ament_cmake_core:/root/ros2_ws/install/gtest_vendor:/opt/ros/humble LD_LIBRARY_PATH=/root/ros2_ws/install/rosidl_runtime_c/lib:${LD_LIBRARY_PATH} PATH=/root/ros2_ws/install/ament_uncrustify/bin:/root/ros2_ws/install/ament_xmllint/bin:/root/ros2_ws/install/ament_lint_cmake/bin:/root/ros2_ws/install/ament_cpplint/bin:/root/ros2_ws/install/ament_copyright/bin:/root/ros2_ws/install/ament_pep257/bin:/root/ros2_ws/install/ament_flake8/bin:/root/ros2_ws/install/ament_pycodestyle/bin:/root/ros2_ws/install/ament_cppcheck/bin:${PATH} PKG_CONFIG_PATH=/root/ros2_ws/install/gmock_vendor/lib/x86_64-linux-gnu/pkgconfig:/root/ros2_ws/install/gmock_vendor/lib/pkgconfig:/root/ros2_ws/install/gtest_vendor/lib/x86_64-linux-gnu/pkgconfig:/root/ros2_ws/install/gtest_vendor/lib/pkgconfig PYTHONPATH=/root/ros2_ws/build/ament_uncrustify:/root/ros2_ws/install/ament_uncrustify/lib/python3.10/site-packages:/root/ros2_ws/build/domain_coordinator:/root/ros2_ws/install/domain_coordinator/lib/python3.10/site-packages:/root/ros2_ws/build/ament_xmllint:/root/ros2_ws/install/ament_xmllint/lib/python3.10/site-packages:/root/ros2_ws/build/ament_lint_cmake:/root/ros2_ws/install/ament_lint_cmake/lib/python3.10/site-packages:/root/ros2_ws/build/ament_cpplint:/root/ros2_ws/install/ament_cpplint/lib/python3.10/site-packages:/root/ros2_ws/build/ament_copyright:/root/ros2_ws/install/ament_copyright/lib/python3.10/site-packages:/root/ros2_ws/install/ament_cmake_test/local/lib/python3.10/dist-packages:/root/ros2_ws/build/ament_pep257:/root/ros2_ws/install/ament_pep257/lib/python3.10/site-packages:/root/ros2_ws/build/ament_flake8:/root/ros2_ws/install/ament_flake8/lib/python3.10/site-packages:/root/ros2_ws/build/ament_pycodestyle:/root/ros2_ws/install/ament_pycodestyle/lib/python3.10/site-packages:/root/ros2_ws/build/ament_package:/root/ros2_ws/install/ament_package/lib/python3.10/site-packages:/root/ros2_ws/build/ament_lint:/root/ros2_ws/install/ament_lint/lib/python3.10/site-packages:/root/ros2_ws/build/ament_cppcheck:/root/ros2_ws/install/ament_cppcheck/lib/python3.10/site-packages:${PYTHONPATH} /usr/bin/cmake /root/ros2_ws/src/ros2/rmw/rmw -DAMENT_CMAKE_SYMLINK_INSTALL=1 -DCMAKE_INSTALL_PREFIX=/root/ros2_ws/install/rmw
[0.093s] -- The C compiler identification is GNU 11.4.0
[0.139s] -- The CXX compiler identification is GNU 11.4.0
[0.147s] -- Detecting C compiler ABI info
[0.215s] -- Detecting C compiler ABI info - done
[0.222s] -- Check for working C compiler: /usr/bin/cc - skipped
[0.222s] -- Detecting C compile features
[0.223s] -- Detecting C compile features - done
[0.227s] -- Detecting CXX compiler ABI info
[0.314s] -- Detecting CXX compiler ABI info - done
[0.323s] -- Check for working CXX compiler: /usr/bin/c++ - skipped
[0.323s] -- Detecting CXX compile features
[0.324s] -- Detecting CXX compile features - done
[0.326s] -- Found ament_cmake_ros: 0.10.0 (/root/ros2_ws/install/ament_cmake_ros/share/ament_cmake_ros/cmake)
[0.564s] -- Found Python3: /usr/bin/python3 (found version "3.10.12") found components: Interpreter 
[0.661s] -- Override CMake install command with custom implementation using symlinks instead of copying resources
[0.698s] -- Found rcutils: 5.1.8 (/opt/ros/humble/share/rcutils/cmake)
[0.706s] -- Found rosidl_runtime_c: 3.1.8 (/root/ros2_ws/install/rosidl_runtime_c/share/rosidl_runtime_c/cmake)
[0.712s] -- Found ament_lint_auto: 0.12.15 (/root/ros2_ws/install/ament_lint_auto/share/ament_lint_auto/cmake)
[0.798s] -- Found gmock sources under '/root/ros2_ws/install/gmock_vendor/src/gmock_vendor': C++ tests using 'Google Mock' will be built
[0.803s] -- Found gtest sources under '/root/ros2_ws/install/gtest_vendor/src/gtest_vendor': C++ tests using 'Google Test' will be built
[0.808s] -- Looking for pthread.h
[0.874s] -- Looking for pthread.h - found
[0.874s] -- Performing Test CMAKE_HAVE_LIBC_PTHREAD
[0.942s] -- Performing Test CMAKE_HAVE_LIBC_PTHREAD - Success
[0.943s] -- Found Threads: TRUE  
[0.956s] -- Added test 'copyright' to check source files copyright and LICENSE
[0.962s] -- Added test 'cpplint' to check C / C++ code against the Google style
[0.962s] -- Configured cpplint exclude dirs and/or files: 
[0.964s] -- Added test 'lint_cmake' to check CMake code style
[0.970s] -- Added test 'uncrustify' to check C / C++ code style
[0.970s] -- Configured uncrustify additional arguments: 
[0.971s] -- Added test 'xmllint' to check XML markup files
[0.977s] -- Configuring done
[1.029s] -- Generating done
[1.047s] -- Build files have been written to: /root/ros2_ws/build/rmw
[1.054s] Invoked command in '/root/ros2_ws/build/rmw' returned '0': AMENT_PREFIX_PATH=/root/ros2_ws/install/rosidl_runtime_c:/root/ros2_ws/install/rosidl_typesupport_interface:/root/ros2_ws/install/ament_cmake_ros:/root/ros2_ws/install/ament_lint_common:/root/ros2_ws/install/ament_cmake_uncrustify:/root/ros2_ws/install/ament_uncrustify:/root/ros2_ws/install/uncrustify_vendor:/root/ros2_ws/install/ament_cmake_xmllint:/root/ros2_ws/install/ament_cmake_pep257:/root/ros2_ws/install/ament_cmake_flake8:/root/ros2_ws/install/ament_cmake_cpplint:/root/ros2_ws/install/ament_cmake_cppcheck:/root/ros2_ws/install/ament_cmake_copyright:/root/ros2_ws/install/ament_cmake:/root/ros2_ws/install/ament_cmake_lint_cmake:/root/ros2_ws/install/ament_cmake_gmock:/root/ros2_ws/install/ament_cmake_gen_version_h:/root/ros2_ws/install/domain_coordinator:/root/ros2_ws/install/ament_xmllint:/root/ros2_ws/install/ament_lint_cmake:/root/ros2_ws/install/ament_lint_auto:/root/ros2_ws/install/ament_cpplint:/root/ros2_ws/install/ament_cmake_pytest:/root/ros2_ws/install/ament_cmake_gtest:/root/ros2_ws/install/ament_copyright:/root/ros2_ws/install/ament_cmake_test:/root/ros2_ws/install/ament_cmake_target_dependencies:/root/ros2_ws/install/ament_cmake_export_targets:/root/ros2_ws/install/ament_cmake_export_interfaces:/root/ros2_ws/install/ament_cmake_export_dependencies:/root/ros2_ws/install/ament_pep257:/root/ros2_ws/install/ament_cmake_version:/root/ros2_ws/install/ament_cmake_python:/root/ros2_ws/install/ament_cmake_libraries:/root/ros2_ws/install/ament_cmake_include_directories:/root/ros2_ws/install/ament_cmake_export_link_flags:/root/ros2_ws/install/ament_cmake_export_libraries:/root/ros2_ws/install/ament_cmake_export_include_directories:/root/ros2_ws/install/ament_cmake_export_definitions:/root/ros2_ws/install/ament_flake8:/root/ros2_ws/install/ament_cmake_core:/root/ros2_ws/install/ament_pycodestyle:/root/ros2_ws/install/ament_package:/root/ros2_ws/install/ament_lint:/root/ros2_ws/install/ament_cppcheck:${AMENT_PREFIX_PATH} CMAKE_PREFIX_PATH=/root/ros2_ws/install/rosidl_runtime_c:/root/ros2_ws/install/rosidl_typesupport_interface:/root/ros2_ws/install/ament_cmake_ros:/root/ros2_ws/install/ament_lint_common:/root/ros2_ws/install/ament_cmake_uncrustify:/root/ros2_ws/install/uncrustify_vendor:/root/ros2_ws/install/ament_cmake_xmllint:/root/ros2_ws/install/ament_cmake_pep257:/root/ros2_ws/install/ament_cmake_flake8:/root/ros2_ws/install/ament_cmake_cpplint:/root/ros2_ws/install/ament_cmake_cppcheck:/root/ros2_ws/install/ament_cmake_copyright:/root/ros2_ws/install/ament_cmake:/root/ros2_ws/install/ament_cmake_lint_cmake:/root/ros2_ws/install/ament_cmake_gmock:/root/ros2_ws/install/ament_cmake_gen_version_h:/root/ros2_ws/install/ament_lint_auto:/root/ros2_ws/install/ament_cmake_pytest:/root/ros2_ws/install/ament_cmake_gtest:/root/ros2_ws/install/ament_cmake_test:/root/ros2_ws/install/ament_cmake_target_dependencies:/root/ros2_ws/install/ament_cmake_export_targets:/root/ros2_ws/install/ament_cmake_export_interfaces:/root/ros2_ws/install/ament_cmake_export_dependencies:/root/ros2_ws/install/ament_cmake_version:/root/ros2_ws/install/ament_cmake_python:/root/ros2_ws/install/ament_cmake_libraries:/root/ros2_ws/install/ament_cmake_include_directories:/root/ros2_ws/install/ament_cmake_export_link_flags:/root/ros2_ws/install/ament_cmake_export_libraries:/root/ros2_ws/install/ament_cmake_export_include_directories:/root/ros2_ws/install/ament_cmake_export_definitions:/root/ros2_ws/install/gmock_vendor:/root/ros2_ws/install/ament_cmake_core:/root/ros2_ws/install/gtest_vendor:/opt/ros/humble LD_LIBRARY_PATH=/root/ros2_ws/install/rosidl_runtime_c/lib:${LD_LIBRARY_PATH} PATH=/root/ros2_ws/install/ament_uncrustify/bin:/root/ros2_ws/install/ament_xmllint/bin:/root/ros2_ws/install/ament_lint_cmake/bin:/root/ros2_ws/install/ament_cpplint/bin:/root/ros2_ws/install/ament_copyright/bin:/root/ros2_ws/install/ament_pep257/bin:/root/ros2_ws/install/ament_flake8/bin:/root/ros2_ws/install/ament_pycodestyle/bin:/root/ros2_ws/install/ament_cppcheck/bin:${PATH} PKG_CONFIG_PATH=/root/ros2_ws/install/gmock_vendor/lib/x86_64-linux-gnu/pkgconfig:/root/ros2_ws/install/gmock_vendor/lib/pkgconfig:/root/ros2_ws/install/gtest_vendor/lib/x86_64-linux-gnu/pkgconfig:/root/ros2_ws/install/gtest_vendor/lib/pkgconfig PYTHONPATH=/root/ros2_ws/build/ament_uncrustify:/root/ros2_ws/install/ament_uncrustify/lib/python3.10/site-packages:/root/ros2_ws/build/domain_coordinator:/root/ros2_ws/install/domain_coordinator/lib/python3.10/site-packages:/root/ros2_ws/build/ament_xmllint:/root/ros2_ws/install/ament_xmllint/lib/python3.10/site-packages:/root/ros2_ws/build/ament_lint_cmake:/root/ros2_ws/install/ament_lint_cmake/lib/python3.10/site-packages:/root/ros2_ws/build/ament_cpplint:/root/ros2_ws/install/ament_cpplint/lib/python3.10/site-packages:/root/ros2_ws/build/ament_copyright:/root/ros2_ws/install/ament_copyright/lib/python3.10/site-packages:/root/ros2_ws/install/ament_cmake_test/local/lib/python3.10/dist-packages:/root/ros2_ws/build/ament_pep257:/root/ros2_ws/install/ament_pep257/lib/python3.10/site-packages:/root/ros2_ws/build/ament_flake8:/root/ros2_ws/install/ament_flake8/lib/python3.10/site-packages:/root/ros2_ws/build/ament_pycodestyle:/root/ros2_ws/install/ament_pycodestyle/lib/python3.10/site-packages:/root/ros2_ws/build/ament_package:/root/ros2_ws/install/ament_package/lib/python3.10/site-packages:/root/ros2_ws/build/ament_lint:/root/ros2_ws/install/ament_lint/lib/python3.10/site-packages:/root/ros2_ws/build/ament_cppcheck:/root/ros2_ws/install/ament_cppcheck/lib/python3.10/site-packages:${PYTHONPATH} /usr/bin/cmake /root/ros2_ws/src/ros2/rmw/rmw -DAMENT_CMAKE_SYMLINK_INSTALL=1 -DCMAKE_INSTALL_PREFIX=/root/ros2_ws/install/rmw
[1.054s] Invoking command in '/root/ros2_ws/build/rmw': AMENT_PREFIX_PATH=/root/ros2_ws/install/rosidl_runtime_c:/root/ros2_ws/install/rosidl_typesupport_interface:/root/ros2_ws/install/ament_cmake_ros:/root/ros2_ws/install/ament_lint_common:/root/ros2_ws/install/ament_cmake_uncrustify:/root/ros2_ws/install/ament_uncrustify:/root/ros2_ws/install/uncrustify_vendor:/root/ros2_ws/install/ament_cmake_xmllint:/root/ros2_ws/install/ament_cmake_pep257:/root/ros2_ws/install/ament_cmake_flake8:/root/ros2_ws/install/ament_cmake_cpplint:/root/ros2_ws/install/ament_cmake_cppcheck:/root/ros2_ws/install/ament_cmake_copyright:/root/ros2_ws/install/ament_cmake:/root/ros2_ws/install/ament_cmake_lint_cmake:/root/ros2_ws/install/ament_cmake_gmock:/root/ros2_ws/install/ament_cmake_gen_version_h:/root/ros2_ws/install/domain_coordinator:/root/ros2_ws/install/ament_xmllint:/root/ros2_ws/install/ament_lint_cmake:/root/ros2_ws/install/ament_lint_auto:/root/ros2_ws/install/ament_cpplint:/root/ros2_ws/install/ament_cmake_pytest:/root/ros2_ws/install/ament_cmake_gtest:/root/ros2_ws/install/ament_copyright:/root/ros2_ws/install/ament_cmake_test:/root/ros2_ws/install/ament_cmake_target_dependencies:/root/ros2_ws/install/ament_cmake_export_targets:/root/ros2_ws/install/ament_cmake_export_interfaces:/root/ros2_ws/install/ament_cmake_export_dependencies:/root/ros2_ws/install/ament_pep257:/root/ros2_ws/install/ament_cmake_version:/root/ros2_ws/install/ament_cmake_python:/root/ros2_ws/install/ament_cmake_libraries:/root/ros2_ws/install/ament_cmake_include_directories:/root/ros2_ws/install/ament_cmake_export_link_flags:/root/ros2_ws/install/ament_cmake_export_libraries:/root/ros2_ws/install/ament_cmake_export_include_directories:/root/ros2_ws/install/ament_cmake_export_definitions:/root/ros2_ws/install/ament_flake8:/root/ros2_ws/install/ament_cmake_core:/root/ros2_ws/install/ament_pycodestyle:/root/ros2_ws/install/ament_package:/root/ros2_ws/install/ament_lint:/root/ros2_ws/install/ament_cppcheck:${AMENT_PREFIX_PATH} CMAKE_PREFIX_PATH=/root/ros2_ws/install/rosidl_runtime_c:/root/ros2_ws/install/rosidl_typesupport_interface:/root/ros2_ws/install/ament_cmake_ros:/root/ros2_ws/install/ament_lint_common:/root/ros2_ws/install/ament_cmake_uncrustify:/root/ros2_ws/install/uncrustify_vendor:/root/ros2_ws/install/ament_cmake_xmllint:/root/ros2_ws/install/ament_cmake_pep257:/root/ros2_ws/install/ament_cmake_flake8:/root/ros2_ws/install/ament_cmake_cpplint:/root/ros2_ws/install/ament_cmake_cppcheck:/root/ros2_ws/install/ament_cmake_copyright:/root/ros2_ws/install/ament_cmake:/root/ros2_ws/install/ament_cmake_lint_cmake:/root/ros2_ws/install/ament_cmake_gmock:/root/ros2_ws/install/ament_cmake_gen_version_h:/root/ros2_ws/install/ament_lint_auto:/root/ros2_ws/install/ament_cmake_pytest:/root/ros2_ws/install/ament_cmake_gtest:/root/ros2_ws/install/ament_cmake_test:/root/ros2_ws/install/ament_cmake_target_dependencies:/root/ros2_ws/install/ament_cmake_export_targets:/root/ros2_ws/install/ament_cmake_export_interfaces:/root/ros2_ws/install/ament_cmake_export_dependencies:/root/ros2_ws/install/ament_cmake_version:/root/ros2_ws/install/ament_cmake_python:/root/ros2_ws/install/ament_cmake_libraries:/root/ros2_ws/install/ament_cmake_include_directories:/root/ros2_ws/install/ament_cmake_export_link_flags:/root/ros2_ws/install/ament_cmake_export_libraries:/root/ros2_ws/install/ament_cmake_export_include_directories:/root/ros2_ws/install/ament_cmake_export_definitions:/root/ros2_ws/install/gmock_vendor:/root/ros2_ws/install/ament_cmake_core:/root/ros2_ws/install/gtest_vendor:/opt/ros/humble LD_LIBRARY_PATH=/root/ros2_ws/install/rosidl_runtime_c/lib:${LD_LIBRARY_PATH} PATH=/root/ros2_ws/install/ament_uncrustify/bin:/root/ros2_ws/install/ament_xmllint/bin:/root/ros2_ws/install/ament_lint_cmake/bin:/root/ros2_ws/install/ament_cpplint/bin:/root/ros2_ws/install/ament_copyright/bin:/root/ros2_ws/install/ament_pep257/bin:/root/ros2_ws/install/ament_flake8/bin:/root/ros2_ws/install/ament_pycodestyle/bin:/root/ros2_ws/install/ament_cppcheck/bin:${PATH} PKG_CONFIG_PATH=/root/ros2_ws/install/gmock_vendor/lib/x86_64-linux-gnu/pkgconfig:/root/ros2_ws/install/gmock_vendor/lib/pkgconfig:/root/ros2_ws/install/gtest_vendor/lib/x86_64-linux-gnu/pkgconfig:/root/ros2_ws/install/gtest_vendor/lib/pkgconfig PYTHONPATH=/root/ros2_ws/build/ament_uncrustify:/root/ros2_ws/install/ament_uncrustify/lib/python3.10/site-packages:/root/ros2_ws/build/domain_coordinator:/root/ros2_ws/install/domain_coordinator/lib/python3.10/site-packages:/root/ros2_ws/build/ament_xmllint:/root/ros2_ws/install/ament_xmllint/lib/python3.10/site-packages:/root/ros2_ws/build/ament_lint_cmake:/root/ros2_ws/install/ament_lint_cmake/lib/python3.10/site-packages:/root/ros2_ws/build/ament_cpplint:/root/ros2_ws/install/ament_cpplint/lib/python3.10/site-packages:/root/ros2_ws/build/ament_copyright:/root/ros2_ws/install/ament_copyright/lib/python3.10/site-packages:/root/ros2_ws/install/ament_cmake_test/local/lib/python3.10/dist-packages:/root/ros2_ws/build/ament_pep257:/root/ros2_ws/install/ament_pep257/lib/python3.10/site-packages:/root/ros2_ws/build/ament_flake8:/root/ros2_ws/install/ament_flake8/lib/python3.10/site-packages:/root/ros2_ws/build/ament_pycodestyle:/root/ros2_ws/install/ament_pycodestyle/lib/python3.10/site-packages:/root/ros2_ws/build/ament_package:/root/ros2_ws/install/ament_package/lib/python3.10/site-packages:/root/ros2_ws/build/ament_lint:/root/ros2_ws/install/ament_lint/lib/python3.10/site-packages:/root/ros2_ws/build/ament_cppcheck:/root/ros2_ws/install/ament_cppcheck/lib/python3.10/site-packages:${PYTHONPATH} /usr/bin/cmake --build /root/ros2_ws/build/rmw -- -j16 -l16
[1.113s] [  1%] Building C object CMakeFiles/rmw.dir/src/allocators.c.o
[1.113s] [  2%] Building CXX object gmock/CMakeFiles/gmock.dir/root/ros2_ws/install/gtest_vendor/src/gtest_vendor/src/gtest-all.cc.o
[1.113s] [  3%] Building CXX object gmock/CMakeFiles/gmock_main.dir/src/gmock_main.cc.o
[1.113s] [  5%] Building C object CMakeFiles/rmw.dir/src/convert_rcutils_ret_to_rmw_ret.c.o
[1.118s] [  6%] Building CXX object gtest/CMakeFiles/gtest.dir/src/gtest-all.cc.o
[1.118s] [  7%] Building C object CMakeFiles/rmw.dir/src/init.c.o
[1.121s] [ 10%] Building C object CMakeFiles/rmw.dir/src/event.c.o
[1.122s] [ 10%] Building CXX object gtest/CMakeFiles/gtest_main.dir/src/gtest_main.cc.o
[1.122s] [ 11%] Building C object CMakeFiles/rmw.dir/src/names_and_types.c.o
[1.122s] [ 14%] Building C object CMakeFiles/rmw.dir/src/init_options.c.o
[1.122s] [ 14%] Building C object CMakeFiles/rmw.dir/src/network_flow_endpoint_array.c.o
[1.122s] [ 15%] Building CXX object gmock/CMakeFiles/gmock.dir/src/gmock-all.cc.o
[1.124s] [ 16%] Building C object CMakeFiles/rmw.dir/src/message_sequence.c.o
[1.133s] [ 17%] Building C object CMakeFiles/rmw.dir/src/publisher_options.c.o
[1.139s] [ 19%] Building C object CMakeFiles/rmw.dir/src/network_flow_endpoint.c.o
[1.148s] [ 20%] Building C object CMakeFiles/rmw.dir/src/qos_string_conversions.c.o
[1.191s] [ 21%] Building C object CMakeFiles/rmw.dir/src/security_options.c.o
[1.195s] [ 23%] Building C object CMakeFiles/rmw.dir/src/sanity_checks.c.o
[1.195s] [ 24%] Building C object CMakeFiles/rmw.dir/src/subscription_content_filter_options.c.o
[1.214s] [ 25%] Building C object CMakeFiles/rmw.dir/src/subscription_options.c.o
[1.215s] [ 26%] Building C object CMakeFiles/rmw.dir/src/time.c.o
[1.220s] [ 28%] Building C object CMakeFiles/rmw.dir/src/topic_endpoint_info_array.c.o
[1.227s] [ 30%] Building C object CMakeFiles/rmw.dir/src/topic_endpoint_info.c.o
[1.233s] [ 29%] Building C object CMakeFiles/rmw.dir/src/types.c.o
[1.242s] [ 32%] Building C object CMakeFiles/rmw.dir/src/validate_full_topic_name.c.o
[1.251s] [ 33%] Building C object CMakeFiles/rmw.dir/src/validate_namespace.c.o
[1.273s] [ 34%] Building C object CMakeFiles/rmw.dir/src/validate_node_name.c.o
[1.353s] [ 35%] Linking C shared library librmw.so
[1.420s] [ 35%] Built target rmw
[2.006s] [ 37%] Linking CXX static library libgtest_main.a
[2.040s] [ 37%] Built target gtest_main
[2.263s] [ 38%] Linking CXX static library libgmock_main.a
[2.290s] [ 38%] Built target gmock_main
[4.029s] [ 39%] Linking CXX static library libgmock.a
[4.086s] [ 39%] Built target gmock
[4.108s] [ 41%] Building CXX object test/CMakeFiles/test_event.dir/test_event.cpp.o
[4.109s] [ 42%] Building CXX object test/CMakeFiles/test_names_and_types.dir/test_names_and_types.cpp.o
[4.110s] [ 43%] Building CXX object test/CMakeFiles/test_init_options.dir/test_init_options.cpp.o
[4.113s] [ 44%] Building CXX object test/CMakeFiles/test_init.dir/test_init.cpp.o
[4.114s] [ 46%] Building CXX object test/CMakeFiles/test_convert_rcutils_ret_to_rmw_ret.dir/test_convert_rcutils_ret_to_rmw_ret.cpp.o
[4.116s] [ 48%] Building CXX object test/CMakeFiles/test_publisher_options.dir/test_publisher_options.cpp.o
[4.116s] [ 48%] Building CXX object test/CMakeFiles/test_message_sequence.dir/test_message_sequence.cpp.o
[4.119s] [ 50%] Building CXX object test/CMakeFiles/test_security_options.dir/test_security_options.cpp.o
[4.120s] [ 51%] Building CXX object test/CMakeFiles/test_sanity_checks.dir/test_sanity_checks.cpp.o
[4.122s] [ 52%] Building CXX object test/CMakeFiles/test_allocators.dir/test_allocators.cpp.o
[4.125s] [ 55%] Building CXX object test/CMakeFiles/test_serialized_message.dir/test_serialized_message.cpp.o
[4.125s] [ 55%] Building CXX object test/CMakeFiles/test_subscription_options.dir/test_subscription_options.cpp.o
[4.126s] [ 56%] Building CXX object test/CMakeFiles/test_time.dir/test_time.cpp.o
[4.130s] [ 57%] Building CXX object test/CMakeFiles/test_types.dir/test_types.cpp.o
[4.144s] [ 58%] Building CXX object test/CMakeFiles/test_validate_full_topic_name.dir/test_validate_full_topic_name.cpp.o
[4.747s] [ 60%] Linking CXX static library libgtest.a
[4.843s] [ 60%] Built target gtest
[4.894s] [ 61%] Building CXX object test/CMakeFiles/test_validate_node_name.dir/test_validate_node_name.cpp.o
[5.333s] [ 62%] Linking CXX executable test_subscription_options
[5.412s] [ 64%] Linking CXX executable test_event
[5.431s] [ 65%] Linking CXX executable test_time
[5.466s] [ 66%] Linking CXX executable test_sanity_checks
[5.494s] [ 67%] Linking CXX executable test_init_options
[5.505s] [ 69%] Linking CXX executable test_allocators
[5.506s] [ 70%] Linking CXX executable test_validate_full_topic_name
[5.519s] [ 70%] Built target test_subscription_options
[5.574s] [ 73%] Linking CXX executable test_security_options
[5.574s] [ 73%] Building CXX object test/CMakeFiles/test_validate_namespace.dir/test_validate_namespace.cpp.o
[5.679s] [ 73%] Built target test_time
[5.686s] [ 73%] Built target test_event
[5.699s] [ 74%] Linking CXX executable test_message_sequence
[5.721s] [ 75%] Building CXX object test/CMakeFiles/test_topic_endpoint_info_array.dir/test_topic_endpoint_info_array.cpp.o
[5.758s] [ 76%] Building CXX object test/CMakeFiles/test_topic_endpoint_info.dir/test_topic_endpoint_info.cpp.o
[5.809s] [ 76%] Built target test_sanity_checks
[5.809s] [ 76%] Built target test_validate_full_topic_name
[5.809s] [ 76%] Built target test_init_options
[5.813s] [ 78%] Linking CXX executable test_publisher_options
[5.818s] [ 78%] Built target test_allocators
[5.828s] [ 79%] Building CXX object test/CMakeFiles/test_network_flow_endpoint.dir/test_network_flow_endpoint.cpp.o
[5.856s] [ 80%] Building CXX object test/CMakeFiles/test_subscription_content_filter_options.dir/test_subscription_content_filter_options.cpp.o
[5.858s] [ 82%] Building CXX object test/CMakeFiles/test_qos_string_conversions.dir/test_qos_string_conversions.cpp.o
[5.861s] [ 83%] Building CXX object test/CMakeFiles/test_network_flow_endpoint_array.dir/test_network_flow_endpoint_array.cpp.o
[6.026s] [ 84%] Linking CXX executable test_names_and_types
[6.030s] [ 84%] Built target test_message_sequence
[6.058s] [ 85%] Linking CXX executable test_init
[6.079s] [ 85%] Built target test_security_options
[6.184s] [ 87%] Built target test_publisher_options
[6.185s] [ 87%] Linking CXX executable test_types
[6.247s] [ 88%] Linking CXX executable test_serialized_message
[6.290s] [ 89%] Linking CXX executable test_convert_rcutils_ret_to_rmw_ret
[6.332s] [ 89%] Built target test_names_and_types
[6.370s] [ 89%] Built target test_init
[6.401s] [ 91%] Linking CXX executable test_validate_node_name
[6.444s] [ 91%] Built target test_types
[6.527s] [ 91%] Built target test_convert_rcutils_ret_to_rmw_ret
[6.553s] [ 91%] Built target test_serialized_message
[6.654s] [ 91%] Built target test_validate_node_name
[6.904s] [ 92%] Linking CXX executable test_qos_string_conversions
[6.959s] [ 93%] Linking CXX executable test_network_flow_endpoint
[6.977s] [ 94%] Linking CXX executable test_network_flow_endpoint_array
[7.016s] [ 96%] Linking CXX executable test_validate_namespace
[7.036s] [ 97%] Linking CXX executable test_topic_endpoint_info_array
[7.077s] [ 97%] Built target test_qos_string_conversions
[7.177s] [ 97%] Built target test_network_flow_endpoint
[7.180s] [ 97%] Built target test_network_flow_endpoint_array
[7.254s] [ 98%] Linking CXX executable test_subscription_content_filter_options
[7.256s] [ 98%] Built target test_validate_namespace
[7.269s] [ 98%] Built target test_topic_endpoint_info_array
[7.315s] [100%] Linking CXX executable test_topic_endpoint_info
[7.422s] [100%] Built target test_subscription_content_filter_options
[7.467s] [100%] Built target test_topic_endpoint_info
[7.481s] Invoked command in '/root/ros2_ws/build/rmw' returned '0': AMENT_PREFIX_PATH=/root/ros2_ws/install/rosidl_runtime_c:/root/ros2_ws/install/rosidl_typesupport_interface:/root/ros2_ws/install/ament_cmake_ros:/root/ros2_ws/install/ament_lint_common:/root/ros2_ws/install/ament_cmake_uncrustify:/root/ros2_ws/install/ament_uncrustify:/root/ros2_ws/install/uncrustify_vendor:/root/ros2_ws/install/ament_cmake_xmllint:/root/ros2_ws/install/ament_cmake_pep257:/root/ros2_ws/install/ament_cmake_flake8:/root/ros2_ws/install/ament_cmake_cpplint:/root/ros2_ws/install/ament_cmake_cppcheck:/root/ros2_ws/install/ament_cmake_copyright:/root/ros2_ws/install/ament_cmake:/root/ros2_ws/install/ament_cmake_lint_cmake:/root/ros2_ws/install/ament_cmake_gmock:/root/ros2_ws/install/ament_cmake_gen_version_h:/root/ros2_ws/install/domain_coordinator:/root/ros2_ws/install/ament_xmllint:/root/ros2_ws/install/ament_lint_cmake:/root/ros2_ws/install/ament_lint_auto:/root/ros2_ws/install/ament_cpplint:/root/ros2_ws/install/ament_cmake_pytest:/root/ros2_ws/install/ament_cmake_gtest:/root/ros2_ws/install/ament_copyright:/root/ros2_ws/install/ament_cmake_test:/root/ros2_ws/install/ament_cmake_target_dependencies:/root/ros2_ws/install/ament_cmake_export_targets:/root/ros2_ws/install/ament_cmake_export_interfaces:/root/ros2_ws/install/ament_cmake_export_dependencies:/root/ros2_ws/install/ament_pep257:/root/ros2_ws/install/ament_cmake_version:/root/ros2_ws/install/ament_cmake_python:/root/ros2_ws/install/ament_cmake_libraries:/root/ros2_ws/install/ament_cmake_include_directories:/root/ros2_ws/install/ament_cmake_export_link_flags:/root/ros2_ws/install/ament_cmake_export_libraries:/root/ros2_ws/install/ament_cmake_export_include_directories:/root/ros2_ws/install/ament_cmake_export_definitions:/root/ros2_ws/install/ament_flake8:/root/ros2_ws/install/ament_cmake_core:/root/ros2_ws/install/ament_pycodestyle:/root/ros2_ws/install/ament_package:/root/ros2_ws/install/ament_lint:/root/ros2_ws/install/ament_cppcheck:${AMENT_PREFIX_PATH} CMAKE_PREFIX_PATH=/root/ros2_ws/install/rosidl_runtime_c:/root/ros2_ws/install/rosidl_typesupport_interface:/root/ros2_ws/install/ament_cmake_ros:/root/ros2_ws/install/ament_lint_common:/root/ros2_ws/install/ament_cmake_uncrustify:/root/ros2_ws/install/uncrustify_vendor:/root/ros2_ws/install/ament_cmake_xmllint:/root/ros2_ws/install/ament_cmake_pep257:/root/ros2_ws/install/ament_cmake_flake8:/root/ros2_ws/install/ament_cmake_cpplint:/root/ros2_ws/install/ament_cmake_cppcheck:/root/ros2_ws/install/ament_cmake_copyright:/root/ros2_ws/install/ament_cmake:/root/ros2_ws/install/ament_cmake_lint_cmake:/root/ros2_ws/install/ament_cmake_gmock:/root/ros2_ws/install/ament_cmake_gen_version_h:/root/ros2_ws/install/ament_lint_auto:/root/ros2_ws/install/ament_cmake_pytest:/root/ros2_ws/install/ament_cmake_gtest:/root/ros2_ws/install/ament_cmake_test:/root/ros2_ws/install/ament_cmake_target_dependencies:/root/ros2_ws/install/ament_cmake_export_targets:/root/ros2_ws/install/ament_cmake_export_interfaces:/root/ros2_ws/install/ament_cmake_export_dependencies:/root/ros2_ws/install/ament_cmake_version:/root/ros2_ws/install/ament_cmake_python:/root/ros2_ws/install/ament_cmake_libraries:/root/ros2_ws/install/ament_cmake_include_directories:/root/ros2_ws/install/ament_cmake_export_link_flags:/root/ros2_ws/install/ament_cmake_export_libraries:/root/ros2_ws/install/ament_cmake_export_include_directories:/root/ros2_ws/install/ament_cmake_export_definitions:/root/ros2_ws/install/gmock_vendor:/root/ros2_ws/install/ament_cmake_core:/root/ros2_ws/install/gtest_vendor:/opt/ros/humble LD_LIBRARY_PATH=/root/ros2_ws/install/rosidl_runtime_c/lib:${LD_LIBRARY_PATH} PATH=/root/ros2_ws/install/ament_uncrustify/bin:/root/ros2_ws/install/ament_xmllint/bin:/root/ros2_ws/install/ament_lint_cmake/bin:/root/ros2_ws/install/ament_cpplint/bin:/root/ros2_ws/install/ament_copyright/bin:/root/ros2_ws/install/ament_pep257/bin:/root/ros2_ws/install/ament_flake8/bin:/root/ros2_ws/install/ament_pycodestyle/bin:/root/ros2_ws/install/ament_cppcheck/bin:${PATH} PKG_CONFIG_PATH=/root/ros2_ws/install/gmock_vendor/lib/x86_64-linux-gnu/pkgconfig:/root/ros2_ws/install/gmock_vendor/lib/pkgconfig:/root/ros2_ws/install/gtest_vendor/lib/x86_64-linux-gnu/pkgconfig:/root/ros2_ws/install/gtest_vendor/lib/pkgconfig PYTHONPATH=/root/ros2_ws/build/ament_uncrustify:/root/ros2_ws/install/ament_uncrustify/lib/python3.10/site-packages:/root/ros2_ws/build/domain_coordinator:/root/ros2_ws/install/domain_coordinator/lib/python3.10/site-packages:/root/ros2_ws/build/ament_xmllint:/root/ros2_ws/install/ament_xmllint/lib/python3.10/site-packages:/root/ros2_ws/build/ament_lint_cmake:/root/ros2_ws/install/ament_lint_cmake/lib/python3.10/site-packages:/root/ros2_ws/build/ament_cpplint:/root/ros2_ws/install/ament_cpplint/lib/python3.10/site-packages:/root/ros2_ws/build/ament_copyright:/root/ros2_ws/install/ament_copyright/lib/python3.10/site-packages:/root/ros2_ws/install/ament_cmake_test/local/lib/python3.10/dist-packages:/root/ros2_ws/build/ament_pep257:/root/ros2_ws/install/ament_pep257/lib/python3.10/site-packages:/root/ros2_ws/build/ament_flake8:/root/ros2_ws/install/ament_flake8/lib/python3.10/site-packages:/root/ros2_ws/build/ament_pycodestyle:/root/ros2_ws/install/ament_pycodestyle/lib/python3.10/site-packages:/root/ros2_ws/build/ament_package:/root/ros2_ws/install/ament_package/lib/python3.10/site-packages:/root/ros2_ws/build/ament_lint:/root/ros2_ws/install/ament_lint/lib/python3.10/site-packages:/root/ros2_ws/build/ament_cppcheck:/root/ros2_ws/install/ament_cppcheck/lib/python3.10/site-packages:${PYTHONPATH} /usr/bin/cmake --build /root/ros2_ws/build/rmw -- -j16 -l16
[7.482s] Invoking command in '/root/ros2_ws/build/rmw': AMENT_PREFIX_PATH=/root/ros2_ws/install/rosidl_runtime_c:/root/ros2_ws/install/rosidl_typesupport_interface:/root/ros2_ws/install/ament_cmake_ros:/root/ros2_ws/install/ament_lint_common:/root/ros2_ws/install/ament_cmake_uncrustify:/root/ros2_ws/install/ament_uncrustify:/root/ros2_ws/install/uncrustify_vendor:/root/ros2_ws/install/ament_cmake_xmllint:/root/ros2_ws/install/ament_cmake_pep257:/root/ros2_ws/install/ament_cmake_flake8:/root/ros2_ws/install/ament_cmake_cpplint:/root/ros2_ws/install/ament_cmake_cppcheck:/root/ros2_ws/install/ament_cmake_copyright:/root/ros2_ws/install/ament_cmake:/root/ros2_ws/install/ament_cmake_lint_cmake:/root/ros2_ws/install/ament_cmake_gmock:/root/ros2_ws/install/ament_cmake_gen_version_h:/root/ros2_ws/install/domain_coordinator:/root/ros2_ws/install/ament_xmllint:/root/ros2_ws/install/ament_lint_cmake:/root/ros2_ws/install/ament_lint_auto:/root/ros2_ws/install/ament_cpplint:/root/ros2_ws/install/ament_cmake_pytest:/root/ros2_ws/install/ament_cmake_gtest:/root/ros2_ws/install/ament_copyright:/root/ros2_ws/install/ament_cmake_test:/root/ros2_ws/install/ament_cmake_target_dependencies:/root/ros2_ws/install/ament_cmake_export_targets:/root/ros2_ws/install/ament_cmake_export_interfaces:/root/ros2_ws/install/ament_cmake_export_dependencies:/root/ros2_ws/install/ament_pep257:/root/ros2_ws/install/ament_cmake_version:/root/ros2_ws/install/ament_cmake_python:/root/ros2_ws/install/ament_cmake_libraries:/root/ros2_ws/install/ament_cmake_include_directories:/root/ros2_ws/install/ament_cmake_export_link_flags:/root/ros2_ws/install/ament_cmake_export_libraries:/root/ros2_ws/install/ament_cmake_export_include_directories:/root/ros2_ws/install/ament_cmake_export_definitions:/root/ros2_ws/install/ament_flake8:/root/ros2_ws/install/ament_cmake_core:/root/ros2_ws/install/ament_pycodestyle:/root/ros2_ws/install/ament_package:/root/ros2_ws/install/ament_lint:/root/ros2_ws/install/ament_cppcheck:${AMENT_PREFIX_PATH} CMAKE_PREFIX_PATH=/root/ros2_ws/install/rosidl_runtime_c:/root/ros2_ws/install/rosidl_typesupport_interface:/root/ros2_ws/install/ament_cmake_ros:/root/ros2_ws/install/ament_lint_common:/root/ros2_ws/install/ament_cmake_uncrustify:/root/ros2_ws/install/uncrustify_vendor:/root/ros2_ws/install/ament_cmake_xmllint:/root/ros2_ws/install/ament_cmake_pep257:/root/ros2_ws/install/ament_cmake_flake8:/root/ros2_ws/install/ament_cmake_cpplint:/root/ros2_ws/install/ament_cmake_cppcheck:/root/ros2_ws/install/ament_cmake_copyright:/root/ros2_ws/install/ament_cmake:/root/ros2_ws/install/ament_cmake_lint_cmake:/root/ros2_ws/install/ament_cmake_gmock:/root/ros2_ws/install/ament_cmake_gen_version_h:/root/ros2_ws/install/ament_lint_auto:/root/ros2_ws/install/ament_cmake_pytest:/root/ros2_ws/install/ament_cmake_gtest:/root/ros2_ws/install/ament_cmake_test:/root/ros2_ws/install/ament_cmake_target_dependencies:/root/ros2_ws/install/ament_cmake_export_targets:/root/ros2_ws/install/ament_cmake_export_interfaces:/root/ros2_ws/install/ament_cmake_export_dependencies:/root/ros2_ws/install/ament_cmake_version:/root/ros2_ws/install/ament_cmake_python:/root/ros2_ws/install/ament_cmake_libraries:/root/ros2_ws/install/ament_cmake_include_directories:/root/ros2_ws/install/ament_cmake_export_link_flags:/root/ros2_ws/install/ament_cmake_export_libraries:/root/ros2_ws/install/ament_cmake_export_include_directories:/root/ros2_ws/install/ament_cmake_export_definitions:/root/ros2_ws/install/gmock_vendor:/root/ros2_ws/install/ament_cmake_core:/root/ros2_ws/install/gtest_vendor:/opt/ros/humble LD_LIBRARY_PATH=/root/ros2_ws/install/rosidl_runtime_c/lib:${LD_LIBRARY_PATH} PATH=/root/ros2_ws/install/ament_uncrustify/bin:/root/ros2_ws/install/ament_xmllint/bin:/root/ros2_ws/install/ament_lint_cmake/bin:/root/ros2_ws/install/ament_cpplint/bin:/root/ros2_ws/install/ament_copyright/bin:/root/ros2_ws/install/ament_pep257/bin:/root/ros2_ws/install/ament_flake8/bin:/root/ros2_ws/install/ament_pycodestyle/bin:/root/ros2_ws/install/ament_cppcheck/bin:${PATH} PKG_CONFIG_PATH=/root/ros2_ws/install/gmock_vendor/lib/x86_64-linux-gnu/pkgconfig:/root/ros2_ws/install/gmock_vendor/lib/pkgconfig:/root/ros2_ws/install/gtest_vendor/lib/x86_64-linux-gnu/pkgconfig:/root/ros2_ws/install/gtest_vendor/lib/pkgconfig PYTHONPATH=/root/ros2_ws/build/ament_uncrustify:/root/ros2_ws/install/ament_uncrustify/lib/python3.10/site-packages:/root/ros2_ws/build/domain_coordinator:/root/ros2_ws/install/domain_coordinator/lib/python3.10/site-packages:/root/ros2_ws/build/ament_xmllint:/root/ros2_ws/install/ament_xmllint/lib/python3.10/site-packages:/root/ros2_ws/build/ament_lint_cmake:/root/ros2_ws/install/ament_lint_cmake/lib/python3.10/site-packages:/root/ros2_ws/build/ament_cpplint:/root/ros2_ws/install/ament_cpplint/lib/python3.10/site-packages:/root/ros2_ws/build/ament_copyright:/root/ros2_ws/install/ament_copyright/lib/python3.10/site-packages:/root/ros2_ws/install/ament_cmake_test/local/lib/python3.10/dist-packages:/root/ros2_ws/build/ament_pep257:/root/ros2_ws/install/ament_pep257/lib/python3.10/site-packages:/root/ros2_ws/build/ament_flake8:/root/ros2_ws/install/ament_flake8/lib/python3.10/site-packages:/root/ros2_ws/build/ament_pycodestyle:/root/ros2_ws/install/ament_pycodestyle/lib/python3.10/site-packages:/root/ros2_ws/build/ament_package:/root/ros2_ws/install/ament_package/lib/python3.10/site-packages:/root/ros2_ws/build/ament_lint:/root/ros2_ws/install/ament_lint/lib/python3.10/site-packages:/root/ros2_ws/build/ament_cppcheck:/root/ros2_ws/install/ament_cppcheck/lib/python3.10/site-packages:${PYTHONPATH} /usr/bin/cmake --install /root/ros2_ws/build/rmw
[7.488s] -- Install configuration: ""
[7.489s] -- Execute custom install script
[7.489s] -- Symlinking: /root/ros2_ws/install/rmw/share/rmw/environment/library_path.sh
[7.498s] -- Symlinking: /root/ros2_ws/install/rmw/share/rmw/environment/library_path.dsv
[7.505s] -- Symlinking: /root/ros2_ws/install/rmw/share/ament_index/resource_index/package_run_dependencies/rmw
[7.511s] -- Symlinking: /root/ros2_ws/install/rmw/share/ament_index/resource_index/parent_prefix_path/rmw
[7.521s] -- Symlinking: /root/ros2_ws/install/rmw/share/rmw/environment/ament_prefix_path.sh
[7.528s] -- Symlinking: /root/ros2_ws/install/rmw/share/rmw/environment/ament_prefix_path.dsv
[7.537s] -- Symlinking: /root/ros2_ws/install/rmw/share/rmw/environment/path.sh
[7.548s] -- Symlinking: /root/ros2_ws/install/rmw/share/rmw/environment/path.dsv
[7.558s] -- Symlinking: /root/ros2_ws/install/rmw/share/rmw/local_setup.bash
[7.564s] -- Symlinking: /root/ros2_ws/install/rmw/share/rmw/local_setup.sh
[7.570s] -- Symlinking: /root/ros2_ws/install/rmw/share/rmw/local_setup.zsh
[7.576s] -- Symlinking: /root/ros2_ws/install/rmw/share/rmw/local_setup.dsv
[7.582s] -- Symlinking: /root/ros2_ws/install/rmw/share/rmw/package.dsv
[7.589s] -- Symlinking: /root/ros2_ws/install/rmw/share/ament_index/resource_index/packages/rmw
[7.597s] -- Symlinking: /root/ros2_ws/install/rmw/share/rmw/cmake/rmw-extras.cmake
[7.606s] -- Symlinking: /root/ros2_ws/install/rmw/share/rmw/cmake/ament_cmake_export_dependencies-extras.cmake
[7.612s] -- Symlinking: /root/ros2_ws/install/rmw/share/rmw/cmake/ament_cmake_export_include_directories-extras.cmake
[7.621s] -- Symlinking: /root/ros2_ws/install/rmw/share/rmw/cmake/ament_cmake_export_libraries-extras.cmake
[7.628s] -- Symlinking: /root/ros2_ws/install/rmw/share/rmw/cmake/ament_cmake_export_targets-extras.cmake
[7.634s] -- Symlinking: /root/ros2_ws/install/rmw/share/rmw/cmake/rmwConfig.cmake
[7.644s] -- Symlinking: /root/ros2_ws/install/rmw/share/rmw/cmake/rmwConfig-version.cmake
[7.651s] -- Symlinking: /root/ros2_ws/install/rmw/share/rmw/package.xml
[7.658s] -- Symlinking: /root/ros2_ws/install/rmw/share/rmw/cmake/configure_rmw_library.cmake
[7.665s] -- Symlinking: /root/ros2_ws/install/rmw/share/rmw/cmake/get_rmw_typesupport.cmake
[7.671s] -- Symlinking: /root/ros2_ws/install/rmw/share/rmw/cmake/register_rmw_implementation.cmake
[7.678s] -- Symlinking: /root/ros2_ws/install/rmw/include/rmw/rmw/allocators.h
[7.684s] -- Symlinking: /root/ros2_ws/install/rmw/include/rmw/rmw/convert_rcutils_ret_to_rmw_ret.h
[7.691s] -- Symlinking: /root/ros2_ws/install/rmw/include/rmw/rmw/domain_id.h
[7.697s] -- Symlinking: /root/ros2_ws/install/rmw/include/rmw/rmw/error_handling.h
[7.703s] -- Symlinking: /root/ros2_ws/install/rmw/include/rmw/rmw/event.h
[7.713s] -- Symlinking: /root/ros2_ws/install/rmw/include/rmw/rmw/event_callback_type.h
[7.722s] -- Symlinking: /root/ros2_ws/install/rmw/include/rmw/rmw/events_statuses/events_statuses.h
[7.731s] -- Symlinking: /root/ros2_ws/install/rmw/include/rmw/rmw/events_statuses/incompatible_qos.h
[7.741s] -- Symlinking: /root/ros2_ws/install/rmw/include/rmw/rmw/events_statuses/liveliness_changed.h
[7.751s] -- Symlinking: /root/ros2_ws/install/rmw/include/rmw/rmw/events_statuses/liveliness_lost.h
[7.761s] -- Symlinking: /root/ros2_ws/install/rmw/include/rmw/rmw/events_statuses/message_lost.h
[7.771s] -- Symlinking: /root/ros2_ws/install/rmw/include/rmw/rmw/events_statuses/offered_deadline_missed.h
[7.781s] -- Symlinking: /root/ros2_ws/install/rmw/include/rmw/rmw/events_statuses/requested_deadline_missed.h
[7.786s] -- Symlinking: /root/ros2_ws/install/rmw/include/rmw/rmw/features.h
[7.793s] -- Symlinking: /root/ros2_ws/install/rmw/include/rmw/rmw/get_network_flow_endpoints.h
[7.801s] -- Symlinking: /root/ros2_ws/install/rmw/include/rmw/rmw/get_node_info_and_types.h
[7.811s] -- Symlinking: /root/ros2_ws/install/rmw/include/rmw/rmw/get_service_names_and_types.h
[7.816s] -- Symlinking: /root/ros2_ws/install/rmw/include/rmw/rmw/get_topic_endpoint_info.h
[7.823s] -- Symlinking: /root/ros2_ws/install/rmw/include/rmw/rmw/get_topic_names_and_types.h
[7.829s] -- Symlinking: /root/ros2_ws/install/rmw/include/rmw/rmw/impl/config.h
[7.835s] -- Symlinking: /root/ros2_ws/install/rmw/include/rmw/rmw/impl/cpp/demangle.hpp
[7.841s] -- Symlinking: /root/ros2_ws/install/rmw/include/rmw/rmw/impl/cpp/key_value.hpp
[7.847s] -- Symlinking: /root/ros2_ws/install/rmw/include/rmw/rmw/impl/cpp/macros.hpp
[7.853s] -- Symlinking: /root/ros2_ws/install/rmw/include/rmw/rmw/incompatible_qos_events_statuses.h
[7.860s] -- Symlinking: /root/ros2_ws/install/rmw/include/rmw/rmw/init.h
[7.867s] -- Symlinking: /root/ros2_ws/install/rmw/include/rmw/rmw/init_options.h
[7.873s] -- Symlinking: /root/ros2_ws/install/rmw/include/rmw/rmw/localhost.h
[7.879s] -- Symlinking: /root/ros2_ws/install/rmw/include/rmw/rmw/macros.h
[7.888s] -- Symlinking: /root/ros2_ws/install/rmw/include/rmw/rmw/message_sequence.h
[7.899s] -- Symlinking: /root/ros2_ws/install/rmw/include/rmw/rmw/names_and_types.h
[7.908s] -- Symlinking: /root/ros2_ws/install/rmw/include/rmw/rmw/network_flow_endpoint.h
[7.917s] -- Symlinking: /root/ros2_ws/install/rmw/include/rmw/rmw/network_flow_endpoint_array.h
[7.923s] -- Symlinking: /root/ros2_ws/install/rmw/include/rmw/rmw/publisher_options.h
[7.931s] -- Symlinking: /root/ros2_ws/install/rmw/include/rmw/rmw/qos_policy_kind.h
[7.940s] -- Symlinking: /root/ros2_ws/install/rmw/include/rmw/rmw/qos_profiles.h
[7.948s] -- Symlinking: /root/ros2_ws/install/rmw/include/rmw/rmw/qos_string_conversions.h
[7.955s] -- Symlinking: /root/ros2_ws/install/rmw/include/rmw/rmw/ret_types.h
[7.965s] -- Symlinking: /root/ros2_ws/install/rmw/include/rmw/rmw/rmw.h
[7.976s] -- Symlinking: /root/ros2_ws/install/rmw/include/rmw/rmw/sanity_checks.h
[7.985s] -- Symlinking: /root/ros2_ws/install/rmw/include/rmw/rmw/security_options.h
[7.992s] -- Symlinking: /root/ros2_ws/install/rmw/include/rmw/rmw/serialized_message.h
[8.001s] -- Symlinking: /root/ros2_ws/install/rmw/include/rmw/rmw/subscription_content_filter_options.h
[8.011s] -- Symlinking: /root/ros2_ws/install/rmw/include/rmw/rmw/subscription_options.h
[8.019s] -- Symlinking: /root/ros2_ws/install/rmw/include/rmw/rmw/time.h
[8.025s] -- Symlinking: /root/ros2_ws/install/rmw/include/rmw/rmw/topic_endpoint_info.h
[8.031s] -- Symlinking: /root/ros2_ws/install/rmw/include/rmw/rmw/topic_endpoint_info_array.h
[8.036s] -- Symlinking: /root/ros2_ws/install/rmw/include/rmw/rmw/types.h
[8.046s] -- Symlinking: /root/ros2_ws/install/rmw/include/rmw/rmw/validate_full_topic_name.h
[8.057s] -- Symlinking: /root/ros2_ws/install/rmw/include/rmw/rmw/validate_namespace.h
[8.063s] -- Symlinking: /root/ros2_ws/install/rmw/include/rmw/rmw/validate_node_name.h
[8.069s] -- Symlinking: /root/ros2_ws/install/rmw/include/rmw/rmw/visibility_control.h
[8.075s] -- Installing: /root/ros2_ws/install/rmw/share/rmw/cmake/rmwExport.cmake
[8.075s] -- Installing: /root/ros2_ws/install/rmw/share/rmw/cmake/rmwExport-noconfig.cmake
[8.075s] -- Installing: /root/ros2_ws/install/rmw/lib/librmw.so
[8.076s] -- Set runtime path of "/root/ros2_ws/install/rmw/lib/librmw.so" to ""
[8.078s] Invoked command in '/root/ros2_ws/build/rmw' returned '0': AMENT_PREFIX_PATH=/root/ros2_ws/install/rosidl_runtime_c:/root/ros2_ws/install/rosidl_typesupport_interface:/root/ros2_ws/install/ament_cmake_ros:/root/ros2_ws/install/ament_lint_common:/root/ros2_ws/install/ament_cmake_uncrustify:/root/ros2_ws/install/ament_uncrustify:/root/ros2_ws/install/uncrustify_vendor:/root/ros2_ws/install/ament_cmake_xmllint:/root/ros2_ws/install/ament_cmake_pep257:/root/ros2_ws/install/ament_cmake_flake8:/root/ros2_ws/install/ament_cmake_cpplint:/root/ros2_ws/install/ament_cmake_cppcheck:/root/ros2_ws/install/ament_cmake_copyright:/root/ros2_ws/install/ament_cmake:/root/ros2_ws/install/ament_cmake_lint_cmake:/root/ros2_ws/install/ament_cmake_gmock:/root/ros2_ws/install/ament_cmake_gen_version_h:/root/ros2_ws/install/domain_coordinator:/root/ros2_ws/install/ament_xmllint:/root/ros2_ws/install/ament_lint_cmake:/root/ros2_ws/install/ament_lint_auto:/root/ros2_ws/install/ament_cpplint:/root/ros2_ws/install/ament_cmake_pytest:/root/ros2_ws/install/ament_cmake_gtest:/root/ros2_ws/install/ament_copyright:/root/ros2_ws/install/ament_cmake_test:/root/ros2_ws/install/ament_cmake_target_dependencies:/root/ros2_ws/install/ament_cmake_export_targets:/root/ros2_ws/install/ament_cmake_export_interfaces:/root/ros2_ws/install/ament_cmake_export_dependencies:/root/ros2_ws/install/ament_pep257:/root/ros2_ws/install/ament_cmake_version:/root/ros2_ws/install/ament_cmake_python:/root/ros2_ws/install/ament_cmake_libraries:/root/ros2_ws/install/ament_cmake_include_directories:/root/ros2_ws/install/ament_cmake_export_link_flags:/root/ros2_ws/install/ament_cmake_export_libraries:/root/ros2_ws/install/ament_cmake_export_include_directories:/root/ros2_ws/install/ament_cmake_export_definitions:/root/ros2_ws/install/ament_flake8:/root/ros2_ws/install/ament_cmake_core:/root/ros2_ws/install/ament_pycodestyle:/root/ros2_ws/install/ament_package:/root/ros2_ws/install/ament_lint:/root/ros2_ws/install/ament_cppcheck:${AMENT_PREFIX_PATH} CMAKE_PREFIX_PATH=/root/ros2_ws/install/rosidl_runtime_c:/root/ros2_ws/install/rosidl_typesupport_interface:/root/ros2_ws/install/ament_cmake_ros:/root/ros2_ws/install/ament_lint_common:/root/ros2_ws/install/ament_cmake_uncrustify:/root/ros2_ws/install/uncrustify_vendor:/root/ros2_ws/install/ament_cmake_xmllint:/root/ros2_ws/install/ament_cmake_pep257:/root/ros2_ws/install/ament_cmake_flake8:/root/ros2_ws/install/ament_cmake_cpplint:/root/ros2_ws/install/ament_cmake_cppcheck:/root/ros2_ws/install/ament_cmake_copyright:/root/ros2_ws/install/ament_cmake:/root/ros2_ws/install/ament_cmake_lint_cmake:/root/ros2_ws/install/ament_cmake_gmock:/root/ros2_ws/install/ament_cmake_gen_version_h:/root/ros2_ws/install/ament_lint_auto:/root/ros2_ws/install/ament_cmake_pytest:/root/ros2_ws/install/ament_cmake_gtest:/root/ros2_ws/install/ament_cmake_test:/root/ros2_ws/install/ament_cmake_target_dependencies:/root/ros2_ws/install/ament_cmake_export_targets:/root/ros2_ws/install/ament_cmake_export_interfaces:/root/ros2_ws/install/ament_cmake_export_dependencies:/root/ros2_ws/install/ament_cmake_version:/root/ros2_ws/install/ament_cmake_python:/root/ros2_ws/install/ament_cmake_libraries:/root/ros2_ws/install/ament_cmake_include_directories:/root/ros2_ws/install/ament_cmake_export_link_flags:/root/ros2_ws/install/ament_cmake_export_libraries:/root/ros2_ws/install/ament_cmake_export_include_directories:/root/ros2_ws/install/ament_cmake_export_definitions:/root/ros2_ws/install/gmock_vendor:/root/ros2_ws/install/ament_cmake_core:/root/ros2_ws/install/gtest_vendor:/opt/ros/humble LD_LIBRARY_PATH=/root/ros2_ws/install/rosidl_runtime_c/lib:${LD_LIBRARY_PATH} PATH=/root/ros2_ws/install/ament_uncrustify/bin:/root/ros2_ws/install/ament_xmllint/bin:/root/ros2_ws/install/ament_lint_cmake/bin:/root/ros2_ws/install/ament_cpplint/bin:/root/ros2_ws/install/ament_copyright/bin:/root/ros2_ws/install/ament_pep257/bin:/root/ros2_ws/install/ament_flake8/bin:/root/ros2_ws/install/ament_pycodestyle/bin:/root/ros2_ws/install/ament_cppcheck/bin:${PATH} PKG_CONFIG_PATH=/root/ros2_ws/install/gmock_vendor/lib/x86_64-linux-gnu/pkgconfig:/root/ros2_ws/install/gmock_vendor/lib/pkgconfig:/root/ros2_ws/install/gtest_vendor/lib/x86_64-linux-gnu/pkgconfig:/root/ros2_ws/install/gtest_vendor/lib/pkgconfig PYTHONPATH=/root/ros2_ws/build/ament_uncrustify:/root/ros2_ws/install/ament_uncrustify/lib/python3.10/site-packages:/root/ros2_ws/build/domain_coordinator:/root/ros2_ws/install/domain_coordinator/lib/python3.10/site-packages:/root/ros2_ws/build/ament_xmllint:/root/ros2_ws/install/ament_xmllint/lib/python3.10/site-packages:/root/ros2_ws/build/ament_lint_cmake:/root/ros2_ws/install/ament_lint_cmake/lib/python3.10/site-packages:/root/ros2_ws/build/ament_cpplint:/root/ros2_ws/install/ament_cpplint/lib/python3.10/site-packages:/root/ros2_ws/build/ament_copyright:/root/ros2_ws/install/ament_copyright/lib/python3.10/site-packages:/root/ros2_ws/install/ament_cmake_test/local/lib/python3.10/dist-packages:/root/ros2_ws/build/ament_pep257:/root/ros2_ws/install/ament_pep257/lib/python3.10/site-packages:/root/ros2_ws/build/ament_flake8:/root/ros2_ws/install/ament_flake8/lib/python3.10/site-packages:/root/ros2_ws/build/ament_pycodestyle:/root/ros2_ws/install/ament_pycodestyle/lib/python3.10/site-packages:/root/ros2_ws/build/ament_package:/root/ros2_ws/install/ament_package/lib/python3.10/site-packages:/root/ros2_ws/build/ament_lint:/root/ros2_ws/install/ament_lint/lib/python3.10/site-packages:/root/ros2_ws/build/ament_cppcheck:/root/ros2_ws/install/ament_cppcheck/lib/python3.10/site-packages:${PYTHONPATH} /usr/bin/cmake --install /root/ros2_ws/build/rmw
