-- The C compiler identification is GNU 11.4.0
-- The CXX compiler identification is GNU 11.4.0
-- Detecting C compiler ABI info
-- Detecting C compiler ABI info - done
-- Check for working C compiler: /usr/bin/cc - skipped
-- Detecting C compile features
-- Detecting C compile features - done
-- Detecting CXX compiler ABI info
-- Detecting CXX compiler ABI info - done
-- Check for working CXX compiler: /usr/bin/c++ - skipped
-- Detecting CXX compile features
-- Detecting CXX compile features - done
-- Found ament_cmake: 1.3.14 (/root/ros2_ws/install/ament_cmake/share/ament_cmake/cmake)
-- Found Python3: /usr/bin/python3 (found version "3.10.12") found components: Interpreter 
-- Override CMake install command with custom implementation using symlinks instead of copying resources
-- Found ament_lint_auto: 0.12.15 (/root/ros2_ws/install/ament_lint_auto/share/ament_lint_auto/cmake)
-- Found gtest sources under '/root/ros2_ws/install/gtest_vendor/src/gtest_vendor': C++ tests using 'Google Test' will be built
-- Looking for pthread.h
-- Looking for pthread.h - found
-- Performing Test CMAKE_HAVE_LIBC_PTHREAD
-- Performing Test CMAKE_HAVE_LIBC_PTHREAD - Success
-- Found Threads: TRUE  
-- Added test 'copyright' to check source files copyright and LICENSE
-- Added test 'cppcheck' to perform static code analysis on C / C++ code
-- Configured cppcheck include dirs: $<BUILD_INTERFACE:/root/ros2_ws/src/ament/ament_index/ament_index_cpp/include>;/root/ros2_ws/src/ament/ament_index/ament_index_cpp/include
-- Configured cppcheck exclude dirs and/or files: 
-- Added test 'cpplint' to check C / C++ code against the Google style
-- Configured cpplint exclude dirs and/or files: 
-- Added test 'lint_cmake' to check CMake code style
-- Added test 'uncrustify' to check C / C++ code style
-- Configured uncrustify additional arguments: 
-- Added test 'xmllint' to check XML markup files
-- Configuring done
-- Generating done
-- Build files have been written to: /root/ros2_ws/build/ament_index_cpp
[  6%] Building CXX object gtest/CMakeFiles/gtest_main.dir/src/gtest_main.cc.o
[ 13%] Generating ament_index_cpp/version.h
[ 20%] Building CXX object gtest/CMakeFiles/gtest.dir/src/gtest-all.cc.o
[ 20%] Built target ament_generate_version_header__ament_index_cpp
[ 40%] Building CXX object CMakeFiles/ament_index_cpp.dir/src/get_resource.cpp.o
[ 40%] Building CXX object CMakeFiles/ament_index_cpp.dir/src/get_packages_with_prefixes.cpp.o
[ 40%] Building CXX object CMakeFiles/ament_index_cpp.dir/src/get_package_prefix.cpp.o
[ 46%] Building CXX object CMakeFiles/ament_index_cpp.dir/src/get_resources.cpp.o
[ 53%] Building CXX object CMakeFiles/ament_index_cpp.dir/src/get_package_share_directory.cpp.o
[ 60%] Building CXX object CMakeFiles/ament_index_cpp.dir/src/get_search_paths.cpp.o
[ 66%] Building CXX object CMakeFiles/ament_index_cpp.dir/src/has_resource.cpp.o
[ 73%] Linking CXX shared library libament_index_cpp.so
[ 73%] Built target ament_index_cpp
[ 80%] Linking CXX static library libgtest_main.a
[ 80%] Built target gtest_main
[ 86%] Linking CXX static library libgtest.a
[ 86%] Built target gtest
[ 93%] Building CXX object CMakeFiles/ament_index_cpp_utest.dir/test/utest.cpp.o
[100%] Linking CXX executable ament_index_cpp_utest
[100%] Built target ament_index_cpp_utest
