Consolidate compiler generated dependencies of target iceoryx_platform
[ 17%] Built target iceoryx_platform
Consolidate compiler generated dependencies of target iceoryx_hoofs
[ 20%] Building CXX object CMakeFiles/iceoryx_hoofs.dir/source/posix_wrapper/semaphore.cpp.o
[ 24%] Building CXX object CMakeFiles/iceoryx_hoofs.dir/source/posix_wrapper/signal_watcher.cpp.o
[ 24%] Building CXX object CMakeFiles/iceoryx_hoofs.dir/source/posix_wrapper/timer.cpp.o
[ 26%] Building CXX object CMakeFiles/iceoryx_hoofs.dir/source/posix_wrapper/shared_memory_object.cpp.o
[ 31%] Building CXX object CMakeFiles/iceoryx_hoofs.dir/source/posix_wrapper/message_queue.cpp.o
[ 31%] Building CXX object CMakeFiles/iceoryx_hoofs.dir/source/posix_wrapper/file_lock.cpp.o
[ 33%] Building CXX object CMakeFiles/iceoryx_hoofs.dir/source/posix_wrapper/unix_domain_socket.cpp.o
[ 35%] Building CXX object CMakeFiles/iceoryx_hoofs.dir/source/posix_wrapper/signal_handler.cpp.o
[ 37%] Building CXX object CMakeFiles/iceoryx_hoofs.dir/source/posix_wrapper/access_control.cpp.o
[ 40%] Building CXX object CMakeFiles/iceoryx_hoofs.dir/source/posix_wrapper/mutex.cpp.o
[ 42%] Building CXX object CMakeFiles/iceoryx_hoofs.dir/source/posix_wrapper/system_configuration.cpp.o
[ 44%] Building CXX object CMakeFiles/iceoryx_hoofs.dir/source/posix_wrapper/shared_memory_object/memory_map.cpp.o
[ 46%] Building CXX object CMakeFiles/iceoryx_hoofs.dir/source/posix_wrapper/named_pipe.cpp.o
[ 48%] Building CXX object CMakeFiles/iceoryx_hoofs.dir/source/posix_wrapper/shared_memory_object/shared_memory.cpp.o
[ 51%] Building CXX object CMakeFiles/iceoryx_hoofs.dir/source/posix_wrapper/shared_memory_object/allocator.cpp.o
[ 53%] Building CXX object CMakeFiles/iceoryx_hoofs.dir/source/posix_wrapper/posix_access_rights.cpp.o
[ 55%] Building CXX object CMakeFiles/iceoryx_hoofs.dir/source/posix_wrapper/thread.cpp.o
[ 57%] Building CXX object CMakeFiles/iceoryx_hoofs.dir/source/units/duration.cpp.o
[ 60%] Building CXX object CMakeFiles/iceoryx_hoofs.dir/source/relocatable_pointer/base_relative_pointer.cpp.o
[ 62%] Building CXX object CMakeFiles/iceoryx_hoofs.dir/source/relocatable_pointer/relative_pointer_data.cpp.o
[ 64%] Linking CXX shared library libiceoryx_hoofs.so
[100%] Built target iceoryx_hoofs
-- Install configuration: ""
-- Installing: /root/ros2_ws/install/iceoryx_hoofs/include/iceoryx/v2.0.6
-- Installing: /root/ros2_ws/install/iceoryx_hoofs/include/iceoryx/v2.0.6/iceoryx_hoofs
-- Installing: /root/ros2_ws/install/iceoryx_hoofs/include/iceoryx/v2.0.6/iceoryx_hoofs/platform
-- Installing: /root/ros2_ws/install/iceoryx_hoofs/include/iceoryx/v2.0.6/iceoryx_hoofs/platform/acl.hpp
-- Installing: /root/ros2_ws/install/iceoryx_hoofs/include/iceoryx/v2.0.6/iceoryx_hoofs/platform/dlfcn.hpp
-- Installing: /root/ros2_ws/install/iceoryx_hoofs/include/iceoryx/v2.0.6/iceoryx_hoofs/platform/errno.hpp
-- Installing: /root/ros2_ws/install/iceoryx_hoofs/include/iceoryx/v2.0.6/iceoryx_hoofs/platform/fcntl.hpp
-- Installing: /root/ros2_ws/install/iceoryx_hoofs/include/iceoryx/v2.0.6/iceoryx_hoofs/platform/file.hpp
-- Installing: /root/ros2_ws/install/iceoryx_hoofs/include/iceoryx/v2.0.6/iceoryx_hoofs/platform/getopt.hpp
-- Installing: /root/ros2_ws/install/iceoryx_hoofs/include/iceoryx/v2.0.6/iceoryx_hoofs/platform/grp.hpp
-- Installing: /root/ros2_ws/install/iceoryx_hoofs/include/iceoryx/v2.0.6/iceoryx_hoofs/platform/inet.hpp
-- Installing: /root/ros2_ws/install/iceoryx_hoofs/include/iceoryx/v2.0.6/iceoryx_hoofs/platform/mman.hpp
-- Installing: /root/ros2_ws/install/iceoryx_hoofs/include/iceoryx/v2.0.6/iceoryx_hoofs/platform/mqueue.hpp
-- Installing: /root/ros2_ws/install/iceoryx_hoofs/include/iceoryx/v2.0.6/iceoryx_hoofs/platform/platform_correction.hpp
-- Installing: /root/ros2_ws/install/iceoryx_hoofs/include/iceoryx/v2.0.6/iceoryx_hoofs/platform/platform_settings.hpp
-- Installing: /root/ros2_ws/install/iceoryx_hoofs/include/iceoryx/v2.0.6/iceoryx_hoofs/platform/pthread.hpp
-- Installing: /root/ros2_ws/install/iceoryx_hoofs/include/iceoryx/v2.0.6/iceoryx_hoofs/platform/pwd.hpp
-- Installing: /root/ros2_ws/install/iceoryx_hoofs/include/iceoryx/v2.0.6/iceoryx_hoofs/platform/resource.hpp
-- Installing: /root/ros2_ws/install/iceoryx_hoofs/include/iceoryx/v2.0.6/iceoryx_hoofs/platform/semaphore.hpp
-- Installing: /root/ros2_ws/install/iceoryx_hoofs/include/iceoryx/v2.0.6/iceoryx_hoofs/platform/signal.hpp
-- Installing: /root/ros2_ws/install/iceoryx_hoofs/include/iceoryx/v2.0.6/iceoryx_hoofs/platform/socket.hpp
-- Installing: /root/ros2_ws/install/iceoryx_hoofs/include/iceoryx/v2.0.6/iceoryx_hoofs/platform/stat.hpp
-- Installing: /root/ros2_ws/install/iceoryx_hoofs/include/iceoryx/v2.0.6/iceoryx_hoofs/platform/time.hpp
-- Installing: /root/ros2_ws/install/iceoryx_hoofs/include/iceoryx/v2.0.6/iceoryx_hoofs/platform/types.hpp
-- Installing: /root/ros2_ws/install/iceoryx_hoofs/include/iceoryx/v2.0.6/iceoryx_hoofs/platform/un.hpp
-- Installing: /root/ros2_ws/install/iceoryx_hoofs/include/iceoryx/v2.0.6/iceoryx_hoofs/platform/unistd.hpp
-- Installing: /root/ros2_ws/install/iceoryx_hoofs/include/iceoryx/v2.0.6/iceoryx_hoofs/platform/wait.hpp
-- Installing: /root/ros2_ws/install/iceoryx_hoofs/lib/libiceoryx_hoofs.so
-- Set runtime path of "/root/ros2_ws/install/iceoryx_hoofs/lib/libiceoryx_hoofs.so" to ""
-- Installing: /root/ros2_ws/install/iceoryx_hoofs/lib/libiceoryx_platform.so
-- Up-to-date: /root/ros2_ws/install/iceoryx_hoofs/include/iceoryx/v2.0.6
-- Up-to-date: /root/ros2_ws/install/iceoryx_hoofs/include/iceoryx/v2.0.6/iceoryx_hoofs
-- Installing: /root/ros2_ws/install/iceoryx_hoofs/include/iceoryx/v2.0.6/iceoryx_hoofs/concurrent
-- Installing: /root/ros2_ws/install/iceoryx_hoofs/include/iceoryx/v2.0.6/iceoryx_hoofs/concurrent/lockfree_queue.hpp
-- Installing: /root/ros2_ws/install/iceoryx_hoofs/include/iceoryx/v2.0.6/iceoryx_hoofs/concurrent/resizeable_lockfree_queue.hpp
-- Installing: /root/ros2_ws/install/iceoryx_hoofs/include/iceoryx/v2.0.6/iceoryx_hoofs/cxx
-- Installing: /root/ros2_ws/install/iceoryx_hoofs/include/iceoryx/v2.0.6/iceoryx_hoofs/cxx/.clang-tidy
-- Installing: /root/ros2_ws/install/iceoryx_hoofs/include/iceoryx/v2.0.6/iceoryx_hoofs/cxx/algorithm.hpp
-- Installing: /root/ros2_ws/install/iceoryx_hoofs/include/iceoryx/v2.0.6/iceoryx_hoofs/cxx/attributes.hpp
-- Installing: /root/ros2_ws/install/iceoryx_hoofs/include/iceoryx/v2.0.6/iceoryx_hoofs/cxx/convert.hpp
-- Installing: /root/ros2_ws/install/iceoryx_hoofs/include/iceoryx/v2.0.6/iceoryx_hoofs/cxx/deadline_timer.hpp
-- Installing: /root/ros2_ws/install/iceoryx_hoofs/include/iceoryx/v2.0.6/iceoryx_hoofs/cxx/expected.hpp
-- Installing: /root/ros2_ws/install/iceoryx_hoofs/include/iceoryx/v2.0.6/iceoryx_hoofs/cxx/filesystem.hpp
-- Installing: /root/ros2_ws/install/iceoryx_hoofs/include/iceoryx/v2.0.6/iceoryx_hoofs/cxx/forward_list.hpp
-- Installing: /root/ros2_ws/install/iceoryx_hoofs/include/iceoryx/v2.0.6/iceoryx_hoofs/cxx/function.hpp
-- Installing: /root/ros2_ws/install/iceoryx_hoofs/include/iceoryx/v2.0.6/iceoryx_hoofs/cxx/function_ref.hpp
-- Installing: /root/ros2_ws/install/iceoryx_hoofs/include/iceoryx/v2.0.6/iceoryx_hoofs/cxx/functional_interface.hpp
-- Installing: /root/ros2_ws/install/iceoryx_hoofs/include/iceoryx/v2.0.6/iceoryx_hoofs/cxx/generic_raii.hpp
-- Installing: /root/ros2_ws/install/iceoryx_hoofs/include/iceoryx/v2.0.6/iceoryx_hoofs/cxx/helplets.hpp
-- Installing: /root/ros2_ws/install/iceoryx_hoofs/include/iceoryx/v2.0.6/iceoryx_hoofs/cxx/list.hpp
-- Installing: /root/ros2_ws/install/iceoryx_hoofs/include/iceoryx/v2.0.6/iceoryx_hoofs/cxx/method_callback.hpp
-- Installing: /root/ros2_ws/install/iceoryx_hoofs/include/iceoryx/v2.0.6/iceoryx_hoofs/cxx/newtype.hpp
-- Installing: /root/ros2_ws/install/iceoryx_hoofs/include/iceoryx/v2.0.6/iceoryx_hoofs/cxx/optional.hpp
-- Installing: /root/ros2_ws/install/iceoryx_hoofs/include/iceoryx/v2.0.6/iceoryx_hoofs/cxx/poor_mans_heap.hpp
-- Installing: /root/ros2_ws/install/iceoryx_hoofs/include/iceoryx/v2.0.6/iceoryx_hoofs/cxx/requires.hpp
-- Installing: /root/ros2_ws/install/iceoryx_hoofs/include/iceoryx/v2.0.6/iceoryx_hoofs/cxx/scoped_static.hpp
-- Installing: /root/ros2_ws/install/iceoryx_hoofs/include/iceoryx/v2.0.6/iceoryx_hoofs/cxx/serialization.hpp
-- Installing: /root/ros2_ws/install/iceoryx_hoofs/include/iceoryx/v2.0.6/iceoryx_hoofs/cxx/stack.hpp
-- Installing: /root/ros2_ws/install/iceoryx_hoofs/include/iceoryx/v2.0.6/iceoryx_hoofs/cxx/string.hpp
-- Installing: /root/ros2_ws/install/iceoryx_hoofs/include/iceoryx/v2.0.6/iceoryx_hoofs/cxx/type_traits.hpp
-- Installing: /root/ros2_ws/install/iceoryx_hoofs/include/iceoryx/v2.0.6/iceoryx_hoofs/cxx/types.hpp
-- Installing: /root/ros2_ws/install/iceoryx_hoofs/include/iceoryx/v2.0.6/iceoryx_hoofs/cxx/unique_ptr.hpp
-- Installing: /root/ros2_ws/install/iceoryx_hoofs/include/iceoryx/v2.0.6/iceoryx_hoofs/cxx/variant.hpp
-- Installing: /root/ros2_ws/install/iceoryx_hoofs/include/iceoryx/v2.0.6/iceoryx_hoofs/cxx/variant_queue.hpp
-- Installing: /root/ros2_ws/install/iceoryx_hoofs/include/iceoryx/v2.0.6/iceoryx_hoofs/cxx/vector.hpp
-- Installing: /root/ros2_ws/install/iceoryx_hoofs/include/iceoryx/v2.0.6/iceoryx_hoofs/design_pattern
-- Installing: /root/ros2_ws/install/iceoryx_hoofs/include/iceoryx/v2.0.6/iceoryx_hoofs/design_pattern/creation.hpp
-- Installing: /root/ros2_ws/install/iceoryx_hoofs/include/iceoryx/v2.0.6/iceoryx_hoofs/error_handling
-- Installing: /root/ros2_ws/install/iceoryx_hoofs/include/iceoryx/v2.0.6/iceoryx_hoofs/error_handling/error_handling.hpp
-- Installing: /root/ros2_ws/install/iceoryx_hoofs/include/iceoryx/v2.0.6/iceoryx_hoofs/internal
-- Installing: /root/ros2_ws/install/iceoryx_hoofs/include/iceoryx/v2.0.6/iceoryx_hoofs/internal/concurrent
-- Installing: /root/ros2_ws/install/iceoryx_hoofs/include/iceoryx/v2.0.6/iceoryx_hoofs/internal/concurrent/active_object.hpp
-- Installing: /root/ros2_ws/install/iceoryx_hoofs/include/iceoryx/v2.0.6/iceoryx_hoofs/internal/concurrent/fifo.hpp
-- Installing: /root/ros2_ws/install/iceoryx_hoofs/include/iceoryx/v2.0.6/iceoryx_hoofs/internal/concurrent/fifo.inl
-- Installing: /root/ros2_ws/install/iceoryx_hoofs/include/iceoryx/v2.0.6/iceoryx_hoofs/internal/concurrent/lockfree_queue
-- Installing: /root/ros2_ws/install/iceoryx_hoofs/include/iceoryx/v2.0.6/iceoryx_hoofs/internal/concurrent/lockfree_queue/buffer.hpp
-- Installing: /root/ros2_ws/install/iceoryx_hoofs/include/iceoryx/v2.0.6/iceoryx_hoofs/internal/concurrent/lockfree_queue/buffer.inl
-- Installing: /root/ros2_ws/install/iceoryx_hoofs/include/iceoryx/v2.0.6/iceoryx_hoofs/internal/concurrent/lockfree_queue/cyclic_index.hpp
-- Installing: /root/ros2_ws/install/iceoryx_hoofs/include/iceoryx/v2.0.6/iceoryx_hoofs/internal/concurrent/lockfree_queue/cyclic_index.inl
-- Installing: /root/ros2_ws/install/iceoryx_hoofs/include/iceoryx/v2.0.6/iceoryx_hoofs/internal/concurrent/lockfree_queue/index_queue.hpp
-- Installing: /root/ros2_ws/install/iceoryx_hoofs/include/iceoryx/v2.0.6/iceoryx_hoofs/internal/concurrent/lockfree_queue/index_queue.inl
-- Installing: /root/ros2_ws/install/iceoryx_hoofs/include/iceoryx/v2.0.6/iceoryx_hoofs/internal/concurrent/lockfree_queue/lockfree_queue.inl
-- Installing: /root/ros2_ws/install/iceoryx_hoofs/include/iceoryx/v2.0.6/iceoryx_hoofs/internal/concurrent/lockfree_queue/resizeable_lockfree_queue.inl
-- Installing: /root/ros2_ws/install/iceoryx_hoofs/include/iceoryx/v2.0.6/iceoryx_hoofs/internal/concurrent/loffli.hpp
-- Installing: /root/ros2_ws/install/iceoryx_hoofs/include/iceoryx/v2.0.6/iceoryx_hoofs/internal/concurrent/loffli.inl
-- Installing: /root/ros2_ws/install/iceoryx_hoofs/include/iceoryx/v2.0.6/iceoryx_hoofs/internal/concurrent/periodic_task.hpp
-- Installing: /root/ros2_ws/install/iceoryx_hoofs/include/iceoryx/v2.0.6/iceoryx_hoofs/internal/concurrent/periodic_task.inl
-- Installing: /root/ros2_ws/install/iceoryx_hoofs/include/iceoryx/v2.0.6/iceoryx_hoofs/internal/concurrent/smart_lock.hpp
-- Installing: /root/ros2_ws/install/iceoryx_hoofs/include/iceoryx/v2.0.6/iceoryx_hoofs/internal/concurrent/smart_lock.inl
-- Installing: /root/ros2_ws/install/iceoryx_hoofs/include/iceoryx/v2.0.6/iceoryx_hoofs/internal/concurrent/sofi.hpp
-- Installing: /root/ros2_ws/install/iceoryx_hoofs/include/iceoryx/v2.0.6/iceoryx_hoofs/internal/concurrent/sofi.inl
-- Installing: /root/ros2_ws/install/iceoryx_hoofs/include/iceoryx/v2.0.6/iceoryx_hoofs/internal/concurrent/taco.hpp
-- Installing: /root/ros2_ws/install/iceoryx_hoofs/include/iceoryx/v2.0.6/iceoryx_hoofs/internal/concurrent/trigger_queue.hpp
-- Installing: /root/ros2_ws/install/iceoryx_hoofs/include/iceoryx/v2.0.6/iceoryx_hoofs/internal/concurrent/trigger_queue.inl
-- Installing: /root/ros2_ws/install/iceoryx_hoofs/include/iceoryx/v2.0.6/iceoryx_hoofs/internal/cxx
-- Installing: /root/ros2_ws/install/iceoryx_hoofs/include/iceoryx/v2.0.6/iceoryx_hoofs/internal/cxx/.clang-tidy
-- Installing: /root/ros2_ws/install/iceoryx_hoofs/include/iceoryx/v2.0.6/iceoryx_hoofs/internal/cxx/algorithm.inl
-- Installing: /root/ros2_ws/install/iceoryx_hoofs/include/iceoryx/v2.0.6/iceoryx_hoofs/internal/cxx/convert.inl
-- Installing: /root/ros2_ws/install/iceoryx_hoofs/include/iceoryx/v2.0.6/iceoryx_hoofs/internal/cxx/expected.inl
-- Installing: /root/ros2_ws/install/iceoryx_hoofs/include/iceoryx/v2.0.6/iceoryx_hoofs/internal/cxx/forward_list.inl
-- Installing: /root/ros2_ws/install/iceoryx_hoofs/include/iceoryx/v2.0.6/iceoryx_hoofs/internal/cxx/function_ref.inl
-- Installing: /root/ros2_ws/install/iceoryx_hoofs/include/iceoryx/v2.0.6/iceoryx_hoofs/internal/cxx/functional_interface.inl
-- Installing: /root/ros2_ws/install/iceoryx_hoofs/include/iceoryx/v2.0.6/iceoryx_hoofs/internal/cxx/helplets.inl
-- Installing: /root/ros2_ws/install/iceoryx_hoofs/include/iceoryx/v2.0.6/iceoryx_hoofs/internal/cxx/list.inl
-- Installing: /root/ros2_ws/install/iceoryx_hoofs/include/iceoryx/v2.0.6/iceoryx_hoofs/internal/cxx/method_callback.inl
-- Installing: /root/ros2_ws/install/iceoryx_hoofs/include/iceoryx/v2.0.6/iceoryx_hoofs/internal/cxx/newtype.inl
-- Installing: /root/ros2_ws/install/iceoryx_hoofs/include/iceoryx/v2.0.6/iceoryx_hoofs/internal/cxx/newtype
-- Installing: /root/ros2_ws/install/iceoryx_hoofs/include/iceoryx/v2.0.6/iceoryx_hoofs/internal/cxx/newtype/assignment.hpp
-- Installing: /root/ros2_ws/install/iceoryx_hoofs/include/iceoryx/v2.0.6/iceoryx_hoofs/internal/cxx/newtype/comparable.hpp
-- Installing: /root/ros2_ws/install/iceoryx_hoofs/include/iceoryx/v2.0.6/iceoryx_hoofs/internal/cxx/newtype/constructor.hpp
-- Installing: /root/ros2_ws/install/iceoryx_hoofs/include/iceoryx/v2.0.6/iceoryx_hoofs/internal/cxx/newtype/convertable.hpp
-- Installing: /root/ros2_ws/install/iceoryx_hoofs/include/iceoryx/v2.0.6/iceoryx_hoofs/internal/cxx/newtype/internal.hpp
-- Installing: /root/ros2_ws/install/iceoryx_hoofs/include/iceoryx/v2.0.6/iceoryx_hoofs/internal/cxx/newtype/protected_constructor.hpp
-- Installing: /root/ros2_ws/install/iceoryx_hoofs/include/iceoryx/v2.0.6/iceoryx_hoofs/internal/cxx/newtype/sortable.hpp
-- Installing: /root/ros2_ws/install/iceoryx_hoofs/include/iceoryx/v2.0.6/iceoryx_hoofs/internal/cxx/optional.inl
-- Installing: /root/ros2_ws/install/iceoryx_hoofs/include/iceoryx/v2.0.6/iceoryx_hoofs/internal/cxx/pair.hpp
-- Installing: /root/ros2_ws/install/iceoryx_hoofs/include/iceoryx/v2.0.6/iceoryx_hoofs/internal/cxx/poor_mans_heap.inl
-- Installing: /root/ros2_ws/install/iceoryx_hoofs/include/iceoryx/v2.0.6/iceoryx_hoofs/internal/cxx/reference_counter.hpp
-- Installing: /root/ros2_ws/install/iceoryx_hoofs/include/iceoryx/v2.0.6/iceoryx_hoofs/internal/cxx/reference_counter.inl
-- Installing: /root/ros2_ws/install/iceoryx_hoofs/include/iceoryx/v2.0.6/iceoryx_hoofs/internal/cxx/scoped_static.inl
-- Installing: /root/ros2_ws/install/iceoryx_hoofs/include/iceoryx/v2.0.6/iceoryx_hoofs/internal/cxx/serialization.inl
-- Installing: /root/ros2_ws/install/iceoryx_hoofs/include/iceoryx/v2.0.6/iceoryx_hoofs/internal/cxx/set.hpp
-- Installing: /root/ros2_ws/install/iceoryx_hoofs/include/iceoryx/v2.0.6/iceoryx_hoofs/internal/cxx/stack.inl
-- Installing: /root/ros2_ws/install/iceoryx_hoofs/include/iceoryx/v2.0.6/iceoryx_hoofs/internal/cxx/static_storage.hpp
-- Installing: /root/ros2_ws/install/iceoryx_hoofs/include/iceoryx/v2.0.6/iceoryx_hoofs/internal/cxx/static_storage.inl
-- Installing: /root/ros2_ws/install/iceoryx_hoofs/include/iceoryx/v2.0.6/iceoryx_hoofs/internal/cxx/storable_function.hpp
-- Installing: /root/ros2_ws/install/iceoryx_hoofs/include/iceoryx/v2.0.6/iceoryx_hoofs/internal/cxx/storable_function.inl
-- Installing: /root/ros2_ws/install/iceoryx_hoofs/include/iceoryx/v2.0.6/iceoryx_hoofs/internal/cxx/string.inl
-- Installing: /root/ros2_ws/install/iceoryx_hoofs/include/iceoryx/v2.0.6/iceoryx_hoofs/internal/cxx/string_internal.hpp
-- Installing: /root/ros2_ws/install/iceoryx_hoofs/include/iceoryx/v2.0.6/iceoryx_hoofs/internal/cxx/unique_id.hpp
-- Installing: /root/ros2_ws/install/iceoryx_hoofs/include/iceoryx/v2.0.6/iceoryx_hoofs/internal/cxx/unique_ptr.inl
-- Installing: /root/ros2_ws/install/iceoryx_hoofs/include/iceoryx/v2.0.6/iceoryx_hoofs/internal/cxx/variant.inl
-- Installing: /root/ros2_ws/install/iceoryx_hoofs/include/iceoryx/v2.0.6/iceoryx_hoofs/internal/cxx/variant_internal.hpp
-- Installing: /root/ros2_ws/install/iceoryx_hoofs/include/iceoryx/v2.0.6/iceoryx_hoofs/internal/cxx/variant_queue.inl
-- Installing: /root/ros2_ws/install/iceoryx_hoofs/include/iceoryx/v2.0.6/iceoryx_hoofs/internal/cxx/vector.inl
-- Installing: /root/ros2_ws/install/iceoryx_hoofs/include/iceoryx/v2.0.6/iceoryx_hoofs/internal/design_pattern
-- Installing: /root/ros2_ws/install/iceoryx_hoofs/include/iceoryx/v2.0.6/iceoryx_hoofs/internal/design_pattern/creation.inl
-- Installing: /root/ros2_ws/install/iceoryx_hoofs/include/iceoryx/v2.0.6/iceoryx_hoofs/internal/file_reader
-- Installing: /root/ros2_ws/install/iceoryx_hoofs/include/iceoryx/v2.0.6/iceoryx_hoofs/internal/file_reader/file_reader.hpp
-- Installing: /root/ros2_ws/install/iceoryx_hoofs/include/iceoryx/v2.0.6/iceoryx_hoofs/internal/graphs
-- Installing: /root/ros2_ws/install/iceoryx_hoofs/include/iceoryx/v2.0.6/iceoryx_hoofs/internal/graphs/directed_acyclic_graph.hpp
-- Installing: /root/ros2_ws/install/iceoryx_hoofs/include/iceoryx/v2.0.6/iceoryx_hoofs/internal/graphs/directed_graph.hpp
-- Installing: /root/ros2_ws/install/iceoryx_hoofs/include/iceoryx/v2.0.6/iceoryx_hoofs/internal/objectpool
-- Installing: /root/ros2_ws/install/iceoryx_hoofs/include/iceoryx/v2.0.6/iceoryx_hoofs/internal/objectpool/objectpool.hpp
-- Installing: /root/ros2_ws/install/iceoryx_hoofs/include/iceoryx/v2.0.6/iceoryx_hoofs/internal/posix_wrapper
-- Installing: /root/ros2_ws/install/iceoryx_hoofs/include/iceoryx/v2.0.6/iceoryx_hoofs/internal/posix_wrapper/access_control.hpp
-- Installing: /root/ros2_ws/install/iceoryx_hoofs/include/iceoryx/v2.0.6/iceoryx_hoofs/internal/posix_wrapper/ipc_channel.hpp
-- Installing: /root/ros2_ws/install/iceoryx_hoofs/include/iceoryx/v2.0.6/iceoryx_hoofs/internal/posix_wrapper/message_queue.hpp
-- Installing: /root/ros2_ws/install/iceoryx_hoofs/include/iceoryx/v2.0.6/iceoryx_hoofs/internal/posix_wrapper/mutex.hpp
-- Installing: /root/ros2_ws/install/iceoryx_hoofs/include/iceoryx/v2.0.6/iceoryx_hoofs/internal/posix_wrapper/posix_call.inl
-- Installing: /root/ros2_ws/install/iceoryx_hoofs/include/iceoryx/v2.0.6/iceoryx_hoofs/internal/posix_wrapper/shared_memory_object.hpp
-- Installing: /root/ros2_ws/install/iceoryx_hoofs/include/iceoryx/v2.0.6/iceoryx_hoofs/internal/posix_wrapper/shared_memory_object
-- Installing: /root/ros2_ws/install/iceoryx_hoofs/include/iceoryx/v2.0.6/iceoryx_hoofs/internal/posix_wrapper/shared_memory_object/allocator.hpp
-- Installing: /root/ros2_ws/install/iceoryx_hoofs/include/iceoryx/v2.0.6/iceoryx_hoofs/internal/posix_wrapper/shared_memory_object/memory_map.hpp
-- Installing: /root/ros2_ws/install/iceoryx_hoofs/include/iceoryx/v2.0.6/iceoryx_hoofs/internal/posix_wrapper/shared_memory_object/shared_memory.hpp
-- Installing: /root/ros2_ws/install/iceoryx_hoofs/include/iceoryx/v2.0.6/iceoryx_hoofs/internal/posix_wrapper/system_configuration.hpp
-- Installing: /root/ros2_ws/install/iceoryx_hoofs/include/iceoryx/v2.0.6/iceoryx_hoofs/internal/posix_wrapper/unix_domain_socket.hpp
-- Installing: /root/ros2_ws/install/iceoryx_hoofs/include/iceoryx/v2.0.6/iceoryx_hoofs/internal/relocatable_pointer
-- Installing: /root/ros2_ws/install/iceoryx_hoofs/include/iceoryx/v2.0.6/iceoryx_hoofs/internal/relocatable_pointer/atomic_relocatable_pointer.hpp
-- Installing: /root/ros2_ws/install/iceoryx_hoofs/include/iceoryx/v2.0.6/iceoryx_hoofs/internal/relocatable_pointer/atomic_relocatable_pointer.inl
-- Installing: /root/ros2_ws/install/iceoryx_hoofs/include/iceoryx/v2.0.6/iceoryx_hoofs/internal/relocatable_pointer/base_relative_pointer.hpp
-- Installing: /root/ros2_ws/install/iceoryx_hoofs/include/iceoryx/v2.0.6/iceoryx_hoofs/internal/relocatable_pointer/pointer_repository.hpp
-- Installing: /root/ros2_ws/install/iceoryx_hoofs/include/iceoryx/v2.0.6/iceoryx_hoofs/internal/relocatable_pointer/pointer_repository.inl
-- Installing: /root/ros2_ws/install/iceoryx_hoofs/include/iceoryx/v2.0.6/iceoryx_hoofs/internal/relocatable_pointer/relative_pointer.hpp
-- Installing: /root/ros2_ws/install/iceoryx_hoofs/include/iceoryx/v2.0.6/iceoryx_hoofs/internal/relocatable_pointer/relative_pointer.inl
-- Installing: /root/ros2_ws/install/iceoryx_hoofs/include/iceoryx/v2.0.6/iceoryx_hoofs/internal/relocatable_pointer/relative_pointer_data.hpp
-- Installing: /root/ros2_ws/install/iceoryx_hoofs/include/iceoryx/v2.0.6/iceoryx_hoofs/internal/relocatable_pointer/relative_pointer_data.inl
-- Installing: /root/ros2_ws/install/iceoryx_hoofs/include/iceoryx/v2.0.6/iceoryx_hoofs/internal/relocatable_pointer/relocatable_ptr.hpp
-- Installing: /root/ros2_ws/install/iceoryx_hoofs/include/iceoryx/v2.0.6/iceoryx_hoofs/internal/relocatable_pointer/relocatable_ptr.inl
-- Installing: /root/ros2_ws/install/iceoryx_hoofs/include/iceoryx/v2.0.6/iceoryx_hoofs/internal/units
-- Installing: /root/ros2_ws/install/iceoryx_hoofs/include/iceoryx/v2.0.6/iceoryx_hoofs/internal/units/duration.hpp
-- Installing: /root/ros2_ws/install/iceoryx_hoofs/include/iceoryx/v2.0.6/iceoryx_hoofs/internal/units/duration.inl
-- Installing: /root/ros2_ws/install/iceoryx_hoofs/include/iceoryx/v2.0.6/iceoryx_hoofs/log
-- Installing: /root/ros2_ws/install/iceoryx_hoofs/include/iceoryx/v2.0.6/iceoryx_hoofs/log/logcommon.hpp
-- Installing: /root/ros2_ws/install/iceoryx_hoofs/include/iceoryx/v2.0.6/iceoryx_hoofs/log/logger.hpp
-- Installing: /root/ros2_ws/install/iceoryx_hoofs/include/iceoryx/v2.0.6/iceoryx_hoofs/log/logging.hpp
-- Installing: /root/ros2_ws/install/iceoryx_hoofs/include/iceoryx/v2.0.6/iceoryx_hoofs/log/logging_free_function_building_block.hpp
-- Installing: /root/ros2_ws/install/iceoryx_hoofs/include/iceoryx/v2.0.6/iceoryx_hoofs/log/logmanager.hpp
-- Installing: /root/ros2_ws/install/iceoryx_hoofs/include/iceoryx/v2.0.6/iceoryx_hoofs/log/logstream.hpp
-- Installing: /root/ros2_ws/install/iceoryx_hoofs/include/iceoryx/v2.0.6/iceoryx_hoofs/posix_wrapper
-- Installing: /root/ros2_ws/install/iceoryx_hoofs/include/iceoryx/v2.0.6/iceoryx_hoofs/posix_wrapper/file_lock.hpp
-- Installing: /root/ros2_ws/install/iceoryx_hoofs/include/iceoryx/v2.0.6/iceoryx_hoofs/posix_wrapper/named_pipe.hpp
-- Installing: /root/ros2_ws/install/iceoryx_hoofs/include/iceoryx/v2.0.6/iceoryx_hoofs/posix_wrapper/posix_access_rights.hpp
-- Installing: /root/ros2_ws/install/iceoryx_hoofs/include/iceoryx/v2.0.6/iceoryx_hoofs/posix_wrapper/posix_call.hpp
-- Installing: /root/ros2_ws/install/iceoryx_hoofs/include/iceoryx/v2.0.6/iceoryx_hoofs/posix_wrapper/semaphore.hpp
-- Installing: /root/ros2_ws/install/iceoryx_hoofs/include/iceoryx/v2.0.6/iceoryx_hoofs/posix_wrapper/signal_handler.hpp
-- Installing: /root/ros2_ws/install/iceoryx_hoofs/include/iceoryx/v2.0.6/iceoryx_hoofs/posix_wrapper/signal_watcher.hpp
-- Installing: /root/ros2_ws/install/iceoryx_hoofs/include/iceoryx/v2.0.6/iceoryx_hoofs/posix_wrapper/thread.hpp
-- Installing: /root/ros2_ws/install/iceoryx_hoofs/include/iceoryx/v2.0.6/iceoryx_hoofs/posix_wrapper/timer.hpp
-- Installing: /root/ros2_ws/install/iceoryx_hoofs/lib/cmake/iceoryx_hoofs/iceoryx_hoofsConfigVersion.cmake
-- Installing: /root/ros2_ws/install/iceoryx_hoofs/lib/cmake/iceoryx_hoofs/iceoryx_hoofsConfig.cmake
-- Installing: /root/ros2_ws/install/iceoryx_hoofs/lib/cmake/iceoryx_hoofs/iceoryx_hoofsTargets.cmake
-- Installing: /root/ros2_ws/install/iceoryx_hoofs/lib/cmake/iceoryx_hoofs/iceoryx_hoofsTargets-noconfig.cmake
-- Installing: /root/ros2_ws/install/iceoryx_hoofs/lib/cmake/iceoryx_hoofs/IceoryxPackageHelper.cmake
-- Installing: /root/ros2_ws/install/iceoryx_hoofs/lib/cmake/iceoryx_hoofs/IceoryxPlatform.cmake
-- Installing: /root/ros2_ws/install/iceoryx_hoofs/lib/cmake/iceoryx_hoofs/IceoryxVersion.cmake
-- Installing: /root/ros2_ws/install/iceoryx_hoofs/share/doc/iceoryx_hoofs/LICENSE
