[0.681s] Invoking command in '/root/ros2_ws/build/iceoryx_hoofs': CMAKE_PREFIX_PATH=/opt/ros/humble /usr/bin/cmake --build /root/ros2_ws/build/iceoryx_hoofs -- -j16 -l16
[0.733s] Consolidate compiler generated dependencies of target iceoryx_platform
[0.734s] [ 17%] Built target iceoryx_platform
[0.746s] Consolidate compiler generated dependencies of target iceoryx_hoofs
[0.759s] [ 20%] Building CXX object CMakeFiles/iceoryx_hoofs.dir/source/posix_wrapper/semaphore.cpp.o
[0.759s] [ 24%] Building CXX object CMakeFiles/iceoryx_hoofs.dir/source/posix_wrapper/signal_watcher.cpp.o
[0.759s] [ 24%] Building CXX object CMakeFiles/iceoryx_hoofs.dir/source/posix_wrapper/timer.cpp.o
[0.759s] [ 26%] Building CXX object CMakeFiles/iceoryx_hoofs.dir/source/posix_wrapper/shared_memory_object.cpp.o
[0.759s] [ 31%] Building CXX object CMakeFiles/iceoryx_hoofs.dir/source/posix_wrapper/message_queue.cpp.o
[0.759s] [ 31%] Building CXX object CMakeFiles/iceoryx_hoofs.dir/source/posix_wrapper/file_lock.cpp.o
[0.762s] [ 33%] Building CXX object CMakeFiles/iceoryx_hoofs.dir/source/posix_wrapper/unix_domain_socket.cpp.o
[0.769s] [ 35%] Building CXX object CMakeFiles/iceoryx_hoofs.dir/source/posix_wrapper/signal_handler.cpp.o
[0.769s] [ 37%] Building CXX object CMakeFiles/iceoryx_hoofs.dir/source/posix_wrapper/access_control.cpp.o
[0.769s] [ 40%] Building CXX object CMakeFiles/iceoryx_hoofs.dir/source/posix_wrapper/mutex.cpp.o
[0.769s] [ 42%] Building CXX object CMakeFiles/iceoryx_hoofs.dir/source/posix_wrapper/system_configuration.cpp.o
[0.769s] [ 44%] Building CXX object CMakeFiles/iceoryx_hoofs.dir/source/posix_wrapper/shared_memory_object/memory_map.cpp.o
[0.792s] [ 46%] Building CXX object CMakeFiles/iceoryx_hoofs.dir/source/posix_wrapper/named_pipe.cpp.o
[0.792s] [ 48%] Building CXX object CMakeFiles/iceoryx_hoofs.dir/source/posix_wrapper/shared_memory_object/shared_memory.cpp.o
[0.792s] [ 51%] Building CXX object CMakeFiles/iceoryx_hoofs.dir/source/posix_wrapper/shared_memory_object/allocator.cpp.o
[0.792s] [ 53%] Building CXX object CMakeFiles/iceoryx_hoofs.dir/source/posix_wrapper/posix_access_rights.cpp.o
[1.284s] [ 55%] Building CXX object CMakeFiles/iceoryx_hoofs.dir/source/posix_wrapper/thread.cpp.o
[1.546s] [ 57%] Building CXX object CMakeFiles/iceoryx_hoofs.dir/source/units/duration.cpp.o
[1.565s] [ 60%] Building CXX object CMakeFiles/iceoryx_hoofs.dir/source/relocatable_pointer/base_relative_pointer.cpp.o
[1.584s] [ 62%] Building CXX object CMakeFiles/iceoryx_hoofs.dir/source/relocatable_pointer/relative_pointer_data.cpp.o
[2.055s] [ 64%] Linking CXX shared library libiceoryx_hoofs.so
[2.256s] [100%] Built target iceoryx_hoofs
[2.270s] Invoked command in '/root/ros2_ws/build/iceoryx_hoofs' returned '0': CMAKE_PREFIX_PATH=/opt/ros/humble /usr/bin/cmake --build /root/ros2_ws/build/iceoryx_hoofs -- -j16 -l16
[2.271s] Invoking command in '/root/ros2_ws/build/iceoryx_hoofs': CMAKE_PREFIX_PATH=/opt/ros/humble /usr/bin/cmake --install /root/ros2_ws/build/iceoryx_hoofs
[2.280s] -- Install configuration: ""
[2.281s] -- Installing: /root/ros2_ws/install/iceoryx_hoofs/include/iceoryx/v2.0.6
[2.281s] -- Installing: /root/ros2_ws/install/iceoryx_hoofs/include/iceoryx/v2.0.6/iceoryx_hoofs
[2.281s] -- Installing: /root/ros2_ws/install/iceoryx_hoofs/include/iceoryx/v2.0.6/iceoryx_hoofs/platform
[2.281s] -- Installing: /root/ros2_ws/install/iceoryx_hoofs/include/iceoryx/v2.0.6/iceoryx_hoofs/platform/acl.hpp
[2.281s] -- Installing: /root/ros2_ws/install/iceoryx_hoofs/include/iceoryx/v2.0.6/iceoryx_hoofs/platform/dlfcn.hpp
[2.281s] -- Installing: /root/ros2_ws/install/iceoryx_hoofs/include/iceoryx/v2.0.6/iceoryx_hoofs/platform/errno.hpp
[2.281s] -- Installing: /root/ros2_ws/install/iceoryx_hoofs/include/iceoryx/v2.0.6/iceoryx_hoofs/platform/fcntl.hpp
[2.282s] -- Installing: /root/ros2_ws/install/iceoryx_hoofs/include/iceoryx/v2.0.6/iceoryx_hoofs/platform/file.hpp
[2.282s] -- Installing: /root/ros2_ws/install/iceoryx_hoofs/include/iceoryx/v2.0.6/iceoryx_hoofs/platform/getopt.hpp
[2.282s] -- Installing: /root/ros2_ws/install/iceoryx_hoofs/include/iceoryx/v2.0.6/iceoryx_hoofs/platform/grp.hpp
[2.282s] -- Installing: /root/ros2_ws/install/iceoryx_hoofs/include/iceoryx/v2.0.6/iceoryx_hoofs/platform/inet.hpp
[2.282s] -- Installing: /root/ros2_ws/install/iceoryx_hoofs/include/iceoryx/v2.0.6/iceoryx_hoofs/platform/mman.hpp
[2.282s] -- Installing: /root/ros2_ws/install/iceoryx_hoofs/include/iceoryx/v2.0.6/iceoryx_hoofs/platform/mqueue.hpp
[2.282s] -- Installing: /root/ros2_ws/install/iceoryx_hoofs/include/iceoryx/v2.0.6/iceoryx_hoofs/platform/platform_correction.hpp
[2.283s] -- Installing: /root/ros2_ws/install/iceoryx_hoofs/include/iceoryx/v2.0.6/iceoryx_hoofs/platform/platform_settings.hpp
[2.283s] -- Installing: /root/ros2_ws/install/iceoryx_hoofs/include/iceoryx/v2.0.6/iceoryx_hoofs/platform/pthread.hpp
[2.283s] -- Installing: /root/ros2_ws/install/iceoryx_hoofs/include/iceoryx/v2.0.6/iceoryx_hoofs/platform/pwd.hpp
[2.283s] -- Installing: /root/ros2_ws/install/iceoryx_hoofs/include/iceoryx/v2.0.6/iceoryx_hoofs/platform/resource.hpp
[2.283s] -- Installing: /root/ros2_ws/install/iceoryx_hoofs/include/iceoryx/v2.0.6/iceoryx_hoofs/platform/semaphore.hpp
[2.283s] -- Installing: /root/ros2_ws/install/iceoryx_hoofs/include/iceoryx/v2.0.6/iceoryx_hoofs/platform/signal.hpp
[2.283s] -- Installing: /root/ros2_ws/install/iceoryx_hoofs/include/iceoryx/v2.0.6/iceoryx_hoofs/platform/socket.hpp
[2.283s] -- Installing: /root/ros2_ws/install/iceoryx_hoofs/include/iceoryx/v2.0.6/iceoryx_hoofs/platform/stat.hpp
[2.283s] -- Installing: /root/ros2_ws/install/iceoryx_hoofs/include/iceoryx/v2.0.6/iceoryx_hoofs/platform/time.hpp
[2.283s] -- Installing: /root/ros2_ws/install/iceoryx_hoofs/include/iceoryx/v2.0.6/iceoryx_hoofs/platform/types.hpp
[2.283s] -- Installing: /root/ros2_ws/install/iceoryx_hoofs/include/iceoryx/v2.0.6/iceoryx_hoofs/platform/un.hpp
[2.283s] -- Installing: /root/ros2_ws/install/iceoryx_hoofs/include/iceoryx/v2.0.6/iceoryx_hoofs/platform/unistd.hpp
[2.284s] -- Installing: /root/ros2_ws/install/iceoryx_hoofs/include/iceoryx/v2.0.6/iceoryx_hoofs/platform/wait.hpp
[2.284s] -- Installing: /root/ros2_ws/install/iceoryx_hoofs/lib/libiceoryx_hoofs.so
[2.291s] -- Set runtime path of "/root/ros2_ws/install/iceoryx_hoofs/lib/libiceoryx_hoofs.so" to ""
[2.292s] -- Installing: /root/ros2_ws/install/iceoryx_hoofs/lib/libiceoryx_platform.so
[2.292s] -- Up-to-date: /root/ros2_ws/install/iceoryx_hoofs/include/iceoryx/v2.0.6
[2.292s] -- Up-to-date: /root/ros2_ws/install/iceoryx_hoofs/include/iceoryx/v2.0.6/iceoryx_hoofs
[2.292s] -- Installing: /root/ros2_ws/install/iceoryx_hoofs/include/iceoryx/v2.0.6/iceoryx_hoofs/concurrent
[2.292s] -- Installing: /root/ros2_ws/install/iceoryx_hoofs/include/iceoryx/v2.0.6/iceoryx_hoofs/concurrent/lockfree_queue.hpp
[2.292s] -- Installing: /root/ros2_ws/install/iceoryx_hoofs/include/iceoryx/v2.0.6/iceoryx_hoofs/concurrent/resizeable_lockfree_queue.hpp
[2.292s] -- Installing: /root/ros2_ws/install/iceoryx_hoofs/include/iceoryx/v2.0.6/iceoryx_hoofs/cxx
[2.293s] -- Installing: /root/ros2_ws/install/iceoryx_hoofs/include/iceoryx/v2.0.6/iceoryx_hoofs/cxx/.clang-tidy
[2.293s] -- Installing: /root/ros2_ws/install/iceoryx_hoofs/include/iceoryx/v2.0.6/iceoryx_hoofs/cxx/algorithm.hpp
[2.293s] -- Installing: /root/ros2_ws/install/iceoryx_hoofs/include/iceoryx/v2.0.6/iceoryx_hoofs/cxx/attributes.hpp
[2.293s] -- Installing: /root/ros2_ws/install/iceoryx_hoofs/include/iceoryx/v2.0.6/iceoryx_hoofs/cxx/convert.hpp
[2.293s] -- Installing: /root/ros2_ws/install/iceoryx_hoofs/include/iceoryx/v2.0.6/iceoryx_hoofs/cxx/deadline_timer.hpp
[2.293s] -- Installing: /root/ros2_ws/install/iceoryx_hoofs/include/iceoryx/v2.0.6/iceoryx_hoofs/cxx/expected.hpp
[2.293s] -- Installing: /root/ros2_ws/install/iceoryx_hoofs/include/iceoryx/v2.0.6/iceoryx_hoofs/cxx/filesystem.hpp
[2.297s] -- Installing: /root/ros2_ws/install/iceoryx_hoofs/include/iceoryx/v2.0.6/iceoryx_hoofs/cxx/forward_list.hpp
[2.297s] -- Installing: /root/ros2_ws/install/iceoryx_hoofs/include/iceoryx/v2.0.6/iceoryx_hoofs/cxx/function.hpp
[2.297s] -- Installing: /root/ros2_ws/install/iceoryx_hoofs/include/iceoryx/v2.0.6/iceoryx_hoofs/cxx/function_ref.hpp
[2.297s] -- Installing: /root/ros2_ws/install/iceoryx_hoofs/include/iceoryx/v2.0.6/iceoryx_hoofs/cxx/functional_interface.hpp
[2.297s] -- Installing: /root/ros2_ws/install/iceoryx_hoofs/include/iceoryx/v2.0.6/iceoryx_hoofs/cxx/generic_raii.hpp
[2.297s] -- Installing: /root/ros2_ws/install/iceoryx_hoofs/include/iceoryx/v2.0.6/iceoryx_hoofs/cxx/helplets.hpp
[2.297s] -- Installing: /root/ros2_ws/install/iceoryx_hoofs/include/iceoryx/v2.0.6/iceoryx_hoofs/cxx/list.hpp
[2.298s] -- Installing: /root/ros2_ws/install/iceoryx_hoofs/include/iceoryx/v2.0.6/iceoryx_hoofs/cxx/method_callback.hpp
[2.298s] -- Installing: /root/ros2_ws/install/iceoryx_hoofs/include/iceoryx/v2.0.6/iceoryx_hoofs/cxx/newtype.hpp
[2.298s] -- Installing: /root/ros2_ws/install/iceoryx_hoofs/include/iceoryx/v2.0.6/iceoryx_hoofs/cxx/optional.hpp
[2.298s] -- Installing: /root/ros2_ws/install/iceoryx_hoofs/include/iceoryx/v2.0.6/iceoryx_hoofs/cxx/poor_mans_heap.hpp
[2.298s] -- Installing: /root/ros2_ws/install/iceoryx_hoofs/include/iceoryx/v2.0.6/iceoryx_hoofs/cxx/requires.hpp
[2.298s] -- Installing: /root/ros2_ws/install/iceoryx_hoofs/include/iceoryx/v2.0.6/iceoryx_hoofs/cxx/scoped_static.hpp
[2.298s] -- Installing: /root/ros2_ws/install/iceoryx_hoofs/include/iceoryx/v2.0.6/iceoryx_hoofs/cxx/serialization.hpp
[2.298s] -- Installing: /root/ros2_ws/install/iceoryx_hoofs/include/iceoryx/v2.0.6/iceoryx_hoofs/cxx/stack.hpp
[2.298s] -- Installing: /root/ros2_ws/install/iceoryx_hoofs/include/iceoryx/v2.0.6/iceoryx_hoofs/cxx/string.hpp
[2.298s] -- Installing: /root/ros2_ws/install/iceoryx_hoofs/include/iceoryx/v2.0.6/iceoryx_hoofs/cxx/type_traits.hpp
[2.298s] -- Installing: /root/ros2_ws/install/iceoryx_hoofs/include/iceoryx/v2.0.6/iceoryx_hoofs/cxx/types.hpp
[2.298s] -- Installing: /root/ros2_ws/install/iceoryx_hoofs/include/iceoryx/v2.0.6/iceoryx_hoofs/cxx/unique_ptr.hpp
[2.299s] -- Installing: /root/ros2_ws/install/iceoryx_hoofs/include/iceoryx/v2.0.6/iceoryx_hoofs/cxx/variant.hpp
[2.299s] -- Installing: /root/ros2_ws/install/iceoryx_hoofs/include/iceoryx/v2.0.6/iceoryx_hoofs/cxx/variant_queue.hpp
[2.299s] -- Installing: /root/ros2_ws/install/iceoryx_hoofs/include/iceoryx/v2.0.6/iceoryx_hoofs/cxx/vector.hpp
[2.299s] -- Installing: /root/ros2_ws/install/iceoryx_hoofs/include/iceoryx/v2.0.6/iceoryx_hoofs/design_pattern
[2.299s] -- Installing: /root/ros2_ws/install/iceoryx_hoofs/include/iceoryx/v2.0.6/iceoryx_hoofs/design_pattern/creation.hpp
[2.299s] -- Installing: /root/ros2_ws/install/iceoryx_hoofs/include/iceoryx/v2.0.6/iceoryx_hoofs/error_handling
[2.299s] -- Installing: /root/ros2_ws/install/iceoryx_hoofs/include/iceoryx/v2.0.6/iceoryx_hoofs/error_handling/error_handling.hpp
[2.299s] -- Installing: /root/ros2_ws/install/iceoryx_hoofs/include/iceoryx/v2.0.6/iceoryx_hoofs/internal
[2.299s] -- Installing: /root/ros2_ws/install/iceoryx_hoofs/include/iceoryx/v2.0.6/iceoryx_hoofs/internal/concurrent
[2.299s] -- Installing: /root/ros2_ws/install/iceoryx_hoofs/include/iceoryx/v2.0.6/iceoryx_hoofs/internal/concurrent/active_object.hpp
[2.299s] -- Installing: /root/ros2_ws/install/iceoryx_hoofs/include/iceoryx/v2.0.6/iceoryx_hoofs/internal/concurrent/fifo.hpp
[2.299s] -- Installing: /root/ros2_ws/install/iceoryx_hoofs/include/iceoryx/v2.0.6/iceoryx_hoofs/internal/concurrent/fifo.inl
[2.299s] -- Installing: /root/ros2_ws/install/iceoryx_hoofs/include/iceoryx/v2.0.6/iceoryx_hoofs/internal/concurrent/lockfree_queue
[2.299s] -- Installing: /root/ros2_ws/install/iceoryx_hoofs/include/iceoryx/v2.0.6/iceoryx_hoofs/internal/concurrent/lockfree_queue/buffer.hpp
[2.299s] -- Installing: /root/ros2_ws/install/iceoryx_hoofs/include/iceoryx/v2.0.6/iceoryx_hoofs/internal/concurrent/lockfree_queue/buffer.inl
[2.300s] -- Installing: /root/ros2_ws/install/iceoryx_hoofs/include/iceoryx/v2.0.6/iceoryx_hoofs/internal/concurrent/lockfree_queue/cyclic_index.hpp
[2.300s] -- Installing: /root/ros2_ws/install/iceoryx_hoofs/include/iceoryx/v2.0.6/iceoryx_hoofs/internal/concurrent/lockfree_queue/cyclic_index.inl
[2.300s] -- Installing: /root/ros2_ws/install/iceoryx_hoofs/include/iceoryx/v2.0.6/iceoryx_hoofs/internal/concurrent/lockfree_queue/index_queue.hpp
[2.300s] -- Installing: /root/ros2_ws/install/iceoryx_hoofs/include/iceoryx/v2.0.6/iceoryx_hoofs/internal/concurrent/lockfree_queue/index_queue.inl
[2.300s] -- Installing: /root/ros2_ws/install/iceoryx_hoofs/include/iceoryx/v2.0.6/iceoryx_hoofs/internal/concurrent/lockfree_queue/lockfree_queue.inl
[2.300s] -- Installing: /root/ros2_ws/install/iceoryx_hoofs/include/iceoryx/v2.0.6/iceoryx_hoofs/internal/concurrent/lockfree_queue/resizeable_lockfree_queue.inl
[2.301s] -- Installing: /root/ros2_ws/install/iceoryx_hoofs/include/iceoryx/v2.0.6/iceoryx_hoofs/internal/concurrent/loffli.hpp
[2.301s] -- Installing: /root/ros2_ws/install/iceoryx_hoofs/include/iceoryx/v2.0.6/iceoryx_hoofs/internal/concurrent/loffli.inl
[2.301s] -- Installing: /root/ros2_ws/install/iceoryx_hoofs/include/iceoryx/v2.0.6/iceoryx_hoofs/internal/concurrent/periodic_task.hpp
[2.301s] -- Installing: /root/ros2_ws/install/iceoryx_hoofs/include/iceoryx/v2.0.6/iceoryx_hoofs/internal/concurrent/periodic_task.inl
[2.301s] -- Installing: /root/ros2_ws/install/iceoryx_hoofs/include/iceoryx/v2.0.6/iceoryx_hoofs/internal/concurrent/smart_lock.hpp
[2.301s] -- Installing: /root/ros2_ws/install/iceoryx_hoofs/include/iceoryx/v2.0.6/iceoryx_hoofs/internal/concurrent/smart_lock.inl
[2.301s] -- Installing: /root/ros2_ws/install/iceoryx_hoofs/include/iceoryx/v2.0.6/iceoryx_hoofs/internal/concurrent/sofi.hpp
[2.302s] -- Installing: /root/ros2_ws/install/iceoryx_hoofs/include/iceoryx/v2.0.6/iceoryx_hoofs/internal/concurrent/sofi.inl
[2.302s] -- Installing: /root/ros2_ws/install/iceoryx_hoofs/include/iceoryx/v2.0.6/iceoryx_hoofs/internal/concurrent/taco.hpp
[2.302s] -- Installing: /root/ros2_ws/install/iceoryx_hoofs/include/iceoryx/v2.0.6/iceoryx_hoofs/internal/concurrent/trigger_queue.hpp
[2.302s] -- Installing: /root/ros2_ws/install/iceoryx_hoofs/include/iceoryx/v2.0.6/iceoryx_hoofs/internal/concurrent/trigger_queue.inl
[2.306s] -- Installing: /root/ros2_ws/install/iceoryx_hoofs/include/iceoryx/v2.0.6/iceoryx_hoofs/internal/cxx
[2.306s] -- Installing: /root/ros2_ws/install/iceoryx_hoofs/include/iceoryx/v2.0.6/iceoryx_hoofs/internal/cxx/.clang-tidy
[2.306s] -- Installing: /root/ros2_ws/install/iceoryx_hoofs/include/iceoryx/v2.0.6/iceoryx_hoofs/internal/cxx/algorithm.inl
[2.306s] -- Installing: /root/ros2_ws/install/iceoryx_hoofs/include/iceoryx/v2.0.6/iceoryx_hoofs/internal/cxx/convert.inl
[2.306s] -- Installing: /root/ros2_ws/install/iceoryx_hoofs/include/iceoryx/v2.0.6/iceoryx_hoofs/internal/cxx/expected.inl
[2.306s] -- Installing: /root/ros2_ws/install/iceoryx_hoofs/include/iceoryx/v2.0.6/iceoryx_hoofs/internal/cxx/forward_list.inl
[2.306s] -- Installing: /root/ros2_ws/install/iceoryx_hoofs/include/iceoryx/v2.0.6/iceoryx_hoofs/internal/cxx/function_ref.inl
[2.306s] -- Installing: /root/ros2_ws/install/iceoryx_hoofs/include/iceoryx/v2.0.6/iceoryx_hoofs/internal/cxx/functional_interface.inl
[2.307s] -- Installing: /root/ros2_ws/install/iceoryx_hoofs/include/iceoryx/v2.0.6/iceoryx_hoofs/internal/cxx/helplets.inl
[2.307s] -- Installing: /root/ros2_ws/install/iceoryx_hoofs/include/iceoryx/v2.0.6/iceoryx_hoofs/internal/cxx/list.inl
[2.307s] -- Installing: /root/ros2_ws/install/iceoryx_hoofs/include/iceoryx/v2.0.6/iceoryx_hoofs/internal/cxx/method_callback.inl
[2.307s] -- Installing: /root/ros2_ws/install/iceoryx_hoofs/include/iceoryx/v2.0.6/iceoryx_hoofs/internal/cxx/newtype.inl
[2.307s] -- Installing: /root/ros2_ws/install/iceoryx_hoofs/include/iceoryx/v2.0.6/iceoryx_hoofs/internal/cxx/newtype
[2.307s] -- Installing: /root/ros2_ws/install/iceoryx_hoofs/include/iceoryx/v2.0.6/iceoryx_hoofs/internal/cxx/newtype/assignment.hpp
[2.307s] -- Installing: /root/ros2_ws/install/iceoryx_hoofs/include/iceoryx/v2.0.6/iceoryx_hoofs/internal/cxx/newtype/comparable.hpp
[2.308s] -- Installing: /root/ros2_ws/install/iceoryx_hoofs/include/iceoryx/v2.0.6/iceoryx_hoofs/internal/cxx/newtype/constructor.hpp
[2.309s] -- Installing: /root/ros2_ws/install/iceoryx_hoofs/include/iceoryx/v2.0.6/iceoryx_hoofs/internal/cxx/newtype/convertable.hpp
[2.309s] -- Installing: /root/ros2_ws/install/iceoryx_hoofs/include/iceoryx/v2.0.6/iceoryx_hoofs/internal/cxx/newtype/internal.hpp
[2.309s] -- Installing: /root/ros2_ws/install/iceoryx_hoofs/include/iceoryx/v2.0.6/iceoryx_hoofs/internal/cxx/newtype/protected_constructor.hpp
[2.309s] -- Installing: /root/ros2_ws/install/iceoryx_hoofs/include/iceoryx/v2.0.6/iceoryx_hoofs/internal/cxx/newtype/sortable.hpp
[2.309s] -- Installing: /root/ros2_ws/install/iceoryx_hoofs/include/iceoryx/v2.0.6/iceoryx_hoofs/internal/cxx/optional.inl
[2.309s] -- Installing: /root/ros2_ws/install/iceoryx_hoofs/include/iceoryx/v2.0.6/iceoryx_hoofs/internal/cxx/pair.hpp
[2.309s] -- Installing: /root/ros2_ws/install/iceoryx_hoofs/include/iceoryx/v2.0.6/iceoryx_hoofs/internal/cxx/poor_mans_heap.inl
[2.309s] -- Installing: /root/ros2_ws/install/iceoryx_hoofs/include/iceoryx/v2.0.6/iceoryx_hoofs/internal/cxx/reference_counter.hpp
[2.309s] -- Installing: /root/ros2_ws/install/iceoryx_hoofs/include/iceoryx/v2.0.6/iceoryx_hoofs/internal/cxx/reference_counter.inl
[2.309s] -- Installing: /root/ros2_ws/install/iceoryx_hoofs/include/iceoryx/v2.0.6/iceoryx_hoofs/internal/cxx/scoped_static.inl
[2.309s] -- Installing: /root/ros2_ws/install/iceoryx_hoofs/include/iceoryx/v2.0.6/iceoryx_hoofs/internal/cxx/serialization.inl
[2.309s] -- Installing: /root/ros2_ws/install/iceoryx_hoofs/include/iceoryx/v2.0.6/iceoryx_hoofs/internal/cxx/set.hpp
[2.310s] -- Installing: /root/ros2_ws/install/iceoryx_hoofs/include/iceoryx/v2.0.6/iceoryx_hoofs/internal/cxx/stack.inl
[2.310s] -- Installing: /root/ros2_ws/install/iceoryx_hoofs/include/iceoryx/v2.0.6/iceoryx_hoofs/internal/cxx/static_storage.hpp
[2.313s] -- Installing: /root/ros2_ws/install/iceoryx_hoofs/include/iceoryx/v2.0.6/iceoryx_hoofs/internal/cxx/static_storage.inl
[2.314s] -- Installing: /root/ros2_ws/install/iceoryx_hoofs/include/iceoryx/v2.0.6/iceoryx_hoofs/internal/cxx/storable_function.hpp
[2.317s] -- Installing: /root/ros2_ws/install/iceoryx_hoofs/include/iceoryx/v2.0.6/iceoryx_hoofs/internal/cxx/storable_function.inl
[2.318s] -- Installing: /root/ros2_ws/install/iceoryx_hoofs/include/iceoryx/v2.0.6/iceoryx_hoofs/internal/cxx/string.inl
[2.318s] -- Installing: /root/ros2_ws/install/iceoryx_hoofs/include/iceoryx/v2.0.6/iceoryx_hoofs/internal/cxx/string_internal.hpp
[2.318s] -- Installing: /root/ros2_ws/install/iceoryx_hoofs/include/iceoryx/v2.0.6/iceoryx_hoofs/internal/cxx/unique_id.hpp
[2.318s] -- Installing: /root/ros2_ws/install/iceoryx_hoofs/include/iceoryx/v2.0.6/iceoryx_hoofs/internal/cxx/unique_ptr.inl
[2.318s] -- Installing: /root/ros2_ws/install/iceoryx_hoofs/include/iceoryx/v2.0.6/iceoryx_hoofs/internal/cxx/variant.inl
[2.318s] -- Installing: /root/ros2_ws/install/iceoryx_hoofs/include/iceoryx/v2.0.6/iceoryx_hoofs/internal/cxx/variant_internal.hpp
[2.318s] -- Installing: /root/ros2_ws/install/iceoryx_hoofs/include/iceoryx/v2.0.6/iceoryx_hoofs/internal/cxx/variant_queue.inl
[2.318s] -- Installing: /root/ros2_ws/install/iceoryx_hoofs/include/iceoryx/v2.0.6/iceoryx_hoofs/internal/cxx/vector.inl
[2.319s] -- Installing: /root/ros2_ws/install/iceoryx_hoofs/include/iceoryx/v2.0.6/iceoryx_hoofs/internal/design_pattern
[2.319s] -- Installing: /root/ros2_ws/install/iceoryx_hoofs/include/iceoryx/v2.0.6/iceoryx_hoofs/internal/design_pattern/creation.inl
[2.319s] -- Installing: /root/ros2_ws/install/iceoryx_hoofs/include/iceoryx/v2.0.6/iceoryx_hoofs/internal/file_reader
[2.320s] -- Installing: /root/ros2_ws/install/iceoryx_hoofs/include/iceoryx/v2.0.6/iceoryx_hoofs/internal/file_reader/file_reader.hpp
[2.320s] -- Installing: /root/ros2_ws/install/iceoryx_hoofs/include/iceoryx/v2.0.6/iceoryx_hoofs/internal/graphs
[2.320s] -- Installing: /root/ros2_ws/install/iceoryx_hoofs/include/iceoryx/v2.0.6/iceoryx_hoofs/internal/graphs/directed_acyclic_graph.hpp
[2.320s] -- Installing: /root/ros2_ws/install/iceoryx_hoofs/include/iceoryx/v2.0.6/iceoryx_hoofs/internal/graphs/directed_graph.hpp
[2.320s] -- Installing: /root/ros2_ws/install/iceoryx_hoofs/include/iceoryx/v2.0.6/iceoryx_hoofs/internal/objectpool
[2.321s] -- Installing: /root/ros2_ws/install/iceoryx_hoofs/include/iceoryx/v2.0.6/iceoryx_hoofs/internal/objectpool/objectpool.hpp
[2.321s] -- Installing: /root/ros2_ws/install/iceoryx_hoofs/include/iceoryx/v2.0.6/iceoryx_hoofs/internal/posix_wrapper
[2.321s] -- Installing: /root/ros2_ws/install/iceoryx_hoofs/include/iceoryx/v2.0.6/iceoryx_hoofs/internal/posix_wrapper/access_control.hpp
[2.321s] -- Installing: /root/ros2_ws/install/iceoryx_hoofs/include/iceoryx/v2.0.6/iceoryx_hoofs/internal/posix_wrapper/ipc_channel.hpp
[2.321s] -- Installing: /root/ros2_ws/install/iceoryx_hoofs/include/iceoryx/v2.0.6/iceoryx_hoofs/internal/posix_wrapper/message_queue.hpp
[2.321s] -- Installing: /root/ros2_ws/install/iceoryx_hoofs/include/iceoryx/v2.0.6/iceoryx_hoofs/internal/posix_wrapper/mutex.hpp
[2.321s] -- Installing: /root/ros2_ws/install/iceoryx_hoofs/include/iceoryx/v2.0.6/iceoryx_hoofs/internal/posix_wrapper/posix_call.inl
[2.321s] -- Installing: /root/ros2_ws/install/iceoryx_hoofs/include/iceoryx/v2.0.6/iceoryx_hoofs/internal/posix_wrapper/shared_memory_object.hpp
[2.321s] -- Installing: /root/ros2_ws/install/iceoryx_hoofs/include/iceoryx/v2.0.6/iceoryx_hoofs/internal/posix_wrapper/shared_memory_object
[2.321s] -- Installing: /root/ros2_ws/install/iceoryx_hoofs/include/iceoryx/v2.0.6/iceoryx_hoofs/internal/posix_wrapper/shared_memory_object/allocator.hpp
[2.321s] -- Installing: /root/ros2_ws/install/iceoryx_hoofs/include/iceoryx/v2.0.6/iceoryx_hoofs/internal/posix_wrapper/shared_memory_object/memory_map.hpp
[2.321s] -- Installing: /root/ros2_ws/install/iceoryx_hoofs/include/iceoryx/v2.0.6/iceoryx_hoofs/internal/posix_wrapper/shared_memory_object/shared_memory.hpp
[2.321s] -- Installing: /root/ros2_ws/install/iceoryx_hoofs/include/iceoryx/v2.0.6/iceoryx_hoofs/internal/posix_wrapper/system_configuration.hpp
[2.321s] -- Installing: /root/ros2_ws/install/iceoryx_hoofs/include/iceoryx/v2.0.6/iceoryx_hoofs/internal/posix_wrapper/unix_domain_socket.hpp
[2.321s] -- Installing: /root/ros2_ws/install/iceoryx_hoofs/include/iceoryx/v2.0.6/iceoryx_hoofs/internal/relocatable_pointer
[2.321s] -- Installing: /root/ros2_ws/install/iceoryx_hoofs/include/iceoryx/v2.0.6/iceoryx_hoofs/internal/relocatable_pointer/atomic_relocatable_pointer.hpp
[2.322s] -- Installing: /root/ros2_ws/install/iceoryx_hoofs/include/iceoryx/v2.0.6/iceoryx_hoofs/internal/relocatable_pointer/atomic_relocatable_pointer.inl
[2.322s] -- Installing: /root/ros2_ws/install/iceoryx_hoofs/include/iceoryx/v2.0.6/iceoryx_hoofs/internal/relocatable_pointer/base_relative_pointer.hpp
[2.322s] -- Installing: /root/ros2_ws/install/iceoryx_hoofs/include/iceoryx/v2.0.6/iceoryx_hoofs/internal/relocatable_pointer/pointer_repository.hpp
[2.322s] -- Installing: /root/ros2_ws/install/iceoryx_hoofs/include/iceoryx/v2.0.6/iceoryx_hoofs/internal/relocatable_pointer/pointer_repository.inl
[2.322s] -- Installing: /root/ros2_ws/install/iceoryx_hoofs/include/iceoryx/v2.0.6/iceoryx_hoofs/internal/relocatable_pointer/relative_pointer.hpp
[2.322s] -- Installing: /root/ros2_ws/install/iceoryx_hoofs/include/iceoryx/v2.0.6/iceoryx_hoofs/internal/relocatable_pointer/relative_pointer.inl
[2.322s] -- Installing: /root/ros2_ws/install/iceoryx_hoofs/include/iceoryx/v2.0.6/iceoryx_hoofs/internal/relocatable_pointer/relative_pointer_data.hpp
[2.322s] -- Installing: /root/ros2_ws/install/iceoryx_hoofs/include/iceoryx/v2.0.6/iceoryx_hoofs/internal/relocatable_pointer/relative_pointer_data.inl
[2.322s] -- Installing: /root/ros2_ws/install/iceoryx_hoofs/include/iceoryx/v2.0.6/iceoryx_hoofs/internal/relocatable_pointer/relocatable_ptr.hpp
[2.322s] -- Installing: /root/ros2_ws/install/iceoryx_hoofs/include/iceoryx/v2.0.6/iceoryx_hoofs/internal/relocatable_pointer/relocatable_ptr.inl
[2.322s] -- Installing: /root/ros2_ws/install/iceoryx_hoofs/include/iceoryx/v2.0.6/iceoryx_hoofs/internal/units
[2.322s] -- Installing: /root/ros2_ws/install/iceoryx_hoofs/include/iceoryx/v2.0.6/iceoryx_hoofs/internal/units/duration.hpp
[2.322s] -- Installing: /root/ros2_ws/install/iceoryx_hoofs/include/iceoryx/v2.0.6/iceoryx_hoofs/internal/units/duration.inl
[2.322s] -- Installing: /root/ros2_ws/install/iceoryx_hoofs/include/iceoryx/v2.0.6/iceoryx_hoofs/log
[2.322s] -- Installing: /root/ros2_ws/install/iceoryx_hoofs/include/iceoryx/v2.0.6/iceoryx_hoofs/log/logcommon.hpp
[2.322s] -- Installing: /root/ros2_ws/install/iceoryx_hoofs/include/iceoryx/v2.0.6/iceoryx_hoofs/log/logger.hpp
[2.322s] -- Installing: /root/ros2_ws/install/iceoryx_hoofs/include/iceoryx/v2.0.6/iceoryx_hoofs/log/logging.hpp
[2.323s] -- Installing: /root/ros2_ws/install/iceoryx_hoofs/include/iceoryx/v2.0.6/iceoryx_hoofs/log/logging_free_function_building_block.hpp
[2.323s] -- Installing: /root/ros2_ws/install/iceoryx_hoofs/include/iceoryx/v2.0.6/iceoryx_hoofs/log/logmanager.hpp
[2.323s] -- Installing: /root/ros2_ws/install/iceoryx_hoofs/include/iceoryx/v2.0.6/iceoryx_hoofs/log/logstream.hpp
[2.326s] -- Installing: /root/ros2_ws/install/iceoryx_hoofs/include/iceoryx/v2.0.6/iceoryx_hoofs/posix_wrapper
[2.327s] -- Installing: /root/ros2_ws/install/iceoryx_hoofs/include/iceoryx/v2.0.6/iceoryx_hoofs/posix_wrapper/file_lock.hpp
[2.327s] -- Installing: /root/ros2_ws/install/iceoryx_hoofs/include/iceoryx/v2.0.6/iceoryx_hoofs/posix_wrapper/named_pipe.hpp
[2.327s] -- Installing: /root/ros2_ws/install/iceoryx_hoofs/include/iceoryx/v2.0.6/iceoryx_hoofs/posix_wrapper/posix_access_rights.hpp
[2.327s] -- Installing: /root/ros2_ws/install/iceoryx_hoofs/include/iceoryx/v2.0.6/iceoryx_hoofs/posix_wrapper/posix_call.hpp
[2.327s] -- Installing: /root/ros2_ws/install/iceoryx_hoofs/include/iceoryx/v2.0.6/iceoryx_hoofs/posix_wrapper/semaphore.hpp
[2.327s] -- Installing: /root/ros2_ws/install/iceoryx_hoofs/include/iceoryx/v2.0.6/iceoryx_hoofs/posix_wrapper/signal_handler.hpp
[2.327s] -- Installing: /root/ros2_ws/install/iceoryx_hoofs/include/iceoryx/v2.0.6/iceoryx_hoofs/posix_wrapper/signal_watcher.hpp
[2.327s] -- Installing: /root/ros2_ws/install/iceoryx_hoofs/include/iceoryx/v2.0.6/iceoryx_hoofs/posix_wrapper/thread.hpp
[2.327s] -- Installing: /root/ros2_ws/install/iceoryx_hoofs/include/iceoryx/v2.0.6/iceoryx_hoofs/posix_wrapper/timer.hpp
[2.327s] -- Installing: /root/ros2_ws/install/iceoryx_hoofs/lib/cmake/iceoryx_hoofs/iceoryx_hoofsConfigVersion.cmake
[2.328s] -- Installing: /root/ros2_ws/install/iceoryx_hoofs/lib/cmake/iceoryx_hoofs/iceoryx_hoofsConfig.cmake
[2.328s] -- Installing: /root/ros2_ws/install/iceoryx_hoofs/lib/cmake/iceoryx_hoofs/iceoryx_hoofsTargets.cmake
[2.333s] -- Installing: /root/ros2_ws/install/iceoryx_hoofs/lib/cmake/iceoryx_hoofs/iceoryx_hoofsTargets-noconfig.cmake
[2.333s] -- Installing: /root/ros2_ws/install/iceoryx_hoofs/lib/cmake/iceoryx_hoofs/IceoryxPackageHelper.cmake
[2.333s] -- Installing: /root/ros2_ws/install/iceoryx_hoofs/lib/cmake/iceoryx_hoofs/IceoryxPlatform.cmake
[2.333s] -- Installing: /root/ros2_ws/install/iceoryx_hoofs/lib/cmake/iceoryx_hoofs/IceoryxVersion.cmake
[2.333s] -- Installing: /root/ros2_ws/install/iceoryx_hoofs/share/doc/iceoryx_hoofs/LICENSE
[2.333s] Invoked command in '/root/ros2_ws/build/iceoryx_hoofs' returned '0': CMAKE_PREFIX_PATH=/opt/ros/humble /usr/bin/cmake --install /root/ros2_ws/build/iceoryx_hoofs
