[0.011s] Invoking command in '/root/ros2_ws/build/iceoryx_binding_c': CMAKE_PREFIX_PATH=/root/ros2_ws/install/iceoryx_posh:/root/ros2_ws/install/iceoryx_hoofs:/opt/ros/humble LD_LIBRARY_PATH=/root/ros2_ws/install/iceoryx_posh/lib:/root/ros2_ws/install/iceoryx_hoofs/lib:${LD_LIBRARY_PATH} PATH=/root/ros2_ws/install/iceoryx_posh/bin:${PATH} PKG_CONFIG_PATH=/root/ros2_ws/install/iceoryx_posh/lib/x86_64-linux-gnu/pkgconfig:/root/ros2_ws/install/iceoryx_posh/lib/pkgconfig:/root/ros2_ws/install/iceoryx_hoofs/lib/x86_64-linux-gnu/pkgconfig:/root/ros2_ws/install/iceoryx_hoofs/lib/pkgconfig /usr/bin/cmake /root/ros2_ws/src/eclipse-iceoryx/iceoryx/iceoryx_binding_c -DCMAKE_INSTALL_PREFIX=/root/ros2_ws/install/iceoryx_binding_c
[0.060s] -- The C compiler identification is GNU 11.4.0
[0.101s] -- The CXX compiler identification is GNU 11.4.0
[0.108s] -- Detecting C compiler ABI info
[0.183s] -- Detecting C compiler ABI info - done
[0.193s] -- Check for working C compiler: /usr/bin/cc - skipped
[0.194s] -- Detecting C compile features
[0.194s] -- Detecting C compile features - done
[0.198s] -- Detecting CXX compiler ABI info
[0.266s] -- Detecting CXX compiler ABI info - done
[0.274s] -- Check for working CXX compiler: /usr/bin/c++ - skipped
[0.274s] -- Detecting CXX compile features
[0.274s] -- Detecting CXX compile features - done
[0.280s] -- [i] <<<<<<<<<<<<< Start iceoryx_posh configuration: >>>>>>>>>>>>>
[0.280s] -- [i] Using m:n communication!
[0.280s] -- [i] IOX_MAX_PUBLISHERS:512
[0.280s] -- [i] IOX_MAX_SUBSCRIBERS:1024
[0.280s] -- [i] IOX_MAX_INTERFACE_NUMBER:4
[0.280s] -- [i] IOX_MAX_SUBSCRIBERS_PER_PUBLISHER:256
[0.280s] -- [i] IOX_MAX_CHUNKS_ALLOCATED_PER_PUBLISHER_SIMULTANEOUSLY:8
[0.280s] -- [i] IOX_MAX_PUBLISHER_HISTORY:16
[0.281s] -- [i] IOX_MAX_CHUNKS_HELD_PER_SUBSCRIBER_SIMULTANEOUSLY:256
[0.281s] -- [i] <<<<<<<<<<<<<< End iceoryx_posh configuration: >>>>>>>>>>>>>>
[0.282s] -- Configuring done
[0.285s] -- Generating done
[0.287s] -- Build files have been written to: /root/ros2_ws/build/iceoryx_binding_c
