[1.021s] Invoking command in '/root/ros2_ws/build/ament_lint': PYTHONPATH=/root/ros2_ws/build/ament_lint/prefix_override:/usr/lib/python3/dist-packages/colcon_core/task/python/colcon_distutils_commands:/root/ros2_ws/install/ament_lint/lib/python3.10/site-packages:${PYTHONPATH} /usr/bin/python3 -W ignore:setup.py install is deprecated -W ignore:easy_install command is deprecated setup.py develop --editable --build-directory /root/ros2_ws/build/ament_lint/build --no-deps symlink_data
[1.235s] running develop
[1.435s] running egg_info
[1.435s] creating ament_lint.egg-info
[1.436s] writing ament_lint.egg-info/PKG-INFO
[1.440s] writing dependency_links to ament_lint.egg-info/dependency_links.txt
[1.440s] writing entry points to ament_lint.egg-info/entry_points.txt
[1.440s] writing requirements to ament_lint.egg-info/requires.txt
[1.440s] writing top-level names to ament_lint.egg-info/top_level.txt
[1.440s] writing manifest file 'ament_lint.egg-info/SOURCES.txt'
[1.446s] reading manifest file 'ament_lint.egg-info/SOURCES.txt'
[1.447s] writing manifest file 'ament_lint.egg-info/SOURCES.txt'
[1.451s] running build_ext
[1.453s] Creating /root/ros2_ws/install/ament_lint/lib/python3.10/site-packages/ament-lint.egg-link (link to .)
[1.456s] 
[1.456s] Installed /root/ros2_ws/build/ament_lint
[1.456s] running symlink_data
[1.456s] symbolically linking /root/ros2_ws/build/ament_lint/package.xml -> /root/ros2_ws/install/ament_lint/share/ament_lint
[1.456s] creating /root/ros2_ws/install/ament_lint/share/ament_index
[1.456s] creating /root/ros2_ws/install/ament_lint/share/ament_index/resource_index
[1.456s] creating /root/ros2_ws/install/ament_lint/share/ament_index/resource_index/packages
[1.457s] symbolically linking /root/ros2_ws/build/ament_lint/resource/ament_lint -> /root/ros2_ws/install/ament_lint/share/ament_index/resource_index/packages
[1.529s] Invoked command in '/root/ros2_ws/build/ament_lint' returned '0': PYTHONPATH=/root/ros2_ws/build/ament_lint/prefix_override:/usr/lib/python3/dist-packages/colcon_core/task/python/colcon_distutils_commands:/root/ros2_ws/install/ament_lint/lib/python3.10/site-packages:${PYTHONPATH} /usr/bin/python3 -W ignore:setup.py install is deprecated -W ignore:easy_install command is deprecated setup.py develop --editable --build-directory /root/ros2_ws/build/ament_lint/build --no-deps symlink_data
