[1.113s] Invoking command in '/root/ros2_ws/build/ament_cpplint': AMENT_PREFIX_PATH=/root/ros2_ws/install/ament_copyright:/root/ros2_ws/install/ament_pep257:/root/ros2_ws/install/ament_flake8:/root/ros2_ws/install/ament_lint:${AMENT_PREFIX_PATH} PATH=/root/ros2_ws/install/ament_copyright/bin:/root/ros2_ws/install/ament_pep257/bin:/root/ros2_ws/install/ament_flake8/bin:${PATH} PYTHONPATH=/root/ros2_ws/build/ament_cpplint/prefix_override:/usr/lib/python3/dist-packages/colcon_core/task/python/colcon_distutils_commands:/root/ros2_ws/install/ament_cpplint/lib/python3.10/site-packages:/root/ros2_ws/build/ament_copyright:/root/ros2_ws/install/ament_copyright/lib/python3.10/site-packages:/root/ros2_ws/build/ament_pep257:/root/ros2_ws/install/ament_pep257/lib/python3.10/site-packages:/root/ros2_ws/build/ament_flake8:/root/ros2_ws/install/ament_flake8/lib/python3.10/site-packages:/root/ros2_ws/build/ament_lint:/root/ros2_ws/install/ament_lint/lib/python3.10/site-packages:${PYTHONPATH} /usr/bin/python3 -W ignore:setup.py install is deprecated -W ignore:easy_install command is deprecated setup.py develop --editable --build-directory /root/ros2_ws/build/ament_cpplint/build --no-deps symlink_data
[1.797s] running develop
[1.977s] running egg_info
[1.978s] creating ament_cpplint.egg-info
[1.980s] writing ament_cpplint.egg-info/PKG-INFO
[1.980s] writing dependency_links to ament_cpplint.egg-info/dependency_links.txt
[1.980s] writing entry points to ament_cpplint.egg-info/entry_points.txt
[1.981s] writing requirements to ament_cpplint.egg-info/requires.txt
[1.981s] writing top-level names to ament_cpplint.egg-info/top_level.txt
[1.981s] writing manifest file 'ament_cpplint.egg-info/SOURCES.txt'
[1.983s] reading manifest file 'ament_cpplint.egg-info/SOURCES.txt'
[1.984s] writing manifest file 'ament_cpplint.egg-info/SOURCES.txt'
[1.988s] running build_ext
[1.988s] Creating /root/ros2_ws/install/ament_cpplint/lib/python3.10/site-packages/ament-cpplint.egg-link (link to .)
[1.988s] Installing ament_cpplint script to /root/ros2_ws/install/ament_cpplint/bin
[1.989s] 
[1.989s] Installed /root/ros2_ws/build/ament_cpplint
[1.990s] running symlink_data
[1.990s] symbolically linking /root/ros2_ws/build/ament_cpplint/package.xml -> /root/ros2_ws/install/ament_cpplint/share/ament_cpplint
[1.990s] creating /root/ros2_ws/install/ament_cpplint/share/ament_index
[1.991s] creating /root/ros2_ws/install/ament_cpplint/share/ament_index/resource_index
[1.991s] creating /root/ros2_ws/install/ament_cpplint/share/ament_index/resource_index/packages
[1.993s] symbolically linking /root/ros2_ws/build/ament_cpplint/resource/ament_cpplint -> /root/ros2_ws/install/ament_cpplint/share/ament_index/resource_index/packages
[2.047s] Invoked command in '/root/ros2_ws/build/ament_cpplint' returned '0': AMENT_PREFIX_PATH=/root/ros2_ws/install/ament_copyright:/root/ros2_ws/install/ament_pep257:/root/ros2_ws/install/ament_flake8:/root/ros2_ws/install/ament_lint:${AMENT_PREFIX_PATH} PATH=/root/ros2_ws/install/ament_copyright/bin:/root/ros2_ws/install/ament_pep257/bin:/root/ros2_ws/install/ament_flake8/bin:${PATH} PYTHONPATH=/root/ros2_ws/build/ament_cpplint/prefix_override:/usr/lib/python3/dist-packages/colcon_core/task/python/colcon_distutils_commands:/root/ros2_ws/install/ament_cpplint/lib/python3.10/site-packages:/root/ros2_ws/build/ament_copyright:/root/ros2_ws/install/ament_copyright/lib/python3.10/site-packages:/root/ros2_ws/build/ament_pep257:/root/ros2_ws/install/ament_pep257/lib/python3.10/site-packages:/root/ros2_ws/build/ament_flake8:/root/ros2_ws/install/ament_flake8/lib/python3.10/site-packages:/root/ros2_ws/build/ament_lint:/root/ros2_ws/install/ament_lint/lib/python3.10/site-packages:${PYTHONPATH} /usr/bin/python3 -W ignore:setup.py install is deprecated -W ignore:easy_install command is deprecated setup.py develop --editable --build-directory /root/ros2_ws/build/ament_cpplint/build --no-deps symlink_data
