[0.036s] Invoking command in '/root/ros2_ws/build/ament_cmake_python': AMENT_PREFIX_PATH=/root/ros2_ws/install/ament_cmake_core:/root/ros2_ws/install/ament_package:${AMENT_PREFIX_PATH} CMAKE_PREFIX_PATH=/root/ros2_ws/install/ament_cmake_core:/opt/ros/humble PYTHONPATH=/root/ros2_ws/build/ament_package:/root/ros2_ws/install/ament_package/lib/python3.10/site-packages:${PYTHONPATH} /usr/bin/cmake --build /root/ros2_ws/build/ament_cmake_python -- -j16 -l16
[0.064s] Invoked command in '/root/ros2_ws/build/ament_cmake_python' returned '0': AMENT_PREFIX_PATH=/root/ros2_ws/install/ament_cmake_core:/root/ros2_ws/install/ament_package:${AMENT_PREFIX_PATH} CMAKE_PREFIX_PATH=/root/ros2_ws/install/ament_cmake_core:/opt/ros/humble PYTHONPATH=/root/ros2_ws/build/ament_package:/root/ros2_ws/install/ament_package/lib/python3.10/site-packages:${PYTHONPATH} /usr/bin/cmake --build /root/ros2_ws/build/ament_cmake_python -- -j16 -l16
[0.065s] Invoking command in '/root/ros2_ws/build/ament_cmake_python': AMENT_PREFIX_PATH=/root/ros2_ws/install/ament_cmake_core:/root/ros2_ws/install/ament_package:${AMENT_PREFIX_PATH} CMAKE_PREFIX_PATH=/root/ros2_ws/install/ament_cmake_core:/opt/ros/humble PYTHONPATH=/root/ros2_ws/build/ament_package:/root/ros2_ws/install/ament_package/lib/python3.10/site-packages:${PYTHONPATH} /usr/bin/cmake --install /root/ros2_ws/build/ament_cmake_python
[0.079s] -- Install configuration: ""
[0.079s] -- Execute custom install script
[0.079s] -- Up-to-date symlink: /root/ros2_ws/install/ament_cmake_python/share/ament_index/resource_index/package_run_dependencies/ament_cmake_python
[0.079s] -- Up-to-date symlink: /root/ros2_ws/install/ament_cmake_python/share/ament_index/resource_index/parent_prefix_path/ament_cmake_python
[0.079s] -- Up-to-date symlink: /root/ros2_ws/install/ament_cmake_python/share/ament_cmake_python/environment/ament_prefix_path.sh
[0.079s] -- Up-to-date symlink: /root/ros2_ws/install/ament_cmake_python/share/ament_cmake_python/environment/ament_prefix_path.dsv
[0.079s] -- Up-to-date symlink: /root/ros2_ws/install/ament_cmake_python/share/ament_cmake_python/environment/path.sh
[0.082s] -- Up-to-date symlink: /root/ros2_ws/install/ament_cmake_python/share/ament_cmake_python/environment/path.dsv
[0.082s] -- Up-to-date symlink: /root/ros2_ws/install/ament_cmake_python/share/ament_cmake_python/local_setup.bash
[0.082s] -- Up-to-date symlink: /root/ros2_ws/install/ament_cmake_python/share/ament_cmake_python/local_setup.sh
[0.085s] -- Up-to-date symlink: /root/ros2_ws/install/ament_cmake_python/share/ament_cmake_python/local_setup.zsh
[0.085s] -- Up-to-date symlink: /root/ros2_ws/install/ament_cmake_python/share/ament_cmake_python/local_setup.dsv
[0.085s] -- Symlinking: /root/ros2_ws/install/ament_cmake_python/share/ament_cmake_python/package.dsv
[0.090s] -- Up-to-date symlink: /root/ros2_ws/install/ament_cmake_python/share/ament_index/resource_index/packages/ament_cmake_python
[0.090s] -- Up-to-date symlink: /root/ros2_ws/install/ament_cmake_python/share/ament_cmake_python/cmake/ament_cmake_python-extras.cmake
[0.090s] -- Up-to-date symlink: /root/ros2_ws/install/ament_cmake_python/share/ament_cmake_python/cmake/ament_cmake_pythonConfig.cmake
[0.090s] -- Up-to-date symlink: /root/ros2_ws/install/ament_cmake_python/share/ament_cmake_python/cmake/ament_cmake_pythonConfig-version.cmake
[0.090s] -- Up-to-date symlink: /root/ros2_ws/install/ament_cmake_python/share/ament_cmake_python/package.xml
[0.090s] -- Up-to-date symlink: /root/ros2_ws/install/ament_cmake_python/share/ament_cmake_python/cmake/ament_get_python_install_dir.cmake
[0.090s] -- Up-to-date symlink: /root/ros2_ws/install/ament_cmake_python/share/ament_cmake_python/cmake/ament_python_install_module.cmake
[0.090s] -- Up-to-date symlink: /root/ros2_ws/install/ament_cmake_python/share/ament_cmake_python/cmake/ament_python_install_package.cmake
[0.109s] Invoked command in '/root/ros2_ws/build/ament_cmake_python' returned '0': AMENT_PREFIX_PATH=/root/ros2_ws/install/ament_cmake_core:/root/ros2_ws/install/ament_package:${AMENT_PREFIX_PATH} CMAKE_PREFIX_PATH=/root/ros2_ws/install/ament_cmake_core:/opt/ros/humble PYTHONPATH=/root/ros2_ws/build/ament_package:/root/ros2_ws/install/ament_package/lib/python3.10/site-packages:${PYTHONPATH} /usr/bin/cmake --install /root/ros2_ws/build/ament_cmake_python
