[1.188s] Invoking command in '/root/ros2_ws/build/launch_yaml': AMENT_PREFIX_PATH=/root/ros2_ws/install/launch:/root/ros2_ws/install/ament_index_python:/root/ros2_ws/install/ament_copyright:/root/ros2_ws/install/ament_pep257:/root/ros2_ws/install/ament_flake8:/root/ros2_ws/install/osrf_pycommon:/root/ros2_ws/install/ament_lint:${AMENT_PREFIX_PATH} PATH=/root/ros2_ws/install/ament_index_python/bin:/root/ros2_ws/install/ament_copyright/bin:/root/ros2_ws/install/ament_pep257/bin:/root/ros2_ws/install/ament_flake8/bin:${PATH} PYTHONPATH=/root/ros2_ws/build/launch_yaml/prefix_override:/usr/lib/python3/dist-packages/colcon_core/task/python/colcon_distutils_commands:/root/ros2_ws/install/launch_yaml/lib/python3.10/site-packages:/root/ros2_ws/build/launch:/root/ros2_ws/install/launch/lib/python3.10/site-packages:/root/ros2_ws/build/ament_index_python:/root/ros2_ws/install/ament_index_python/lib/python3.10/site-packages:/root/ros2_ws/build/ament_copyright:/root/ros2_ws/install/ament_copyright/lib/python3.10/site-packages:/root/ros2_ws/build/ament_pep257:/root/ros2_ws/install/ament_pep257/lib/python3.10/site-packages:/root/ros2_ws/build/ament_flake8:/root/ros2_ws/install/ament_flake8/lib/python3.10/site-packages:/root/ros2_ws/build/osrf_pycommon:/root/ros2_ws/install/osrf_pycommon/lib/python3.10/site-packages:/root/ros2_ws/build/ament_lint:/root/ros2_ws/install/ament_lint/lib/python3.10/site-packages:${PYTHONPATH} /usr/bin/python3 -W ignore:setup.py install is deprecated -W ignore:easy_install command is deprecated setup.py develop --editable --build-directory /root/ros2_ws/build/launch_yaml/build --no-deps symlink_data
[1.474s] running develop
[1.566s] running egg_info
[1.566s] creating launch_yaml.egg-info
[1.566s] writing launch_yaml.egg-info/PKG-INFO
[1.566s] writing dependency_links to launch_yaml.egg-info/dependency_links.txt
[1.566s] writing entry points to launch_yaml.egg-info/entry_points.txt
[1.567s] writing requirements to launch_yaml.egg-info/requires.txt
[1.567s] writing top-level names to launch_yaml.egg-info/top_level.txt
[1.567s] writing manifest file 'launch_yaml.egg-info/SOURCES.txt'
[1.568s] reading manifest file 'launch_yaml.egg-info/SOURCES.txt'
[1.569s] writing manifest file 'launch_yaml.egg-info/SOURCES.txt'
[1.570s] running build_ext
[1.571s] Creating /root/ros2_ws/install/launch_yaml/lib/python3.10/site-packages/launch-yaml.egg-link (link to .)
[1.572s] 
[1.572s] Installed /root/ros2_ws/build/launch_yaml
[1.572s] running symlink_data
[1.573s] symbolically linking /root/ros2_ws/build/launch_yaml/package.xml -> /root/ros2_ws/install/launch_yaml/share/launch_yaml
[1.573s] creating /root/ros2_ws/install/launch_yaml/share/ament_index
[1.573s] creating /root/ros2_ws/install/launch_yaml/share/ament_index/resource_index
[1.573s] creating /root/ros2_ws/install/launch_yaml/share/ament_index/resource_index/packages
[1.573s] symbolically linking /root/ros2_ws/build/launch_yaml/resource/launch_yaml -> /root/ros2_ws/install/launch_yaml/share/ament_index/resource_index/packages
[1.619s] Invoked command in '/root/ros2_ws/build/launch_yaml' returned '0': AMENT_PREFIX_PATH=/root/ros2_ws/install/launch:/root/ros2_ws/install/ament_index_python:/root/ros2_ws/install/ament_copyright:/root/ros2_ws/install/ament_pep257:/root/ros2_ws/install/ament_flake8:/root/ros2_ws/install/osrf_pycommon:/root/ros2_ws/install/ament_lint:${AMENT_PREFIX_PATH} PATH=/root/ros2_ws/install/ament_index_python/bin:/root/ros2_ws/install/ament_copyright/bin:/root/ros2_ws/install/ament_pep257/bin:/root/ros2_ws/install/ament_flake8/bin:${PATH} PYTHONPATH=/root/ros2_ws/build/launch_yaml/prefix_override:/usr/lib/python3/dist-packages/colcon_core/task/python/colcon_distutils_commands:/root/ros2_ws/install/launch_yaml/lib/python3.10/site-packages:/root/ros2_ws/build/launch:/root/ros2_ws/install/launch/lib/python3.10/site-packages:/root/ros2_ws/build/ament_index_python:/root/ros2_ws/install/ament_index_python/lib/python3.10/site-packages:/root/ros2_ws/build/ament_copyright:/root/ros2_ws/install/ament_copyright/lib/python3.10/site-packages:/root/ros2_ws/build/ament_pep257:/root/ros2_ws/install/ament_pep257/lib/python3.10/site-packages:/root/ros2_ws/build/ament_flake8:/root/ros2_ws/install/ament_flake8/lib/python3.10/site-packages:/root/ros2_ws/build/osrf_pycommon:/root/ros2_ws/install/osrf_pycommon/lib/python3.10/site-packages:/root/ros2_ws/build/ament_lint:/root/ros2_ws/install/ament_lint/lib/python3.10/site-packages:${PYTHONPATH} /usr/bin/python3 -W ignore:setup.py install is deprecated -W ignore:easy_install command is deprecated setup.py develop --editable --build-directory /root/ros2_ws/build/launch_yaml/build --no-deps symlink_data
