[2.130s] Invoking command in '/root/ros2_ws/build/rpyutils': AMENT_PREFIX_PATH=/root/ros2_ws/install/ament_xmllint:/root/ros2_ws/install/ament_copyright:/root/ros2_ws/install/ament_pep257:/root/ros2_ws/install/ament_flake8:/root/ros2_ws/install/ament_lint:${AMENT_PREFIX_PATH} PATH=/root/ros2_ws/install/ament_xmllint/bin:/root/ros2_ws/install/ament_copyright/bin:/root/ros2_ws/install/ament_pep257/bin:/root/ros2_ws/install/ament_flake8/bin:${PATH} PYTHONPATH=/root/ros2_ws/build/rpyutils/prefix_override:/usr/lib/python3/dist-packages/colcon_core/task/python/colcon_distutils_commands:/root/ros2_ws/install/rpyutils/lib/python3.10/site-packages:/root/ros2_ws/build/ament_xmllint:/root/ros2_ws/install/ament_xmllint/lib/python3.10/site-packages:/root/ros2_ws/build/ament_copyright:/root/ros2_ws/install/ament_copyright/lib/python3.10/site-packages:/root/ros2_ws/build/ament_pep257:/root/ros2_ws/install/ament_pep257/lib/python3.10/site-packages:/root/ros2_ws/build/ament_flake8:/root/ros2_ws/install/ament_flake8/lib/python3.10/site-packages:/root/ros2_ws/build/ament_lint:/root/ros2_ws/install/ament_lint/lib/python3.10/site-packages:${PYTHONPATH} /usr/bin/python3 -W ignore:setup.py install is deprecated -W ignore:easy_install command is deprecated setup.py develop --editable --build-directory /root/ros2_ws/build/rpyutils/build --no-deps symlink_data
[2.511s] running develop
[2.736s] running egg_info
[2.736s] creating rpyutils.egg-info
[2.739s] writing rpyutils.egg-info/PKG-INFO
[2.739s] writing dependency_links to rpyutils.egg-info/dependency_links.txt
[2.739s] writing requirements to rpyutils.egg-info/requires.txt
[2.739s] writing top-level names to rpyutils.egg-info/top_level.txt
[2.739s] writing manifest file 'rpyutils.egg-info/SOURCES.txt'
[2.739s] reading manifest file 'rpyutils.egg-info/SOURCES.txt'
[2.739s] writing manifest file 'rpyutils.egg-info/SOURCES.txt'
[2.739s] running build_ext
[2.739s] Creating /root/ros2_ws/install/rpyutils/lib/python3.10/site-packages/rpyutils.egg-link (link to .)
[2.740s] 
[2.740s] Installed /root/ros2_ws/build/rpyutils
[2.740s] running symlink_data
[2.740s] symbolically linking /root/ros2_ws/build/rpyutils/package.xml -> /root/ros2_ws/install/rpyutils/share/rpyutils
[2.740s] creating /root/ros2_ws/install/rpyutils/share/ament_index
[2.740s] creating /root/ros2_ws/install/rpyutils/share/ament_index/resource_index
[2.740s] creating /root/ros2_ws/install/rpyutils/share/ament_index/resource_index/packages
[2.740s] symbolically linking /root/ros2_ws/build/rpyutils/resource/rpyutils -> /root/ros2_ws/install/rpyutils/share/ament_index/resource_index/packages
[3.588s] Invoked command in '/root/ros2_ws/build/rpyutils' returned '0': AMENT_PREFIX_PATH=/root/ros2_ws/install/ament_xmllint:/root/ros2_ws/install/ament_copyright:/root/ros2_ws/install/ament_pep257:/root/ros2_ws/install/ament_flake8:/root/ros2_ws/install/ament_lint:${AMENT_PREFIX_PATH} PATH=/root/ros2_ws/install/ament_xmllint/bin:/root/ros2_ws/install/ament_copyright/bin:/root/ros2_ws/install/ament_pep257/bin:/root/ros2_ws/install/ament_flake8/bin:${PATH} PYTHONPATH=/root/ros2_ws/build/rpyutils/prefix_override:/usr/lib/python3/dist-packages/colcon_core/task/python/colcon_distutils_commands:/root/ros2_ws/install/rpyutils/lib/python3.10/site-packages:/root/ros2_ws/build/ament_xmllint:/root/ros2_ws/install/ament_xmllint/lib/python3.10/site-packages:/root/ros2_ws/build/ament_copyright:/root/ros2_ws/install/ament_copyright/lib/python3.10/site-packages:/root/ros2_ws/build/ament_pep257:/root/ros2_ws/install/ament_pep257/lib/python3.10/site-packages:/root/ros2_ws/build/ament_flake8:/root/ros2_ws/install/ament_flake8/lib/python3.10/site-packages:/root/ros2_ws/build/ament_lint:/root/ros2_ws/install/ament_lint/lib/python3.10/site-packages:${PYTHONPATH} /usr/bin/python3 -W ignore:setup.py install is deprecated -W ignore:easy_install command is deprecated setup.py develop --editable --build-directory /root/ros2_ws/build/rpyutils/build --no-deps symlink_data
