-- The C compiler identification is GNU 11.4.0
-- The CXX compiler identification is GNU 11.4.0
-- Detecting C compiler ABI info
-- Detecting C compiler ABI info - done
-- Check for working C compiler: /usr/bin/cc - skipped
-- Detecting C compile features
-- Detecting C compile features - done
-- Detecting CXX compiler ABI info
-- Detecting CXX compiler ABI info - done
-- Check for working CXX compiler: /usr/bin/c++ - skipped
-- Detecting CXX compile features
-- Detecting CXX compile features - done
-- Found ament_cmake: 1.3.14 (/root/ros2_ws/install/ament_cmake/share/ament_cmake/cmake)
-- Found Python3: /usr/bin/python3 (found version "3.10.12") found components: Interpreter 
-- Override CMake install command with custom implementation using symlinks instead of copying resources
-- Found ament_lint_auto: 0.12.15 (/root/ros2_ws/install/ament_lint_auto/share/ament_lint_auto/cmake)
-- Found rosidl_runtime_c: 3.1.8 (/root/ros2_ws/install/rosidl_runtime_c/share/rosidl_runtime_c/cmake)
-- Found rosidl_runtime_cpp: 3.1.8 (/root/ros2_ws/install/rosidl_runtime_cpp/share/rosidl_runtime_cpp/cmake)
-- Found test_interface_files: 0.9.1 (/root/ros2_ws/install/test_interface_files/share/test_interface_files/cmake)
-- Found rosidl_adapter: 3.1.8 (/root/ros2_ws/install/rosidl_adapter/share/rosidl_adapter/cmake)
-- Found gtest sources under '/root/ros2_ws/install/gtest_vendor/src/gtest_vendor': C++ tests using 'Google Test' will be built
-- Looking for pthread.h
-- Looking for pthread.h - found
-- Performing Test CMAKE_HAVE_LIBC_PTHREAD
-- Performing Test CMAKE_HAVE_LIBC_PTHREAD - Success
-- Found Threads: TRUE  
-- Added test 'copyright' to check source files copyright and LICENSE
-- Added test 'cppcheck' to perform static code analysis on C / C++ code
-- Configured cppcheck include dirs: 
-- Configured cppcheck exclude dirs and/or files: 
-- Added test 'cpplint' to check C / C++ code against the Google style
-- Configured cpplint exclude dirs and/or files: 
-- Added test 'flake8' to check Python code syntax and style conventions
-- Added test 'lint_cmake' to check CMake code style
-- Added test 'pep257' to check Python code against some of the docstring style conventions in PEP 257
-- Added test 'uncrustify' to check C / C++ code style
-- Configured uncrustify additional arguments: 
-- Added test 'xmllint' to check XML markup files
-- Configuring done
-- Generating done
-- Build files have been written to: /root/ros2_ws/build/rosidl_generator_cpp
[  5%] Building CXX object gtest/CMakeFiles/gtest.dir/src/gtest-all.cc.o
[  5%] Built target ament_cmake_python_symlink_rosidl_generator_cpp
[ 10%] Building CXX object gtest/CMakeFiles/gtest_main.dir/src/gtest_main.cc.o
[ 15%] Generating C++ code for ROS interfaces
[ 15%] Built target ament_cmake_python_symlink_rosidl_generator_cpp_setup
running egg_info
creating rosidl_generator_cpp.egg-info
writing rosidl_generator_cpp.egg-info/PKG-INFO
writing dependency_links to rosidl_generator_cpp.egg-info/dependency_links.txt
writing entry points to rosidl_generator_cpp.egg-info/entry_points.txt
writing top-level names to rosidl_generator_cpp.egg-info/top_level.txt
writing manifest file 'rosidl_generator_cpp.egg-info/SOURCES.txt'
reading manifest file 'rosidl_generator_cpp.egg-info/SOURCES.txt'
writing manifest file 'rosidl_generator_cpp.egg-info/SOURCES.txt'
[ 15%] Built target ament_cmake_python_build_rosidl_generator_cpp_egg
[ 21%] Linking CXX static library libgtest_main.a
[ 21%] Built target gtest_main
[ 21%] Built target rosidl_generator_cpp__cpp
[ 21%] Built target rosidl_generator_cpp
[ 26%] Linking CXX static library libgtest.a
[ 26%] Built target gtest
[ 36%] Building CXX object CMakeFiles/test_name.dir/test/test_name.cpp.o
[ 36%] Building CXX object CMakeFiles/test_srv_initialization.dir/test/test_srv_initialization.cpp.o
[ 42%] Building CXX object CMakeFiles/test_msg_builder.dir/test/test_msg_builder.cpp.o
[ 52%] Building CXX object CMakeFiles/test_interfaces_cpp.dir/test/test_interfaces.cpp.o
[ 52%] Building CXX object CMakeFiles/test_msg_datatype.dir/test/test_msg_datatype.cpp.o
[ 57%] Building CXX object CMakeFiles/test_msg_initialization.dir/test/test_msg_initialization.cpp.o
[ 63%] Building CXX object CMakeFiles/test_traits.dir/test/test_traits.cpp.o
[ 68%] Linking CXX executable test_name
[ 68%] Built target test_name
[ 73%] Linking CXX executable test_msg_datatype
[ 78%] Linking CXX executable test_srv_initialization
[ 78%] Built target test_msg_datatype
[ 78%] Built target test_srv_initialization
[ 84%] Linking CXX executable test_msg_initialization
[ 89%] Linking CXX executable test_traits
[ 89%] Built target test_msg_initialization
[ 94%] Linking CXX executable test_msg_builder
[ 94%] Built target test_traits
[ 94%] Built target test_msg_builder
[100%] Linking CXX executable test_interfaces_cpp
[100%] Built target test_interfaces_cpp
