Consolidate compiler generated dependencies of target idlpp
Consolidate compiler generated dependencies of target idl
[  0%] Built target _confgen
[  4%] Built target idlpp
Consolidate compiler generated dependencies of target ddsrt-internal
[ 12%] Built target idl
[ 27%] Built target ddsrt-internal
Consolidate compiler generated dependencies of target ddsc
[ 87%] Built target ddsc
Consolidate compiler generated dependencies of target dds_security_auth
Consolidate compiler generated dependencies of target idlc
Consolidate compiler generated dependencies of target dds_security_crypto
Consolidate compiler generated dependencies of target dds_security_ac
[ 90%] Built target idlc
[ 91%] Built target dds_security_auth
[ 95%] Built target dds_security_crypto
[ 97%] Built target dds_security_ac
[ 97%] Built target ddsperf_types_generate
Consolidate compiler generated dependencies of target ddsperf
[100%] Built target ddsperf
-- Install configuration: "RelWithDebInfo"
-- Installing: /root/ros2_ws/install/cyclonedds/lib/cmake/CycloneDDS/CycloneDDSConfig.cmake
-- Installing: /root/ros2_ws/install/cyclonedds/lib/cmake/CycloneDDS/CycloneDDSConfigVersion.cmake
-- Installing: /root/ros2_ws/install/cyclonedds/lib/cmake/CycloneDDS/CycloneDDSTargets.cmake
-- Installing: /root/ros2_ws/install/cyclonedds/lib/cmake/CycloneDDS/CycloneDDSTargets-relwithdebinfo.cmake
-- Installing: /root/ros2_ws/install/cyclonedds/lib/pkgconfig/CycloneDDS.pc
-- Installing: /root/ros2_ws/install/cyclonedds/include/idlc
-- Installing: /root/ros2_ws/install/cyclonedds/include/idlc/generator.h
-- Installing: /root/ros2_ws/install/cyclonedds/include/idlc/options.h
-- Installing: /root/ros2_ws/install/cyclonedds/bin/idlc
-- Set runtime path of "/root/ros2_ws/install/cyclonedds/bin/idlc" to "$ORIGIN/../lib"
-- Installing: /root/ros2_ws/install/cyclonedds/lib/cmake/CycloneDDS/idlc/Generate.cmake
-- Installing: /root/ros2_ws/install/cyclonedds/bin/ddsperf
-- Set runtime path of "/root/ros2_ws/install/cyclonedds/bin/ddsperf" to "$ORIGIN/../lib"
-- Up-to-date: /root/ros2_ws/install/cyclonedds/include
-- Installing: /root/ros2_ws/install/cyclonedds/include/dds
-- Installing: /root/ros2_ws/install/cyclonedds/include/dds/ddsrt
-- Installing: /root/ros2_ws/install/cyclonedds/include/dds/ddsrt/align.h
-- Installing: /root/ros2_ws/install/cyclonedds/include/dds/ddsrt/arch.h
-- Installing: /root/ros2_ws/install/cyclonedds/include/dds/ddsrt/atomics.h
-- Installing: /root/ros2_ws/install/cyclonedds/include/dds/ddsrt/atomics
-- Installing: /root/ros2_ws/install/cyclonedds/include/dds/ddsrt/atomics/arm.h
-- Installing: /root/ros2_ws/install/cyclonedds/include/dds/ddsrt/atomics/gcc.h
-- Installing: /root/ros2_ws/install/cyclonedds/include/dds/ddsrt/atomics/msvc.h
-- Installing: /root/ros2_ws/install/cyclonedds/include/dds/ddsrt/atomics/sun.h
-- Installing: /root/ros2_ws/install/cyclonedds/include/dds/ddsrt/attributes.h
-- Installing: /root/ros2_ws/install/cyclonedds/include/dds/ddsrt/avl.h
-- Installing: /root/ros2_ws/install/cyclonedds/include/dds/ddsrt/bswap.h
-- Installing: /root/ros2_ws/install/cyclonedds/include/dds/ddsrt/cdtors.h
-- Installing: /root/ros2_ws/install/cyclonedds/include/dds/ddsrt/circlist.h
-- Installing: /root/ros2_ws/install/cyclonedds/include/dds/ddsrt/countargs.h
-- Installing: /root/ros2_ws/install/cyclonedds/include/dds/ddsrt/dynlib.h
-- Installing: /root/ros2_ws/install/cyclonedds/include/dds/ddsrt/endian.h
-- Installing: /root/ros2_ws/install/cyclonedds/include/dds/ddsrt/environ.h
-- Installing: /root/ros2_ws/install/cyclonedds/include/dds/ddsrt/expand_vars.h
-- Installing: /root/ros2_ws/install/cyclonedds/include/dds/ddsrt/fibheap.h
-- Installing: /root/ros2_ws/install/cyclonedds/include/dds/ddsrt/filesystem.h
-- Installing: /root/ros2_ws/install/cyclonedds/include/dds/ddsrt/filesystem
-- Installing: /root/ros2_ws/install/cyclonedds/include/dds/ddsrt/filesystem/posix.h
-- Installing: /root/ros2_ws/install/cyclonedds/include/dds/ddsrt/filesystem/windows.h
-- Installing: /root/ros2_ws/install/cyclonedds/include/dds/ddsrt/heap.h
-- Installing: /root/ros2_ws/install/cyclonedds/include/dds/ddsrt/hopscotch.h
-- Installing: /root/ros2_ws/install/cyclonedds/include/dds/ddsrt/ifaddrs.h
-- Installing: /root/ros2_ws/install/cyclonedds/include/dds/ddsrt/io.h
-- Installing: /root/ros2_ws/install/cyclonedds/include/dds/ddsrt/iovec.h
-- Installing: /root/ros2_ws/install/cyclonedds/include/dds/ddsrt/log.h
-- Installing: /root/ros2_ws/install/cyclonedds/include/dds/ddsrt/md5.h
-- Installing: /root/ros2_ws/install/cyclonedds/include/dds/ddsrt/mh3.h
-- Installing: /root/ros2_ws/install/cyclonedds/include/dds/ddsrt/misc.h
-- Installing: /root/ros2_ws/install/cyclonedds/include/dds/ddsrt/netstat.h
-- Installing: /root/ros2_ws/install/cyclonedds/include/dds/ddsrt/process.h
-- Installing: /root/ros2_ws/install/cyclonedds/include/dds/ddsrt/random.h
-- Installing: /root/ros2_ws/install/cyclonedds/include/dds/ddsrt/retcode.h
-- Installing: /root/ros2_ws/install/cyclonedds/include/dds/ddsrt/rusage.h
-- Installing: /root/ros2_ws/install/cyclonedds/include/dds/ddsrt/sched.h
-- Installing: /root/ros2_ws/install/cyclonedds/include/dds/ddsrt/sockets.h
-- Installing: /root/ros2_ws/install/cyclonedds/include/dds/ddsrt/sockets
-- Installing: /root/ros2_ws/install/cyclonedds/include/dds/ddsrt/sockets/posix.h
-- Installing: /root/ros2_ws/install/cyclonedds/include/dds/ddsrt/sockets/windows.h
-- Installing: /root/ros2_ws/install/cyclonedds/include/dds/ddsrt/static_assert.h
-- Installing: /root/ros2_ws/install/cyclonedds/include/dds/ddsrt/string.h
-- Installing: /root/ros2_ws/install/cyclonedds/include/dds/ddsrt/strtod.h
-- Installing: /root/ros2_ws/install/cyclonedds/include/dds/ddsrt/strtol.h
-- Installing: /root/ros2_ws/install/cyclonedds/include/dds/ddsrt/sync.h
-- Installing: /root/ros2_ws/install/cyclonedds/include/dds/ddsrt/sync
-- Installing: /root/ros2_ws/install/cyclonedds/include/dds/ddsrt/sync/freertos.h
-- Installing: /root/ros2_ws/install/cyclonedds/include/dds/ddsrt/sync/posix.h
-- Installing: /root/ros2_ws/install/cyclonedds/include/dds/ddsrt/sync/windows.h
-- Installing: /root/ros2_ws/install/cyclonedds/include/dds/ddsrt/threads.h
-- Installing: /root/ros2_ws/install/cyclonedds/include/dds/ddsrt/threads
-- Installing: /root/ros2_ws/install/cyclonedds/include/dds/ddsrt/threads/freertos.h
-- Installing: /root/ros2_ws/install/cyclonedds/include/dds/ddsrt/threads/posix.h
-- Installing: /root/ros2_ws/install/cyclonedds/include/dds/ddsrt/threads/windows.h
-- Installing: /root/ros2_ws/install/cyclonedds/include/dds/ddsrt/time.h
-- Installing: /root/ros2_ws/install/cyclonedds/include/dds/ddsrt/time
-- Installing: /root/ros2_ws/install/cyclonedds/include/dds/ddsrt/time/freertos.h
-- Installing: /root/ros2_ws/install/cyclonedds/include/dds/ddsrt/types.h
-- Installing: /root/ros2_ws/install/cyclonedds/include/dds/ddsrt/types
-- Installing: /root/ros2_ws/install/cyclonedds/include/dds/ddsrt/types/posix.h
-- Installing: /root/ros2_ws/install/cyclonedds/include/dds/ddsrt/types/vxworks.h
-- Installing: /root/ros2_ws/install/cyclonedds/include/dds/ddsrt/types/windows.h
-- Installing: /root/ros2_ws/install/cyclonedds/include/dds/ddsrt/xmlparser.h
-- Up-to-date: /root/ros2_ws/install/cyclonedds/include
-- Up-to-date: /root/ros2_ws/install/cyclonedds/include/dds
-- Installing: /root/ros2_ws/install/cyclonedds/include/dds/config.h
-- Installing: /root/ros2_ws/install/cyclonedds/include/dds/features.h
-- Installing: /root/ros2_ws/install/cyclonedds/include/dds/version.h
-- Installing: /root/ros2_ws/install/cyclonedds/include/idl
-- Installing: /root/ros2_ws/install/cyclonedds/include/idl/expression.h
-- Installing: /root/ros2_ws/install/cyclonedds/include/idl/file.h
-- Installing: /root/ros2_ws/install/cyclonedds/include/idl/print.h
-- Installing: /root/ros2_ws/install/cyclonedds/include/idl/processor.h
-- Installing: /root/ros2_ws/install/cyclonedds/include/idl/retcode.h
-- Installing: /root/ros2_ws/install/cyclonedds/include/idl/scope.h
-- Installing: /root/ros2_ws/install/cyclonedds/include/idl/stream.h
-- Installing: /root/ros2_ws/install/cyclonedds/include/idl/string.h
-- Installing: /root/ros2_ws/install/cyclonedds/include/idl/symbol.h
-- Installing: /root/ros2_ws/install/cyclonedds/include/idl/tree.h
-- Installing: /root/ros2_ws/install/cyclonedds/include/idl/visit.h
-- Up-to-date: /root/ros2_ws/install/cyclonedds/include/idl
-- Installing: /root/ros2_ws/install/cyclonedds/include/idl/version.h
-- Installing: /root/ros2_ws/install/cyclonedds/include/idl/export.h
-- Installing: /root/ros2_ws/install/cyclonedds/include/idl/endian.h
-- Installing: /root/ros2_ws/install/cyclonedds/include/idl/attributes.h
-- Installing: /root/ros2_ws/install/cyclonedds/include/idl/md5.h
-- Installing: /root/ros2_ws/install/cyclonedds/include/idl/misc.h
-- Installing: /root/ros2_ws/install/cyclonedds/lib/libcycloneddsidl.so.0.10.5
-- Installing: /root/ros2_ws/install/cyclonedds/lib/libcycloneddsidl.so.0
-- Set runtime path of "/root/ros2_ws/install/cyclonedds/lib/libcycloneddsidl.so.0.10.5" to "$ORIGIN/../lib"
-- Installing: /root/ros2_ws/install/cyclonedds/lib/libcycloneddsidl.so
-- Up-to-date: /root/ros2_ws/install/cyclonedds/include
-- Up-to-date: /root/ros2_ws/install/cyclonedds/include/dds
-- Installing: /root/ros2_ws/install/cyclonedds/include/dds/security
-- Installing: /root/ros2_ws/install/cyclonedds/include/dds/security/dds_security_api.h
-- Installing: /root/ros2_ws/install/cyclonedds/include/dds/security/dds_security_api_access_control.h
-- Installing: /root/ros2_ws/install/cyclonedds/include/dds/security/dds_security_api_authentication.h
-- Installing: /root/ros2_ws/install/cyclonedds/include/dds/security/dds_security_api_cryptography.h
-- Installing: /root/ros2_ws/install/cyclonedds/include/dds/security/dds_security_api_defs.h
-- Installing: /root/ros2_ws/install/cyclonedds/include/dds/security/dds_security_api_err.h
-- Installing: /root/ros2_ws/install/cyclonedds/include/dds/security/dds_security_api_types.h
-- Installing: /root/ros2_ws/install/cyclonedds/include/dds/security/core/
-- Installing: /root/ros2_ws/install/cyclonedds/include/dds/security/core//dds_security_fsm.h
-- Installing: /root/ros2_ws/install/cyclonedds/include/dds/security/core//dds_security_plugins.h
-- Installing: /root/ros2_ws/install/cyclonedds/include/dds/security/core//dds_security_serialize.h
-- Installing: /root/ros2_ws/install/cyclonedds/include/dds/security/core//dds_security_timed_cb.h
-- Installing: /root/ros2_ws/install/cyclonedds/include/dds/security/core//dds_security_types.h
-- Installing: /root/ros2_ws/install/cyclonedds/include/dds/security/core//dds_security_utils.h
-- Installing: /root/ros2_ws/install/cyclonedds/include/dds/security/core//shared_secret.h
-- Installing: /root/ros2_ws/install/cyclonedds/lib/libdds_security_ac.so
-- Set runtime path of "/root/ros2_ws/install/cyclonedds/lib/libdds_security_ac.so" to "$ORIGIN/../lib"
-- Installing: /root/ros2_ws/install/cyclonedds/lib/libdds_security_auth.so
-- Set runtime path of "/root/ros2_ws/install/cyclonedds/lib/libdds_security_auth.so" to "$ORIGIN/../lib"
-- Installing: /root/ros2_ws/install/cyclonedds/lib/libdds_security_crypto.so
-- Set runtime path of "/root/ros2_ws/install/cyclonedds/lib/libdds_security_crypto.so" to "$ORIGIN/../lib"
-- Up-to-date: /root/ros2_ws/install/cyclonedds/include
-- Up-to-date: /root/ros2_ws/install/cyclonedds/include/dds
-- Installing: /root/ros2_ws/install/cyclonedds/include/dds/ddsi
-- Installing: /root/ros2_ws/install/cyclonedds/include/dds/ddsi/ddsi_acknack.h
-- Installing: /root/ros2_ws/install/cyclonedds/include/dds/ddsi/ddsi_builtin_topic_if.h
-- Installing: /root/ros2_ws/install/cyclonedds/include/dds/ddsi/ddsi_cdrstream.h
-- Installing: /root/ros2_ws/install/cyclonedds/include/dds/ddsi/ddsi_cfgelems.h
-- Installing: /root/ros2_ws/install/cyclonedds/include/dds/ddsi/ddsi_cfgunits.h
-- Installing: /root/ros2_ws/install/cyclonedds/include/dds/ddsi/ddsi_config.h
-- Installing: /root/ros2_ws/install/cyclonedds/include/dds/ddsi/ddsi_config_impl.h
-- Installing: /root/ros2_ws/install/cyclonedds/include/dds/ddsi/ddsi_deadline.h
-- Installing: /root/ros2_ws/install/cyclonedds/include/dds/ddsi/ddsi_deliver_locally.h
-- Installing: /root/ros2_ws/install/cyclonedds/include/dds/ddsi/ddsi_domaingv.h
-- Installing: /root/ros2_ws/install/cyclonedds/include/dds/ddsi/ddsi_endpoint.h
-- Installing: /root/ros2_ws/install/cyclonedds/include/dds/ddsi/ddsi_entity.h
-- Installing: /root/ros2_ws/install/cyclonedds/include/dds/ddsi/ddsi_entity_index.h
-- Installing: /root/ros2_ws/install/cyclonedds/include/dds/ddsi/ddsi_entity_match.h
-- Installing: /root/ros2_ws/install/cyclonedds/include/dds/ddsi/ddsi_guid.h
-- Installing: /root/ros2_ws/install/cyclonedds/include/dds/ddsi/ddsi_handshake.h
-- Installing: /root/ros2_ws/install/cyclonedds/include/dds/ddsi/ddsi_iid.h
-- Installing: /root/ros2_ws/install/cyclonedds/include/dds/ddsi/ddsi_ipaddr.h
-- Installing: /root/ros2_ws/install/cyclonedds/include/dds/ddsi/ddsi_keyhash.h
-- Installing: /root/ros2_ws/install/cyclonedds/include/dds/ddsi/ddsi_lifespan.h
-- Installing: /root/ros2_ws/install/cyclonedds/include/dds/ddsi/ddsi_list_genptr.h
-- Installing: /root/ros2_ws/install/cyclonedds/include/dds/ddsi/ddsi_list_tmpl.h
-- Installing: /root/ros2_ws/install/cyclonedds/include/dds/ddsi/ddsi_locator.h
-- Installing: /root/ros2_ws/install/cyclonedds/include/dds/ddsi/ddsi_mcgroup.h
-- Installing: /root/ros2_ws/install/cyclonedds/include/dds/ddsi/ddsi_ownip.h
-- Installing: /root/ros2_ws/install/cyclonedds/include/dds/ddsi/ddsi_participant.h
-- Installing: /root/ros2_ws/install/cyclonedds/include/dds/ddsi/ddsi_plist.h
-- Installing: /root/ros2_ws/install/cyclonedds/include/dds/ddsi/ddsi_plist_generic.h
-- Installing: /root/ros2_ws/install/cyclonedds/include/dds/ddsi/ddsi_pmd.h
-- Installing: /root/ros2_ws/install/cyclonedds/include/dds/ddsi/ddsi_portmapping.h
-- Installing: /root/ros2_ws/install/cyclonedds/include/dds/ddsi/ddsi_proxy_endpoint.h
-- Installing: /root/ros2_ws/install/cyclonedds/include/dds/ddsi/ddsi_proxy_participant.h
-- Installing: /root/ros2_ws/install/cyclonedds/include/dds/ddsi/ddsi_raweth.h
-- Installing: /root/ros2_ws/install/cyclonedds/include/dds/ddsi/ddsi_rhc.h
-- Installing: /root/ros2_ws/install/cyclonedds/include/dds/ddsi/ddsi_security_exchange.h
-- Installing: /root/ros2_ws/install/cyclonedds/include/dds/ddsi/ddsi_security_msg.h
-- Installing: /root/ros2_ws/install/cyclonedds/include/dds/ddsi/ddsi_security_omg.h
-- Installing: /root/ros2_ws/install/cyclonedds/include/dds/ddsi/ddsi_security_util.h
-- Installing: /root/ros2_ws/install/cyclonedds/include/dds/ddsi/ddsi_serdata.h
-- Installing: /root/ros2_ws/install/cyclonedds/include/dds/ddsi/ddsi_serdata_default.h
-- Installing: /root/ros2_ws/install/cyclonedds/include/dds/ddsi/ddsi_serdata_plist.h
-- Installing: /root/ros2_ws/install/cyclonedds/include/dds/ddsi/ddsi_serdata_pserop.h
-- Installing: /root/ros2_ws/install/cyclonedds/include/dds/ddsi/ddsi_sertopic.h
-- Installing: /root/ros2_ws/install/cyclonedds/include/dds/ddsi/ddsi_sertype.h
-- Installing: /root/ros2_ws/install/cyclonedds/include/dds/ddsi/ddsi_shm_transport.h
-- Installing: /root/ros2_ws/install/cyclonedds/include/dds/ddsi/ddsi_ssl.h
-- Installing: /root/ros2_ws/install/cyclonedds/include/dds/ddsi/ddsi_statistics.h
-- Installing: /root/ros2_ws/install/cyclonedds/include/dds/ddsi/ddsi_tcp.h
-- Installing: /root/ros2_ws/install/cyclonedds/include/dds/ddsi/ddsi_threadmon.h
-- Installing: /root/ros2_ws/install/cyclonedds/include/dds/ddsi/ddsi_time.h
-- Installing: /root/ros2_ws/install/cyclonedds/include/dds/ddsi/ddsi_tkmap.h
-- Installing: /root/ros2_ws/install/cyclonedds/include/dds/ddsi/ddsi_topic.h
-- Installing: /root/ros2_ws/install/cyclonedds/include/dds/ddsi/ddsi_tran.h
-- Installing: /root/ros2_ws/install/cyclonedds/include/dds/ddsi/ddsi_typebuilder.h
-- Installing: /root/ros2_ws/install/cyclonedds/include/dds/ddsi/ddsi_typelib.h
-- Installing: /root/ros2_ws/install/cyclonedds/include/dds/ddsi/ddsi_typelookup.h
-- Installing: /root/ros2_ws/install/cyclonedds/include/dds/ddsi/ddsi_typewrap.h
-- Installing: /root/ros2_ws/install/cyclonedds/include/dds/ddsi/ddsi_udp.h
-- Installing: /root/ros2_ws/install/cyclonedds/include/dds/ddsi/ddsi_vendor.h
-- Installing: /root/ros2_ws/install/cyclonedds/include/dds/ddsi/ddsi_vnet.h
-- Installing: /root/ros2_ws/install/cyclonedds/include/dds/ddsi/ddsi_wraddrset.h
-- Installing: /root/ros2_ws/install/cyclonedds/include/dds/ddsi/ddsi_xqos.h
-- Installing: /root/ros2_ws/install/cyclonedds/include/dds/ddsi/ddsi_xt_impl.h
-- Installing: /root/ros2_ws/install/cyclonedds/include/dds/ddsi/ddsi_xt_typeinfo.h
-- Installing: /root/ros2_ws/install/cyclonedds/include/dds/ddsi/ddsi_xt_typeinfo.idl
-- Installing: /root/ros2_ws/install/cyclonedds/include/dds/ddsi/ddsi_xt_typelookup.h
-- Installing: /root/ros2_ws/install/cyclonedds/include/dds/ddsi/ddsi_xt_typelookup.idl
-- Installing: /root/ros2_ws/install/cyclonedds/include/dds/ddsi/ddsi_xt_typemap.h
-- Installing: /root/ros2_ws/install/cyclonedds/include/dds/ddsi/ddsi_xt_typemap.idl
-- Installing: /root/ros2_ws/install/cyclonedds/include/dds/ddsi/q_addrset.h
-- Installing: /root/ros2_ws/install/cyclonedds/include/dds/ddsi/q_bitset.h
-- Installing: /root/ros2_ws/install/cyclonedds/include/dds/ddsi/q_bswap.h
-- Installing: /root/ros2_ws/install/cyclonedds/include/dds/ddsi/q_ddsi_discovery.h
-- Installing: /root/ros2_ws/install/cyclonedds/include/dds/ddsi/q_debmon.h
-- Installing: /root/ros2_ws/install/cyclonedds/include/dds/ddsi/q_feature_check.h
-- Installing: /root/ros2_ws/install/cyclonedds/include/dds/ddsi/q_freelist.h
-- Installing: /root/ros2_ws/install/cyclonedds/include/dds/ddsi/q_gc.h
-- Installing: /root/ros2_ws/install/cyclonedds/include/dds/ddsi/q_hbcontrol.h
-- Installing: /root/ros2_ws/install/cyclonedds/include/dds/ddsi/q_init.h
-- Installing: /root/ros2_ws/install/cyclonedds/include/dds/ddsi/q_inverse_uint32_set.h
-- Installing: /root/ros2_ws/install/cyclonedds/include/dds/ddsi/q_lat_estim.h
-- Installing: /root/ros2_ws/install/cyclonedds/include/dds/ddsi/q_lease.h
-- Installing: /root/ros2_ws/install/cyclonedds/include/dds/ddsi/q_log.h
-- Installing: /root/ros2_ws/install/cyclonedds/include/dds/ddsi/q_misc.h
-- Installing: /root/ros2_ws/install/cyclonedds/include/dds/ddsi/q_pcap.h
-- Installing: /root/ros2_ws/install/cyclonedds/include/dds/ddsi/q_protocol.h
-- Installing: /root/ros2_ws/install/cyclonedds/include/dds/ddsi/q_qosmatch.h
-- Installing: /root/ros2_ws/install/cyclonedds/include/dds/ddsi/q_radmin.h
-- Installing: /root/ros2_ws/install/cyclonedds/include/dds/ddsi/q_receive.h
-- Installing: /root/ros2_ws/install/cyclonedds/include/dds/ddsi/q_rtps.h
-- Installing: /root/ros2_ws/install/cyclonedds/include/dds/ddsi/q_sockwaitset.h
-- Installing: /root/ros2_ws/install/cyclonedds/include/dds/ddsi/q_thread.h
-- Installing: /root/ros2_ws/install/cyclonedds/include/dds/ddsi/q_transmit.h
-- Installing: /root/ros2_ws/install/cyclonedds/include/dds/ddsi/q_unused.h
-- Installing: /root/ros2_ws/install/cyclonedds/include/dds/ddsi/q_whc.h
-- Installing: /root/ros2_ws/install/cyclonedds/include/dds/ddsi/q_xevent.h
-- Installing: /root/ros2_ws/install/cyclonedds/include/dds/ddsi/q_xmsg.h
-- Installing: /root/ros2_ws/install/cyclonedds/include/dds/ddsi/sysdeps.h
-- Up-to-date: /root/ros2_ws/install/cyclonedds/include
-- Up-to-date: /root/ros2_ws/install/cyclonedds/include/dds
-- Installing: /root/ros2_ws/install/cyclonedds/include/dds/dds.h
-- Installing: /root/ros2_ws/install/cyclonedds/include/dds/ddsc
-- Installing: /root/ros2_ws/install/cyclonedds/include/dds/ddsc/dds_basic_types.h
-- Installing: /root/ros2_ws/install/cyclonedds/include/dds/ddsc/dds_data_allocator.h
-- Installing: /root/ros2_ws/install/cyclonedds/include/dds/ddsc/dds_internal_api.h
-- Installing: /root/ros2_ws/install/cyclonedds/include/dds/ddsc/dds_loan_api.h
-- Installing: /root/ros2_ws/install/cyclonedds/include/dds/ddsc/dds_opcodes.h
-- Installing: /root/ros2_ws/install/cyclonedds/include/dds/ddsc/dds_public_alloc.h
-- Installing: /root/ros2_ws/install/cyclonedds/include/dds/ddsc/dds_public_error.h
-- Installing: /root/ros2_ws/install/cyclonedds/include/dds/ddsc/dds_public_impl.h
-- Installing: /root/ros2_ws/install/cyclonedds/include/dds/ddsc/dds_public_listener.h
-- Installing: /root/ros2_ws/install/cyclonedds/include/dds/ddsc/dds_public_qos.h
-- Installing: /root/ros2_ws/install/cyclonedds/include/dds/ddsc/dds_public_qosdefs.h
-- Installing: /root/ros2_ws/install/cyclonedds/include/dds/ddsc/dds_public_status.h
-- Installing: /root/ros2_ws/install/cyclonedds/include/dds/ddsc/dds_rhc.h
-- Installing: /root/ros2_ws/install/cyclonedds/include/dds/ddsc/dds_statistics.h
-- Installing: /root/ros2_ws/install/cyclonedds/include/ddsc
-- Installing: /root/ros2_ws/install/cyclonedds/include/ddsc/dds.h
-- Up-to-date: /root/ros2_ws/install/cyclonedds/include
-- Up-to-date: /root/ros2_ws/install/cyclonedds/include/dds
-- Installing: /root/ros2_ws/install/cyclonedds/include/dds/export.h
-- Installing: /root/ros2_ws/install/cyclonedds/lib/libddsc.so.0.10.5
-- Installing: /root/ros2_ws/install/cyclonedds/lib/libddsc.so.0
-- Set runtime path of "/root/ros2_ws/install/cyclonedds/lib/libddsc.so.0.10.5" to "$ORIGIN/../lib"
-- Installing: /root/ros2_ws/install/cyclonedds/lib/libddsc.so
-- Installing: /root/ros2_ws/install/cyclonedds/share/doc/CycloneDDS/CONTRIBUTING.md
-- Installing: /root/ros2_ws/install/cyclonedds/share/doc/CycloneDDS/CYCLONEDDS_QUALITY_DECLARATION.md
-- Installing: /root/ros2_ws/install/cyclonedds/share/doc/CycloneDDS/LICENSE
-- Installing: /root/ros2_ws/install/cyclonedds/share/doc/CycloneDDS/NOTICE.md
-- Installing: /root/ros2_ws/install/cyclonedds/share/doc/CycloneDDS/README.md
-- Installing: /root/ros2_ws/install/cyclonedds/share/doc/CycloneDDS/CHANGELOG.rst
