-- Found ament_cmake: 1.3.14 (/root/ros2_ws/install/ament_cmake/share/ament_cmake/cmake)
-- Found Python3: /usr/bin/python3 (found version "3.10.12") found components: Interpreter 
-- Override CMake install command with custom implementation using symlinks instead of copying resources
-- Found ament_lint_auto: 0.12.15 (/root/ros2_ws/install/ament_lint_auto/share/ament_lint_auto/cmake)
-- Added test 'copyright' to check source files copyright and LICENSE
-- Added test 'flake8' to check Python code syntax and style conventions
-- Added test 'lint_cmake' to check CMake code style
-- Added test 'pep257' to check Python code against some of the docstring style conventions in PEP 257
-- Added test 'xmllint' to check XML markup files
-- Configuring done
-- Generating done
-- Build files have been written to: /root/ros2_ws/build/rosidl_cmake
Built target ament_cmake_python_symlink_rosidl_cmake
running egg_info
creating rosidl_cmake.egg-info
writing rosidl_cmake.egg-info/PKG-INFO
writing dependency_links to rosidl_cmake.egg-info/dependency_links.txt
writing top-level names to rosidl_cmake.egg-info/top_level.txt
writing manifest file 'rosidl_cmake.egg-info/SOURCES.txt'
reading manifest file 'rosidl_cmake.egg-info/SOURCES.txt'
writing manifest file 'rosidl_cmake.egg-info/SOURCES.txt'
Built target ament_cmake_python_build_rosidl_cmake_egg
-- Install configuration: ""
-- Execute custom install script
-- Symlinking: /root/ros2_ws/install/rosidl_cmake/share/rosidl_cmake/environment/pythonpath.sh
-- Symlinking: /root/ros2_ws/install/rosidl_cmake/share/rosidl_cmake/environment/pythonpath.dsv
-- Symlinking: /root/ros2_ws/install/rosidl_cmake/local/lib/python3.10/dist-packages/rosidl_cmake-3.1.8-py3.10.egg-info/PKG-INFO
-- Symlinking: /root/ros2_ws/install/rosidl_cmake/local/lib/python3.10/dist-packages/rosidl_cmake-3.1.8-py3.10.egg-info/SOURCES.txt
-- Symlinking: /root/ros2_ws/install/rosidl_cmake/local/lib/python3.10/dist-packages/rosidl_cmake-3.1.8-py3.10.egg-info/dependency_links.txt
-- Symlinking: /root/ros2_ws/install/rosidl_cmake/local/lib/python3.10/dist-packages/rosidl_cmake-3.1.8-py3.10.egg-info/top_level.txt
-- Symlinking: /root/ros2_ws/install/rosidl_cmake/local/lib/python3.10/dist-packages/rosidl_cmake/__init__.py
-- Symlinking: /root/ros2_ws/install/rosidl_cmake/share/ament_index/resource_index/package_run_dependencies/rosidl_cmake
-- Symlinking: /root/ros2_ws/install/rosidl_cmake/share/ament_index/resource_index/parent_prefix_path/rosidl_cmake
-- Symlinking: /root/ros2_ws/install/rosidl_cmake/share/rosidl_cmake/environment/ament_prefix_path.sh
-- Symlinking: /root/ros2_ws/install/rosidl_cmake/share/rosidl_cmake/environment/ament_prefix_path.dsv
-- Symlinking: /root/ros2_ws/install/rosidl_cmake/share/rosidl_cmake/environment/path.sh
-- Symlinking: /root/ros2_ws/install/rosidl_cmake/share/rosidl_cmake/environment/path.dsv
-- Symlinking: /root/ros2_ws/install/rosidl_cmake/share/rosidl_cmake/local_setup.bash
-- Symlinking: /root/ros2_ws/install/rosidl_cmake/share/rosidl_cmake/local_setup.sh
-- Symlinking: /root/ros2_ws/install/rosidl_cmake/share/rosidl_cmake/local_setup.zsh
-- Symlinking: /root/ros2_ws/install/rosidl_cmake/share/rosidl_cmake/local_setup.dsv
-- Symlinking: /root/ros2_ws/install/rosidl_cmake/share/rosidl_cmake/package.dsv
-- Symlinking: /root/ros2_ws/install/rosidl_cmake/share/ament_index/resource_index/packages/rosidl_cmake
-- Symlinking: /root/ros2_ws/install/rosidl_cmake/share/rosidl_cmake/cmake/rosidl_cmake-extras.cmake
-- Symlinking: /root/ros2_ws/install/rosidl_cmake/share/rosidl_cmake/cmake/rosidl_cmakeConfig.cmake
-- Symlinking: /root/ros2_ws/install/rosidl_cmake/share/rosidl_cmake/cmake/rosidl_cmakeConfig-version.cmake
-- Symlinking: /root/ros2_ws/install/rosidl_cmake/share/rosidl_cmake/package.xml
-- Symlinking: /root/ros2_ws/install/rosidl_cmake/share/rosidl_cmake/cmake/rosidl_auto_generate_interfaces.cmake
-- Symlinking: /root/ros2_ws/install/rosidl_cmake/share/rosidl_cmake/cmake/rosidl_cmake-extras.cmake.in
-- Symlinking: /root/ros2_ws/install/rosidl_cmake/share/rosidl_cmake/cmake/rosidl_cmake_aggregate_target-extras.cmake.in
-- Symlinking: /root/ros2_ws/install/rosidl_cmake/share/rosidl_cmake/cmake/rosidl_cmake_aggregate_target_package_hook.cmake
-- Symlinking: /root/ros2_ws/install/rosidl_cmake/share/rosidl_cmake/cmake/rosidl_cmake_export_typesupport_libraries-extras.cmake.in
-- Symlinking: /root/ros2_ws/install/rosidl_cmake/share/rosidl_cmake/cmake/rosidl_cmake_export_typesupport_libraries_package_hook.cmake
-- Symlinking: /root/ros2_ws/install/rosidl_cmake/share/rosidl_cmake/cmake/rosidl_cmake_export_typesupport_targets-extras.cmake.in
-- Symlinking: /root/ros2_ws/install/rosidl_cmake/share/rosidl_cmake/cmake/rosidl_cmake_export_typesupport_targets_package_hook.cmake
-- Symlinking: /root/ros2_ws/install/rosidl_cmake/share/rosidl_cmake/cmake/rosidl_cmake_package_hook.cmake
-- Symlinking: /root/ros2_ws/install/rosidl_cmake/share/rosidl_cmake/cmake/rosidl_export_typesupport_libraries.cmake
-- Symlinking: /root/ros2_ws/install/rosidl_cmake/share/rosidl_cmake/cmake/rosidl_export_typesupport_targets.cmake
-- Symlinking: /root/ros2_ws/install/rosidl_cmake/share/rosidl_cmake/cmake/rosidl_generate_interfaces.cmake
-- Symlinking: /root/ros2_ws/install/rosidl_cmake/share/rosidl_cmake/cmake/rosidl_get_typesupport_target.cmake
-- Symlinking: /root/ros2_ws/install/rosidl_cmake/share/rosidl_cmake/cmake/rosidl_target_interfaces.cmake
-- Symlinking: /root/ros2_ws/install/rosidl_cmake/share/rosidl_cmake/cmake/rosidl_write_generator_arguments.cmake
-- Symlinking: /root/ros2_ws/install/rosidl_cmake/share/rosidl_cmake/cmake/string_camel_case_to_lower_case_underscore.cmake
Listing '/root/ros2_ws/install/rosidl_cmake/local/lib/python3.10/dist-packages/rosidl_cmake'...
Compiling '/root/ros2_ws/install/rosidl_cmake/local/lib/python3.10/dist-packages/rosidl_cmake/__init__.py'...
