[1.012s] Invoking command in '/root/ros2_ws/build/ament_xmllint': AMENT_PREFIX_PATH=/root/ros2_ws/install/ament_copyright:/root/ros2_ws/install/ament_pep257:/root/ros2_ws/install/ament_flake8:/root/ros2_ws/install/ament_lint:${AMENT_PREFIX_PATH} PATH=/root/ros2_ws/install/ament_copyright/bin:/root/ros2_ws/install/ament_pep257/bin:/root/ros2_ws/install/ament_flake8/bin:${PATH} PYTHONPATH=/root/ros2_ws/build/ament_xmllint/prefix_override:/usr/lib/python3/dist-packages/colcon_core/task/python/colcon_distutils_commands:/root/ros2_ws/install/ament_xmllint/lib/python3.10/site-packages:/root/ros2_ws/build/ament_copyright:/root/ros2_ws/install/ament_copyright/lib/python3.10/site-packages:/root/ros2_ws/build/ament_pep257:/root/ros2_ws/install/ament_pep257/lib/python3.10/site-packages:/root/ros2_ws/build/ament_flake8:/root/ros2_ws/install/ament_flake8/lib/python3.10/site-packages:/root/ros2_ws/build/ament_lint:/root/ros2_ws/install/ament_lint/lib/python3.10/site-packages:${PYTHONPATH} /usr/bin/python3 -W ignore:setup.py install is deprecated -W ignore:easy_install command is deprecated setup.py develop --editable --build-directory /root/ros2_ws/build/ament_xmllint/build --no-deps symlink_data
[1.647s] running develop
[2.024s] running egg_info
[2.024s] creating ament_xmllint.egg-info
[2.024s] writing ament_xmllint.egg-info/PKG-INFO
[2.025s] writing dependency_links to ament_xmllint.egg-info/dependency_links.txt
[2.025s] writing entry points to ament_xmllint.egg-info/entry_points.txt
[2.025s] writing requirements to ament_xmllint.egg-info/requires.txt
[2.025s] writing top-level names to ament_xmllint.egg-info/top_level.txt
[2.025s] writing manifest file 'ament_xmllint.egg-info/SOURCES.txt'
[2.032s] reading manifest file 'ament_xmllint.egg-info/SOURCES.txt'
[2.038s] writing manifest file 'ament_xmllint.egg-info/SOURCES.txt'
[2.040s] running build_ext
[2.040s] Creating /root/ros2_ws/install/ament_xmllint/lib/python3.10/site-packages/ament-xmllint.egg-link (link to .)
[2.044s] Installing ament_xmllint script to /root/ros2_ws/install/ament_xmllint/bin
[2.046s] 
[2.046s] Installed /root/ros2_ws/build/ament_xmllint
[2.046s] running symlink_data
[2.047s] symbolically linking /root/ros2_ws/build/ament_xmllint/package.xml -> /root/ros2_ws/install/ament_xmllint/share/ament_xmllint
[2.047s] creating /root/ros2_ws/install/ament_xmllint/share/ament_index
[2.047s] creating /root/ros2_ws/install/ament_xmllint/share/ament_index/resource_index
[2.047s] creating /root/ros2_ws/install/ament_xmllint/share/ament_index/resource_index/packages
[2.047s] symbolically linking /root/ros2_ws/build/ament_xmllint/resource/ament_xmllint -> /root/ros2_ws/install/ament_xmllint/share/ament_index/resource_index/packages
[2.179s] Invoked command in '/root/ros2_ws/build/ament_xmllint' returned '0': AMENT_PREFIX_PATH=/root/ros2_ws/install/ament_copyright:/root/ros2_ws/install/ament_pep257:/root/ros2_ws/install/ament_flake8:/root/ros2_ws/install/ament_lint:${AMENT_PREFIX_PATH} PATH=/root/ros2_ws/install/ament_copyright/bin:/root/ros2_ws/install/ament_pep257/bin:/root/ros2_ws/install/ament_flake8/bin:${PATH} PYTHONPATH=/root/ros2_ws/build/ament_xmllint/prefix_override:/usr/lib/python3/dist-packages/colcon_core/task/python/colcon_distutils_commands:/root/ros2_ws/install/ament_xmllint/lib/python3.10/site-packages:/root/ros2_ws/build/ament_copyright:/root/ros2_ws/install/ament_copyright/lib/python3.10/site-packages:/root/ros2_ws/build/ament_pep257:/root/ros2_ws/install/ament_pep257/lib/python3.10/site-packages:/root/ros2_ws/build/ament_flake8:/root/ros2_ws/install/ament_flake8/lib/python3.10/site-packages:/root/ros2_ws/build/ament_lint:/root/ros2_ws/install/ament_lint/lib/python3.10/site-packages:${PYTHONPATH} /usr/bin/python3 -W ignore:setup.py install is deprecated -W ignore:easy_install command is deprecated setup.py develop --editable --build-directory /root/ros2_ws/build/ament_xmllint/build --no-deps symlink_data
