[0.012s] Invoking command in '/root/ros2_ws/build/ament_lint_auto': AMENT_PREFIX_PATH=/root/ros2_ws/install/ament_cmake_test:/root/ros2_ws/install/ament_cmake_python:/root/ros2_ws/install/ament_cmake_core:/root/ros2_ws/install/ament_package:${AMENT_PREFIX_PATH} CMAKE_PREFIX_PATH=/root/ros2_ws/install/ament_cmake_test:/root/ros2_ws/install/ament_cmake_python:/root/ros2_ws/install/ament_cmake_core:/opt/ros/humble PYTHONPATH=/root/ros2_ws/install/ament_cmake_test/local/lib/python3.10/dist-packages:/root/ros2_ws/build/ament_package:/root/ros2_ws/install/ament_package/lib/python3.10/site-packages:${PYTHONPATH} /usr/bin/cmake --build /root/ros2_ws/build/ament_lint_auto -- -j16 -l16
[0.045s] Invoked command in '/root/ros2_ws/build/ament_lint_auto' returned '0': AMENT_PREFIX_PATH=/root/ros2_ws/install/ament_cmake_test:/root/ros2_ws/install/ament_cmake_python:/root/ros2_ws/install/ament_cmake_core:/root/ros2_ws/install/ament_package:${AMENT_PREFIX_PATH} CMAKE_PREFIX_PATH=/root/ros2_ws/install/ament_cmake_test:/root/ros2_ws/install/ament_cmake_python:/root/ros2_ws/install/ament_cmake_core:/opt/ros/humble PYTHONPATH=/root/ros2_ws/install/ament_cmake_test/local/lib/python3.10/dist-packages:/root/ros2_ws/build/ament_package:/root/ros2_ws/install/ament_package/lib/python3.10/site-packages:${PYTHONPATH} /usr/bin/cmake --build /root/ros2_ws/build/ament_lint_auto -- -j16 -l16
[0.046s] Invoking command in '/root/ros2_ws/build/ament_lint_auto': AMENT_PREFIX_PATH=/root/ros2_ws/install/ament_cmake_test:/root/ros2_ws/install/ament_cmake_python:/root/ros2_ws/install/ament_cmake_core:/root/ros2_ws/install/ament_package:${AMENT_PREFIX_PATH} CMAKE_PREFIX_PATH=/root/ros2_ws/install/ament_cmake_test:/root/ros2_ws/install/ament_cmake_python:/root/ros2_ws/install/ament_cmake_core:/opt/ros/humble PYTHONPATH=/root/ros2_ws/install/ament_cmake_test/local/lib/python3.10/dist-packages:/root/ros2_ws/build/ament_package:/root/ros2_ws/install/ament_package/lib/python3.10/site-packages:${PYTHONPATH} /usr/bin/cmake --install /root/ros2_ws/build/ament_lint_auto
[0.053s] -- Install configuration: ""
[0.054s] -- Execute custom install script
[0.054s] -- Up-to-date symlink: /root/ros2_ws/install/ament_lint_auto/share/ament_index/resource_index/package_run_dependencies/ament_lint_auto
[0.054s] -- Up-to-date symlink: /root/ros2_ws/install/ament_lint_auto/share/ament_index/resource_index/parent_prefix_path/ament_lint_auto
[0.054s] -- Up-to-date symlink: /root/ros2_ws/install/ament_lint_auto/share/ament_lint_auto/environment/ament_prefix_path.sh
[0.055s] -- Up-to-date symlink: /root/ros2_ws/install/ament_lint_auto/share/ament_lint_auto/environment/ament_prefix_path.dsv
[0.055s] -- Up-to-date symlink: /root/ros2_ws/install/ament_lint_auto/share/ament_lint_auto/environment/path.sh
[0.055s] -- Up-to-date symlink: /root/ros2_ws/install/ament_lint_auto/share/ament_lint_auto/environment/path.dsv
[0.055s] -- Up-to-date symlink: /root/ros2_ws/install/ament_lint_auto/share/ament_lint_auto/local_setup.bash
[0.055s] -- Up-to-date symlink: /root/ros2_ws/install/ament_lint_auto/share/ament_lint_auto/local_setup.sh
[0.055s] -- Up-to-date symlink: /root/ros2_ws/install/ament_lint_auto/share/ament_lint_auto/local_setup.zsh
[0.055s] -- Up-to-date symlink: /root/ros2_ws/install/ament_lint_auto/share/ament_lint_auto/local_setup.dsv
[0.055s] -- Symlinking: /root/ros2_ws/install/ament_lint_auto/share/ament_lint_auto/package.dsv
[0.062s] -- Up-to-date symlink: /root/ros2_ws/install/ament_lint_auto/share/ament_index/resource_index/packages/ament_lint_auto
[0.062s] -- Up-to-date symlink: /root/ros2_ws/install/ament_lint_auto/share/ament_lint_auto/cmake/ament_lint_auto-extras.cmake
[0.062s] -- Up-to-date symlink: /root/ros2_ws/install/ament_lint_auto/share/ament_lint_auto/cmake/ament_lint_autoConfig.cmake
[0.062s] -- Up-to-date symlink: /root/ros2_ws/install/ament_lint_auto/share/ament_lint_auto/cmake/ament_lint_autoConfig-version.cmake
[0.062s] -- Up-to-date symlink: /root/ros2_ws/install/ament_lint_auto/share/ament_lint_auto/package.xml
[0.063s] -- Up-to-date symlink: /root/ros2_ws/install/ament_lint_auto/share/ament_lint_auto/cmake/ament_lint_auto_find_test_dependencies.cmake
[0.063s] -- Up-to-date symlink: /root/ros2_ws/install/ament_lint_auto/share/ament_lint_auto/cmake/ament_lint_auto_package_hook.cmake
[0.065s] Invoked command in '/root/ros2_ws/build/ament_lint_auto' returned '0': AMENT_PREFIX_PATH=/root/ros2_ws/install/ament_cmake_test:/root/ros2_ws/install/ament_cmake_python:/root/ros2_ws/install/ament_cmake_core:/root/ros2_ws/install/ament_package:${AMENT_PREFIX_PATH} CMAKE_PREFIX_PATH=/root/ros2_ws/install/ament_cmake_test:/root/ros2_ws/install/ament_cmake_python:/root/ros2_ws/install/ament_cmake_core:/opt/ros/humble PYTHONPATH=/root/ros2_ws/install/ament_cmake_test/local/lib/python3.10/dist-packages:/root/ros2_ws/build/ament_package:/root/ros2_ws/install/ament_package/lib/python3.10/site-packages:${PYTHONPATH} /usr/bin/cmake --install /root/ros2_ws/build/ament_lint_auto
