running develop
running egg_info
creating rosidl_cli.egg-info
writing rosidl_cli.egg-info/PKG-INFO
writing dependency_links to rosidl_cli.egg-info/dependency_links.txt
writing entry points to rosidl_cli.egg-info/entry_points.txt
writing requirements to rosidl_cli.egg-info/requires.txt
writing top-level names to rosidl_cli.egg-info/top_level.txt
writing manifest file 'rosidl_cli.egg-info/SOURCES.txt'
reading manifest file 'rosidl_cli.egg-info/SOURCES.txt'
writing manifest file 'rosidl_cli.egg-info/SOURCES.txt'
running build_ext
Creating /root/ros2_ws/install/rosidl_cli/lib/python3.10/site-packages/rosidl-cli.egg-link (link to .)
Installing rosidl script to /root/ros2_ws/install/rosidl_cli/bin

Installed /root/ros2_ws/build/rosidl_cli
running symlink_data
creating /root/ros2_ws/install/rosidl_cli/share/ament_index
creating /root/ros2_ws/install/rosidl_cli/share/ament_index/resource_index
creating /root/ros2_ws/install/rosidl_cli/share/ament_index/resource_index/packages
symbolically linking /root/ros2_ws/build/rosidl_cli/resource/rosidl_cli -> /root/ros2_ws/install/rosidl_cli/share/ament_index/resource_index/packages
symbolically linking /root/ros2_ws/build/rosidl_cli/package.xml -> /root/ros2_ws/install/rosidl_cli/share/rosidl_cli
symbolically linking /root/ros2_ws/build/rosidl_cli/resource/package.dsv -> /root/ros2_ws/install/rosidl_cli/share/rosidl_cli
creating /root/ros2_ws/install/rosidl_cli/share/rosidl_cli/environment
symbolically linking /root/ros2_ws/build/rosidl_cli/completion/rosidl-argcomplete.bash -> /root/ros2_ws/install/rosidl_cli/share/rosidl_cli/environment
symbolically linking /root/ros2_ws/build/rosidl_cli/completion/rosidl-argcomplete.zsh -> /root/ros2_ws/install/rosidl_cli/share/rosidl_cli/environment
