-- The C compiler identification is GNU 11.4.0
-- The CXX compiler identification is GNU 11.4.0
-- Detecting C compiler ABI info
-- Detecting C compiler ABI info - done
-- Check for working C compiler: /usr/bin/cc - skipped
-- Detecting C compile features
-- Detecting C compile features - done
-- Detecting CXX compiler ABI info
-- Detecting CXX compiler ABI info - done
-- Check for working CXX compiler: /usr/bin/c++ - skipped
-- Detecting CXX compile features
-- Detecting CXX compile features - done
-- Configuring done
-- Generating done
-- Build files have been written to: /root/ros2_ws/build/iceoryx_hoofs
[  4%] Building CXX object platform/CMakeFiles/iceoryx_platform.dir/linux/source/file.cpp.o
[  4%] Building CXX object platform/CMakeFiles/iceoryx_platform.dir/linux/source/mman.cpp.o
[  8%] Building CXX object platform/CMakeFiles/iceoryx_platform.dir/linux/source/grp.cpp.o
[  8%] Building CXX object platform/CMakeFiles/iceoryx_platform.dir/linux/source/fnctl.cpp.o
[ 11%] Building CXX object platform/CMakeFiles/iceoryx_platform.dir/linux/source/mqueue.cpp.o
[ 13%] Building CXX object platform/CMakeFiles/iceoryx_platform.dir/linux/source/unistd.cpp.o
[ 15%] Building CXX object platform/CMakeFiles/iceoryx_platform.dir/linux/source/socket.cpp.o
[ 17%] Linking CXX shared library libiceoryx_platform.so
[ 17%] Built target iceoryx_platform
[ 20%] Building CXX object CMakeFiles/iceoryx_hoofs.dir/source/concurrent/active_object.cpp.o
[ 22%] Building CXX object CMakeFiles/iceoryx_hoofs.dir/source/cxx/deadline_timer.cpp.o
[ 24%] Building CXX object CMakeFiles/iceoryx_hoofs.dir/source/cxx/helplets.cpp.o
[ 26%] Building CXX object CMakeFiles/iceoryx_hoofs.dir/source/cxx/generic_raii.cpp.o
[ 28%] Building CXX object CMakeFiles/iceoryx_hoofs.dir/source/concurrent/loffli.cpp.o
[ 31%] Building CXX object CMakeFiles/iceoryx_hoofs.dir/source/cxx/unique_id.cpp.o
[ 33%] Building CXX object CMakeFiles/iceoryx_hoofs.dir/source/error_handling/error_handling.cpp.o
[ 35%] Building CXX object CMakeFiles/iceoryx_hoofs.dir/source/log/logging_internal.cpp.o
[ 37%] Building CXX object CMakeFiles/iceoryx_hoofs.dir/source/log/logging.cpp.o
[ 40%] Building CXX object CMakeFiles/iceoryx_hoofs.dir/source/cxx/filesystem.cpp.o
[ 42%] Building CXX object CMakeFiles/iceoryx_hoofs.dir/source/log/logmanager.cpp.o
[ 44%] Building CXX object CMakeFiles/iceoryx_hoofs.dir/source/file_reader/file_reader.cpp.o
[ 46%] Building CXX object CMakeFiles/iceoryx_hoofs.dir/source/log/logstream.cpp.o
[ 48%] Building CXX object CMakeFiles/iceoryx_hoofs.dir/source/cxx/requires.cpp.o
[ 51%] Building CXX object CMakeFiles/iceoryx_hoofs.dir/source/log/logcommon.cpp.o
[ 53%] Building CXX object CMakeFiles/iceoryx_hoofs.dir/source/log/logger.cpp.o
[ 55%] Building CXX object CMakeFiles/iceoryx_hoofs.dir/source/posix_wrapper/access_control.cpp.o
In file included from /root/ros2_ws/src/eclipse-iceoryx/iceoryx/iceoryx_hoofs/include/iceoryx_hoofs/internal/posix_wrapper/access_control.hpp:23,
                 from /root/ros2_ws/src/eclipse-iceoryx/iceoryx/iceoryx_hoofs/source/posix_wrapper/access_control.cpp:18:
/root/ros2_ws/src/eclipse-iceoryx/iceoryx/iceoryx_hoofs/platform/linux/include/iceoryx_hoofs/platform/acl.hpp:20:10: fatal error: sys/acl.h: No such file or directory
   20 | #include <sys/acl.h>
      |          ^~~~~~~~~~~
compilation terminated.
gmake[2]: *** [CMakeFiles/iceoryx_hoofs.dir/build.make:300: CMakeFiles/iceoryx_hoofs.dir/source/posix_wrapper/access_control.cpp.o] Error 1
gmake[2]: *** Waiting for unfinished jobs....
gmake[1]: *** [CMakeFiles/Makefile2:100: CMakeFiles/iceoryx_hoofs.dir/all] Error 2
gmake: *** [Makefile:136: all] Error 2
