[0.738s] Invoking command in '/root/ros2_ws/build/fastcdr': /usr/bin/cmake --build /root/ros2_ws/build/fastcdr -- -j16 -l16
[0.781s] [100%] Built target fastcdr
[0.791s] Invoked command in '/root/ros2_ws/build/fastcdr' returned '0': /usr/bin/cmake --build /root/ros2_ws/build/fastcdr -- -j16 -l16
[0.792s] Invoking command in '/root/ros2_ws/build/fastcdr': /usr/bin/cmake --install /root/ros2_ws/build/fastcdr
[0.801s] -- Install configuration: "Release"
[0.801s] -- Up-to-date: /root/ros2_ws/install/fastcdr/share/fastcdr/LICENSE
[0.801s] -- Up-to-date: /root/ros2_ws/install/fastcdr/include/fastcdr
[0.801s] -- Up-to-date: /root/ros2_ws/install/fastcdr/include/fastcdr/eProsima_auto_link.h
[0.801s] -- Up-to-date: /root/ros2_ws/install/fastcdr/include/fastcdr/exceptions
[0.801s] -- Up-to-date: /root/ros2_ws/install/fastcdr/include/fastcdr/exceptions/BadParamException.h
[0.801s] -- Up-to-date: /root/ros2_ws/install/fastcdr/include/fastcdr/exceptions/Exception.h
[0.801s] -- Up-to-date: /root/ros2_ws/install/fastcdr/include/fastcdr/exceptions/NotEnoughMemoryException.h
[0.801s] -- Up-to-date: /root/ros2_ws/install/fastcdr/include/fastcdr/fastcdr_dll.h
[0.801s] -- Up-to-date: /root/ros2_ws/install/fastcdr/include/fastcdr/Cdr.h
[0.801s] -- Up-to-date: /root/ros2_ws/install/fastcdr/include/fastcdr/FastBuffer.h
[0.801s] -- Up-to-date: /root/ros2_ws/install/fastcdr/include/fastcdr/FastCdr.h
[0.801s] -- Up-to-date: /root/ros2_ws/install/fastcdr/include/fastcdr/config.h
[0.801s] -- Up-to-date: /root/ros2_ws/install/fastcdr/lib/libfastcdr.so.1.0.24
[0.801s] -- Up-to-date: /root/ros2_ws/install/fastcdr/lib/libfastcdr.so.1
[0.801s] -- Up-to-date: /root/ros2_ws/install/fastcdr/lib/libfastcdr.so
[0.802s] -- Up-to-date: /root/ros2_ws/install/fastcdr/lib/cmake/fastcdr/fastcdr-dynamic-targets.cmake
[0.802s] -- Up-to-date: /root/ros2_ws/install/fastcdr/lib/cmake/fastcdr/fastcdr-dynamic-targets-release.cmake
[0.802s] -- Up-to-date: /root/ros2_ws/install/fastcdr/lib/cmake/fastcdr/fastcdr-config.cmake
[0.802s] -- Up-to-date: /root/ros2_ws/install/fastcdr/lib/cmake/fastcdr/fastcdr-config-version.cmake
[0.803s] Invoked command in '/root/ros2_ws/build/fastcdr' returned '0': /usr/bin/cmake --install /root/ros2_ws/build/fastcdr
