Consolidate compiler generated dependencies of target gtest_main
Consolidate compiler generated dependencies of target gtest
[ 33%] Built target gtest
[ 66%] Built target gtest_main
Consolidate compiler generated dependencies of target test_macros
[100%] Built target test_macros
-- Install configuration: ""
-- Execute custom install script
-- Symlinking: /root/ros2_ws/install/rosidl_typesupport_interface/share/ament_index/resource_index/package_run_dependencies/rosidl_typesupport_interface
-- Symlinking: /root/ros2_ws/install/rosidl_typesupport_interface/share/ament_index/resource_index/parent_prefix_path/rosidl_typesupport_interface
-- Symlinking: /root/ros2_ws/install/rosidl_typesupport_interface/share/rosidl_typesupport_interface/environment/ament_prefix_path.sh
-- Symlinking: /root/ros2_ws/install/rosidl_typesupport_interface/share/rosidl_typesupport_interface/environment/ament_prefix_path.dsv
-- Symlinking: /root/ros2_ws/install/rosidl_typesupport_interface/share/rosidl_typesupport_interface/environment/path.sh
-- Symlinking: /root/ros2_ws/install/rosidl_typesupport_interface/share/rosidl_typesupport_interface/environment/path.dsv
-- Symlinking: /root/ros2_ws/install/rosidl_typesupport_interface/share/rosidl_typesupport_interface/local_setup.bash
-- Symlinking: /root/ros2_ws/install/rosidl_typesupport_interface/share/rosidl_typesupport_interface/local_setup.sh
-- Symlinking: /root/ros2_ws/install/rosidl_typesupport_interface/share/rosidl_typesupport_interface/local_setup.zsh
-- Symlinking: /root/ros2_ws/install/rosidl_typesupport_interface/share/rosidl_typesupport_interface/local_setup.dsv
-- Symlinking: /root/ros2_ws/install/rosidl_typesupport_interface/share/rosidl_typesupport_interface/package.dsv
-- Symlinking: /root/ros2_ws/install/rosidl_typesupport_interface/share/ament_index/resource_index/packages/rosidl_typesupport_interface
-- Symlinking: /root/ros2_ws/install/rosidl_typesupport_interface/share/rosidl_typesupport_interface/cmake/ament_cmake_export_include_directories-extras.cmake
-- Symlinking: /root/ros2_ws/install/rosidl_typesupport_interface/share/rosidl_typesupport_interface/cmake/ament_cmake_export_targets-extras.cmake
-- Symlinking: /root/ros2_ws/install/rosidl_typesupport_interface/share/rosidl_typesupport_interface/cmake/rosidl_typesupport_interfaceConfig.cmake
-- Symlinking: /root/ros2_ws/install/rosidl_typesupport_interface/share/rosidl_typesupport_interface/cmake/rosidl_typesupport_interfaceConfig-version.cmake
-- Symlinking: /root/ros2_ws/install/rosidl_typesupport_interface/share/rosidl_typesupport_interface/package.xml
-- Symlinking: /root/ros2_ws/install/rosidl_typesupport_interface/include/rosidl_typesupport_interface/rosidl_typesupport_interface/macros.h
-- Installing: /root/ros2_ws/install/rosidl_typesupport_interface/share/rosidl_typesupport_interface/cmake/rosidl_typesupport_interfaceExport.cmake
