Built target ament_cmake_python_symlink_rosidl_parser
running egg_info
writing rosidl_parser.egg-info/PKG-INFO
writing dependency_links to rosidl_parser.egg-info/dependency_links.txt
writing top-level names to rosidl_parser.egg-info/top_level.txt
reading manifest file 'rosidl_parser.egg-info/SOURCES.txt'
writing manifest file 'rosidl_parser.egg-info/SOURCES.txt'
Built target ament_cmake_python_build_rosidl_parser_egg
-- Install configuration: ""
-- Execute custom install script
-- Symlinking: /root/ros2_ws/install/rosidl_parser/share/rosidl_parser/environment/pythonpath.sh
-- Symlinking: /root/ros2_ws/install/rosidl_parser/share/rosidl_parser/environment/pythonpath.dsv
-- Symlinking: /root/ros2_ws/install/rosidl_parser/local/lib/python3.10/dist-packages/rosidl_parser-3.1.8-py3.10.egg-info/PKG-INFO
-- Symlinking: /root/ros2_ws/install/rosidl_parser/local/lib/python3.10/dist-packages/rosidl_parser-3.1.8-py3.10.egg-info/SOURCES.txt
-- Symlinking: /root/ros2_ws/install/rosidl_parser/local/lib/python3.10/dist-packages/rosidl_parser-3.1.8-py3.10.egg-info/dependency_links.txt
-- Symlinking: /root/ros2_ws/install/rosidl_parser/local/lib/python3.10/dist-packages/rosidl_parser-3.1.8-py3.10.egg-info/top_level.txt
-- Symlinking: /root/ros2_ws/install/rosidl_parser/local/lib/python3.10/dist-packages/rosidl_parser/__init__.py
-- Symlinking: /root/ros2_ws/install/rosidl_parser/local/lib/python3.10/dist-packages/rosidl_parser/definition.py
-- Symlinking: /root/ros2_ws/install/rosidl_parser/local/lib/python3.10/dist-packages/rosidl_parser/grammar.lark
-- Symlinking: /root/ros2_ws/install/rosidl_parser/local/lib/python3.10/dist-packages/rosidl_parser/parser.py
-- Symlinking: /root/ros2_ws/install/rosidl_parser/share/ament_index/resource_index/package_run_dependencies/rosidl_parser
-- Symlinking: /root/ros2_ws/install/rosidl_parser/share/ament_index/resource_index/parent_prefix_path/rosidl_parser
-- Symlinking: /root/ros2_ws/install/rosidl_parser/share/rosidl_parser/environment/ament_prefix_path.sh
-- Symlinking: /root/ros2_ws/install/rosidl_parser/share/rosidl_parser/environment/ament_prefix_path.dsv
-- Symlinking: /root/ros2_ws/install/rosidl_parser/share/rosidl_parser/environment/path.sh
-- Symlinking: /root/ros2_ws/install/rosidl_parser/share/rosidl_parser/environment/path.dsv
-- Symlinking: /root/ros2_ws/install/rosidl_parser/share/rosidl_parser/local_setup.bash
-- Symlinking: /root/ros2_ws/install/rosidl_parser/share/rosidl_parser/local_setup.sh
-- Symlinking: /root/ros2_ws/install/rosidl_parser/share/rosidl_parser/local_setup.zsh
-- Symlinking: /root/ros2_ws/install/rosidl_parser/share/rosidl_parser/local_setup.dsv
-- Symlinking: /root/ros2_ws/install/rosidl_parser/share/rosidl_parser/package.dsv
-- Symlinking: /root/ros2_ws/install/rosidl_parser/share/ament_index/resource_index/packages/rosidl_parser
-- Symlinking: /root/ros2_ws/install/rosidl_parser/share/rosidl_parser/cmake/rosidl_parserConfig.cmake
-- Symlinking: /root/ros2_ws/install/rosidl_parser/share/rosidl_parser/cmake/rosidl_parserConfig-version.cmake
-- Symlinking: /root/ros2_ws/install/rosidl_parser/share/rosidl_parser/package.xml
-- Symlinking: /root/ros2_ws/install/rosidl_parser/lib/rosidl_parser/idl2png
Listing '/root/ros2_ws/install/rosidl_parser/local/lib/python3.10/dist-packages/rosidl_parser'...
Compiling '/root/ros2_ws/install/rosidl_parser/local/lib/python3.10/dist-packages/rosidl_parser/__init__.py'...
Compiling '/root/ros2_ws/install/rosidl_parser/local/lib/python3.10/dist-packages/rosidl_parser/definition.py'...
Compiling '/root/ros2_ws/install/rosidl_parser/local/lib/python3.10/dist-packages/rosidl_parser/parser.py'...
