[0.681s] Invoking command in '/root/ros2_ws/build/iceoryx_hoofs': CMAKE_PREFIX_PATH=/opt/ros/humble /usr/bin/cmake --build /root/ros2_ws/build/iceoryx_hoofs -- -j16 -l16
[0.749s] [ 17%] Built target iceoryx_platform
[0.776s] Consolidate compiler generated dependencies of target iceoryx_hoofs
[0.787s] [100%] Built target iceoryx_hoofs
[0.797s] Invoked command in '/root/ros2_ws/build/iceoryx_hoofs' returned '0': CMAKE_PREFIX_PATH=/opt/ros/humble /usr/bin/cmake --build /root/ros2_ws/build/iceoryx_hoofs -- -j16 -l16
[0.798s] Invoking command in '/root/ros2_ws/build/iceoryx_hoofs': CMAKE_PREFIX_PATH=/opt/ros/humble /usr/bin/cmake --install /root/ros2_ws/build/iceoryx_hoofs
[0.811s] -- Install configuration: ""
[0.812s] -- Up-to-date: /root/ros2_ws/install/iceoryx_hoofs/include/iceoryx/v2.0.6
[0.812s] -- Up-to-date: /root/ros2_ws/install/iceoryx_hoofs/include/iceoryx/v2.0.6/iceoryx_hoofs
[0.812s] -- Up-to-date: /root/ros2_ws/install/iceoryx_hoofs/include/iceoryx/v2.0.6/iceoryx_hoofs/platform
[0.812s] -- Up-to-date: /root/ros2_ws/install/iceoryx_hoofs/include/iceoryx/v2.0.6/iceoryx_hoofs/platform/acl.hpp
[0.812s] -- Up-to-date: /root/ros2_ws/install/iceoryx_hoofs/include/iceoryx/v2.0.6/iceoryx_hoofs/platform/dlfcn.hpp
[0.812s] -- Up-to-date: /root/ros2_ws/install/iceoryx_hoofs/include/iceoryx/v2.0.6/iceoryx_hoofs/platform/errno.hpp
[0.812s] -- Up-to-date: /root/ros2_ws/install/iceoryx_hoofs/include/iceoryx/v2.0.6/iceoryx_hoofs/platform/fcntl.hpp
[0.812s] -- Up-to-date: /root/ros2_ws/install/iceoryx_hoofs/include/iceoryx/v2.0.6/iceoryx_hoofs/platform/file.hpp
[0.812s] -- Up-to-date: /root/ros2_ws/install/iceoryx_hoofs/include/iceoryx/v2.0.6/iceoryx_hoofs/platform/getopt.hpp
[0.812s] -- Up-to-date: /root/ros2_ws/install/iceoryx_hoofs/include/iceoryx/v2.0.6/iceoryx_hoofs/platform/grp.hpp
[0.812s] -- Up-to-date: /root/ros2_ws/install/iceoryx_hoofs/include/iceoryx/v2.0.6/iceoryx_hoofs/platform/inet.hpp
[0.812s] -- Up-to-date: /root/ros2_ws/install/iceoryx_hoofs/include/iceoryx/v2.0.6/iceoryx_hoofs/platform/mman.hpp
[0.812s] -- Up-to-date: /root/ros2_ws/install/iceoryx_hoofs/include/iceoryx/v2.0.6/iceoryx_hoofs/platform/mqueue.hpp
[0.812s] -- Up-to-date: /root/ros2_ws/install/iceoryx_hoofs/include/iceoryx/v2.0.6/iceoryx_hoofs/platform/platform_correction.hpp
[0.812s] -- Up-to-date: /root/ros2_ws/install/iceoryx_hoofs/include/iceoryx/v2.0.6/iceoryx_hoofs/platform/platform_settings.hpp
[0.812s] -- Up-to-date: /root/ros2_ws/install/iceoryx_hoofs/include/iceoryx/v2.0.6/iceoryx_hoofs/platform/pthread.hpp
[0.812s] -- Up-to-date: /root/ros2_ws/install/iceoryx_hoofs/include/iceoryx/v2.0.6/iceoryx_hoofs/platform/pwd.hpp
[0.812s] -- Up-to-date: /root/ros2_ws/install/iceoryx_hoofs/include/iceoryx/v2.0.6/iceoryx_hoofs/platform/resource.hpp
[0.812s] -- Up-to-date: /root/ros2_ws/install/iceoryx_hoofs/include/iceoryx/v2.0.6/iceoryx_hoofs/platform/semaphore.hpp
[0.812s] -- Up-to-date: /root/ros2_ws/install/iceoryx_hoofs/include/iceoryx/v2.0.6/iceoryx_hoofs/platform/signal.hpp
[0.812s] -- Up-to-date: /root/ros2_ws/install/iceoryx_hoofs/include/iceoryx/v2.0.6/iceoryx_hoofs/platform/socket.hpp
[0.812s] -- Up-to-date: /root/ros2_ws/install/iceoryx_hoofs/include/iceoryx/v2.0.6/iceoryx_hoofs/platform/stat.hpp
[0.812s] -- Up-to-date: /root/ros2_ws/install/iceoryx_hoofs/include/iceoryx/v2.0.6/iceoryx_hoofs/platform/time.hpp
[0.812s] -- Up-to-date: /root/ros2_ws/install/iceoryx_hoofs/include/iceoryx/v2.0.6/iceoryx_hoofs/platform/types.hpp
[0.813s] -- Up-to-date: /root/ros2_ws/install/iceoryx_hoofs/include/iceoryx/v2.0.6/iceoryx_hoofs/platform/un.hpp
[0.813s] -- Up-to-date: /root/ros2_ws/install/iceoryx_hoofs/include/iceoryx/v2.0.6/iceoryx_hoofs/platform/unistd.hpp
[0.813s] -- Up-to-date: /root/ros2_ws/install/iceoryx_hoofs/include/iceoryx/v2.0.6/iceoryx_hoofs/platform/wait.hpp
[0.813s] -- Up-to-date: /root/ros2_ws/install/iceoryx_hoofs/lib/libiceoryx_hoofs.so
[0.813s] -- Up-to-date: /root/ros2_ws/install/iceoryx_hoofs/lib/libiceoryx_platform.so
[0.813s] -- Up-to-date: /root/ros2_ws/install/iceoryx_hoofs/include/iceoryx/v2.0.6
[0.813s] -- Up-to-date: /root/ros2_ws/install/iceoryx_hoofs/include/iceoryx/v2.0.6/iceoryx_hoofs
[0.813s] -- Up-to-date: /root/ros2_ws/install/iceoryx_hoofs/include/iceoryx/v2.0.6/iceoryx_hoofs/concurrent
[0.813s] -- Up-to-date: /root/ros2_ws/install/iceoryx_hoofs/include/iceoryx/v2.0.6/iceoryx_hoofs/concurrent/lockfree_queue.hpp
[0.813s] -- Up-to-date: /root/ros2_ws/install/iceoryx_hoofs/include/iceoryx/v2.0.6/iceoryx_hoofs/concurrent/resizeable_lockfree_queue.hpp
[0.813s] -- Up-to-date: /root/ros2_ws/install/iceoryx_hoofs/include/iceoryx/v2.0.6/iceoryx_hoofs/cxx
[0.813s] -- Up-to-date: /root/ros2_ws/install/iceoryx_hoofs/include/iceoryx/v2.0.6/iceoryx_hoofs/cxx/.clang-tidy
[0.813s] -- Up-to-date: /root/ros2_ws/install/iceoryx_hoofs/include/iceoryx/v2.0.6/iceoryx_hoofs/cxx/algorithm.hpp
[0.813s] -- Up-to-date: /root/ros2_ws/install/iceoryx_hoofs/include/iceoryx/v2.0.6/iceoryx_hoofs/cxx/attributes.hpp
[0.813s] -- Up-to-date: /root/ros2_ws/install/iceoryx_hoofs/include/iceoryx/v2.0.6/iceoryx_hoofs/cxx/convert.hpp
[0.813s] -- Up-to-date: /root/ros2_ws/install/iceoryx_hoofs/include/iceoryx/v2.0.6/iceoryx_hoofs/cxx/deadline_timer.hpp
[0.813s] -- Up-to-date: /root/ros2_ws/install/iceoryx_hoofs/include/iceoryx/v2.0.6/iceoryx_hoofs/cxx/expected.hpp
[0.813s] -- Up-to-date: /root/ros2_ws/install/iceoryx_hoofs/include/iceoryx/v2.0.6/iceoryx_hoofs/cxx/filesystem.hpp
[0.813s] -- Up-to-date: /root/ros2_ws/install/iceoryx_hoofs/include/iceoryx/v2.0.6/iceoryx_hoofs/cxx/forward_list.hpp
[0.813s] -- Up-to-date: /root/ros2_ws/install/iceoryx_hoofs/include/iceoryx/v2.0.6/iceoryx_hoofs/cxx/function.hpp
[0.813s] -- Up-to-date: /root/ros2_ws/install/iceoryx_hoofs/include/iceoryx/v2.0.6/iceoryx_hoofs/cxx/function_ref.hpp
[0.814s] -- Up-to-date: /root/ros2_ws/install/iceoryx_hoofs/include/iceoryx/v2.0.6/iceoryx_hoofs/cxx/functional_interface.hpp
[0.814s] -- Up-to-date: /root/ros2_ws/install/iceoryx_hoofs/include/iceoryx/v2.0.6/iceoryx_hoofs/cxx/generic_raii.hpp
[0.814s] -- Up-to-date: /root/ros2_ws/install/iceoryx_hoofs/include/iceoryx/v2.0.6/iceoryx_hoofs/cxx/helplets.hpp
[0.814s] -- Up-to-date: /root/ros2_ws/install/iceoryx_hoofs/include/iceoryx/v2.0.6/iceoryx_hoofs/cxx/list.hpp
[0.814s] -- Up-to-date: /root/ros2_ws/install/iceoryx_hoofs/include/iceoryx/v2.0.6/iceoryx_hoofs/cxx/method_callback.hpp
[0.814s] -- Up-to-date: /root/ros2_ws/install/iceoryx_hoofs/include/iceoryx/v2.0.6/iceoryx_hoofs/cxx/newtype.hpp
[0.814s] -- Up-to-date: /root/ros2_ws/install/iceoryx_hoofs/include/iceoryx/v2.0.6/iceoryx_hoofs/cxx/optional.hpp
[0.814s] -- Up-to-date: /root/ros2_ws/install/iceoryx_hoofs/include/iceoryx/v2.0.6/iceoryx_hoofs/cxx/poor_mans_heap.hpp
[0.814s] -- Up-to-date: /root/ros2_ws/install/iceoryx_hoofs/include/iceoryx/v2.0.6/iceoryx_hoofs/cxx/requires.hpp
[0.814s] -- Up-to-date: /root/ros2_ws/install/iceoryx_hoofs/include/iceoryx/v2.0.6/iceoryx_hoofs/cxx/scoped_static.hpp
[0.814s] -- Up-to-date: /root/ros2_ws/install/iceoryx_hoofs/include/iceoryx/v2.0.6/iceoryx_hoofs/cxx/serialization.hpp
[0.814s] -- Up-to-date: /root/ros2_ws/install/iceoryx_hoofs/include/iceoryx/v2.0.6/iceoryx_hoofs/cxx/stack.hpp
[0.814s] -- Up-to-date: /root/ros2_ws/install/iceoryx_hoofs/include/iceoryx/v2.0.6/iceoryx_hoofs/cxx/string.hpp
[0.814s] -- Up-to-date: /root/ros2_ws/install/iceoryx_hoofs/include/iceoryx/v2.0.6/iceoryx_hoofs/cxx/type_traits.hpp
[0.814s] -- Up-to-date: /root/ros2_ws/install/iceoryx_hoofs/include/iceoryx/v2.0.6/iceoryx_hoofs/cxx/types.hpp
[0.814s] -- Up-to-date: /root/ros2_ws/install/iceoryx_hoofs/include/iceoryx/v2.0.6/iceoryx_hoofs/cxx/unique_ptr.hpp
[0.814s] -- Up-to-date: /root/ros2_ws/install/iceoryx_hoofs/include/iceoryx/v2.0.6/iceoryx_hoofs/cxx/variant.hpp
[0.814s] -- Up-to-date: /root/ros2_ws/install/iceoryx_hoofs/include/iceoryx/v2.0.6/iceoryx_hoofs/cxx/variant_queue.hpp
[0.814s] -- Up-to-date: /root/ros2_ws/install/iceoryx_hoofs/include/iceoryx/v2.0.6/iceoryx_hoofs/cxx/vector.hpp
[0.814s] -- Up-to-date: /root/ros2_ws/install/iceoryx_hoofs/include/iceoryx/v2.0.6/iceoryx_hoofs/design_pattern
[0.814s] -- Up-to-date: /root/ros2_ws/install/iceoryx_hoofs/include/iceoryx/v2.0.6/iceoryx_hoofs/design_pattern/creation.hpp
[0.814s] -- Up-to-date: /root/ros2_ws/install/iceoryx_hoofs/include/iceoryx/v2.0.6/iceoryx_hoofs/error_handling
[0.814s] -- Up-to-date: /root/ros2_ws/install/iceoryx_hoofs/include/iceoryx/v2.0.6/iceoryx_hoofs/error_handling/error_handling.hpp
[0.814s] -- Up-to-date: /root/ros2_ws/install/iceoryx_hoofs/include/iceoryx/v2.0.6/iceoryx_hoofs/internal
[0.814s] -- Up-to-date: /root/ros2_ws/install/iceoryx_hoofs/include/iceoryx/v2.0.6/iceoryx_hoofs/internal/concurrent
[0.814s] -- Up-to-date: /root/ros2_ws/install/iceoryx_hoofs/include/iceoryx/v2.0.6/iceoryx_hoofs/internal/concurrent/active_object.hpp
[0.815s] -- Up-to-date: /root/ros2_ws/install/iceoryx_hoofs/include/iceoryx/v2.0.6/iceoryx_hoofs/internal/concurrent/fifo.hpp
[0.815s] -- Up-to-date: /root/ros2_ws/install/iceoryx_hoofs/include/iceoryx/v2.0.6/iceoryx_hoofs/internal/concurrent/fifo.inl
[0.815s] -- Up-to-date: /root/ros2_ws/install/iceoryx_hoofs/include/iceoryx/v2.0.6/iceoryx_hoofs/internal/concurrent/lockfree_queue
[0.815s] -- Up-to-date: /root/ros2_ws/install/iceoryx_hoofs/include/iceoryx/v2.0.6/iceoryx_hoofs/internal/concurrent/lockfree_queue/buffer.hpp
[0.815s] -- Up-to-date: /root/ros2_ws/install/iceoryx_hoofs/include/iceoryx/v2.0.6/iceoryx_hoofs/internal/concurrent/lockfree_queue/buffer.inl
[0.815s] -- Up-to-date: /root/ros2_ws/install/iceoryx_hoofs/include/iceoryx/v2.0.6/iceoryx_hoofs/internal/concurrent/lockfree_queue/cyclic_index.hpp
[0.815s] -- Up-to-date: /root/ros2_ws/install/iceoryx_hoofs/include/iceoryx/v2.0.6/iceoryx_hoofs/internal/concurrent/lockfree_queue/cyclic_index.inl
[0.815s] -- Up-to-date: /root/ros2_ws/install/iceoryx_hoofs/include/iceoryx/v2.0.6/iceoryx_hoofs/internal/concurrent/lockfree_queue/index_queue.hpp
[0.815s] -- Up-to-date: /root/ros2_ws/install/iceoryx_hoofs/include/iceoryx/v2.0.6/iceoryx_hoofs/internal/concurrent/lockfree_queue/index_queue.inl
[0.815s] -- Up-to-date: /root/ros2_ws/install/iceoryx_hoofs/include/iceoryx/v2.0.6/iceoryx_hoofs/internal/concurrent/lockfree_queue/lockfree_queue.inl
[0.815s] -- Up-to-date: /root/ros2_ws/install/iceoryx_hoofs/include/iceoryx/v2.0.6/iceoryx_hoofs/internal/concurrent/lockfree_queue/resizeable_lockfree_queue.inl
[0.815s] -- Up-to-date: /root/ros2_ws/install/iceoryx_hoofs/include/iceoryx/v2.0.6/iceoryx_hoofs/internal/concurrent/loffli.hpp
[0.815s] -- Up-to-date: /root/ros2_ws/install/iceoryx_hoofs/include/iceoryx/v2.0.6/iceoryx_hoofs/internal/concurrent/loffli.inl
[0.815s] -- Up-to-date: /root/ros2_ws/install/iceoryx_hoofs/include/iceoryx/v2.0.6/iceoryx_hoofs/internal/concurrent/periodic_task.hpp
[0.815s] -- Up-to-date: /root/ros2_ws/install/iceoryx_hoofs/include/iceoryx/v2.0.6/iceoryx_hoofs/internal/concurrent/periodic_task.inl
[0.815s] -- Up-to-date: /root/ros2_ws/install/iceoryx_hoofs/include/iceoryx/v2.0.6/iceoryx_hoofs/internal/concurrent/smart_lock.hpp
[0.815s] -- Up-to-date: /root/ros2_ws/install/iceoryx_hoofs/include/iceoryx/v2.0.6/iceoryx_hoofs/internal/concurrent/smart_lock.inl
[0.815s] -- Up-to-date: /root/ros2_ws/install/iceoryx_hoofs/include/iceoryx/v2.0.6/iceoryx_hoofs/internal/concurrent/sofi.hpp
[0.815s] -- Up-to-date: /root/ros2_ws/install/iceoryx_hoofs/include/iceoryx/v2.0.6/iceoryx_hoofs/internal/concurrent/sofi.inl
[0.815s] -- Up-to-date: /root/ros2_ws/install/iceoryx_hoofs/include/iceoryx/v2.0.6/iceoryx_hoofs/internal/concurrent/taco.hpp
[0.815s] -- Up-to-date: /root/ros2_ws/install/iceoryx_hoofs/include/iceoryx/v2.0.6/iceoryx_hoofs/internal/concurrent/trigger_queue.hpp
[0.815s] -- Up-to-date: /root/ros2_ws/install/iceoryx_hoofs/include/iceoryx/v2.0.6/iceoryx_hoofs/internal/concurrent/trigger_queue.inl
[0.815s] -- Up-to-date: /root/ros2_ws/install/iceoryx_hoofs/include/iceoryx/v2.0.6/iceoryx_hoofs/internal/cxx
[0.815s] -- Up-to-date: /root/ros2_ws/install/iceoryx_hoofs/include/iceoryx/v2.0.6/iceoryx_hoofs/internal/cxx/.clang-tidy
[0.815s] -- Up-to-date: /root/ros2_ws/install/iceoryx_hoofs/include/iceoryx/v2.0.6/iceoryx_hoofs/internal/cxx/algorithm.inl
[0.815s] -- Up-to-date: /root/ros2_ws/install/iceoryx_hoofs/include/iceoryx/v2.0.6/iceoryx_hoofs/internal/cxx/convert.inl
[0.815s] -- Up-to-date: /root/ros2_ws/install/iceoryx_hoofs/include/iceoryx/v2.0.6/iceoryx_hoofs/internal/cxx/expected.inl
[0.815s] -- Up-to-date: /root/ros2_ws/install/iceoryx_hoofs/include/iceoryx/v2.0.6/iceoryx_hoofs/internal/cxx/forward_list.inl
[0.816s] -- Up-to-date: /root/ros2_ws/install/iceoryx_hoofs/include/iceoryx/v2.0.6/iceoryx_hoofs/internal/cxx/function_ref.inl
[0.816s] -- Up-to-date: /root/ros2_ws/install/iceoryx_hoofs/include/iceoryx/v2.0.6/iceoryx_hoofs/internal/cxx/functional_interface.inl
[0.816s] -- Up-to-date: /root/ros2_ws/install/iceoryx_hoofs/include/iceoryx/v2.0.6/iceoryx_hoofs/internal/cxx/helplets.inl
[0.816s] -- Up-to-date: /root/ros2_ws/install/iceoryx_hoofs/include/iceoryx/v2.0.6/iceoryx_hoofs/internal/cxx/list.inl
[0.816s] -- Up-to-date: /root/ros2_ws/install/iceoryx_hoofs/include/iceoryx/v2.0.6/iceoryx_hoofs/internal/cxx/method_callback.inl
[0.816s] -- Up-to-date: /root/ros2_ws/install/iceoryx_hoofs/include/iceoryx/v2.0.6/iceoryx_hoofs/internal/cxx/newtype.inl
[0.816s] -- Up-to-date: /root/ros2_ws/install/iceoryx_hoofs/include/iceoryx/v2.0.6/iceoryx_hoofs/internal/cxx/newtype
[0.816s] -- Up-to-date: /root/ros2_ws/install/iceoryx_hoofs/include/iceoryx/v2.0.6/iceoryx_hoofs/internal/cxx/newtype/assignment.hpp
[0.816s] -- Up-to-date: /root/ros2_ws/install/iceoryx_hoofs/include/iceoryx/v2.0.6/iceoryx_hoofs/internal/cxx/newtype/comparable.hpp
[0.816s] -- Up-to-date: /root/ros2_ws/install/iceoryx_hoofs/include/iceoryx/v2.0.6/iceoryx_hoofs/internal/cxx/newtype/constructor.hpp
[0.816s] -- Up-to-date: /root/ros2_ws/install/iceoryx_hoofs/include/iceoryx/v2.0.6/iceoryx_hoofs/internal/cxx/newtype/convertable.hpp
[0.816s] -- Up-to-date: /root/ros2_ws/install/iceoryx_hoofs/include/iceoryx/v2.0.6/iceoryx_hoofs/internal/cxx/newtype/internal.hpp
[0.816s] -- Up-to-date: /root/ros2_ws/install/iceoryx_hoofs/include/iceoryx/v2.0.6/iceoryx_hoofs/internal/cxx/newtype/protected_constructor.hpp
[0.816s] -- Up-to-date: /root/ros2_ws/install/iceoryx_hoofs/include/iceoryx/v2.0.6/iceoryx_hoofs/internal/cxx/newtype/sortable.hpp
[0.816s] -- Up-to-date: /root/ros2_ws/install/iceoryx_hoofs/include/iceoryx/v2.0.6/iceoryx_hoofs/internal/cxx/optional.inl
[0.816s] -- Up-to-date: /root/ros2_ws/install/iceoryx_hoofs/include/iceoryx/v2.0.6/iceoryx_hoofs/internal/cxx/pair.hpp
[0.816s] -- Up-to-date: /root/ros2_ws/install/iceoryx_hoofs/include/iceoryx/v2.0.6/iceoryx_hoofs/internal/cxx/poor_mans_heap.inl
[0.816s] -- Up-to-date: /root/ros2_ws/install/iceoryx_hoofs/include/iceoryx/v2.0.6/iceoryx_hoofs/internal/cxx/reference_counter.hpp
[0.816s] -- Up-to-date: /root/ros2_ws/install/iceoryx_hoofs/include/iceoryx/v2.0.6/iceoryx_hoofs/internal/cxx/reference_counter.inl
[0.816s] -- Up-to-date: /root/ros2_ws/install/iceoryx_hoofs/include/iceoryx/v2.0.6/iceoryx_hoofs/internal/cxx/scoped_static.inl
[0.816s] -- Up-to-date: /root/ros2_ws/install/iceoryx_hoofs/include/iceoryx/v2.0.6/iceoryx_hoofs/internal/cxx/serialization.inl
[0.816s] -- Up-to-date: /root/ros2_ws/install/iceoryx_hoofs/include/iceoryx/v2.0.6/iceoryx_hoofs/internal/cxx/set.hpp
[0.816s] -- Up-to-date: /root/ros2_ws/install/iceoryx_hoofs/include/iceoryx/v2.0.6/iceoryx_hoofs/internal/cxx/stack.inl
[0.816s] -- Up-to-date: /root/ros2_ws/install/iceoryx_hoofs/include/iceoryx/v2.0.6/iceoryx_hoofs/internal/cxx/static_storage.hpp
[0.816s] -- Up-to-date: /root/ros2_ws/install/iceoryx_hoofs/include/iceoryx/v2.0.6/iceoryx_hoofs/internal/cxx/static_storage.inl
[0.816s] -- Up-to-date: /root/ros2_ws/install/iceoryx_hoofs/include/iceoryx/v2.0.6/iceoryx_hoofs/internal/cxx/storable_function.hpp
[0.817s] -- Up-to-date: /root/ros2_ws/install/iceoryx_hoofs/include/iceoryx/v2.0.6/iceoryx_hoofs/internal/cxx/storable_function.inl
[0.817s] -- Up-to-date: /root/ros2_ws/install/iceoryx_hoofs/include/iceoryx/v2.0.6/iceoryx_hoofs/internal/cxx/string.inl
[0.817s] -- Up-to-date: /root/ros2_ws/install/iceoryx_hoofs/include/iceoryx/v2.0.6/iceoryx_hoofs/internal/cxx/string_internal.hpp
[0.817s] -- Up-to-date: /root/ros2_ws/install/iceoryx_hoofs/include/iceoryx/v2.0.6/iceoryx_hoofs/internal/cxx/unique_id.hpp
[0.817s] -- Up-to-date: /root/ros2_ws/install/iceoryx_hoofs/include/iceoryx/v2.0.6/iceoryx_hoofs/internal/cxx/unique_ptr.inl
[0.817s] -- Up-to-date: /root/ros2_ws/install/iceoryx_hoofs/include/iceoryx/v2.0.6/iceoryx_hoofs/internal/cxx/variant.inl
[0.817s] -- Up-to-date: /root/ros2_ws/install/iceoryx_hoofs/include/iceoryx/v2.0.6/iceoryx_hoofs/internal/cxx/variant_internal.hpp
[0.817s] -- Up-to-date: /root/ros2_ws/install/iceoryx_hoofs/include/iceoryx/v2.0.6/iceoryx_hoofs/internal/cxx/variant_queue.inl
[0.817s] -- Up-to-date: /root/ros2_ws/install/iceoryx_hoofs/include/iceoryx/v2.0.6/iceoryx_hoofs/internal/cxx/vector.inl
[0.817s] -- Up-to-date: /root/ros2_ws/install/iceoryx_hoofs/include/iceoryx/v2.0.6/iceoryx_hoofs/internal/design_pattern
[0.817s] -- Up-to-date: /root/ros2_ws/install/iceoryx_hoofs/include/iceoryx/v2.0.6/iceoryx_hoofs/internal/design_pattern/creation.inl
[0.817s] -- Up-to-date: /root/ros2_ws/install/iceoryx_hoofs/include/iceoryx/v2.0.6/iceoryx_hoofs/internal/file_reader
[0.817s] -- Up-to-date: /root/ros2_ws/install/iceoryx_hoofs/include/iceoryx/v2.0.6/iceoryx_hoofs/internal/file_reader/file_reader.hpp
[0.817s] -- Up-to-date: /root/ros2_ws/install/iceoryx_hoofs/include/iceoryx/v2.0.6/iceoryx_hoofs/internal/graphs
[0.817s] -- Up-to-date: /root/ros2_ws/install/iceoryx_hoofs/include/iceoryx/v2.0.6/iceoryx_hoofs/internal/graphs/directed_acyclic_graph.hpp
[0.817s] -- Up-to-date: /root/ros2_ws/install/iceoryx_hoofs/include/iceoryx/v2.0.6/iceoryx_hoofs/internal/graphs/directed_graph.hpp
[0.817s] -- Up-to-date: /root/ros2_ws/install/iceoryx_hoofs/include/iceoryx/v2.0.6/iceoryx_hoofs/internal/objectpool
[0.817s] -- Up-to-date: /root/ros2_ws/install/iceoryx_hoofs/include/iceoryx/v2.0.6/iceoryx_hoofs/internal/objectpool/objectpool.hpp
[0.817s] -- Up-to-date: /root/ros2_ws/install/iceoryx_hoofs/include/iceoryx/v2.0.6/iceoryx_hoofs/internal/posix_wrapper
[0.817s] -- Up-to-date: /root/ros2_ws/install/iceoryx_hoofs/include/iceoryx/v2.0.6/iceoryx_hoofs/internal/posix_wrapper/access_control.hpp
[0.817s] -- Up-to-date: /root/ros2_ws/install/iceoryx_hoofs/include/iceoryx/v2.0.6/iceoryx_hoofs/internal/posix_wrapper/ipc_channel.hpp
[0.817s] -- Up-to-date: /root/ros2_ws/install/iceoryx_hoofs/include/iceoryx/v2.0.6/iceoryx_hoofs/internal/posix_wrapper/message_queue.hpp
[0.817s] -- Up-to-date: /root/ros2_ws/install/iceoryx_hoofs/include/iceoryx/v2.0.6/iceoryx_hoofs/internal/posix_wrapper/mutex.hpp
[0.817s] -- Up-to-date: /root/ros2_ws/install/iceoryx_hoofs/include/iceoryx/v2.0.6/iceoryx_hoofs/internal/posix_wrapper/posix_call.inl
[0.817s] -- Up-to-date: /root/ros2_ws/install/iceoryx_hoofs/include/iceoryx/v2.0.6/iceoryx_hoofs/internal/posix_wrapper/shared_memory_object.hpp
[0.817s] -- Up-to-date: /root/ros2_ws/install/iceoryx_hoofs/include/iceoryx/v2.0.6/iceoryx_hoofs/internal/posix_wrapper/shared_memory_object
[0.817s] -- Up-to-date: /root/ros2_ws/install/iceoryx_hoofs/include/iceoryx/v2.0.6/iceoryx_hoofs/internal/posix_wrapper/shared_memory_object/allocator.hpp
[0.817s] -- Up-to-date: /root/ros2_ws/install/iceoryx_hoofs/include/iceoryx/v2.0.6/iceoryx_hoofs/internal/posix_wrapper/shared_memory_object/memory_map.hpp
[0.817s] -- Up-to-date: /root/ros2_ws/install/iceoryx_hoofs/include/iceoryx/v2.0.6/iceoryx_hoofs/internal/posix_wrapper/shared_memory_object/shared_memory.hpp
[0.818s] -- Up-to-date: /root/ros2_ws/install/iceoryx_hoofs/include/iceoryx/v2.0.6/iceoryx_hoofs/internal/posix_wrapper/system_configuration.hpp
[0.818s] -- Up-to-date: /root/ros2_ws/install/iceoryx_hoofs/include/iceoryx/v2.0.6/iceoryx_hoofs/internal/posix_wrapper/unix_domain_socket.hpp
[0.818s] -- Up-to-date: /root/ros2_ws/install/iceoryx_hoofs/include/iceoryx/v2.0.6/iceoryx_hoofs/internal/relocatable_pointer
[0.818s] -- Up-to-date: /root/ros2_ws/install/iceoryx_hoofs/include/iceoryx/v2.0.6/iceoryx_hoofs/internal/relocatable_pointer/atomic_relocatable_pointer.hpp
[0.818s] -- Up-to-date: /root/ros2_ws/install/iceoryx_hoofs/include/iceoryx/v2.0.6/iceoryx_hoofs/internal/relocatable_pointer/atomic_relocatable_pointer.inl
[0.818s] -- Up-to-date: /root/ros2_ws/install/iceoryx_hoofs/include/iceoryx/v2.0.6/iceoryx_hoofs/internal/relocatable_pointer/base_relative_pointer.hpp
[0.818s] -- Up-to-date: /root/ros2_ws/install/iceoryx_hoofs/include/iceoryx/v2.0.6/iceoryx_hoofs/internal/relocatable_pointer/pointer_repository.hpp
[0.818s] -- Up-to-date: /root/ros2_ws/install/iceoryx_hoofs/include/iceoryx/v2.0.6/iceoryx_hoofs/internal/relocatable_pointer/pointer_repository.inl
[0.818s] -- Up-to-date: /root/ros2_ws/install/iceoryx_hoofs/include/iceoryx/v2.0.6/iceoryx_hoofs/internal/relocatable_pointer/relative_pointer.hpp
[0.818s] -- Up-to-date: /root/ros2_ws/install/iceoryx_hoofs/include/iceoryx/v2.0.6/iceoryx_hoofs/internal/relocatable_pointer/relative_pointer.inl
[0.818s] -- Up-to-date: /root/ros2_ws/install/iceoryx_hoofs/include/iceoryx/v2.0.6/iceoryx_hoofs/internal/relocatable_pointer/relative_pointer_data.hpp
[0.818s] -- Up-to-date: /root/ros2_ws/install/iceoryx_hoofs/include/iceoryx/v2.0.6/iceoryx_hoofs/internal/relocatable_pointer/relative_pointer_data.inl
[0.818s] -- Up-to-date: /root/ros2_ws/install/iceoryx_hoofs/include/iceoryx/v2.0.6/iceoryx_hoofs/internal/relocatable_pointer/relocatable_ptr.hpp
[0.818s] -- Up-to-date: /root/ros2_ws/install/iceoryx_hoofs/include/iceoryx/v2.0.6/iceoryx_hoofs/internal/relocatable_pointer/relocatable_ptr.inl
[0.818s] -- Up-to-date: /root/ros2_ws/install/iceoryx_hoofs/include/iceoryx/v2.0.6/iceoryx_hoofs/internal/units
[0.818s] -- Up-to-date: /root/ros2_ws/install/iceoryx_hoofs/include/iceoryx/v2.0.6/iceoryx_hoofs/internal/units/duration.hpp
[0.818s] -- Up-to-date: /root/ros2_ws/install/iceoryx_hoofs/include/iceoryx/v2.0.6/iceoryx_hoofs/internal/units/duration.inl
[0.819s] -- Up-to-date: /root/ros2_ws/install/iceoryx_hoofs/include/iceoryx/v2.0.6/iceoryx_hoofs/log
[0.819s] -- Up-to-date: /root/ros2_ws/install/iceoryx_hoofs/include/iceoryx/v2.0.6/iceoryx_hoofs/log/logcommon.hpp
[0.819s] -- Up-to-date: /root/ros2_ws/install/iceoryx_hoofs/include/iceoryx/v2.0.6/iceoryx_hoofs/log/logger.hpp
[0.819s] -- Up-to-date: /root/ros2_ws/install/iceoryx_hoofs/include/iceoryx/v2.0.6/iceoryx_hoofs/log/logging.hpp
[0.819s] -- Up-to-date: /root/ros2_ws/install/iceoryx_hoofs/include/iceoryx/v2.0.6/iceoryx_hoofs/log/logging_free_function_building_block.hpp
[0.819s] -- Up-to-date: /root/ros2_ws/install/iceoryx_hoofs/include/iceoryx/v2.0.6/iceoryx_hoofs/log/logmanager.hpp
[0.819s] -- Up-to-date: /root/ros2_ws/install/iceoryx_hoofs/include/iceoryx/v2.0.6/iceoryx_hoofs/log/logstream.hpp
[0.819s] -- Up-to-date: /root/ros2_ws/install/iceoryx_hoofs/include/iceoryx/v2.0.6/iceoryx_hoofs/posix_wrapper
[0.819s] -- Up-to-date: /root/ros2_ws/install/iceoryx_hoofs/include/iceoryx/v2.0.6/iceoryx_hoofs/posix_wrapper/file_lock.hpp
[0.819s] -- Up-to-date: /root/ros2_ws/install/iceoryx_hoofs/include/iceoryx/v2.0.6/iceoryx_hoofs/posix_wrapper/named_pipe.hpp
[0.819s] -- Up-to-date: /root/ros2_ws/install/iceoryx_hoofs/include/iceoryx/v2.0.6/iceoryx_hoofs/posix_wrapper/posix_access_rights.hpp
[0.819s] -- Up-to-date: /root/ros2_ws/install/iceoryx_hoofs/include/iceoryx/v2.0.6/iceoryx_hoofs/posix_wrapper/posix_call.hpp
[0.819s] -- Up-to-date: /root/ros2_ws/install/iceoryx_hoofs/include/iceoryx/v2.0.6/iceoryx_hoofs/posix_wrapper/semaphore.hpp
[0.819s] -- Up-to-date: /root/ros2_ws/install/iceoryx_hoofs/include/iceoryx/v2.0.6/iceoryx_hoofs/posix_wrapper/signal_handler.hpp
[0.819s] -- Up-to-date: /root/ros2_ws/install/iceoryx_hoofs/include/iceoryx/v2.0.6/iceoryx_hoofs/posix_wrapper/signal_watcher.hpp
[0.819s] -- Up-to-date: /root/ros2_ws/install/iceoryx_hoofs/include/iceoryx/v2.0.6/iceoryx_hoofs/posix_wrapper/thread.hpp
[0.820s] -- Up-to-date: /root/ros2_ws/install/iceoryx_hoofs/include/iceoryx/v2.0.6/iceoryx_hoofs/posix_wrapper/timer.hpp
[0.820s] -- Up-to-date: /root/ros2_ws/install/iceoryx_hoofs/lib/cmake/iceoryx_hoofs/iceoryx_hoofsConfigVersion.cmake
[0.820s] -- Up-to-date: /root/ros2_ws/install/iceoryx_hoofs/lib/cmake/iceoryx_hoofs/iceoryx_hoofsConfig.cmake
[0.820s] -- Up-to-date: /root/ros2_ws/install/iceoryx_hoofs/lib/cmake/iceoryx_hoofs/iceoryx_hoofsTargets.cmake
[0.820s] -- Up-to-date: /root/ros2_ws/install/iceoryx_hoofs/lib/cmake/iceoryx_hoofs/iceoryx_hoofsTargets-noconfig.cmake
[0.820s] -- Up-to-date: /root/ros2_ws/install/iceoryx_hoofs/lib/cmake/iceoryx_hoofs/IceoryxPackageHelper.cmake
[0.820s] -- Up-to-date: /root/ros2_ws/install/iceoryx_hoofs/lib/cmake/iceoryx_hoofs/IceoryxPlatform.cmake
[0.820s] -- Up-to-date: /root/ros2_ws/install/iceoryx_hoofs/lib/cmake/iceoryx_hoofs/IceoryxVersion.cmake
[0.820s] -- Up-to-date: /root/ros2_ws/install/iceoryx_hoofs/share/doc/iceoryx_hoofs/LICENSE
[0.820s] Invoked command in '/root/ros2_ws/build/iceoryx_hoofs' returned '0': CMAKE_PREFIX_PATH=/opt/ros/humble /usr/bin/cmake --install /root/ros2_ws/build/iceoryx_hoofs
