-- The C compiler identification is GNU 11.4.0
-- The CXX compiler identification is GNU 11.4.0
-- Detecting C compiler ABI info
-- Detecting C compiler ABI info - done
-- Check for working C compiler: /usr/bin/cc - skipped
-- Detecting C compile features
-- Detecting C compile features - done
-- Detecting CXX compiler ABI info
-- Detecting CXX compiler ABI info - done
-- Check for working CXX compiler: /usr/bin/c++ - skipped
-- Detecting CXX compile features
-- Detecting CXX compile features - done
-- Found ament_cmake_core: 1.3.14 (/root/ros2_ws/install/ament_cmake_core/share/ament_cmake_core/cmake)
-- Found Python3: /usr/bin/python3 (found version "3.10.12") found components: Interpreter 
-- Override CMake install command with custom implementation using symlinks instead of copying resources
-- Found ament_cmake_gtest: 1.3.14 (/root/ros2_ws/install/ament_cmake_gtest/share/ament_cmake_gtest/cmake)
-- Create new version file for version 1.3.14
-- Create new version file for version 1.3.14
-- Create new version file for version 1.3.14
-- Create new version file for version 1.3.14
-- Found gtest sources under '/root/ros2_ws/install/gtest_vendor/src/gtest_vendor': C++ tests using 'Google Test' will be built
-- Looking for pthread.h
-- Looking for pthread.h - found
-- Performing Test CMAKE_HAVE_LIBC_PTHREAD
-- Performing Test CMAKE_HAVE_LIBC_PTHREAD - Success
-- Found Threads: TRUE  
-- Configuring done
-- Generating done
-- Build files have been written to: /root/ros2_ws/build/ament_cmake_gen_version_h
[  8%] Generating ament_generate_version_header/version.hpp
[ 16%] Building CXX object gtest/CMakeFiles/gtest_main.dir/src/gtest_main.cc.o
[ 25%] Building CXX object gtest/CMakeFiles/gtest.dir/src/gtest-all.cc.o
[ 25%] Built target ament_generate_version_header__some_lib
[ 33%] Linking CXX static library libgtest_main.a
[ 33%] Built target gtest_main
[ 41%] Linking CXX static library libgtest.a
[ 41%] Built target gtest
[ 50%] Building CXX object CMakeFiles/test_ament_cmake_gen_version_h.dir/test/test_version_h.cpp.o
[ 58%] Building CXX object CMakeFiles/test_ament_cmake_gen_version_h.dir/test/test_version2_h.cpp.o
[ 66%] Building CXX object CMakeFiles/test_ament_cmake_gen_version_h.dir/test/test_version_custom.cpp.o
[ 75%] Building CXX object CMakeFiles/test_ament_cmake_gen_version_h.dir/test/test_version1_h.cpp.o
[ 83%] Building CXX object CMakeFiles/test_ament_generate_version_header.dir/test/test_version_hpp.cpp.o
[ 91%] Linking CXX executable test_ament_generate_version_header
[100%] Linking CXX executable test_ament_cmake_gen_version_h
[100%] Built target test_ament_generate_version_header
[100%] Built target test_ament_cmake_gen_version_h
-- Install configuration: ""
-- Execute custom install script
-- Symlinking: /root/ros2_ws/install/ament_cmake_gen_version_h/share/ament_index/resource_index/package_run_dependencies/ament_cmake_gen_version_h
-- Symlinking: /root/ros2_ws/install/ament_cmake_gen_version_h/share/ament_index/resource_index/parent_prefix_path/ament_cmake_gen_version_h
-- Symlinking: /root/ros2_ws/install/ament_cmake_gen_version_h/share/ament_cmake_gen_version_h/environment/ament_prefix_path.sh
-- Symlinking: /root/ros2_ws/install/ament_cmake_gen_version_h/share/ament_cmake_gen_version_h/environment/ament_prefix_path.dsv
-- Symlinking: /root/ros2_ws/install/ament_cmake_gen_version_h/share/ament_cmake_gen_version_h/environment/path.sh
-- Symlinking: /root/ros2_ws/install/ament_cmake_gen_version_h/share/ament_cmake_gen_version_h/environment/path.dsv
-- Symlinking: /root/ros2_ws/install/ament_cmake_gen_version_h/share/ament_cmake_gen_version_h/local_setup.bash
-- Symlinking: /root/ros2_ws/install/ament_cmake_gen_version_h/share/ament_cmake_gen_version_h/local_setup.sh
-- Symlinking: /root/ros2_ws/install/ament_cmake_gen_version_h/share/ament_cmake_gen_version_h/local_setup.zsh
-- Symlinking: /root/ros2_ws/install/ament_cmake_gen_version_h/share/ament_cmake_gen_version_h/local_setup.dsv
-- Symlinking: /root/ros2_ws/install/ament_cmake_gen_version_h/share/ament_cmake_gen_version_h/package.dsv
-- Symlinking: /root/ros2_ws/install/ament_cmake_gen_version_h/share/ament_index/resource_index/packages/ament_cmake_gen_version_h
-- Symlinking: /root/ros2_ws/install/ament_cmake_gen_version_h/share/ament_cmake_gen_version_h/cmake/ament_cmake_gen_version_h-extras.cmake
-- Symlinking: /root/ros2_ws/install/ament_cmake_gen_version_h/share/ament_cmake_gen_version_h/cmake/ament_cmake_gen_version_hConfig.cmake
-- Symlinking: /root/ros2_ws/install/ament_cmake_gen_version_h/share/ament_cmake_gen_version_h/cmake/ament_cmake_gen_version_hConfig-version.cmake
-- Symlinking: /root/ros2_ws/install/ament_cmake_gen_version_h/share/ament_cmake_gen_version_h/package.xml
-- Symlinking: /root/ros2_ws/install/ament_cmake_gen_version_h/share/ament_cmake_gen_version_h/cmake/ament_cmake_gen_version_h.cmake
-- Symlinking: /root/ros2_ws/install/ament_cmake_gen_version_h/share/ament_cmake_gen_version_h/cmake/ament_generate_version_header.cmake
-- Symlinking: /root/ros2_ws/install/ament_cmake_gen_version_h/share/ament_cmake_gen_version_h/cmake/generate_version_header.cmake.in
-- Symlinking: /root/ros2_ws/install/ament_cmake_gen_version_h/share/ament_cmake_gen_version_h/cmake/version.h.in
