[0.010s] Invoking command in '/root/ros2_ws/build/iceoryx_posh': CMAKE_PREFIX_PATH=/root/ros2_ws/install/iceoryx_hoofs:/opt/ros/humble LD_LIBRARY_PATH=/root/ros2_ws/install/iceoryx_hoofs/lib:${LD_LIBRARY_PATH} PKG_CONFIG_PATH=/root/ros2_ws/install/iceoryx_hoofs/lib/x86_64-linux-gnu/pkgconfig:/root/ros2_ws/install/iceoryx_hoofs/lib/pkgconfig /usr/bin/cmake /root/ros2_ws/src/eclipse-iceoryx/iceoryx/iceoryx_posh -DCMAKE_INSTALL_PREFIX=/root/ros2_ws/install/iceoryx_posh
[0.079s] -- The C compiler identification is GNU 11.4.0
[0.143s] -- The CXX compiler identification is GNU 11.4.0
[0.155s] -- Detecting C compiler ABI info
[0.221s] -- Detecting C compiler ABI info - done
[0.230s] -- Check for working C compiler: /usr/bin/cc - skipped
[0.231s] -- Detecting C compile features
[0.231s] -- Detecting C compile features - done
[0.235s] -- Detecting CXX compiler ABI info
[0.321s] -- Detecting CXX compiler ABI info - done
[0.345s] -- Check for working CXX compiler: /usr/bin/c++ - skipped
[0.345s] -- Detecting CXX compile features
[0.345s] -- Detecting CXX compile features - done
[0.345s] -- Looking for pthread.h
[0.399s] -- Looking for pthread.h - found
[0.400s] -- Performing Test CMAKE_HAVE_LIBC_PTHREAD
[0.666s] -- Performing Test CMAKE_HAVE_LIBC_PTHREAD - Success
[0.666s] -- Found Threads: TRUE  
[0.666s] -- Configuring done
[0.666s] -- Generating done
[0.667s] -- Build files have been written to: /root/ros2_ws/build/iceoryx_posh/dependencies/cpptoml/download
[0.667s] [ 11%] Creating directories for 'ext_cpptoml'
[0.667s] [ 22%] Performing download step (git clone) for 'ext_cpptoml'
[0.669s] Cloning into 'src'...
[1.546s] HEAD is now at fededad one-char typo
[1.572s] Submodule 'deps/meta-cmake' (https://github.com/meta-toolkit/meta-cmake.git) registered for path 'deps/meta-cmake'
[1.575s] Cloning into '/root/ros2_ws/build/iceoryx_posh/dependencies/cpptoml/src/deps/meta-cmake'...
[2.513s] Submodule path 'deps/meta-cmake': checked out 'db7ff976c430a6cb6cbd03ae691be04cfaac0a07'
[2.513s] [ 33%] Performing update step for 'ext_cpptoml'
[2.514s] [ 44%] No patch step for 'ext_cpptoml'
[2.514s] [ 55%] No configure step for 'ext_cpptoml'
[2.514s] [ 66%] No build step for 'ext_cpptoml'
[2.514s] [ 77%] No install step for 'ext_cpptoml'
[2.514s] [ 88%] No test step for 'ext_cpptoml'
[2.673s] [100%] Completed 'ext_cpptoml'
[2.677s] [100%] Built target ext_cpptoml
[2.678s] -- Applying patch for minimal cmake version to cpptoml
[2.678s] -- The C compiler identification is GNU 11.4.0
[2.678s] -- The CXX compiler identification is GNU 11.4.0
[2.678s] -- Detecting C compiler ABI info
[2.695s] -- Detecting C compiler ABI info - done
[2.703s] -- Check for working C compiler: /usr/bin/cc - skipped
[2.703s] -- Detecting C compile features
[2.703s] -- Detecting C compile features - done
[2.707s] -- Detecting CXX compiler ABI info
[2.792s] -- Detecting CXX compiler ABI info - done
[2.801s] -- Check for working CXX compiler: /usr/bin/c++ - skipped
[2.802s] -- Detecting CXX compile features
[2.802s] -- Detecting CXX compile features - done
[2.806s] -- Could NOT find Doxygen (missing: DOXYGEN_EXECUTABLE) 
[2.807s] -- Configuring done
[2.809s] -- Generating done
[2.809s] -- Build files have been written to: /root/ros2_ws/build/iceoryx_posh/dependencies/cpptoml/build
[2.853s] Install the project...
[2.859s] -- Install configuration: ""
[2.859s] -- Installing: /root/ros2_ws/build/iceoryx_posh/dependencies/install/include/cpptoml.h
[2.859s] -- Installing: /root/ros2_ws/build/iceoryx_posh/dependencies/install/lib/cmake/cpptoml/cpptomlTargets.cmake
[2.860s] -- Installing: /root/ros2_ws/build/iceoryx_posh/dependencies/install/lib/cmake/cpptoml/cpptomlConfigVersion.cmake
[2.860s] -- Installing: /root/ros2_ws/build/iceoryx_posh/dependencies/install/lib/cmake/cpptoml/cpptomlConfig.cmake
[2.865s] -- [i] <<<<<<<<<<<<< Start iceoryx_posh configuration: >>>>>>>>>>>>>
[2.865s] -- [i] Using m:n communication!
[2.865s] -- [i] IOX_MAX_PUBLISHERS:512
[2.865s] -- [i] IOX_MAX_SUBSCRIBERS:1024
[2.865s] -- [i] IOX_MAX_INTERFACE_NUMBER:4
[2.865s] -- [i] IOX_MAX_SUBSCRIBERS_PER_PUBLISHER:256
[2.865s] -- [i] IOX_MAX_CHUNKS_ALLOCATED_PER_PUBLISHER_SIMULTANEOUSLY:8
[2.865s] -- [i] IOX_MAX_PUBLISHER_HISTORY:16
[2.865s] -- [i] IOX_MAX_CHUNKS_HELD_PER_SUBSCRIBER_SIMULTANEOUSLY:256
[2.865s] -- [i] <<<<<<<<<<<<<< End iceoryx_posh configuration: >>>>>>>>>>>>>>
[2.866s] fatal: detected dubious ownership in repository at '/root/ros2_ws/src/eclipse-iceoryx/iceoryx'
[2.866s] To add an exception for this directory, call:
[2.866s] 
[2.866s] 	git config --global --add safe.directory /root/ros2_ws/src/eclipse-iceoryx/iceoryx
[2.869s] -- Configuring done
[2.890s] -- Generating done
[2.894s] -- Build files have been written to: /root/ros2_ws/build/iceoryx_posh
[2.898s] Invoked command in '/root/ros2_ws/build/iceoryx_posh' returned '0': CMAKE_PREFIX_PATH=/root/ros2_ws/install/iceoryx_hoofs:/opt/ros/humble LD_LIBRARY_PATH=/root/ros2_ws/install/iceoryx_hoofs/lib:${LD_LIBRARY_PATH} PKG_CONFIG_PATH=/root/ros2_ws/install/iceoryx_hoofs/lib/x86_64-linux-gnu/pkgconfig:/root/ros2_ws/install/iceoryx_hoofs/lib/pkgconfig /usr/bin/cmake /root/ros2_ws/src/eclipse-iceoryx/iceoryx/iceoryx_posh -DCMAKE_INSTALL_PREFIX=/root/ros2_ws/install/iceoryx_posh
[2.899s] Invoking command in '/root/ros2_ws/build/iceoryx_posh': CMAKE_PREFIX_PATH=/root/ros2_ws/install/iceoryx_hoofs:/opt/ros/humble LD_LIBRARY_PATH=/root/ros2_ws/install/iceoryx_hoofs/lib:${LD_LIBRARY_PATH} PKG_CONFIG_PATH=/root/ros2_ws/install/iceoryx_hoofs/lib/x86_64-linux-gnu/pkgconfig:/root/ros2_ws/install/iceoryx_hoofs/lib/pkgconfig /usr/bin/cmake --build /root/ros2_ws/build/iceoryx_posh -- -j16 -l16
[2.946s] [  1%] Building CXX object CMakeFiles/iceoryx_posh.dir/source/mepoo/chunk_settings.cpp.o
[2.947s] [  2%] Building CXX object CMakeFiles/iceoryx_posh.dir/source/capro/service_description.cpp.o
[2.948s] [  3%] Building CXX object CMakeFiles/iceoryx_posh.dir/source/capro/capro_message.cpp.o
[2.949s] [  4%] Building CXX object CMakeFiles/iceoryx_posh.dir/source/mepoo/chunk_header.cpp.o
[2.949s] [  5%] Building CXX object CMakeFiles/iceoryx_posh.dir/source/mepoo/mepoo_config.cpp.o
[2.950s] [  6%] Building CXX object CMakeFiles/iceoryx_posh.dir/source/mepoo/chunk_management.cpp.o
[2.952s] [  7%] Building CXX object CMakeFiles/iceoryx_posh.dir/source/log/posh_logging.cpp.o
[2.953s] [  8%] Building CXX object CMakeFiles/iceoryx_posh.dir/source/mepoo/segment_config.cpp.o
[2.956s] [  9%] Building CXX object CMakeFiles/iceoryx_posh.dir/source/mepoo/memory_manager.cpp.o
[2.960s] [ 10%] Building CXX object CMakeFiles/iceoryx_posh.dir/source/mepoo/shared_chunk.cpp.o
[2.961s] [ 11%] Building CXX object CMakeFiles/iceoryx_posh.dir/source/mepoo/shm_safe_unmanaged_chunk.cpp.o
[2.964s] [ 12%] Building CXX object CMakeFiles/iceoryx_posh.dir/source/mepoo/mem_pool.cpp.o
[2.986s] [ 13%] Building CXX object CMakeFiles/iceoryx_posh.dir/source/mepoo/memory_info.cpp.o
[2.993s] [ 14%] Building CXX object CMakeFiles/iceoryx_posh.dir/source/mepoo/segment_manager.cpp.o
[2.993s] [ 15%] Building CXX object CMakeFiles/iceoryx_posh.dir/source/popo/ports/interface_port.cpp.o
[3.001s] [ 16%] Building CXX object CMakeFiles/iceoryx_posh.dir/source/mepoo/mepoo_segment.cpp.o
[3.054s] [ 17%] Building CXX object CMakeFiles/iceoryx_posh.dir/source/popo/ports/interface_port_data.cpp.o
[3.826s] [ 18%] Building CXX object CMakeFiles/iceoryx_posh.dir/source/popo/ports/base_port_data.cpp.o
[3.857s] [ 20%] Building CXX object CMakeFiles/iceoryx_posh.dir/source/popo/ports/base_port.cpp.o
[3.866s] [ 21%] Building CXX object CMakeFiles/iceoryx_posh.dir/source/popo/ports/publisher_port_data.cpp.o
[3.888s] [ 22%] Building CXX object CMakeFiles/iceoryx_posh.dir/source/popo/ports/publisher_port_user.cpp.o
[4.034s] [ 23%] Building CXX object CMakeFiles/iceoryx_posh.dir/source/popo/ports/publisher_port_roudi.cpp.o
[4.139s] [ 24%] Building CXX object CMakeFiles/iceoryx_posh.dir/source/popo/ports/subscriber_port_user.cpp.o
[4.147s] [ 25%] Building CXX object CMakeFiles/iceoryx_posh.dir/source/popo/ports/subscriber_port_roudi.cpp.o
[4.175s] [ 26%] Building CXX object CMakeFiles/iceoryx_posh.dir/source/popo/ports/subscriber_port_single_producer.cpp.o
[4.507s] [ 27%] Building CXX object CMakeFiles/iceoryx_posh.dir/source/popo/ports/subscriber_port_data.cpp.o
[4.507s] [ 28%] Building CXX object CMakeFiles/iceoryx_posh.dir/source/popo/ports/subscriber_port_multi_producer.cpp.o
[4.507s] [ 29%] Building CXX object CMakeFiles/iceoryx_posh.dir/source/popo/ports/client_port_data.cpp.o
[4.507s] [ 30%] Building CXX object CMakeFiles/iceoryx_posh.dir/source/popo/ports/client_port_roudi.cpp.o
[4.507s] [ 31%] Building CXX object CMakeFiles/iceoryx_posh.dir/source/popo/ports/client_port_user.cpp.o
[4.507s] [ 32%] Building CXX object CMakeFiles/iceoryx_posh.dir/source/popo/ports/server_port_data.cpp.o
[4.507s] [ 33%] Building CXX object CMakeFiles/iceoryx_posh.dir/source/popo/ports/server_port_roudi.cpp.o
[5.087s] [ 34%] Building CXX object CMakeFiles/iceoryx_posh.dir/source/popo/ports/server_port_user.cpp.o
[5.087s] [ 35%] Building CXX object CMakeFiles/iceoryx_posh.dir/source/popo/building_blocks/condition_listener.cpp.o
[5.087s] [ 36%] Building CXX object CMakeFiles/iceoryx_posh.dir/source/popo/building_blocks/condition_notifier.cpp.o
[5.087s] [ 37%] Building CXX object CMakeFiles/iceoryx_posh.dir/source/popo/building_blocks/condition_variable_data.cpp.o
[5.099s] [ 38%] Building CXX object CMakeFiles/iceoryx_posh.dir/source/popo/building_blocks/locking_policy.cpp.o
[5.099s] [ 40%] Building CXX object CMakeFiles/iceoryx_posh.dir/source/popo/building_blocks/unique_port_id.cpp.o
[5.482s] [ 41%] Building CXX object CMakeFiles/iceoryx_posh.dir/source/popo/client_options.cpp.o
[5.482s] [ 42%] Building CXX object CMakeFiles/iceoryx_posh.dir/source/popo/listener.cpp.o
[5.482s] [ 43%] Building CXX object CMakeFiles/iceoryx_posh.dir/source/popo/notification_info.cpp.o
[5.482s] [ 44%] Building CXX object CMakeFiles/iceoryx_posh.dir/source/popo/rpc_header.cpp.o
[5.482s] [ 45%] Building CXX object CMakeFiles/iceoryx_posh.dir/source/popo/publisher_options.cpp.o
[5.502s] [ 46%] Building CXX object CMakeFiles/iceoryx_posh.dir/source/popo/server_options.cpp.o
[5.641s] [ 47%] Building CXX object CMakeFiles/iceoryx_posh.dir/source/popo/subscriber_options.cpp.o
[5.663s] [ 48%] Building CXX object CMakeFiles/iceoryx_posh.dir/source/popo/trigger.cpp.o
[5.689s] [ 49%] Building CXX object CMakeFiles/iceoryx_posh.dir/source/popo/trigger_handle.cpp.o
[5.870s] [ 50%] Building CXX object CMakeFiles/iceoryx_posh.dir/source/popo/user_trigger.cpp.o
[5.890s] [ 51%] Building CXX object CMakeFiles/iceoryx_posh.dir/source/version/version_info.cpp.o
[6.089s] [ 52%] Building CXX object CMakeFiles/iceoryx_posh.dir/source/runtime/ipc_interface_base.cpp.o
[6.193s] [ 53%] Building CXX object CMakeFiles/iceoryx_posh.dir/source/runtime/ipc_interface_user.cpp.o
[6.216s] [ 54%] Building CXX object CMakeFiles/iceoryx_posh.dir/source/runtime/ipc_interface_creator.cpp.o
[6.240s] [ 55%] Building CXX object CMakeFiles/iceoryx_posh.dir/source/runtime/ipc_runtime_interface.cpp.o
[6.241s] [ 56%] Building CXX object CMakeFiles/iceoryx_posh.dir/source/runtime/ipc_message.cpp.o
[6.318s] [ 57%] Building CXX object CMakeFiles/iceoryx_posh.dir/source/runtime/port_config_info.cpp.o
[6.343s] [ 58%] Building CXX object CMakeFiles/iceoryx_posh.dir/source/runtime/posh_runtime.cpp.o
[6.352s] [ 60%] Building CXX object CMakeFiles/iceoryx_posh.dir/source/runtime/posh_runtime_impl.cpp.o
[6.424s] [ 61%] Building CXX object CMakeFiles/iceoryx_posh.dir/source/runtime/posh_runtime_single_process.cpp.o
[6.600s] [ 62%] Building CXX object CMakeFiles/iceoryx_posh.dir/source/runtime/service_discovery.cpp.o
[6.737s] [ 63%] Building CXX object CMakeFiles/iceoryx_posh.dir/source/runtime/node.cpp.o
[6.898s] [ 64%] Building CXX object CMakeFiles/iceoryx_posh.dir/source/runtime/node_data.cpp.o
[7.348s] [ 65%] Building CXX object CMakeFiles/iceoryx_posh.dir/source/runtime/node_property.cpp.o
[7.348s] [ 66%] Building CXX object CMakeFiles/iceoryx_posh.dir/source/runtime/shared_memory_user.cpp.o
[7.348s] [ 67%] Building CXX object CMakeFiles/iceoryx_posh.dir/source/roudi/service_registry.cpp.o
[8.170s] [ 68%] Linking CXX shared library libiceoryx_posh.so
[8.422s] [ 68%] Built target iceoryx_posh
[8.444s] [ 69%] Building CXX object CMakeFiles/iceoryx_posh_roudi.dir/source/roudi/memory/memory_block.cpp.o
[8.445s] [ 70%] Building CXX object CMakeFiles/iceoryx_posh_gateway.dir/source/gateway/gateway_base.cpp.o
[8.445s] [ 71%] Building CXX object CMakeFiles/iceoryx_posh_roudi.dir/source/roudi/application/roudi_app.cpp.o
[8.447s] [ 72%] Building CXX object CMakeFiles/iceoryx_posh_roudi.dir/source/roudi/application/iceoryx_roudi_app.cpp.o
[8.451s] [ 73%] Building CXX object CMakeFiles/iceoryx_posh_roudi.dir/source/roudi/memory/mempool_segment_manager_memory_block.cpp.o
[8.451s] [ 75%] Building CXX object CMakeFiles/iceoryx_posh_roudi.dir/source/roudi/memory/memory_provider.cpp.o
[8.451s] [ 75%] Building CXX object CMakeFiles/iceoryx_posh_roudi.dir/source/roudi/memory/port_pool_memory_block.cpp.o
[8.451s] [ 78%] Building CXX object CMakeFiles/iceoryx_posh_roudi.dir/source/roudi/memory/default_roudi_memory.cpp.o
[8.452s] [ 78%] Building CXX object CMakeFiles/iceoryx_posh_roudi.dir/source/roudi/memory/posix_shm_memory_provider.cpp.o
[8.452s] [ 78%] Building CXX object CMakeFiles/iceoryx_posh_roudi.dir/source/roudi/memory/mempool_collection_memory_block.cpp.o
[8.454s] [ 80%] Building CXX object CMakeFiles/iceoryx_posh_roudi.dir/source/roudi/memory/roudi_memory_manager.cpp.o
[8.455s] [ 81%] Building CXX object CMakeFiles/iceoryx_posh_roudi.dir/source/roudi/port_manager.cpp.o
[8.460s] [ 82%] Building CXX object CMakeFiles/iceoryx_posh_roudi.dir/source/roudi/process.cpp.o
[8.480s] [ 83%] Building CXX object CMakeFiles/iceoryx_posh_roudi.dir/source/roudi/memory/iceoryx_roudi_memory_manager.cpp.o
[8.480s] [ 85%] Building CXX object CMakeFiles/iceoryx_posh_roudi.dir/source/roudi/port_pool.cpp.o
[8.480s] [ 85%] Building CXX object CMakeFiles/iceoryx_posh_roudi.dir/source/roudi/roudi.cpp.o
[9.124s] [ 86%] Building CXX object CMakeFiles/iceoryx_posh_roudi.dir/source/roudi/process_manager.cpp.o
[9.267s] [ 87%] Building CXX object CMakeFiles/iceoryx_posh_roudi.dir/source/roudi/iceoryx_roudi_components.cpp.o
[9.332s] [ 88%] Building CXX object CMakeFiles/iceoryx_posh_roudi.dir/source/roudi/roudi_cmd_line_parser.cpp.o
[9.344s] [ 89%] Building CXX object CMakeFiles/iceoryx_posh_roudi.dir/source/roudi/roudi_cmd_line_parser_config_file_option.cpp.o
[9.537s] [ 90%] Building CXX object CMakeFiles/iceoryx_posh_roudi.dir/source/roudi/roudi_config.cpp.o
[9.881s] [ 91%] Linking CXX shared library libiceoryx_posh_gateway.so
[10.023s] [ 91%] Built target iceoryx_posh_gateway
[10.428s] [ 92%] Linking CXX shared library libiceoryx_posh_roudi.so
[10.568s] [ 92%] Built target iceoryx_posh_roudi
[10.582s] [ 94%] Building CXX object CMakeFiles/iceoryx_posh_config.dir/source/roudi/roudi_config_toml_file_provider.cpp.o
[10.582s] [ 94%] Building CXX object CMakeFiles/iceoryx_posh_config.dir/source/log/posh_config_logging.cpp.o
[10.583s] [ 95%] Building CXX object CMakeFiles/iceoryx_posh_config.dir/source/gateway/gateway_config.cpp.o
[10.755s] [ 96%] Building CXX object CMakeFiles/iceoryx_posh_config.dir/source/gateway/toml_gateway_config_parser.cpp.o
[13.222s] [ 97%] Linking CXX shared library libiceoryx_posh_config.so
[13.423s] [ 97%] Built target iceoryx_posh_config
[13.424s] [ 98%] Building CXX object CMakeFiles/iox-roudi.dir/source/roudi/application/roudi_main.cpp.o
[14.007s] [100%] Linking CXX executable iox-roudi
[14.125s] [100%] Built target iox-roudi
[14.136s] Invoked command in '/root/ros2_ws/build/iceoryx_posh' returned '0': CMAKE_PREFIX_PATH=/root/ros2_ws/install/iceoryx_hoofs:/opt/ros/humble LD_LIBRARY_PATH=/root/ros2_ws/install/iceoryx_hoofs/lib:${LD_LIBRARY_PATH} PKG_CONFIG_PATH=/root/ros2_ws/install/iceoryx_hoofs/lib/x86_64-linux-gnu/pkgconfig:/root/ros2_ws/install/iceoryx_hoofs/lib/pkgconfig /usr/bin/cmake --build /root/ros2_ws/build/iceoryx_posh -- -j16 -l16
[14.137s] Invoking command in '/root/ros2_ws/build/iceoryx_posh': CMAKE_PREFIX_PATH=/root/ros2_ws/install/iceoryx_hoofs:/opt/ros/humble LD_LIBRARY_PATH=/root/ros2_ws/install/iceoryx_hoofs/lib:${LD_LIBRARY_PATH} PKG_CONFIG_PATH=/root/ros2_ws/install/iceoryx_hoofs/lib/x86_64-linux-gnu/pkgconfig:/root/ros2_ws/install/iceoryx_hoofs/lib/pkgconfig /usr/bin/cmake --install /root/ros2_ws/build/iceoryx_posh
[14.146s] -- Install configuration: ""
[14.146s] -- Installing: /root/ros2_ws/install/iceoryx_posh/include/iceoryx/v2.0.6/iceoryx_versions.hpp
[14.147s] -- Installing: /root/ros2_ws/install/iceoryx_posh/share/doc/iceoryx_posh/LICENSE
[14.147s] -- Installing: /root/ros2_ws/install/iceoryx_posh/share/doc/iceoryx_posh/3rd_party_licenses
[14.147s] -- Installing: /root/ros2_ws/install/iceoryx_posh/share/doc/iceoryx_posh/3rd_party_licenses/cpptoml
[14.147s] -- Installing: /root/ros2_ws/install/iceoryx_posh/share/doc/iceoryx_posh/3rd_party_licenses/cpptoml/LICENSE
[14.147s] -- Installing: /root/ros2_ws/install/iceoryx_posh/etc/roudi_config_example.toml
[14.147s] -- Installing: /root/ros2_ws/install/iceoryx_posh/lib/libiceoryx_posh.so
[14.151s] -- Set runtime path of "/root/ros2_ws/install/iceoryx_posh/lib/libiceoryx_posh.so" to ""
[14.151s] -- Installing: /root/ros2_ws/install/iceoryx_posh/lib/libiceoryx_posh_roudi.so
[14.155s] -- Set runtime path of "/root/ros2_ws/install/iceoryx_posh/lib/libiceoryx_posh_roudi.so" to ""
[14.155s] -- Installing: /root/ros2_ws/install/iceoryx_posh/lib/libiceoryx_posh_gateway.so
[14.156s] -- Set runtime path of "/root/ros2_ws/install/iceoryx_posh/lib/libiceoryx_posh_gateway.so" to ""
[14.156s] -- Installing: /root/ros2_ws/install/iceoryx_posh/lib/libiceoryx_posh_config.so
[14.160s] -- Set runtime path of "/root/ros2_ws/install/iceoryx_posh/lib/libiceoryx_posh_config.so" to ""
[14.161s] -- Installing: /root/ros2_ws/install/iceoryx_posh/bin/iox-roudi
[14.161s] -- Set runtime path of "/root/ros2_ws/install/iceoryx_posh/bin/iox-roudi" to ""
[14.162s] -- Up-to-date: /root/ros2_ws/install/iceoryx_posh/include/iceoryx/v2.0.6
[14.162s] -- Installing: /root/ros2_ws/install/iceoryx_posh/include/iceoryx/v2.0.6/iceoryx_posh
[14.162s] -- Installing: /root/ros2_ws/install/iceoryx_posh/include/iceoryx/v2.0.6/iceoryx_posh/capro
[14.162s] -- Installing: /root/ros2_ws/install/iceoryx_posh/include/iceoryx/v2.0.6/iceoryx_posh/capro/service_description.hpp
[14.163s] -- Installing: /root/ros2_ws/install/iceoryx_posh/include/iceoryx/v2.0.6/iceoryx_posh/gateway
[14.163s] -- Installing: /root/ros2_ws/install/iceoryx_posh/include/iceoryx/v2.0.6/iceoryx_posh/gateway/channel.hpp
[14.163s] -- Installing: /root/ros2_ws/install/iceoryx_posh/include/iceoryx/v2.0.6/iceoryx_posh/gateway/gateway_base.hpp
[14.163s] -- Installing: /root/ros2_ws/install/iceoryx_posh/include/iceoryx/v2.0.6/iceoryx_posh/gateway/gateway_config.hpp
[14.164s] -- Installing: /root/ros2_ws/install/iceoryx_posh/include/iceoryx/v2.0.6/iceoryx_posh/gateway/gateway_discovery.hpp
[14.164s] -- Installing: /root/ros2_ws/install/iceoryx_posh/include/iceoryx/v2.0.6/iceoryx_posh/gateway/gateway_generic.hpp
[14.165s] -- Installing: /root/ros2_ws/install/iceoryx_posh/include/iceoryx/v2.0.6/iceoryx_posh/gateway/toml_gateway_config_parser.hpp
[14.165s] -- Installing: /root/ros2_ws/install/iceoryx_posh/include/iceoryx/v2.0.6/iceoryx_posh/iceoryx_posh_config.hpp
[14.165s] -- Installing: /root/ros2_ws/install/iceoryx_posh/include/iceoryx/v2.0.6/iceoryx_posh/iceoryx_posh_types.hpp
[14.165s] -- Installing: /root/ros2_ws/install/iceoryx_posh/include/iceoryx/v2.0.6/iceoryx_posh/iceoryx_posh_types.inl
[14.166s] -- Installing: /root/ros2_ws/install/iceoryx_posh/include/iceoryx/v2.0.6/iceoryx_posh/internal
[14.166s] -- Installing: /root/ros2_ws/install/iceoryx_posh/include/iceoryx/v2.0.6/iceoryx_posh/internal/capro
[14.166s] -- Installing: /root/ros2_ws/install/iceoryx_posh/include/iceoryx/v2.0.6/iceoryx_posh/internal/capro/capro_message.hpp
[14.166s] -- Installing: /root/ros2_ws/install/iceoryx_posh/include/iceoryx/v2.0.6/iceoryx_posh/internal/capro/capro_message.inl
[14.167s] -- Installing: /root/ros2_ws/install/iceoryx_posh/include/iceoryx/v2.0.6/iceoryx_posh/internal/gateway
[14.167s] -- Installing: /root/ros2_ws/install/iceoryx_posh/include/iceoryx/v2.0.6/iceoryx_posh/internal/gateway/channel.inl
[14.167s] -- Installing: /root/ros2_ws/install/iceoryx_posh/include/iceoryx/v2.0.6/iceoryx_posh/internal/gateway/gateway_generic.inl
[14.167s] -- Installing: /root/ros2_ws/install/iceoryx_posh/include/iceoryx/v2.0.6/iceoryx_posh/internal/log
[14.167s] -- Installing: /root/ros2_ws/install/iceoryx_posh/include/iceoryx/v2.0.6/iceoryx_posh/internal/log/posh_config_logging.hpp
[14.167s] -- Installing: /root/ros2_ws/install/iceoryx_posh/include/iceoryx/v2.0.6/iceoryx_posh/internal/log/posh_logging.hpp
[14.167s] -- Installing: /root/ros2_ws/install/iceoryx_posh/include/iceoryx/v2.0.6/iceoryx_posh/internal/mepoo
[14.167s] -- Installing: /root/ros2_ws/install/iceoryx_posh/include/iceoryx/v2.0.6/iceoryx_posh/internal/mepoo/chunk_management.hpp
[14.168s] -- Installing: /root/ros2_ws/install/iceoryx_posh/include/iceoryx/v2.0.6/iceoryx_posh/internal/mepoo/mem_pool.hpp
[14.168s] -- Installing: /root/ros2_ws/install/iceoryx_posh/include/iceoryx/v2.0.6/iceoryx_posh/internal/mepoo/memory_manager.hpp
[14.168s] -- Installing: /root/ros2_ws/install/iceoryx_posh/include/iceoryx/v2.0.6/iceoryx_posh/internal/mepoo/memory_manager.inl
[14.168s] -- Installing: /root/ros2_ws/install/iceoryx_posh/include/iceoryx/v2.0.6/iceoryx_posh/internal/mepoo/mepoo.hpp
[14.168s] -- Installing: /root/ros2_ws/install/iceoryx_posh/include/iceoryx/v2.0.6/iceoryx_posh/internal/mepoo/mepoo_segment.hpp
[14.168s] -- Installing: /root/ros2_ws/install/iceoryx_posh/include/iceoryx/v2.0.6/iceoryx_posh/internal/mepoo/mepoo_segment.inl
[14.168s] -- Installing: /root/ros2_ws/install/iceoryx_posh/include/iceoryx/v2.0.6/iceoryx_posh/internal/mepoo/segment_manager.hpp
[14.168s] -- Installing: /root/ros2_ws/install/iceoryx_posh/include/iceoryx/v2.0.6/iceoryx_posh/internal/mepoo/segment_manager.inl
[14.168s] -- Installing: /root/ros2_ws/install/iceoryx_posh/include/iceoryx/v2.0.6/iceoryx_posh/internal/mepoo/shared_chunk.hpp
[14.168s] -- Installing: /root/ros2_ws/install/iceoryx_posh/include/iceoryx/v2.0.6/iceoryx_posh/internal/mepoo/shared_pointer.hpp
[14.168s] -- Installing: /root/ros2_ws/install/iceoryx_posh/include/iceoryx/v2.0.6/iceoryx_posh/internal/mepoo/shared_pointer.inl
[14.168s] -- Installing: /root/ros2_ws/install/iceoryx_posh/include/iceoryx/v2.0.6/iceoryx_posh/internal/mepoo/shm_safe_unmanaged_chunk.hpp
[14.168s] -- Installing: /root/ros2_ws/install/iceoryx_posh/include/iceoryx/v2.0.6/iceoryx_posh/internal/mepoo/typed_mem_pool.hpp
[14.168s] -- Installing: /root/ros2_ws/install/iceoryx_posh/include/iceoryx/v2.0.6/iceoryx_posh/internal/mepoo/typed_mem_pool.inl
[14.169s] -- Installing: /root/ros2_ws/install/iceoryx_posh/include/iceoryx/v2.0.6/iceoryx_posh/internal/popo
[14.169s] -- Installing: /root/ros2_ws/install/iceoryx_posh/include/iceoryx/v2.0.6/iceoryx_posh/internal/popo/base_client.hpp
[14.169s] -- Installing: /root/ros2_ws/install/iceoryx_posh/include/iceoryx/v2.0.6/iceoryx_posh/internal/popo/base_client.inl
[14.169s] -- Installing: /root/ros2_ws/install/iceoryx_posh/include/iceoryx/v2.0.6/iceoryx_posh/internal/popo/base_publisher.hpp
[14.169s] -- Installing: /root/ros2_ws/install/iceoryx_posh/include/iceoryx/v2.0.6/iceoryx_posh/internal/popo/base_publisher.inl
[14.169s] -- Installing: /root/ros2_ws/install/iceoryx_posh/include/iceoryx/v2.0.6/iceoryx_posh/internal/popo/base_server.hpp
[14.169s] -- Installing: /root/ros2_ws/install/iceoryx_posh/include/iceoryx/v2.0.6/iceoryx_posh/internal/popo/base_server.inl
[14.170s] -- Installing: /root/ros2_ws/install/iceoryx_posh/include/iceoryx/v2.0.6/iceoryx_posh/internal/popo/base_subscriber.hpp
[14.170s] -- Installing: /root/ros2_ws/install/iceoryx_posh/include/iceoryx/v2.0.6/iceoryx_posh/internal/popo/base_subscriber.inl
[14.173s] -- Installing: /root/ros2_ws/install/iceoryx_posh/include/iceoryx/v2.0.6/iceoryx_posh/internal/popo/building_blocks
[14.173s] -- Installing: /root/ros2_ws/install/iceoryx_posh/include/iceoryx/v2.0.6/iceoryx_posh/internal/popo/building_blocks/chunk_distributor.hpp
[14.173s] -- Installing: /root/ros2_ws/install/iceoryx_posh/include/iceoryx/v2.0.6/iceoryx_posh/internal/popo/building_blocks/chunk_distributor.inl
[14.174s] -- Installing: /root/ros2_ws/install/iceoryx_posh/include/iceoryx/v2.0.6/iceoryx_posh/internal/popo/building_blocks/chunk_distributor_data.hpp
[14.174s] -- Installing: /root/ros2_ws/install/iceoryx_posh/include/iceoryx/v2.0.6/iceoryx_posh/internal/popo/building_blocks/chunk_distributor_data.inl
[14.174s] -- Installing: /root/ros2_ws/install/iceoryx_posh/include/iceoryx/v2.0.6/iceoryx_posh/internal/popo/building_blocks/chunk_queue_data.hpp
[14.174s] -- Installing: /root/ros2_ws/install/iceoryx_posh/include/iceoryx/v2.0.6/iceoryx_posh/internal/popo/building_blocks/chunk_queue_data.inl
[14.174s] -- Installing: /root/ros2_ws/install/iceoryx_posh/include/iceoryx/v2.0.6/iceoryx_posh/internal/popo/building_blocks/chunk_queue_popper.hpp
[14.174s] -- Installing: /root/ros2_ws/install/iceoryx_posh/include/iceoryx/v2.0.6/iceoryx_posh/internal/popo/building_blocks/chunk_queue_popper.inl
[14.175s] -- Installing: /root/ros2_ws/install/iceoryx_posh/include/iceoryx/v2.0.6/iceoryx_posh/internal/popo/building_blocks/chunk_queue_pusher.hpp
[14.175s] -- Installing: /root/ros2_ws/install/iceoryx_posh/include/iceoryx/v2.0.6/iceoryx_posh/internal/popo/building_blocks/chunk_queue_pusher.inl
[14.175s] -- Installing: /root/ros2_ws/install/iceoryx_posh/include/iceoryx/v2.0.6/iceoryx_posh/internal/popo/building_blocks/chunk_receiver.hpp
[14.175s] -- Installing: /root/ros2_ws/install/iceoryx_posh/include/iceoryx/v2.0.6/iceoryx_posh/internal/popo/building_blocks/chunk_receiver.inl
[14.176s] -- Installing: /root/ros2_ws/install/iceoryx_posh/include/iceoryx/v2.0.6/iceoryx_posh/internal/popo/building_blocks/chunk_receiver_data.hpp
[14.176s] -- Installing: /root/ros2_ws/install/iceoryx_posh/include/iceoryx/v2.0.6/iceoryx_posh/internal/popo/building_blocks/chunk_receiver_data.inl
[14.176s] -- Installing: /root/ros2_ws/install/iceoryx_posh/include/iceoryx/v2.0.6/iceoryx_posh/internal/popo/building_blocks/chunk_sender.hpp
[14.176s] -- Installing: /root/ros2_ws/install/iceoryx_posh/include/iceoryx/v2.0.6/iceoryx_posh/internal/popo/building_blocks/chunk_sender.inl
[14.176s] -- Installing: /root/ros2_ws/install/iceoryx_posh/include/iceoryx/v2.0.6/iceoryx_posh/internal/popo/building_blocks/chunk_sender_data.hpp
[14.176s] -- Installing: /root/ros2_ws/install/iceoryx_posh/include/iceoryx/v2.0.6/iceoryx_posh/internal/popo/building_blocks/chunk_sender_data.inl
[14.176s] -- Installing: /root/ros2_ws/install/iceoryx_posh/include/iceoryx/v2.0.6/iceoryx_posh/internal/popo/building_blocks/condition_listener.hpp
[14.176s] -- Installing: /root/ros2_ws/install/iceoryx_posh/include/iceoryx/v2.0.6/iceoryx_posh/internal/popo/building_blocks/condition_notifier.hpp
[14.177s] -- Installing: /root/ros2_ws/install/iceoryx_posh/include/iceoryx/v2.0.6/iceoryx_posh/internal/popo/building_blocks/condition_variable_data.hpp
[14.177s] -- Installing: /root/ros2_ws/install/iceoryx_posh/include/iceoryx/v2.0.6/iceoryx_posh/internal/popo/building_blocks/locking_policy.hpp
[14.177s] -- Installing: /root/ros2_ws/install/iceoryx_posh/include/iceoryx/v2.0.6/iceoryx_posh/internal/popo/building_blocks/typed_unique_id.hpp
[14.177s] -- Installing: /root/ros2_ws/install/iceoryx_posh/include/iceoryx/v2.0.6/iceoryx_posh/internal/popo/building_blocks/unique_port_id.hpp
[14.177s] -- Installing: /root/ros2_ws/install/iceoryx_posh/include/iceoryx/v2.0.6/iceoryx_posh/internal/popo/client_impl.hpp
[14.177s] -- Installing: /root/ros2_ws/install/iceoryx_posh/include/iceoryx/v2.0.6/iceoryx_posh/internal/popo/client_impl.inl
[14.177s] -- Installing: /root/ros2_ws/install/iceoryx_posh/include/iceoryx/v2.0.6/iceoryx_posh/internal/popo/listener.inl
[14.178s] -- Installing: /root/ros2_ws/install/iceoryx_posh/include/iceoryx/v2.0.6/iceoryx_posh/internal/popo/notification_attorney.inl
[14.178s] -- Installing: /root/ros2_ws/install/iceoryx_posh/include/iceoryx/v2.0.6/iceoryx_posh/internal/popo/notification_callback.inl
[14.178s] -- Installing: /root/ros2_ws/install/iceoryx_posh/include/iceoryx/v2.0.6/iceoryx_posh/internal/popo/notification_info.inl
[14.178s] -- Installing: /root/ros2_ws/install/iceoryx_posh/include/iceoryx/v2.0.6/iceoryx_posh/internal/popo/ports
[14.178s] -- Installing: /root/ros2_ws/install/iceoryx_posh/include/iceoryx/v2.0.6/iceoryx_posh/internal/popo/ports/base_port.hpp
[14.178s] -- Installing: /root/ros2_ws/install/iceoryx_posh/include/iceoryx/v2.0.6/iceoryx_posh/internal/popo/ports/base_port.inl
[14.178s] -- Installing: /root/ros2_ws/install/iceoryx_posh/include/iceoryx/v2.0.6/iceoryx_posh/internal/popo/ports/base_port_data.hpp
[14.178s] -- Installing: /root/ros2_ws/install/iceoryx_posh/include/iceoryx/v2.0.6/iceoryx_posh/internal/popo/ports/client_port_data.hpp
[14.178s] -- Installing: /root/ros2_ws/install/iceoryx_posh/include/iceoryx/v2.0.6/iceoryx_posh/internal/popo/ports/client_port_roudi.hpp
[14.179s] -- Installing: /root/ros2_ws/install/iceoryx_posh/include/iceoryx/v2.0.6/iceoryx_posh/internal/popo/ports/client_port_user.hpp
[14.179s] -- Installing: /root/ros2_ws/install/iceoryx_posh/include/iceoryx/v2.0.6/iceoryx_posh/internal/popo/ports/client_port_user.inl
[14.179s] -- Installing: /root/ros2_ws/install/iceoryx_posh/include/iceoryx/v2.0.6/iceoryx_posh/internal/popo/ports/client_server_port_types.hpp
[14.179s] -- Installing: /root/ros2_ws/install/iceoryx_posh/include/iceoryx/v2.0.6/iceoryx_posh/internal/popo/ports/interface_port.hpp
[14.179s] -- Installing: /root/ros2_ws/install/iceoryx_posh/include/iceoryx/v2.0.6/iceoryx_posh/internal/popo/ports/interface_port_data.hpp
[14.179s] -- Installing: /root/ros2_ws/install/iceoryx_posh/include/iceoryx/v2.0.6/iceoryx_posh/internal/popo/ports/pub_sub_port_types.hpp
[14.179s] -- Installing: /root/ros2_ws/install/iceoryx_posh/include/iceoryx/v2.0.6/iceoryx_posh/internal/popo/ports/publisher_port_data.hpp
[14.179s] -- Installing: /root/ros2_ws/install/iceoryx_posh/include/iceoryx/v2.0.6/iceoryx_posh/internal/popo/ports/publisher_port_roudi.hpp
[14.179s] -- Installing: /root/ros2_ws/install/iceoryx_posh/include/iceoryx/v2.0.6/iceoryx_posh/internal/popo/ports/publisher_port_user.hpp
[14.179s] -- Installing: /root/ros2_ws/install/iceoryx_posh/include/iceoryx/v2.0.6/iceoryx_posh/internal/popo/ports/server_port_data.hpp
[14.179s] -- Installing: /root/ros2_ws/install/iceoryx_posh/include/iceoryx/v2.0.6/iceoryx_posh/internal/popo/ports/server_port_roudi.hpp
[14.179s] -- Installing: /root/ros2_ws/install/iceoryx_posh/include/iceoryx/v2.0.6/iceoryx_posh/internal/popo/ports/server_port_user.hpp
[14.179s] -- Installing: /root/ros2_ws/install/iceoryx_posh/include/iceoryx/v2.0.6/iceoryx_posh/internal/popo/ports/server_port_user.inl
[14.179s] -- Installing: /root/ros2_ws/install/iceoryx_posh/include/iceoryx/v2.0.6/iceoryx_posh/internal/popo/ports/subscriber_port_data.hpp
[14.179s] -- Installing: /root/ros2_ws/install/iceoryx_posh/include/iceoryx/v2.0.6/iceoryx_posh/internal/popo/ports/subscriber_port_multi_producer.hpp
[14.180s] -- Installing: /root/ros2_ws/install/iceoryx_posh/include/iceoryx/v2.0.6/iceoryx_posh/internal/popo/ports/subscriber_port_roudi.hpp
[14.180s] -- Installing: /root/ros2_ws/install/iceoryx_posh/include/iceoryx/v2.0.6/iceoryx_posh/internal/popo/ports/subscriber_port_single_producer.hpp
[14.180s] -- Installing: /root/ros2_ws/install/iceoryx_posh/include/iceoryx/v2.0.6/iceoryx_posh/internal/popo/ports/subscriber_port_user.hpp
[14.180s] -- Installing: /root/ros2_ws/install/iceoryx_posh/include/iceoryx/v2.0.6/iceoryx_posh/internal/popo/publisher_impl.hpp
[14.180s] -- Installing: /root/ros2_ws/install/iceoryx_posh/include/iceoryx/v2.0.6/iceoryx_posh/internal/popo/publisher_impl.inl
[14.180s] -- Installing: /root/ros2_ws/install/iceoryx_posh/include/iceoryx/v2.0.6/iceoryx_posh/internal/popo/publisher_interface.hpp
[14.180s] -- Installing: /root/ros2_ws/install/iceoryx_posh/include/iceoryx/v2.0.6/iceoryx_posh/internal/popo/request.inl
[14.180s] -- Installing: /root/ros2_ws/install/iceoryx_posh/include/iceoryx/v2.0.6/iceoryx_posh/internal/popo/request_deleter.hpp
[14.180s] -- Installing: /root/ros2_ws/install/iceoryx_posh/include/iceoryx/v2.0.6/iceoryx_posh/internal/popo/request_deleter.inl
[14.180s] -- Installing: /root/ros2_ws/install/iceoryx_posh/include/iceoryx/v2.0.6/iceoryx_posh/internal/popo/response.inl
[14.180s] -- Installing: /root/ros2_ws/install/iceoryx_posh/include/iceoryx/v2.0.6/iceoryx_posh/internal/popo/response_deleter.hpp
[14.180s] -- Installing: /root/ros2_ws/install/iceoryx_posh/include/iceoryx/v2.0.6/iceoryx_posh/internal/popo/response_deleter.inl
[14.180s] -- Installing: /root/ros2_ws/install/iceoryx_posh/include/iceoryx/v2.0.6/iceoryx_posh/internal/popo/rpc_interface.hpp
[14.181s] -- Installing: /root/ros2_ws/install/iceoryx_posh/include/iceoryx/v2.0.6/iceoryx_posh/internal/popo/sample.inl
[14.181s] -- Installing: /root/ros2_ws/install/iceoryx_posh/include/iceoryx/v2.0.6/iceoryx_posh/internal/popo/sample_deleter.hpp
[14.181s] -- Installing: /root/ros2_ws/install/iceoryx_posh/include/iceoryx/v2.0.6/iceoryx_posh/internal/popo/sample_deleter.inl
[14.181s] -- Installing: /root/ros2_ws/install/iceoryx_posh/include/iceoryx/v2.0.6/iceoryx_posh/internal/popo/server_impl.hpp
[14.181s] -- Installing: /root/ros2_ws/install/iceoryx_posh/include/iceoryx/v2.0.6/iceoryx_posh/internal/popo/server_impl.inl
[14.181s] -- Installing: /root/ros2_ws/install/iceoryx_posh/include/iceoryx/v2.0.6/iceoryx_posh/internal/popo/smart_chunk.hpp
[14.181s] -- Installing: /root/ros2_ws/install/iceoryx_posh/include/iceoryx/v2.0.6/iceoryx_posh/internal/popo/smart_chunk.inl
[14.181s] -- Installing: /root/ros2_ws/install/iceoryx_posh/include/iceoryx/v2.0.6/iceoryx_posh/internal/popo/subscriber_impl.hpp
[14.181s] -- Installing: /root/ros2_ws/install/iceoryx_posh/include/iceoryx/v2.0.6/iceoryx_posh/internal/popo/subscriber_impl.inl
[14.181s] -- Installing: /root/ros2_ws/install/iceoryx_posh/include/iceoryx/v2.0.6/iceoryx_posh/internal/popo/trigger.inl
[14.181s] -- Installing: /root/ros2_ws/install/iceoryx_posh/include/iceoryx/v2.0.6/iceoryx_posh/internal/popo/typed_port_api_trait.hpp
[14.181s] -- Installing: /root/ros2_ws/install/iceoryx_posh/include/iceoryx/v2.0.6/iceoryx_posh/internal/popo/untyped_client_impl.hpp
[14.181s] -- Installing: /root/ros2_ws/install/iceoryx_posh/include/iceoryx/v2.0.6/iceoryx_posh/internal/popo/untyped_client_impl.inl
[14.181s] -- Installing: /root/ros2_ws/install/iceoryx_posh/include/iceoryx/v2.0.6/iceoryx_posh/internal/popo/untyped_publisher_impl.hpp
[14.182s] -- Installing: /root/ros2_ws/install/iceoryx_posh/include/iceoryx/v2.0.6/iceoryx_posh/internal/popo/untyped_publisher_impl.inl
[14.182s] -- Installing: /root/ros2_ws/install/iceoryx_posh/include/iceoryx/v2.0.6/iceoryx_posh/internal/popo/untyped_server_impl.hpp
[14.182s] -- Installing: /root/ros2_ws/install/iceoryx_posh/include/iceoryx/v2.0.6/iceoryx_posh/internal/popo/untyped_server_impl.inl
[14.182s] -- Installing: /root/ros2_ws/install/iceoryx_posh/include/iceoryx/v2.0.6/iceoryx_posh/internal/popo/untyped_subscriber_impl.hpp
[14.182s] -- Installing: /root/ros2_ws/install/iceoryx_posh/include/iceoryx/v2.0.6/iceoryx_posh/internal/popo/untyped_subscriber_impl.inl
[14.182s] -- Installing: /root/ros2_ws/install/iceoryx_posh/include/iceoryx/v2.0.6/iceoryx_posh/internal/popo/used_chunk_list.hpp
[14.182s] -- Installing: /root/ros2_ws/install/iceoryx_posh/include/iceoryx/v2.0.6/iceoryx_posh/internal/popo/used_chunk_list.inl
[14.182s] -- Installing: /root/ros2_ws/install/iceoryx_posh/include/iceoryx/v2.0.6/iceoryx_posh/internal/popo/wait_set.inl
[14.182s] -- Installing: /root/ros2_ws/install/iceoryx_posh/include/iceoryx/v2.0.6/iceoryx_posh/internal/roudi
[14.182s] -- Installing: /root/ros2_ws/install/iceoryx_posh/include/iceoryx/v2.0.6/iceoryx_posh/internal/roudi/introspection
[14.182s] -- Installing: /root/ros2_ws/install/iceoryx_posh/include/iceoryx/v2.0.6/iceoryx_posh/internal/roudi/introspection/fixed_size_container.hpp
[14.182s] -- Installing: /root/ros2_ws/install/iceoryx_posh/include/iceoryx/v2.0.6/iceoryx_posh/internal/roudi/introspection/mempool_introspection.hpp
[14.182s] -- Installing: /root/ros2_ws/install/iceoryx_posh/include/iceoryx/v2.0.6/iceoryx_posh/internal/roudi/introspection/mempool_introspection.inl
[14.182s] -- Installing: /root/ros2_ws/install/iceoryx_posh/include/iceoryx/v2.0.6/iceoryx_posh/internal/roudi/introspection/port_introspection.hpp
[14.182s] -- Installing: /root/ros2_ws/install/iceoryx_posh/include/iceoryx/v2.0.6/iceoryx_posh/internal/roudi/introspection/port_introspection.inl
[14.183s] -- Installing: /root/ros2_ws/install/iceoryx_posh/include/iceoryx/v2.0.6/iceoryx_posh/internal/roudi/introspection/process_introspection.hpp
[14.183s] -- Installing: /root/ros2_ws/install/iceoryx_posh/include/iceoryx/v2.0.6/iceoryx_posh/internal/roudi/introspection/process_introspection.inl
[14.183s] -- Installing: /root/ros2_ws/install/iceoryx_posh/include/iceoryx/v2.0.6/iceoryx_posh/internal/roudi/memory
[14.183s] -- Installing: /root/ros2_ws/install/iceoryx_posh/include/iceoryx/v2.0.6/iceoryx_posh/internal/roudi/memory/generic_memory_block.inl
[14.184s] -- Installing: /root/ros2_ws/install/iceoryx_posh/include/iceoryx/v2.0.6/iceoryx_posh/internal/roudi/memory/mempool_collection_memory_block.hpp
[14.184s] -- Installing: /root/ros2_ws/install/iceoryx_posh/include/iceoryx/v2.0.6/iceoryx_posh/internal/roudi/memory/mempool_segment_manager_memory_block.hpp
[14.184s] -- Installing: /root/ros2_ws/install/iceoryx_posh/include/iceoryx/v2.0.6/iceoryx_posh/internal/roudi/memory/port_pool_memory_block.hpp
[14.184s] -- Installing: /root/ros2_ws/install/iceoryx_posh/include/iceoryx/v2.0.6/iceoryx_posh/internal/roudi/port_manager.hpp
[14.184s] -- Installing: /root/ros2_ws/install/iceoryx_posh/include/iceoryx/v2.0.6/iceoryx_posh/internal/roudi/port_manager.inl
[14.184s] -- Installing: /root/ros2_ws/install/iceoryx_posh/include/iceoryx/v2.0.6/iceoryx_posh/internal/roudi/port_pool_data.hpp
[14.185s] -- Installing: /root/ros2_ws/install/iceoryx_posh/include/iceoryx/v2.0.6/iceoryx_posh/internal/roudi/port_pool_data.inl
[14.185s] -- Installing: /root/ros2_ws/install/iceoryx_posh/include/iceoryx/v2.0.6/iceoryx_posh/internal/roudi/process.hpp
[14.185s] -- Installing: /root/ros2_ws/install/iceoryx_posh/include/iceoryx/v2.0.6/iceoryx_posh/internal/roudi/process_manager.hpp
[14.185s] -- Installing: /root/ros2_ws/install/iceoryx_posh/include/iceoryx/v2.0.6/iceoryx_posh/internal/roudi/roudi.hpp
[14.185s] -- Installing: /root/ros2_ws/install/iceoryx_posh/include/iceoryx/v2.0.6/iceoryx_posh/internal/roudi/service_registry.hpp
[14.185s] -- Installing: /root/ros2_ws/install/iceoryx_posh/include/iceoryx/v2.0.6/iceoryx_posh/internal/runtime
[14.186s] -- Installing: /root/ros2_ws/install/iceoryx_posh/include/iceoryx/v2.0.6/iceoryx_posh/internal/runtime/ipc_interface_base.hpp
[14.186s] -- Installing: /root/ros2_ws/install/iceoryx_posh/include/iceoryx/v2.0.6/iceoryx_posh/internal/runtime/ipc_interface_creator.hpp
[14.186s] -- Installing: /root/ros2_ws/install/iceoryx_posh/include/iceoryx/v2.0.6/iceoryx_posh/internal/runtime/ipc_interface_user.hpp
[14.186s] -- Installing: /root/ros2_ws/install/iceoryx_posh/include/iceoryx/v2.0.6/iceoryx_posh/internal/runtime/ipc_message.hpp
[14.186s] -- Installing: /root/ros2_ws/install/iceoryx_posh/include/iceoryx/v2.0.6/iceoryx_posh/internal/runtime/ipc_message.inl
[14.187s] -- Installing: /root/ros2_ws/install/iceoryx_posh/include/iceoryx/v2.0.6/iceoryx_posh/internal/runtime/ipc_runtime_interface.hpp
[14.187s] -- Installing: /root/ros2_ws/install/iceoryx_posh/include/iceoryx/v2.0.6/iceoryx_posh/internal/runtime/node_data.hpp
[14.187s] -- Installing: /root/ros2_ws/install/iceoryx_posh/include/iceoryx/v2.0.6/iceoryx_posh/internal/runtime/node_property.hpp
[14.187s] -- Installing: /root/ros2_ws/install/iceoryx_posh/include/iceoryx/v2.0.6/iceoryx_posh/internal/runtime/posh_runtime_impl.hpp
[14.187s] -- Installing: /root/ros2_ws/install/iceoryx_posh/include/iceoryx/v2.0.6/iceoryx_posh/internal/runtime/shared_memory_user.hpp
[14.187s] -- Installing: /root/ros2_ws/install/iceoryx_posh/include/iceoryx/v2.0.6/iceoryx_posh/mepoo
[14.188s] -- Installing: /root/ros2_ws/install/iceoryx_posh/include/iceoryx/v2.0.6/iceoryx_posh/mepoo/chunk_header.hpp
[14.188s] -- Installing: /root/ros2_ws/install/iceoryx_posh/include/iceoryx/v2.0.6/iceoryx_posh/mepoo/chunk_settings.hpp
[14.188s] -- Installing: /root/ros2_ws/install/iceoryx_posh/include/iceoryx/v2.0.6/iceoryx_posh/mepoo/memory_info.hpp
[14.188s] -- Installing: /root/ros2_ws/install/iceoryx_posh/include/iceoryx/v2.0.6/iceoryx_posh/mepoo/mepoo_config.hpp
[14.188s] -- Installing: /root/ros2_ws/install/iceoryx_posh/include/iceoryx/v2.0.6/iceoryx_posh/mepoo/segment_config.hpp
[14.188s] -- Installing: /root/ros2_ws/install/iceoryx_posh/include/iceoryx/v2.0.6/iceoryx_posh/popo
[14.189s] -- Installing: /root/ros2_ws/install/iceoryx_posh/include/iceoryx/v2.0.6/iceoryx_posh/popo/client.hpp
[14.189s] -- Installing: /root/ros2_ws/install/iceoryx_posh/include/iceoryx/v2.0.6/iceoryx_posh/popo/client_options.hpp
[14.189s] -- Installing: /root/ros2_ws/install/iceoryx_posh/include/iceoryx/v2.0.6/iceoryx_posh/popo/enum_trigger_type.hpp
[14.189s] -- Installing: /root/ros2_ws/install/iceoryx_posh/include/iceoryx/v2.0.6/iceoryx_posh/popo/listener.hpp
[14.189s] -- Installing: /root/ros2_ws/install/iceoryx_posh/include/iceoryx/v2.0.6/iceoryx_posh/popo/notification_attorney.hpp
[14.189s] -- Installing: /root/ros2_ws/install/iceoryx_posh/include/iceoryx/v2.0.6/iceoryx_posh/popo/notification_callback.hpp
[14.189s] -- Installing: /root/ros2_ws/install/iceoryx_posh/include/iceoryx/v2.0.6/iceoryx_posh/popo/notification_info.hpp
[14.189s] -- Installing: /root/ros2_ws/install/iceoryx_posh/include/iceoryx/v2.0.6/iceoryx_posh/popo/port_queue_policies.hpp
[14.189s] -- Installing: /root/ros2_ws/install/iceoryx_posh/include/iceoryx/v2.0.6/iceoryx_posh/popo/publisher.hpp
[14.189s] -- Installing: /root/ros2_ws/install/iceoryx_posh/include/iceoryx/v2.0.6/iceoryx_posh/popo/publisher_options.hpp
[14.189s] -- Installing: /root/ros2_ws/install/iceoryx_posh/include/iceoryx/v2.0.6/iceoryx_posh/popo/request.hpp
[14.189s] -- Installing: /root/ros2_ws/install/iceoryx_posh/include/iceoryx/v2.0.6/iceoryx_posh/popo/response.hpp
[14.190s] -- Installing: /root/ros2_ws/install/iceoryx_posh/include/iceoryx/v2.0.6/iceoryx_posh/popo/rpc_header.hpp
[14.190s] -- Installing: /root/ros2_ws/install/iceoryx_posh/include/iceoryx/v2.0.6/iceoryx_posh/popo/sample.hpp
[14.190s] -- Installing: /root/ros2_ws/install/iceoryx_posh/include/iceoryx/v2.0.6/iceoryx_posh/popo/server.hpp
[14.190s] -- Installing: /root/ros2_ws/install/iceoryx_posh/include/iceoryx/v2.0.6/iceoryx_posh/popo/server_options.hpp
[14.190s] -- Installing: /root/ros2_ws/install/iceoryx_posh/include/iceoryx/v2.0.6/iceoryx_posh/popo/subscriber.hpp
[14.190s] -- Installing: /root/ros2_ws/install/iceoryx_posh/include/iceoryx/v2.0.6/iceoryx_posh/popo/subscriber_options.hpp
[14.190s] -- Installing: /root/ros2_ws/install/iceoryx_posh/include/iceoryx/v2.0.6/iceoryx_posh/popo/trigger.hpp
[14.190s] -- Installing: /root/ros2_ws/install/iceoryx_posh/include/iceoryx/v2.0.6/iceoryx_posh/popo/trigger_handle.hpp
[14.190s] -- Installing: /root/ros2_ws/install/iceoryx_posh/include/iceoryx/v2.0.6/iceoryx_posh/popo/untyped_client.hpp
[14.190s] -- Installing: /root/ros2_ws/install/iceoryx_posh/include/iceoryx/v2.0.6/iceoryx_posh/popo/untyped_publisher.hpp
[14.191s] -- Installing: /root/ros2_ws/install/iceoryx_posh/include/iceoryx/v2.0.6/iceoryx_posh/popo/untyped_server.hpp
[14.191s] -- Installing: /root/ros2_ws/install/iceoryx_posh/include/iceoryx/v2.0.6/iceoryx_posh/popo/untyped_subscriber.hpp
[14.191s] -- Installing: /root/ros2_ws/install/iceoryx_posh/include/iceoryx/v2.0.6/iceoryx_posh/popo/user_trigger.hpp
[14.191s] -- Installing: /root/ros2_ws/install/iceoryx_posh/include/iceoryx/v2.0.6/iceoryx_posh/popo/wait_set.hpp
[14.191s] -- Installing: /root/ros2_ws/install/iceoryx_posh/include/iceoryx/v2.0.6/iceoryx_posh/roudi
[14.191s] -- Installing: /root/ros2_ws/install/iceoryx_posh/include/iceoryx/v2.0.6/iceoryx_posh/roudi/cmd_line_args.hpp
[14.191s] -- Installing: /root/ros2_ws/install/iceoryx_posh/include/iceoryx/v2.0.6/iceoryx_posh/roudi/iceoryx_roudi_app.hpp
[14.191s] -- Installing: /root/ros2_ws/install/iceoryx_posh/include/iceoryx/v2.0.6/iceoryx_posh/roudi/iceoryx_roudi_components.hpp
[14.192s] -- Installing: /root/ros2_ws/install/iceoryx_posh/include/iceoryx/v2.0.6/iceoryx_posh/roudi/introspection_types.hpp
[14.192s] -- Installing: /root/ros2_ws/install/iceoryx_posh/include/iceoryx/v2.0.6/iceoryx_posh/roudi/memory
[14.192s] -- Installing: /root/ros2_ws/install/iceoryx_posh/include/iceoryx/v2.0.6/iceoryx_posh/roudi/memory/default_roudi_memory.hpp
[14.192s] -- Installing: /root/ros2_ws/install/iceoryx_posh/include/iceoryx/v2.0.6/iceoryx_posh/roudi/memory/generic_memory_block.hpp
[14.192s] -- Installing: /root/ros2_ws/install/iceoryx_posh/include/iceoryx/v2.0.6/iceoryx_posh/roudi/memory/iceoryx_roudi_memory_manager.hpp
[14.192s] -- Installing: /root/ros2_ws/install/iceoryx_posh/include/iceoryx/v2.0.6/iceoryx_posh/roudi/memory/memory_block.hpp
[14.192s] -- Installing: /root/ros2_ws/install/iceoryx_posh/include/iceoryx/v2.0.6/iceoryx_posh/roudi/memory/memory_provider.hpp
[14.192s] -- Installing: /root/ros2_ws/install/iceoryx_posh/include/iceoryx/v2.0.6/iceoryx_posh/roudi/memory/posix_shm_memory_provider.hpp
[14.192s] -- Installing: /root/ros2_ws/install/iceoryx_posh/include/iceoryx/v2.0.6/iceoryx_posh/roudi/memory/roudi_memory_interface.hpp
[14.193s] -- Installing: /root/ros2_ws/install/iceoryx_posh/include/iceoryx/v2.0.6/iceoryx_posh/roudi/memory/roudi_memory_manager.hpp
[14.193s] -- Installing: /root/ros2_ws/install/iceoryx_posh/include/iceoryx/v2.0.6/iceoryx_posh/roudi/port_pool.hpp
[14.193s] -- Installing: /root/ros2_ws/install/iceoryx_posh/include/iceoryx/v2.0.6/iceoryx_posh/roudi/port_pool.inl
[14.193s] -- Installing: /root/ros2_ws/install/iceoryx_posh/include/iceoryx/v2.0.6/iceoryx_posh/roudi/roudi_app.hpp
[14.193s] -- Installing: /root/ros2_ws/install/iceoryx_posh/include/iceoryx/v2.0.6/iceoryx_posh/roudi/roudi_cmd_line_parser.hpp
[14.193s] -- Installing: /root/ros2_ws/install/iceoryx_posh/include/iceoryx/v2.0.6/iceoryx_posh/roudi/roudi_cmd_line_parser_config_file_option.hpp
[14.193s] -- Installing: /root/ros2_ws/install/iceoryx_posh/include/iceoryx/v2.0.6/iceoryx_posh/roudi/roudi_config.hpp
[14.193s] -- Installing: /root/ros2_ws/install/iceoryx_posh/include/iceoryx/v2.0.6/iceoryx_posh/roudi/roudi_config_file_provider.hpp
[14.193s] -- Installing: /root/ros2_ws/install/iceoryx_posh/include/iceoryx/v2.0.6/iceoryx_posh/roudi/roudi_config_toml_file_provider.hpp
[14.194s] -- Installing: /root/ros2_ws/install/iceoryx_posh/include/iceoryx/v2.0.6/iceoryx_posh/runtime
[14.194s] -- Installing: /root/ros2_ws/install/iceoryx_posh/include/iceoryx/v2.0.6/iceoryx_posh/runtime/node.hpp
[14.194s] -- Installing: /root/ros2_ws/install/iceoryx_posh/include/iceoryx/v2.0.6/iceoryx_posh/runtime/port_config_info.hpp
[14.194s] -- Installing: /root/ros2_ws/install/iceoryx_posh/include/iceoryx/v2.0.6/iceoryx_posh/runtime/posh_runtime.hpp
[14.194s] -- Installing: /root/ros2_ws/install/iceoryx_posh/include/iceoryx/v2.0.6/iceoryx_posh/runtime/posh_runtime_single_process.hpp
[14.194s] -- Installing: /root/ros2_ws/install/iceoryx_posh/include/iceoryx/v2.0.6/iceoryx_posh/runtime/service_discovery.hpp
[14.194s] -- Installing: /root/ros2_ws/install/iceoryx_posh/include/iceoryx/v2.0.6/iceoryx_posh/version
[14.194s] -- Installing: /root/ros2_ws/install/iceoryx_posh/include/iceoryx/v2.0.6/iceoryx_posh/version/compatibility_check_level.hpp
[14.194s] -- Installing: /root/ros2_ws/install/iceoryx_posh/include/iceoryx/v2.0.6/iceoryx_posh/version/version_info.hpp
[14.195s] -- Installing: /root/ros2_ws/install/iceoryx_posh/lib/cmake/iceoryx_posh/iceoryx_poshConfigVersion.cmake
[14.195s] -- Installing: /root/ros2_ws/install/iceoryx_posh/lib/cmake/iceoryx_posh/iceoryx_poshConfig.cmake
[14.195s] -- Installing: /root/ros2_ws/install/iceoryx_posh/lib/cmake/iceoryx_posh/iceoryx_poshTargets.cmake
[14.195s] -- Installing: /root/ros2_ws/install/iceoryx_posh/lib/cmake/iceoryx_posh/iceoryx_poshTargets-noconfig.cmake
[14.195s] -- Installing: /root/ros2_ws/install/iceoryx_posh/include/iceoryx/v2.0.6/iceoryx_posh/iceoryx_posh_deployment.hpp
[14.195s] -- Installing: /root/ros2_ws/install/iceoryx_posh/lib/cmake/iceoryx_posh/IceoryxPoshDeployment.cmake
[14.195s] Invoked command in '/root/ros2_ws/build/iceoryx_posh' returned '0': CMAKE_PREFIX_PATH=/root/ros2_ws/install/iceoryx_hoofs:/opt/ros/humble LD_LIBRARY_PATH=/root/ros2_ws/install/iceoryx_hoofs/lib:${LD_LIBRARY_PATH} PKG_CONFIG_PATH=/root/ros2_ws/install/iceoryx_hoofs/lib/x86_64-linux-gnu/pkgconfig:/root/ros2_ws/install/iceoryx_hoofs/lib/pkgconfig /usr/bin/cmake --install /root/ros2_ws/build/iceoryx_posh
