[0.527s] Invoking command in '/root/ros2_ws/build/ros_environment': AMENT_PREFIX_PATH=/root/ros2_ws/install/ament_cmake_core:/root/ros2_ws/install/ament_package:${AMENT_PREFIX_PATH} CMAKE_PREFIX_PATH=/root/ros2_ws/install/ament_cmake_core:/opt/ros/humble PYTHONPATH=/root/ros2_ws/build/ament_package:/root/ros2_ws/install/ament_package/lib/python3.10/site-packages:${PYTHONPATH} /usr/bin/cmake --build /root/ros2_ws/build/ros_environment -- -j16 -l16
[0.691s] Invoked command in '/root/ros2_ws/build/ros_environment' returned '0': AMENT_PREFIX_PATH=/root/ros2_ws/install/ament_cmake_core:/root/ros2_ws/install/ament_package:${AMENT_PREFIX_PATH} CMAKE_PREFIX_PATH=/root/ros2_ws/install/ament_cmake_core:/opt/ros/humble PYTHONPATH=/root/ros2_ws/build/ament_package:/root/ros2_ws/install/ament_package/lib/python3.10/site-packages:${PYTHONPATH} /usr/bin/cmake --build /root/ros2_ws/build/ros_environment -- -j16 -l16
[0.696s] Invoking command in '/root/ros2_ws/build/ros_environment': AMENT_PREFIX_PATH=/root/ros2_ws/install/ament_cmake_core:/root/ros2_ws/install/ament_package:${AMENT_PREFIX_PATH} CMAKE_PREFIX_PATH=/root/ros2_ws/install/ament_cmake_core:/opt/ros/humble PYTHONPATH=/root/ros2_ws/build/ament_package:/root/ros2_ws/install/ament_package/lib/python3.10/site-packages:${PYTHONPATH} /usr/bin/cmake --install /root/ros2_ws/build/ros_environment
[0.821s] -- Install configuration: ""
[0.821s] -- Execute custom install script
[0.822s] -- Up-to-date symlink: /root/ros2_ws/install/ros_environment/share/ros_environment/environment/1.ros_distro.dsv
[0.822s] -- Up-to-date symlink: /root/ros2_ws/install/ros_environment/share/ros_environment/environment/1.ros_distro.sh
[0.822s] -- Up-to-date symlink: /root/ros2_ws/install/ros_environment/share/ros_environment/environment/1.ros_localhost_only.dsv
[0.823s] -- Up-to-date symlink: /root/ros2_ws/install/ros_environment/share/ros_environment/environment/1.ros_localhost_only.sh
[0.823s] -- Up-to-date symlink: /root/ros2_ws/install/ros_environment/share/ros_environment/environment/1.ros_python_version.dsv
[0.823s] -- Up-to-date symlink: /root/ros2_ws/install/ros_environment/share/ros_environment/environment/1.ros_python_version.sh
[0.824s] -- Up-to-date symlink: /root/ros2_ws/install/ros_environment/share/ros_environment/environment/1.ros_version.dsv
[0.824s] -- Up-to-date symlink: /root/ros2_ws/install/ros_environment/share/ros_environment/environment/1.ros_version.sh
[0.824s] -- Up-to-date symlink: /root/ros2_ws/install/ros_environment/share/ros_environment/environment/0.ros_distro_check.sh
[0.824s] -- Up-to-date symlink: /root/ros2_ws/install/ros_environment/share/ament_index/resource_index/package_run_dependencies/ros_environment
[0.824s] -- Up-to-date symlink: /root/ros2_ws/install/ros_environment/share/ament_index/resource_index/parent_prefix_path/ros_environment
[0.824s] -- Up-to-date symlink: /root/ros2_ws/install/ros_environment/share/ros_environment/environment/ament_prefix_path.sh
[0.824s] -- Up-to-date symlink: /root/ros2_ws/install/ros_environment/share/ros_environment/environment/ament_prefix_path.dsv
[0.824s] -- Up-to-date symlink: /root/ros2_ws/install/ros_environment/share/ros_environment/environment/path.sh
[0.824s] -- Up-to-date symlink: /root/ros2_ws/install/ros_environment/share/ros_environment/environment/path.dsv
[0.824s] -- Up-to-date symlink: /root/ros2_ws/install/ros_environment/share/ros_environment/local_setup.bash
[0.824s] -- Up-to-date symlink: /root/ros2_ws/install/ros_environment/share/ros_environment/local_setup.sh
[0.824s] -- Up-to-date symlink: /root/ros2_ws/install/ros_environment/share/ros_environment/local_setup.zsh
[0.825s] -- Up-to-date symlink: /root/ros2_ws/install/ros_environment/share/ros_environment/local_setup.dsv
[0.825s] -- Symlinking: /root/ros2_ws/install/ros_environment/share/ros_environment/package.dsv
[0.825s] -- Up-to-date symlink: /root/ros2_ws/install/ros_environment/share/ament_index/resource_index/packages/ros_environment
[0.825s] -- Up-to-date symlink: /root/ros2_ws/install/ros_environment/share/ros_environment/cmake/ros_environmentConfig.cmake
[0.825s] -- Up-to-date symlink: /root/ros2_ws/install/ros_environment/share/ros_environment/cmake/ros_environmentConfig-version.cmake
[0.825s] -- Up-to-date symlink: /root/ros2_ws/install/ros_environment/share/ros_environment/package.xml
[0.828s] Invoked command in '/root/ros2_ws/build/ros_environment' returned '0': AMENT_PREFIX_PATH=/root/ros2_ws/install/ament_cmake_core:/root/ros2_ws/install/ament_package:${AMENT_PREFIX_PATH} CMAKE_PREFIX_PATH=/root/ros2_ws/install/ament_cmake_core:/opt/ros/humble PYTHONPATH=/root/ros2_ws/build/ament_package:/root/ros2_ws/install/ament_package/lib/python3.10/site-packages:${PYTHONPATH} /usr/bin/cmake --install /root/ros2_ws/build/ros_environment
