-- The C compiler identification is GNU 11.4.0
-- The CXX compiler identification is GNU 11.4.0
-- Detecting C compiler ABI info
-- Detecting C compiler ABI info - done
-- Check for working C compiler: /usr/bin/cc - skipped
-- Detecting C compile features
-- Detecting C compile features - done
-- Detecting CXX compiler ABI info
-- Detecting CXX compiler ABI info - done
-- Check for working CXX compiler: /usr/bin/c++ - skipped
-- Detecting CXX compile features
-- Detecting CXX compile features - done
-- Found ament_cmake_ros: 0.10.0 (/root/ros2_ws/install/ament_cmake_ros/share/ament_cmake_ros/cmake)
-- Found Python3: /usr/bin/python3 (found version "3.10.12") found components: Interpreter 
-- Override CMake install command with custom implementation using symlinks instead of copying resources
-- Found PkgConfig: /usr/bin/pkg-config (found version "0.29.2") 
-- Checking for module 'lttng-ust'
--   No package 'lttng-ust' found
-- Found ament_lint_auto: 0.12.15 (/root/ros2_ws/install/ament_lint_auto/share/ament_lint_auto/cmake)
-- Found gtest sources under '/root/ros2_ws/install/gtest_vendor/src/gtest_vendor': C++ tests using 'Google Test' will be built
-- Looking for pthread.h
-- Looking for pthread.h - found
-- Performing Test CMAKE_HAVE_LIBC_PTHREAD
-- Performing Test CMAKE_HAVE_LIBC_PTHREAD - Success
-- Found Threads: TRUE  
-- Added test 'copyright' to check source files copyright and LICENSE
-- Added test 'cppcheck' to perform static code analysis on C / C++ code
-- Configured cppcheck include dirs: 
-- Configured cppcheck exclude dirs and/or files: 
-- Added test 'cpplint' to check C / C++ code against the Google style
-- Configured cpplint exclude dirs and/or files: 
-- Added test 'lint_cmake' to check CMake code style
-- Added test 'uncrustify' to check C / C++ code style
-- Configured uncrustify additional arguments: 
-- Added test 'xmllint' to check XML markup files
-- Configuring done
-- Generating done
-- Build files have been written to: /root/ros2_ws/build/tracetools
[  7%] Building CXX object gtest/CMakeFiles/gtest.dir/src/gtest-all.cc.o
[ 15%] Building CXX object gtest/CMakeFiles/gtest_main.dir/src/gtest_main.cc.o
[ 23%] Building CXX object CMakeFiles/tracetools.dir/src/utils.cpp.o
[ 30%] Building C object CMakeFiles/tracetools.dir/src/tracetools.c.o
[ 38%] Linking CXX shared library libtracetools.so
[ 38%] Built target tracetools
[ 46%] Building C object CMakeFiles/tracetools_status.dir/src/status.c.o
[ 53%] Linking C shared library libtracetools_status.so
[ 53%] Built target tracetools_status
[ 61%] Building C object CMakeFiles/status.dir/src/status_tool.c.o
[ 69%] Linking C executable status
[ 69%] Built target status
[ 76%] Linking CXX static library libgtest_main.a
[ 76%] Built target gtest_main
[ 84%] Linking CXX static library libgtest.a
[ 84%] Built target gtest
[ 92%] Building CXX object CMakeFiles/test_status.dir/test/test_status.cpp.o
[100%] Linking CXX executable test_status
[100%] Built target test_status
