[0.558s] Invoking command in '/root/ros2_ws/build/ament_pep257': AMENT_PREFIX_PATH=/root/ros2_ws/install/ament_flake8:/root/ros2_ws/install/ament_lint:${AMENT_PREFIX_PATH} PATH=/root/ros2_ws/install/ament_flake8/bin:${PATH} PYTHONPATH=/root/ros2_ws/build/ament_pep257/prefix_override:/usr/lib/python3/dist-packages/colcon_core/task/python/colcon_distutils_commands:/root/ros2_ws/install/ament_pep257/lib/python3.10/site-packages:/root/ros2_ws/build/ament_flake8:/root/ros2_ws/install/ament_flake8/lib/python3.10/site-packages:/root/ros2_ws/build/ament_lint:/root/ros2_ws/install/ament_lint/lib/python3.10/site-packages:${PYTHONPATH} /usr/bin/python3 -W ignore:setup.py install is deprecated -W ignore:easy_install command is deprecated setup.py develop --editable --build-directory /root/ros2_ws/build/ament_pep257/build --no-deps symlink_data
[0.705s] running develop
[0.767s] running egg_info
[0.767s] creating ament_pep257.egg-info
[0.767s] writing ament_pep257.egg-info/PKG-INFO
[0.767s] writing dependency_links to ament_pep257.egg-info/dependency_links.txt
[0.767s] writing entry points to ament_pep257.egg-info/entry_points.txt
[0.767s] writing requirements to ament_pep257.egg-info/requires.txt
[0.767s] writing top-level names to ament_pep257.egg-info/top_level.txt
[0.767s] writing manifest file 'ament_pep257.egg-info/SOURCES.txt'
[0.768s] reading manifest file 'ament_pep257.egg-info/SOURCES.txt'
[0.769s] writing manifest file 'ament_pep257.egg-info/SOURCES.txt'
[0.769s] running build_ext
[0.770s] Creating /root/ros2_ws/install/ament_pep257/lib/python3.10/site-packages/ament-pep257.egg-link (link to .)
[0.770s] Installing ament_pep257 script to /root/ros2_ws/install/ament_pep257/bin
[0.770s] 
[0.770s] Installed /root/ros2_ws/build/ament_pep257
[0.770s] running symlink_data
[0.770s] symbolically linking /root/ros2_ws/build/ament_pep257/package.xml -> /root/ros2_ws/install/ament_pep257/share/ament_pep257
[0.770s] creating /root/ros2_ws/install/ament_pep257/share/ament_index
[0.770s] creating /root/ros2_ws/install/ament_pep257/share/ament_index/resource_index
[0.770s] creating /root/ros2_ws/install/ament_pep257/share/ament_index/resource_index/packages
[0.770s] symbolically linking /root/ros2_ws/build/ament_pep257/resource/ament_pep257 -> /root/ros2_ws/install/ament_pep257/share/ament_index/resource_index/packages
[0.791s] Invoked command in '/root/ros2_ws/build/ament_pep257' returned '0': AMENT_PREFIX_PATH=/root/ros2_ws/install/ament_flake8:/root/ros2_ws/install/ament_lint:${AMENT_PREFIX_PATH} PATH=/root/ros2_ws/install/ament_flake8/bin:${PATH} PYTHONPATH=/root/ros2_ws/build/ament_pep257/prefix_override:/usr/lib/python3/dist-packages/colcon_core/task/python/colcon_distutils_commands:/root/ros2_ws/install/ament_pep257/lib/python3.10/site-packages:/root/ros2_ws/build/ament_flake8:/root/ros2_ws/install/ament_flake8/lib/python3.10/site-packages:/root/ros2_ws/build/ament_lint:/root/ros2_ws/install/ament_lint/lib/python3.10/site-packages:${PYTHONPATH} /usr/bin/python3 -W ignore:setup.py install is deprecated -W ignore:easy_install command is deprecated setup.py develop --editable --build-directory /root/ros2_ws/build/ament_pep257/build --no-deps symlink_data
