[0.068s] Invoking command in '/root/ros2_ws/build/ament_cmake_export_dependencies': AMENT_PREFIX_PATH=/root/ros2_ws/install/ament_cmake_libraries:/root/ros2_ws/install/ament_cmake_core:/root/ros2_ws/install/ament_package:${AMENT_PREFIX_PATH} CMAKE_PREFIX_PATH=/root/ros2_ws/install/ament_cmake_libraries:/root/ros2_ws/install/ament_cmake_core:/opt/ros/humble PYTHONPATH=/root/ros2_ws/build/ament_package:/root/ros2_ws/install/ament_package/lib/python3.10/site-packages:${PYTHONPATH} /usr/bin/cmake /root/ros2_ws/src/ament/ament_cmake/ament_cmake_export_dependencies -DAMENT_CMAKE_SYMLINK_INSTALL=1 -DCMAKE_INSTALL_PREFIX=/root/ros2_ws/install/ament_cmake_export_dependencies
[0.093s] -- Found ament_cmake_core: 1.3.14 (/root/ros2_ws/install/ament_cmake_core/share/ament_cmake_core/cmake)
[0.356s] -- Found Python3: /usr/bin/python3 (found version "3.10.12") found components: Interpreter 
[0.356s] -- Override CMake install command with custom implementation using symlinks instead of copying resources
[0.356s] -- Configuring done
[0.356s] -- Generating done
[0.356s] -- Build files have been written to: /root/ros2_ws/build/ament_cmake_export_dependencies
[0.357s] Invoked command in '/root/ros2_ws/build/ament_cmake_export_dependencies' returned '0': AMENT_PREFIX_PATH=/root/ros2_ws/install/ament_cmake_libraries:/root/ros2_ws/install/ament_cmake_core:/root/ros2_ws/install/ament_package:${AMENT_PREFIX_PATH} CMAKE_PREFIX_PATH=/root/ros2_ws/install/ament_cmake_libraries:/root/ros2_ws/install/ament_cmake_core:/opt/ros/humble PYTHONPATH=/root/ros2_ws/build/ament_package:/root/ros2_ws/install/ament_package/lib/python3.10/site-packages:${PYTHONPATH} /usr/bin/cmake /root/ros2_ws/src/ament/ament_cmake/ament_cmake_export_dependencies -DAMENT_CMAKE_SYMLINK_INSTALL=1 -DCMAKE_INSTALL_PREFIX=/root/ros2_ws/install/ament_cmake_export_dependencies
[0.357s] Invoking command in '/root/ros2_ws/build/ament_cmake_export_dependencies': AMENT_PREFIX_PATH=/root/ros2_ws/install/ament_cmake_libraries:/root/ros2_ws/install/ament_cmake_core:/root/ros2_ws/install/ament_package:${AMENT_PREFIX_PATH} CMAKE_PREFIX_PATH=/root/ros2_ws/install/ament_cmake_libraries:/root/ros2_ws/install/ament_cmake_core:/opt/ros/humble PYTHONPATH=/root/ros2_ws/build/ament_package:/root/ros2_ws/install/ament_package/lib/python3.10/site-packages:${PYTHONPATH} /usr/bin/cmake --build /root/ros2_ws/build/ament_cmake_export_dependencies -- -j16 -l16
[0.387s] Invoked command in '/root/ros2_ws/build/ament_cmake_export_dependencies' returned '0': AMENT_PREFIX_PATH=/root/ros2_ws/install/ament_cmake_libraries:/root/ros2_ws/install/ament_cmake_core:/root/ros2_ws/install/ament_package:${AMENT_PREFIX_PATH} CMAKE_PREFIX_PATH=/root/ros2_ws/install/ament_cmake_libraries:/root/ros2_ws/install/ament_cmake_core:/opt/ros/humble PYTHONPATH=/root/ros2_ws/build/ament_package:/root/ros2_ws/install/ament_package/lib/python3.10/site-packages:${PYTHONPATH} /usr/bin/cmake --build /root/ros2_ws/build/ament_cmake_export_dependencies -- -j16 -l16
[0.389s] Invoking command in '/root/ros2_ws/build/ament_cmake_export_dependencies': AMENT_PREFIX_PATH=/root/ros2_ws/install/ament_cmake_libraries:/root/ros2_ws/install/ament_cmake_core:/root/ros2_ws/install/ament_package:${AMENT_PREFIX_PATH} CMAKE_PREFIX_PATH=/root/ros2_ws/install/ament_cmake_libraries:/root/ros2_ws/install/ament_cmake_core:/opt/ros/humble PYTHONPATH=/root/ros2_ws/build/ament_package:/root/ros2_ws/install/ament_package/lib/python3.10/site-packages:${PYTHONPATH} /usr/bin/cmake --install /root/ros2_ws/build/ament_cmake_export_dependencies
[0.396s] -- Install configuration: ""
[0.397s] -- Execute custom install script
[0.397s] -- Symlinking: /root/ros2_ws/install/ament_cmake_export_dependencies/share/ament_index/resource_index/package_run_dependencies/ament_cmake_export_dependencies
[0.403s] -- Symlinking: /root/ros2_ws/install/ament_cmake_export_dependencies/share/ament_index/resource_index/parent_prefix_path/ament_cmake_export_dependencies
[0.409s] -- Symlinking: /root/ros2_ws/install/ament_cmake_export_dependencies/share/ament_cmake_export_dependencies/environment/ament_prefix_path.sh
[0.419s] -- Symlinking: /root/ros2_ws/install/ament_cmake_export_dependencies/share/ament_cmake_export_dependencies/environment/ament_prefix_path.dsv
[0.427s] -- Symlinking: /root/ros2_ws/install/ament_cmake_export_dependencies/share/ament_cmake_export_dependencies/environment/path.sh
[0.432s] -- Symlinking: /root/ros2_ws/install/ament_cmake_export_dependencies/share/ament_cmake_export_dependencies/environment/path.dsv
[0.437s] -- Symlinking: /root/ros2_ws/install/ament_cmake_export_dependencies/share/ament_cmake_export_dependencies/local_setup.bash
[0.443s] -- Symlinking: /root/ros2_ws/install/ament_cmake_export_dependencies/share/ament_cmake_export_dependencies/local_setup.sh
[0.448s] -- Symlinking: /root/ros2_ws/install/ament_cmake_export_dependencies/share/ament_cmake_export_dependencies/local_setup.zsh
[0.453s] -- Symlinking: /root/ros2_ws/install/ament_cmake_export_dependencies/share/ament_cmake_export_dependencies/local_setup.dsv
[0.458s] -- Symlinking: /root/ros2_ws/install/ament_cmake_export_dependencies/share/ament_cmake_export_dependencies/package.dsv
[0.463s] -- Symlinking: /root/ros2_ws/install/ament_cmake_export_dependencies/share/ament_index/resource_index/packages/ament_cmake_export_dependencies
[0.469s] -- Symlinking: /root/ros2_ws/install/ament_cmake_export_dependencies/share/ament_cmake_export_dependencies/cmake/ament_cmake_export_dependencies-extras.cmake
[0.475s] -- Symlinking: /root/ros2_ws/install/ament_cmake_export_dependencies/share/ament_cmake_export_dependencies/cmake/ament_cmake_export_dependenciesConfig.cmake
[0.481s] -- Symlinking: /root/ros2_ws/install/ament_cmake_export_dependencies/share/ament_cmake_export_dependencies/cmake/ament_cmake_export_dependenciesConfig-version.cmake
[0.487s] -- Symlinking: /root/ros2_ws/install/ament_cmake_export_dependencies/share/ament_cmake_export_dependencies/package.xml
[0.493s] -- Symlinking: /root/ros2_ws/install/ament_cmake_export_dependencies/share/ament_cmake_export_dependencies/cmake/ament_cmake_export_dependencies-extras.cmake.in
[0.498s] -- Symlinking: /root/ros2_ws/install/ament_cmake_export_dependencies/share/ament_cmake_export_dependencies/cmake/ament_cmake_export_dependencies_package_hook.cmake
[0.515s] -- Symlinking: /root/ros2_ws/install/ament_cmake_export_dependencies/share/ament_cmake_export_dependencies/cmake/ament_export_dependencies.cmake
[0.517s] Invoked command in '/root/ros2_ws/build/ament_cmake_export_dependencies' returned '0': AMENT_PREFIX_PATH=/root/ros2_ws/install/ament_cmake_libraries:/root/ros2_ws/install/ament_cmake_core:/root/ros2_ws/install/ament_package:${AMENT_PREFIX_PATH} CMAKE_PREFIX_PATH=/root/ros2_ws/install/ament_cmake_libraries:/root/ros2_ws/install/ament_cmake_core:/opt/ros/humble PYTHONPATH=/root/ros2_ws/build/ament_package:/root/ros2_ws/install/ament_package/lib/python3.10/site-packages:${PYTHONPATH} /usr/bin/cmake --install /root/ros2_ws/build/ament_cmake_export_dependencies
