-- Found ament_cmake_core: 1.3.14 (/root/ros2_ws/install/ament_cmake_core/share/ament_cmake_core/cmake)
-- Found Python3: /usr/bin/python3 (found version "3.10.12") found components: Interpreter 
-- Override CMake install command with custom implementation using symlinks instead of copying resources
-- Configuring done
-- Generating done
-- Build files have been written to: /root/ros2_ws/build/ros_environment
-- Install configuration: ""
-- Execute custom install script
-- Symlinking: /root/ros2_ws/install/ros_environment/share/ros_environment/environment/1.ros_distro.dsv
-- Symlinking: /root/ros2_ws/install/ros_environment/share/ros_environment/environment/1.ros_distro.sh
-- Symlinking: /root/ros2_ws/install/ros_environment/share/ros_environment/environment/1.ros_localhost_only.dsv
-- Symlinking: /root/ros2_ws/install/ros_environment/share/ros_environment/environment/1.ros_localhost_only.sh
-- Symlinking: /root/ros2_ws/install/ros_environment/share/ros_environment/environment/1.ros_python_version.dsv
-- Symlinking: /root/ros2_ws/install/ros_environment/share/ros_environment/environment/1.ros_python_version.sh
-- Symlinking: /root/ros2_ws/install/ros_environment/share/ros_environment/environment/1.ros_version.dsv
-- Symlinking: /root/ros2_ws/install/ros_environment/share/ros_environment/environment/1.ros_version.sh
-- Symlinking: /root/ros2_ws/install/ros_environment/share/ros_environment/environment/0.ros_distro_check.sh
-- Symlinking: /root/ros2_ws/install/ros_environment/share/ament_index/resource_index/package_run_dependencies/ros_environment
-- Symlinking: /root/ros2_ws/install/ros_environment/share/ament_index/resource_index/parent_prefix_path/ros_environment
-- Symlinking: /root/ros2_ws/install/ros_environment/share/ros_environment/environment/ament_prefix_path.sh
-- Symlinking: /root/ros2_ws/install/ros_environment/share/ros_environment/environment/ament_prefix_path.dsv
-- Symlinking: /root/ros2_ws/install/ros_environment/share/ros_environment/environment/path.sh
-- Symlinking: /root/ros2_ws/install/ros_environment/share/ros_environment/environment/path.dsv
-- Symlinking: /root/ros2_ws/install/ros_environment/share/ros_environment/local_setup.bash
-- Symlinking: /root/ros2_ws/install/ros_environment/share/ros_environment/local_setup.sh
-- Symlinking: /root/ros2_ws/install/ros_environment/share/ros_environment/local_setup.zsh
-- Symlinking: /root/ros2_ws/install/ros_environment/share/ros_environment/local_setup.dsv
-- Symlinking: /root/ros2_ws/install/ros_environment/share/ros_environment/package.dsv
-- Symlinking: /root/ros2_ws/install/ros_environment/share/ament_index/resource_index/packages/ros_environment
-- Symlinking: /root/ros2_ws/install/ros_environment/share/ros_environment/cmake/ros_environmentConfig.cmake
-- Symlinking: /root/ros2_ws/install/ros_environment/share/ros_environment/cmake/ros_environmentConfig-version.cmake
-- Symlinking: /root/ros2_ws/install/ros_environment/share/ros_environment/package.xml
