[0.033s] Invoking command in '/root/ros2_ws/build/ros_environment': AMENT_PREFIX_PATH=/root/ros2_ws/install/ament_cmake_core:/root/ros2_ws/install/ament_package:${AMENT_PREFIX_PATH} CMAKE_PREFIX_PATH=/root/ros2_ws/install/ament_cmake_core:/opt/ros/humble PYTHONPATH=/root/ros2_ws/build/ament_package:/root/ros2_ws/install/ament_package/lib/python3.10/site-packages:${PYTHONPATH} /usr/bin/cmake /root/ros2_ws/src/ros/ros_environment -DAMENT_CMAKE_SYMLINK_INSTALL=1 -DCMAKE_INSTALL_PREFIX=/root/ros2_ws/install/ros_environment
[0.047s] -- Found ament_cmake_core: 1.3.14 (/root/ros2_ws/install/ament_cmake_core/share/ament_cmake_core/cmake)
[0.262s] -- Found Python3: /usr/bin/python3 (found version "3.10.12") found components: Interpreter 
[0.347s] -- Override CMake install command with custom implementation using symlinks instead of copying resources
[0.443s] -- Configuring done
[0.447s] -- Generating done
[0.450s] -- Build files have been written to: /root/ros2_ws/build/ros_environment
[0.456s] Invoked command in '/root/ros2_ws/build/ros_environment' returned '0': AMENT_PREFIX_PATH=/root/ros2_ws/install/ament_cmake_core:/root/ros2_ws/install/ament_package:${AMENT_PREFIX_PATH} CMAKE_PREFIX_PATH=/root/ros2_ws/install/ament_cmake_core:/opt/ros/humble PYTHONPATH=/root/ros2_ws/build/ament_package:/root/ros2_ws/install/ament_package/lib/python3.10/site-packages:${PYTHONPATH} /usr/bin/cmake /root/ros2_ws/src/ros/ros_environment -DAMENT_CMAKE_SYMLINK_INSTALL=1 -DCMAKE_INSTALL_PREFIX=/root/ros2_ws/install/ros_environment
[0.457s] Invoking command in '/root/ros2_ws/build/ros_environment': AMENT_PREFIX_PATH=/root/ros2_ws/install/ament_cmake_core:/root/ros2_ws/install/ament_package:${AMENT_PREFIX_PATH} CMAKE_PREFIX_PATH=/root/ros2_ws/install/ament_cmake_core:/opt/ros/humble PYTHONPATH=/root/ros2_ws/build/ament_package:/root/ros2_ws/install/ament_package/lib/python3.10/site-packages:${PYTHONPATH} /usr/bin/cmake --build /root/ros2_ws/build/ros_environment -- -j16 -l16
[0.495s] Invoked command in '/root/ros2_ws/build/ros_environment' returned '0': AMENT_PREFIX_PATH=/root/ros2_ws/install/ament_cmake_core:/root/ros2_ws/install/ament_package:${AMENT_PREFIX_PATH} CMAKE_PREFIX_PATH=/root/ros2_ws/install/ament_cmake_core:/opt/ros/humble PYTHONPATH=/root/ros2_ws/build/ament_package:/root/ros2_ws/install/ament_package/lib/python3.10/site-packages:${PYTHONPATH} /usr/bin/cmake --build /root/ros2_ws/build/ros_environment -- -j16 -l16
[0.496s] Invoking command in '/root/ros2_ws/build/ros_environment': AMENT_PREFIX_PATH=/root/ros2_ws/install/ament_cmake_core:/root/ros2_ws/install/ament_package:${AMENT_PREFIX_PATH} CMAKE_PREFIX_PATH=/root/ros2_ws/install/ament_cmake_core:/opt/ros/humble PYTHONPATH=/root/ros2_ws/build/ament_package:/root/ros2_ws/install/ament_package/lib/python3.10/site-packages:${PYTHONPATH} /usr/bin/cmake --install /root/ros2_ws/build/ros_environment
[0.501s] -- Install configuration: ""
[0.502s] -- Execute custom install script
[0.502s] -- Symlinking: /root/ros2_ws/install/ros_environment/share/ros_environment/environment/1.ros_distro.dsv
[0.510s] -- Symlinking: /root/ros2_ws/install/ros_environment/share/ros_environment/environment/1.ros_distro.sh
[0.519s] -- Symlinking: /root/ros2_ws/install/ros_environment/share/ros_environment/environment/1.ros_localhost_only.dsv
[0.527s] -- Symlinking: /root/ros2_ws/install/ros_environment/share/ros_environment/environment/1.ros_localhost_only.sh
[0.535s] -- Symlinking: /root/ros2_ws/install/ros_environment/share/ros_environment/environment/1.ros_python_version.dsv
[0.542s] -- Symlinking: /root/ros2_ws/install/ros_environment/share/ros_environment/environment/1.ros_python_version.sh
[0.549s] -- Symlinking: /root/ros2_ws/install/ros_environment/share/ros_environment/environment/1.ros_version.dsv
[0.557s] -- Symlinking: /root/ros2_ws/install/ros_environment/share/ros_environment/environment/1.ros_version.sh
[0.565s] -- Symlinking: /root/ros2_ws/install/ros_environment/share/ros_environment/environment/0.ros_distro_check.sh
[0.573s] -- Symlinking: /root/ros2_ws/install/ros_environment/share/ament_index/resource_index/package_run_dependencies/ros_environment
[0.580s] -- Symlinking: /root/ros2_ws/install/ros_environment/share/ament_index/resource_index/parent_prefix_path/ros_environment
[0.589s] -- Symlinking: /root/ros2_ws/install/ros_environment/share/ros_environment/environment/ament_prefix_path.sh
[0.598s] -- Symlinking: /root/ros2_ws/install/ros_environment/share/ros_environment/environment/ament_prefix_path.dsv
[0.605s] -- Symlinking: /root/ros2_ws/install/ros_environment/share/ros_environment/environment/path.sh
[0.627s] -- Symlinking: /root/ros2_ws/install/ros_environment/share/ros_environment/environment/path.dsv
[0.627s] -- Symlinking: /root/ros2_ws/install/ros_environment/share/ros_environment/local_setup.bash
[0.659s] -- Symlinking: /root/ros2_ws/install/ros_environment/share/ros_environment/local_setup.sh
[0.659s] -- Symlinking: /root/ros2_ws/install/ros_environment/share/ros_environment/local_setup.zsh
[0.660s] -- Symlinking: /root/ros2_ws/install/ros_environment/share/ros_environment/local_setup.dsv
[0.684s] -- Symlinking: /root/ros2_ws/install/ros_environment/share/ros_environment/package.dsv
[0.712s] -- Symlinking: /root/ros2_ws/install/ros_environment/share/ament_index/resource_index/packages/ros_environment
[0.712s] -- Symlinking: /root/ros2_ws/install/ros_environment/share/ros_environment/cmake/ros_environmentConfig.cmake
[0.713s] -- Symlinking: /root/ros2_ws/install/ros_environment/share/ros_environment/cmake/ros_environmentConfig-version.cmake
[0.713s] -- Symlinking: /root/ros2_ws/install/ros_environment/share/ros_environment/package.xml
[0.714s] Invoked command in '/root/ros2_ws/build/ros_environment' returned '0': AMENT_PREFIX_PATH=/root/ros2_ws/install/ament_cmake_core:/root/ros2_ws/install/ament_package:${AMENT_PREFIX_PATH} CMAKE_PREFIX_PATH=/root/ros2_ws/install/ament_cmake_core:/opt/ros/humble PYTHONPATH=/root/ros2_ws/build/ament_package:/root/ros2_ws/install/ament_package/lib/python3.10/site-packages:${PYTHONPATH} /usr/bin/cmake --install /root/ros2_ws/build/ros_environment
