-- Setting build type to 'Release' as none was specified.
-- The C compiler identification is GNU 11.4.0
-- The CXX compiler identification is GNU 11.4.0
-- Detecting C compiler ABI info
-- Detecting C compiler ABI info - done
-- Check for working C compiler: /usr/bin/cc - skipped
-- Detecting C compile features
-- Detecting C compile features - done
-- Detecting CXX compiler ABI info
-- Detecting CXX compiler ABI info - done
-- Check for working CXX compiler: /usr/bin/c++ - skipped
-- Detecting CXX compile features
-- Detecting CXX compile features - done
-- Configuring Fast CDR
-- Version: 1.0.24
-- To change the version modify the file configure.ac
-- Performing Test SUPPORTS_CXX14
-- Performing Test SUPPORTS_CXX14 - Success
-- Looking for sys/types.h
-- Looking for sys/types.h - found
-- Looking for stdint.h
-- Looking for stdint.h - found
-- Looking for stddef.h
-- Looking for stddef.h - found
-- Check size of long double
-- Check size of long double - done
-- Check size of __float128
-- Check size of __float128 - done
-- Configuring done
-- Generating done
-- Build files have been written to: /root/ros2_ws/build/fastcdr
[ 28%] Building CXX object src/cpp/CMakeFiles/fastcdr.dir/FastBuffer.cpp.o
[ 28%] Building CXX object src/cpp/CMakeFiles/fastcdr.dir/FastCdr.cpp.o
[ 42%] Building CXX object src/cpp/CMakeFiles/fastcdr.dir/Cdr.cpp.o
[ 57%] Building CXX object src/cpp/CMakeFiles/fastcdr.dir/exceptions/BadParamException.cpp.o
[ 71%] Building CXX object src/cpp/CMakeFiles/fastcdr.dir/exceptions/NotEnoughMemoryException.cpp.o
[ 85%] Building CXX object src/cpp/CMakeFiles/fastcdr.dir/exceptions/Exception.cpp.o
[100%] Linking CXX shared library libfastcdr.so
[100%] Built target fastcdr
