[0.658s] Invoking command in '/root/ros2_ws/build/fastcdr': /usr/bin/cmake /root/ros2_ws/src/eProsima/Fast-CDR -DCMAKE_INSTALL_PREFIX=/root/ros2_ws/install/fastcdr
[0.687s] -- Setting build type to 'Release' as none was specified.
[0.739s] -- The C compiler identification is GNU 11.4.0
[0.807s] -- The CXX compiler identification is GNU 11.4.0
[0.807s] -- Detecting C compiler ABI info
[0.867s] -- Detecting C compiler ABI info - done
[0.876s] -- Check for working C compiler: /usr/bin/cc - skipped
[0.877s] -- Detecting C compile features
[0.877s] -- Detecting C compile features - done
[0.881s] -- Detecting CXX compiler ABI info
[0.957s] -- Detecting CXX compiler ABI info - done
[0.964s] -- Check for working CXX compiler: /usr/bin/c++ - skipped
[0.964s] -- Detecting CXX compile features
[0.964s] -- Detecting CXX compile features - done
[0.966s] -- Configuring Fast CDR
[0.966s] -- Version: 1.0.24
[0.966s] -- To change the version modify the file configure.ac
[0.969s] -- Performing Test SUPPORTS_CXX14
[1.045s] -- Performing Test SUPPORTS_CXX14 - Success
[1.047s] -- Looking for sys/types.h
[1.120s] -- Looking for sys/types.h - found
[1.126s] -- Looking for stdint.h
[1.310s] -- Looking for stdint.h - found
[1.310s] -- Looking for stddef.h
[1.412s] -- Looking for stddef.h - found
[1.412s] -- Check size of long double
[1.791s] -- Check size of long double - done
[1.791s] -- Check size of __float128
[1.792s] -- Check size of __float128 - done
[1.792s] -- Configuring done
[1.792s] -- Generating done
[1.792s] -- Build files have been written to: /root/ros2_ws/build/fastcdr
[1.792s] Invoked command in '/root/ros2_ws/build/fastcdr' returned '0': /usr/bin/cmake /root/ros2_ws/src/eProsima/Fast-CDR -DCMAKE_INSTALL_PREFIX=/root/ros2_ws/install/fastcdr
[1.793s] Invoking command in '/root/ros2_ws/build/fastcdr': /usr/bin/cmake --build /root/ros2_ws/build/fastcdr -- -j16 -l16
[1.846s] [ 28%] Building CXX object src/cpp/CMakeFiles/fastcdr.dir/FastBuffer.cpp.o
[1.846s] [ 28%] Building CXX object src/cpp/CMakeFiles/fastcdr.dir/FastCdr.cpp.o
[1.851s] [ 42%] Building CXX object src/cpp/CMakeFiles/fastcdr.dir/Cdr.cpp.o
[1.854s] [ 57%] Building CXX object src/cpp/CMakeFiles/fastcdr.dir/exceptions/BadParamException.cpp.o
[1.856s] [ 71%] Building CXX object src/cpp/CMakeFiles/fastcdr.dir/exceptions/NotEnoughMemoryException.cpp.o
[1.857s] [ 85%] Building CXX object src/cpp/CMakeFiles/fastcdr.dir/exceptions/Exception.cpp.o
[2.767s] [100%] Linking CXX shared library libfastcdr.so
[2.827s] [100%] Built target fastcdr
