[0.040s] Invoking command in '/root/ros2_ws/build/ament_cmake_libraries': AMENT_PREFIX_PATH=/root/ros2_ws/install/ament_cmake_core:/root/ros2_ws/install/ament_package:${AMENT_PREFIX_PATH} CMAKE_PREFIX_PATH=/root/ros2_ws/install/ament_cmake_core:/opt/ros/humble PYTHONPATH=/root/ros2_ws/build/ament_package:/root/ros2_ws/install/ament_package/lib/python3.10/site-packages:${PYTHONPATH} /usr/bin/cmake /root/ros2_ws/src/ament/ament_cmake/ament_cmake_libraries -DAMENT_CMAKE_SYMLINK_INSTALL=1 -DCMAKE_INSTALL_PREFIX=/root/ros2_ws/install/ament_cmake_libraries
[0.057s] -- Found ament_cmake_core: 1.3.14 (/root/ros2_ws/install/ament_cmake_core/share/ament_cmake_core/cmake)
[0.255s] -- Found Python3: /usr/bin/python3 (found version "3.10.12") found components: Interpreter 
[0.351s] -- Override CMake install command with custom implementation using symlinks instead of copying resources
[0.424s] -- Configuring done
[0.428s] -- Generating done
[0.428s] -- Build files have been written to: /root/ros2_ws/build/ament_cmake_libraries
[0.432s] Invoked command in '/root/ros2_ws/build/ament_cmake_libraries' returned '0': AMENT_PREFIX_PATH=/root/ros2_ws/install/ament_cmake_core:/root/ros2_ws/install/ament_package:${AMENT_PREFIX_PATH} CMAKE_PREFIX_PATH=/root/ros2_ws/install/ament_cmake_core:/opt/ros/humble PYTHONPATH=/root/ros2_ws/build/ament_package:/root/ros2_ws/install/ament_package/lib/python3.10/site-packages:${PYTHONPATH} /usr/bin/cmake /root/ros2_ws/src/ament/ament_cmake/ament_cmake_libraries -DAMENT_CMAKE_SYMLINK_INSTALL=1 -DCMAKE_INSTALL_PREFIX=/root/ros2_ws/install/ament_cmake_libraries
[0.434s] Invoking command in '/root/ros2_ws/build/ament_cmake_libraries': AMENT_PREFIX_PATH=/root/ros2_ws/install/ament_cmake_core:/root/ros2_ws/install/ament_package:${AMENT_PREFIX_PATH} CMAKE_PREFIX_PATH=/root/ros2_ws/install/ament_cmake_core:/opt/ros/humble PYTHONPATH=/root/ros2_ws/build/ament_package:/root/ros2_ws/install/ament_package/lib/python3.10/site-packages:${PYTHONPATH} /usr/bin/cmake --build /root/ros2_ws/build/ament_cmake_libraries -- -j16 -l16
[0.477s] Invoked command in '/root/ros2_ws/build/ament_cmake_libraries' returned '0': AMENT_PREFIX_PATH=/root/ros2_ws/install/ament_cmake_core:/root/ros2_ws/install/ament_package:${AMENT_PREFIX_PATH} CMAKE_PREFIX_PATH=/root/ros2_ws/install/ament_cmake_core:/opt/ros/humble PYTHONPATH=/root/ros2_ws/build/ament_package:/root/ros2_ws/install/ament_package/lib/python3.10/site-packages:${PYTHONPATH} /usr/bin/cmake --build /root/ros2_ws/build/ament_cmake_libraries -- -j16 -l16
[0.478s] Invoking command in '/root/ros2_ws/build/ament_cmake_libraries': AMENT_PREFIX_PATH=/root/ros2_ws/install/ament_cmake_core:/root/ros2_ws/install/ament_package:${AMENT_PREFIX_PATH} CMAKE_PREFIX_PATH=/root/ros2_ws/install/ament_cmake_core:/opt/ros/humble PYTHONPATH=/root/ros2_ws/build/ament_package:/root/ros2_ws/install/ament_package/lib/python3.10/site-packages:${PYTHONPATH} /usr/bin/cmake --install /root/ros2_ws/build/ament_cmake_libraries
[0.489s] -- Install configuration: ""
[0.489s] -- Execute custom install script
[0.489s] -- Symlinking: /root/ros2_ws/install/ament_cmake_libraries/share/ament_index/resource_index/package_run_dependencies/ament_cmake_libraries
[0.498s] -- Symlinking: /root/ros2_ws/install/ament_cmake_libraries/share/ament_index/resource_index/parent_prefix_path/ament_cmake_libraries
[0.507s] -- Symlinking: /root/ros2_ws/install/ament_cmake_libraries/share/ament_cmake_libraries/environment/ament_prefix_path.sh
[0.522s] -- Symlinking: /root/ros2_ws/install/ament_cmake_libraries/share/ament_cmake_libraries/environment/ament_prefix_path.dsv
[0.526s] -- Symlinking: /root/ros2_ws/install/ament_cmake_libraries/share/ament_cmake_libraries/environment/path.sh
[0.534s] -- Symlinking: /root/ros2_ws/install/ament_cmake_libraries/share/ament_cmake_libraries/environment/path.dsv
[0.544s] -- Symlinking: /root/ros2_ws/install/ament_cmake_libraries/share/ament_cmake_libraries/local_setup.bash
[0.553s] -- Symlinking: /root/ros2_ws/install/ament_cmake_libraries/share/ament_cmake_libraries/local_setup.sh
[0.561s] -- Symlinking: /root/ros2_ws/install/ament_cmake_libraries/share/ament_cmake_libraries/local_setup.zsh
[0.568s] -- Symlinking: /root/ros2_ws/install/ament_cmake_libraries/share/ament_cmake_libraries/local_setup.dsv
[0.578s] -- Symlinking: /root/ros2_ws/install/ament_cmake_libraries/share/ament_cmake_libraries/package.dsv
[0.587s] -- Symlinking: /root/ros2_ws/install/ament_cmake_libraries/share/ament_index/resource_index/packages/ament_cmake_libraries
[0.596s] -- Symlinking: /root/ros2_ws/install/ament_cmake_libraries/share/ament_cmake_libraries/cmake/ament_cmake_libraries-extras.cmake
[0.605s] -- Symlinking: /root/ros2_ws/install/ament_cmake_libraries/share/ament_cmake_libraries/cmake/ament_cmake_librariesConfig.cmake
[0.613s] -- Symlinking: /root/ros2_ws/install/ament_cmake_libraries/share/ament_cmake_libraries/cmake/ament_cmake_librariesConfig-version.cmake
[0.621s] -- Symlinking: /root/ros2_ws/install/ament_cmake_libraries/share/ament_cmake_libraries/package.xml
[0.628s] -- Symlinking: /root/ros2_ws/install/ament_cmake_libraries/share/ament_cmake_libraries/cmake/ament_libraries_deduplicate.cmake
[0.654s] Invoked command in '/root/ros2_ws/build/ament_cmake_libraries' returned '0': AMENT_PREFIX_PATH=/root/ros2_ws/install/ament_cmake_core:/root/ros2_ws/install/ament_package:${AMENT_PREFIX_PATH} CMAKE_PREFIX_PATH=/root/ros2_ws/install/ament_cmake_core:/opt/ros/humble PYTHONPATH=/root/ros2_ws/build/ament_package:/root/ros2_ws/install/ament_package/lib/python3.10/site-packages:${PYTHONPATH} /usr/bin/cmake --install /root/ros2_ws/build/ament_cmake_libraries
