[0.041s] Invoking command in '/root/ros2_ws/build/ament_cmake_export_interfaces': AMENT_PREFIX_PATH=/root/ros2_ws/install/ament_cmake_export_libraries:/root/ros2_ws/install/ament_cmake_core:/root/ros2_ws/install/ament_package:${AMENT_PREFIX_PATH} CMAKE_PREFIX_PATH=/root/ros2_ws/install/ament_cmake_export_libraries:/root/ros2_ws/install/ament_cmake_core:/opt/ros/humble PYTHONPATH=/root/ros2_ws/build/ament_package:/root/ros2_ws/install/ament_package/lib/python3.10/site-packages:${PYTHONPATH} /usr/bin/cmake /root/ros2_ws/src/ament/ament_cmake/ament_cmake_export_interfaces -DAMENT_CMAKE_SYMLINK_INSTALL=1 -DCMAKE_INSTALL_PREFIX=/root/ros2_ws/install/ament_cmake_export_interfaces
[0.297s] -- Found ament_cmake_core: 1.3.14 (/root/ros2_ws/install/ament_cmake_core/share/ament_cmake_core/cmake)
[0.297s] -- Found Python3: /usr/bin/python3 (found version "3.10.12") found components: Interpreter 
[0.297s] -- Override CMake install command with custom implementation using symlinks instead of copying resources
[0.325s] -- Configuring done
[0.327s] -- Generating done
[0.330s] -- Build files have been written to: /root/ros2_ws/build/ament_cmake_export_interfaces
[0.332s] Invoked command in '/root/ros2_ws/build/ament_cmake_export_interfaces' returned '0': AMENT_PREFIX_PATH=/root/ros2_ws/install/ament_cmake_export_libraries:/root/ros2_ws/install/ament_cmake_core:/root/ros2_ws/install/ament_package:${AMENT_PREFIX_PATH} CMAKE_PREFIX_PATH=/root/ros2_ws/install/ament_cmake_export_libraries:/root/ros2_ws/install/ament_cmake_core:/opt/ros/humble PYTHONPATH=/root/ros2_ws/build/ament_package:/root/ros2_ws/install/ament_package/lib/python3.10/site-packages:${PYTHONPATH} /usr/bin/cmake /root/ros2_ws/src/ament/ament_cmake/ament_cmake_export_interfaces -DAMENT_CMAKE_SYMLINK_INSTALL=1 -DCMAKE_INSTALL_PREFIX=/root/ros2_ws/install/ament_cmake_export_interfaces
[0.333s] Invoking command in '/root/ros2_ws/build/ament_cmake_export_interfaces': AMENT_PREFIX_PATH=/root/ros2_ws/install/ament_cmake_export_libraries:/root/ros2_ws/install/ament_cmake_core:/root/ros2_ws/install/ament_package:${AMENT_PREFIX_PATH} CMAKE_PREFIX_PATH=/root/ros2_ws/install/ament_cmake_export_libraries:/root/ros2_ws/install/ament_cmake_core:/opt/ros/humble PYTHONPATH=/root/ros2_ws/build/ament_package:/root/ros2_ws/install/ament_package/lib/python3.10/site-packages:${PYTHONPATH} /usr/bin/cmake --build /root/ros2_ws/build/ament_cmake_export_interfaces -- -j16 -l16
[0.369s] Invoked command in '/root/ros2_ws/build/ament_cmake_export_interfaces' returned '0': AMENT_PREFIX_PATH=/root/ros2_ws/install/ament_cmake_export_libraries:/root/ros2_ws/install/ament_cmake_core:/root/ros2_ws/install/ament_package:${AMENT_PREFIX_PATH} CMAKE_PREFIX_PATH=/root/ros2_ws/install/ament_cmake_export_libraries:/root/ros2_ws/install/ament_cmake_core:/opt/ros/humble PYTHONPATH=/root/ros2_ws/build/ament_package:/root/ros2_ws/install/ament_package/lib/python3.10/site-packages:${PYTHONPATH} /usr/bin/cmake --build /root/ros2_ws/build/ament_cmake_export_interfaces -- -j16 -l16
[0.370s] Invoking command in '/root/ros2_ws/build/ament_cmake_export_interfaces': AMENT_PREFIX_PATH=/root/ros2_ws/install/ament_cmake_export_libraries:/root/ros2_ws/install/ament_cmake_core:/root/ros2_ws/install/ament_package:${AMENT_PREFIX_PATH} CMAKE_PREFIX_PATH=/root/ros2_ws/install/ament_cmake_export_libraries:/root/ros2_ws/install/ament_cmake_core:/opt/ros/humble PYTHONPATH=/root/ros2_ws/build/ament_package:/root/ros2_ws/install/ament_package/lib/python3.10/site-packages:${PYTHONPATH} /usr/bin/cmake --install /root/ros2_ws/build/ament_cmake_export_interfaces
[0.374s] -- Install configuration: ""
[0.374s] -- Execute custom install script
[0.374s] -- Symlinking: /root/ros2_ws/install/ament_cmake_export_interfaces/share/ament_index/resource_index/package_run_dependencies/ament_cmake_export_interfaces
[0.380s] -- Symlinking: /root/ros2_ws/install/ament_cmake_export_interfaces/share/ament_index/resource_index/parent_prefix_path/ament_cmake_export_interfaces
[0.388s] -- Symlinking: /root/ros2_ws/install/ament_cmake_export_interfaces/share/ament_cmake_export_interfaces/environment/ament_prefix_path.sh
[0.394s] -- Symlinking: /root/ros2_ws/install/ament_cmake_export_interfaces/share/ament_cmake_export_interfaces/environment/ament_prefix_path.dsv
[0.402s] -- Symlinking: /root/ros2_ws/install/ament_cmake_export_interfaces/share/ament_cmake_export_interfaces/environment/path.sh
[0.411s] -- Symlinking: /root/ros2_ws/install/ament_cmake_export_interfaces/share/ament_cmake_export_interfaces/environment/path.dsv
[0.417s] -- Symlinking: /root/ros2_ws/install/ament_cmake_export_interfaces/share/ament_cmake_export_interfaces/local_setup.bash
[0.423s] -- Symlinking: /root/ros2_ws/install/ament_cmake_export_interfaces/share/ament_cmake_export_interfaces/local_setup.sh
[0.429s] -- Symlinking: /root/ros2_ws/install/ament_cmake_export_interfaces/share/ament_cmake_export_interfaces/local_setup.zsh
[0.435s] -- Symlinking: /root/ros2_ws/install/ament_cmake_export_interfaces/share/ament_cmake_export_interfaces/local_setup.dsv
[0.441s] -- Symlinking: /root/ros2_ws/install/ament_cmake_export_interfaces/share/ament_cmake_export_interfaces/package.dsv
[0.446s] -- Symlinking: /root/ros2_ws/install/ament_cmake_export_interfaces/share/ament_index/resource_index/packages/ament_cmake_export_interfaces
[0.463s] -- Symlinking: /root/ros2_ws/install/ament_cmake_export_interfaces/share/ament_cmake_export_interfaces/cmake/ament_cmake_export_interfaces-extras.cmake
[0.463s] -- Symlinking: /root/ros2_ws/install/ament_cmake_export_interfaces/share/ament_cmake_export_interfaces/cmake/ament_cmake_export_interfacesConfig.cmake
[0.476s] -- Symlinking: /root/ros2_ws/install/ament_cmake_export_interfaces/share/ament_cmake_export_interfaces/cmake/ament_cmake_export_interfacesConfig-version.cmake
[0.476s] -- Symlinking: /root/ros2_ws/install/ament_cmake_export_interfaces/share/ament_cmake_export_interfaces/package.xml
[0.479s] -- Symlinking: /root/ros2_ws/install/ament_cmake_export_interfaces/share/ament_cmake_export_interfaces/cmake/ament_cmake_export_interfaces-extras.cmake.in
[0.487s] -- Symlinking: /root/ros2_ws/install/ament_cmake_export_interfaces/share/ament_cmake_export_interfaces/cmake/ament_cmake_export_interfaces_package_hook.cmake
[0.493s] -- Symlinking: /root/ros2_ws/install/ament_cmake_export_interfaces/share/ament_cmake_export_interfaces/cmake/ament_export_interfaces.cmake
[0.502s] Invoked command in '/root/ros2_ws/build/ament_cmake_export_interfaces' returned '0': AMENT_PREFIX_PATH=/root/ros2_ws/install/ament_cmake_export_libraries:/root/ros2_ws/install/ament_cmake_core:/root/ros2_ws/install/ament_package:${AMENT_PREFIX_PATH} CMAKE_PREFIX_PATH=/root/ros2_ws/install/ament_cmake_export_libraries:/root/ros2_ws/install/ament_cmake_core:/opt/ros/humble PYTHONPATH=/root/ros2_ws/build/ament_package:/root/ros2_ws/install/ament_package/lib/python3.10/site-packages:${PYTHONPATH} /usr/bin/cmake --install /root/ros2_ws/build/ament_cmake_export_interfaces
