[0.048s] Invoking command in '/root/ros2_ws/build/ament_cmake_export_libraries': AMENT_PREFIX_PATH=/root/ros2_ws/install/ament_cmake_core:/root/ros2_ws/install/ament_package:${AMENT_PREFIX_PATH} CMAKE_PREFIX_PATH=/root/ros2_ws/install/ament_cmake_core:/opt/ros/humble PYTHONPATH=/root/ros2_ws/build/ament_package:/root/ros2_ws/install/ament_package/lib/python3.10/site-packages:${PYTHONPATH} /usr/bin/cmake --build /root/ros2_ws/build/ament_cmake_export_libraries -- -j16 -l16
[0.089s] Invoked command in '/root/ros2_ws/build/ament_cmake_export_libraries' returned '0': AMENT_PREFIX_PATH=/root/ros2_ws/install/ament_cmake_core:/root/ros2_ws/install/ament_package:${AMENT_PREFIX_PATH} CMAKE_PREFIX_PATH=/root/ros2_ws/install/ament_cmake_core:/opt/ros/humble PYTHONPATH=/root/ros2_ws/build/ament_package:/root/ros2_ws/install/ament_package/lib/python3.10/site-packages:${PYTHONPATH} /usr/bin/cmake --build /root/ros2_ws/build/ament_cmake_export_libraries -- -j16 -l16
[0.090s] Invoking command in '/root/ros2_ws/build/ament_cmake_export_libraries': AMENT_PREFIX_PATH=/root/ros2_ws/install/ament_cmake_core:/root/ros2_ws/install/ament_package:${AMENT_PREFIX_PATH} CMAKE_PREFIX_PATH=/root/ros2_ws/install/ament_cmake_core:/opt/ros/humble PYTHONPATH=/root/ros2_ws/build/ament_package:/root/ros2_ws/install/ament_package/lib/python3.10/site-packages:${PYTHONPATH} /usr/bin/cmake --install /root/ros2_ws/build/ament_cmake_export_libraries
[0.123s] -- Install configuration: ""
[0.123s] -- Execute custom install script
[0.123s] -- Up-to-date symlink: /root/ros2_ws/install/ament_cmake_export_libraries/share/ament_index/resource_index/package_run_dependencies/ament_cmake_export_libraries
[0.123s] -- Up-to-date symlink: /root/ros2_ws/install/ament_cmake_export_libraries/share/ament_index/resource_index/parent_prefix_path/ament_cmake_export_libraries
[0.127s] -- Up-to-date symlink: /root/ros2_ws/install/ament_cmake_export_libraries/share/ament_cmake_export_libraries/environment/ament_prefix_path.sh
[0.127s] -- Up-to-date symlink: /root/ros2_ws/install/ament_cmake_export_libraries/share/ament_cmake_export_libraries/environment/ament_prefix_path.dsv
[0.127s] -- Up-to-date symlink: /root/ros2_ws/install/ament_cmake_export_libraries/share/ament_cmake_export_libraries/environment/path.sh
[0.127s] -- Up-to-date symlink: /root/ros2_ws/install/ament_cmake_export_libraries/share/ament_cmake_export_libraries/environment/path.dsv
[0.127s] -- Up-to-date symlink: /root/ros2_ws/install/ament_cmake_export_libraries/share/ament_cmake_export_libraries/local_setup.bash
[0.127s] -- Up-to-date symlink: /root/ros2_ws/install/ament_cmake_export_libraries/share/ament_cmake_export_libraries/local_setup.sh
[0.127s] -- Up-to-date symlink: /root/ros2_ws/install/ament_cmake_export_libraries/share/ament_cmake_export_libraries/local_setup.zsh
[0.128s] -- Up-to-date symlink: /root/ros2_ws/install/ament_cmake_export_libraries/share/ament_cmake_export_libraries/local_setup.dsv
[0.128s] -- Symlinking: /root/ros2_ws/install/ament_cmake_export_libraries/share/ament_cmake_export_libraries/package.dsv
[0.134s] -- Up-to-date symlink: /root/ros2_ws/install/ament_cmake_export_libraries/share/ament_index/resource_index/packages/ament_cmake_export_libraries
[0.134s] -- Up-to-date symlink: /root/ros2_ws/install/ament_cmake_export_libraries/share/ament_cmake_export_libraries/cmake/ament_cmake_export_libraries-extras.cmake
[0.134s] -- Up-to-date symlink: /root/ros2_ws/install/ament_cmake_export_libraries/share/ament_cmake_export_libraries/cmake/ament_cmake_export_librariesConfig.cmake
[0.134s] -- Up-to-date symlink: /root/ros2_ws/install/ament_cmake_export_libraries/share/ament_cmake_export_libraries/cmake/ament_cmake_export_librariesConfig-version.cmake
[0.134s] -- Up-to-date symlink: /root/ros2_ws/install/ament_cmake_export_libraries/share/ament_cmake_export_libraries/package.xml
[0.134s] -- Up-to-date symlink: /root/ros2_ws/install/ament_cmake_export_libraries/share/ament_cmake_export_libraries/cmake/ament_cmake_export_libraries-extras.cmake.in
[0.134s] -- Up-to-date symlink: /root/ros2_ws/install/ament_cmake_export_libraries/share/ament_cmake_export_libraries/cmake/ament_cmake_export_libraries_package_hook.cmake
[0.134s] -- Up-to-date symlink: /root/ros2_ws/install/ament_cmake_export_libraries/share/ament_cmake_export_libraries/cmake/ament_export_libraries.cmake
[0.134s] -- Up-to-date symlink: /root/ros2_ws/install/ament_cmake_export_libraries/share/ament_cmake_export_libraries/cmake/ament_export_library_names.cmake
[0.146s] Invoked command in '/root/ros2_ws/build/ament_cmake_export_libraries' returned '0': AMENT_PREFIX_PATH=/root/ros2_ws/install/ament_cmake_core:/root/ros2_ws/install/ament_package:${AMENT_PREFIX_PATH} CMAKE_PREFIX_PATH=/root/ros2_ws/install/ament_cmake_core:/opt/ros/humble PYTHONPATH=/root/ros2_ws/build/ament_package:/root/ros2_ws/install/ament_package/lib/python3.10/site-packages:${PYTHONPATH} /usr/bin/cmake --install /root/ros2_ws/build/ament_cmake_export_libraries
