[0.980s] Invoking command in '/root/ros2_ws/build/ament_pycodestyle': PYTHONPATH=/root/ros2_ws/build/ament_pycodestyle/prefix_override:/usr/lib/python3/dist-packages/colcon_core/task/python/colcon_distutils_commands:/root/ros2_ws/install/ament_pycodestyle/lib/python3.10/site-packages:${PYTHONPATH} /usr/bin/python3 -W ignore:setup.py install is deprecated -W ignore:easy_install command is deprecated setup.py develop --editable --build-directory /root/ros2_ws/build/ament_pycodestyle/build --no-deps symlink_data
[1.244s] running develop
[1.403s] running egg_info
[1.403s] creating ament_pycodestyle.egg-info
[1.403s] writing ament_pycodestyle.egg-info/PKG-INFO
[1.403s] writing dependency_links to ament_pycodestyle.egg-info/dependency_links.txt
[1.403s] writing entry points to ament_pycodestyle.egg-info/entry_points.txt
[1.403s] writing requirements to ament_pycodestyle.egg-info/requires.txt
[1.404s] writing top-level names to ament_pycodestyle.egg-info/top_level.txt
[1.404s] writing manifest file 'ament_pycodestyle.egg-info/SOURCES.txt'
[1.406s] reading manifest file 'ament_pycodestyle.egg-info/SOURCES.txt'
[1.407s] writing manifest file 'ament_pycodestyle.egg-info/SOURCES.txt'
[1.409s] running build_ext
[1.409s] Creating /root/ros2_ws/install/ament_pycodestyle/lib/python3.10/site-packages/ament-pycodestyle.egg-link (link to .)
[1.412s] Installing ament_pycodestyle script to /root/ros2_ws/install/ament_pycodestyle/bin
[1.412s] 
[1.412s] Installed /root/ros2_ws/build/ament_pycodestyle
[1.412s] running symlink_data
[1.412s] symbolically linking /root/ros2_ws/build/ament_pycodestyle/package.xml -> /root/ros2_ws/install/ament_pycodestyle/share/ament_pycodestyle
[1.412s] creating /root/ros2_ws/install/ament_pycodestyle/share/ament_index
[1.412s] creating /root/ros2_ws/install/ament_pycodestyle/share/ament_index/resource_index
[1.412s] creating /root/ros2_ws/install/ament_pycodestyle/share/ament_index/resource_index/packages
[1.412s] symbolically linking /root/ros2_ws/build/ament_pycodestyle/resource/ament_pycodestyle -> /root/ros2_ws/install/ament_pycodestyle/share/ament_index/resource_index/packages
[1.478s] Invoked command in '/root/ros2_ws/build/ament_pycodestyle' returned '0': PYTHONPATH=/root/ros2_ws/build/ament_pycodestyle/prefix_override:/usr/lib/python3/dist-packages/colcon_core/task/python/colcon_distutils_commands:/root/ros2_ws/install/ament_pycodestyle/lib/python3.10/site-packages:${PYTHONPATH} /usr/bin/python3 -W ignore:setup.py install is deprecated -W ignore:easy_install command is deprecated setup.py develop --editable --build-directory /root/ros2_ws/build/ament_pycodestyle/build --no-deps symlink_data
