[0.007s] Invoking command in '/root/ros2_ws/build/gmock_vendor': CMAKE_PREFIX_PATH=/root/ros2_ws/install/gtest_vendor:/opt/ros/humble PKG_CONFIG_PATH=/root/ros2_ws/install/gtest_vendor/lib/x86_64-linux-gnu/pkgconfig:/root/ros2_ws/install/gtest_vendor/lib/pkgconfig /usr/bin/cmake /root/ros2_ws/src/ament/googletest/googlemock -DCMAKE_INSTALL_PREFIX=/root/ros2_ws/install/gmock_vendor
[0.021s] -- Configuring done
[0.022s] -- Generating done
[0.023s] -- Build files have been written to: /root/ros2_ws/build/gmock_vendor
[0.024s] Invoked command in '/root/ros2_ws/build/gmock_vendor' returned '0': CMAKE_PREFIX_PATH=/root/ros2_ws/install/gtest_vendor:/opt/ros/humble PKG_CONFIG_PATH=/root/ros2_ws/install/gtest_vendor/lib/x86_64-linux-gnu/pkgconfig:/root/ros2_ws/install/gtest_vendor/lib/pkgconfig /usr/bin/cmake /root/ros2_ws/src/ament/googletest/googlemock -DCMAKE_INSTALL_PREFIX=/root/ros2_ws/install/gmock_vendor
[0.025s] Invoking command in '/root/ros2_ws/build/gmock_vendor': CMAKE_PREFIX_PATH=/root/ros2_ws/install/gtest_vendor:/opt/ros/humble PKG_CONFIG_PATH=/root/ros2_ws/install/gtest_vendor/lib/x86_64-linux-gnu/pkgconfig:/root/ros2_ws/install/gtest_vendor/lib/pkgconfig /usr/bin/cmake --build /root/ros2_ws/build/gmock_vendor -- -j16 -l16
[0.060s] Invoked command in '/root/ros2_ws/build/gmock_vendor' returned '0': CMAKE_PREFIX_PATH=/root/ros2_ws/install/gtest_vendor:/opt/ros/humble PKG_CONFIG_PATH=/root/ros2_ws/install/gtest_vendor/lib/x86_64-linux-gnu/pkgconfig:/root/ros2_ws/install/gtest_vendor/lib/pkgconfig /usr/bin/cmake --build /root/ros2_ws/build/gmock_vendor -- -j16 -l16
[0.061s] Invoking command in '/root/ros2_ws/build/gmock_vendor': CMAKE_PREFIX_PATH=/root/ros2_ws/install/gtest_vendor:/opt/ros/humble PKG_CONFIG_PATH=/root/ros2_ws/install/gtest_vendor/lib/x86_64-linux-gnu/pkgconfig:/root/ros2_ws/install/gtest_vendor/lib/pkgconfig /usr/bin/cmake --install /root/ros2_ws/build/gmock_vendor
[0.069s] -- Install configuration: ""
[0.069s] -- Installing: /root/ros2_ws/install/gmock_vendor/share/gmock_vendor/cmake/gmock_vendorConfig.cmake
[0.069s] -- Installing: /root/ros2_ws/install/gmock_vendor/share/gmock_vendor/package.xml
[0.069s] -- Installing: /root/ros2_ws/install/gmock_vendor/src/gmock_vendor/CMakeLists.txt
[0.069s] -- Installing: /root/ros2_ws/install/gmock_vendor/src/gmock_vendor/include/gmock
[0.069s] -- Installing: /root/ros2_ws/install/gmock_vendor/src/gmock_vendor/include/gmock/gmock-actions.h
[0.070s] -- Installing: /root/ros2_ws/install/gmock_vendor/src/gmock_vendor/include/gmock/gmock-cardinalities.h
[0.070s] -- Installing: /root/ros2_ws/install/gmock_vendor/src/gmock_vendor/include/gmock/gmock-function-mocker.h
[0.070s] -- Installing: /root/ros2_ws/install/gmock_vendor/src/gmock_vendor/include/gmock/gmock-generated-actions.h
[0.070s] -- Installing: /root/ros2_ws/install/gmock_vendor/src/gmock_vendor/include/gmock/gmock-generated-actions.h.pump
[0.070s] -- Installing: /root/ros2_ws/install/gmock_vendor/src/gmock_vendor/include/gmock/gmock-generated-function-mockers.h
[0.070s] -- Installing: /root/ros2_ws/install/gmock_vendor/src/gmock_vendor/include/gmock/gmock-generated-function-mockers.h.pump
[0.070s] -- Installing: /root/ros2_ws/install/gmock_vendor/src/gmock_vendor/include/gmock/gmock-generated-matchers.h
[0.070s] -- Installing: /root/ros2_ws/install/gmock_vendor/src/gmock_vendor/include/gmock/gmock-generated-matchers.h.pump
[0.070s] -- Installing: /root/ros2_ws/install/gmock_vendor/src/gmock_vendor/include/gmock/gmock-matchers.h
[0.071s] -- Installing: /root/ros2_ws/install/gmock_vendor/src/gmock_vendor/include/gmock/gmock-more-actions.h
[0.071s] -- Installing: /root/ros2_ws/install/gmock_vendor/src/gmock_vendor/include/gmock/gmock-more-matchers.h
[0.071s] -- Installing: /root/ros2_ws/install/gmock_vendor/src/gmock_vendor/include/gmock/gmock-nice-strict.h
[0.071s] -- Installing: /root/ros2_ws/install/gmock_vendor/src/gmock_vendor/include/gmock/gmock-spec-builders.h
[0.071s] -- Installing: /root/ros2_ws/install/gmock_vendor/src/gmock_vendor/include/gmock/gmock.h
[0.071s] -- Installing: /root/ros2_ws/install/gmock_vendor/src/gmock_vendor/include/gmock/internal
[0.071s] -- Installing: /root/ros2_ws/install/gmock_vendor/src/gmock_vendor/include/gmock/internal/custom
[0.071s] -- Installing: /root/ros2_ws/install/gmock_vendor/src/gmock_vendor/include/gmock/internal/custom/README.md
[0.071s] -- Installing: /root/ros2_ws/install/gmock_vendor/src/gmock_vendor/include/gmock/internal/custom/gmock-generated-actions.h
[0.071s] -- Installing: /root/ros2_ws/install/gmock_vendor/src/gmock_vendor/include/gmock/internal/custom/gmock-generated-actions.h.pump
[0.071s] -- Installing: /root/ros2_ws/install/gmock_vendor/src/gmock_vendor/include/gmock/internal/custom/gmock-matchers.h
[0.071s] -- Installing: /root/ros2_ws/install/gmock_vendor/src/gmock_vendor/include/gmock/internal/custom/gmock-port.h
[0.071s] -- Installing: /root/ros2_ws/install/gmock_vendor/src/gmock_vendor/include/gmock/internal/gmock-internal-utils.h
[0.071s] -- Installing: /root/ros2_ws/install/gmock_vendor/src/gmock_vendor/include/gmock/internal/gmock-port.h
[0.071s] -- Installing: /root/ros2_ws/install/gmock_vendor/src/gmock_vendor/include/gmock/internal/gmock-pp.h
[0.071s] -- Installing: /root/ros2_ws/install/gmock_vendor/src/gmock_vendor/src
[0.071s] -- Installing: /root/ros2_ws/install/gmock_vendor/src/gmock_vendor/src/gmock-all.cc
[0.071s] -- Installing: /root/ros2_ws/install/gmock_vendor/src/gmock_vendor/src/gmock-cardinalities.cc
[0.071s] -- Installing: /root/ros2_ws/install/gmock_vendor/src/gmock_vendor/src/gmock-internal-utils.cc
[0.071s] -- Installing: /root/ros2_ws/install/gmock_vendor/src/gmock_vendor/src/gmock-matchers.cc
[0.071s] -- Installing: /root/ros2_ws/install/gmock_vendor/src/gmock_vendor/src/gmock-spec-builders.cc
[0.071s] -- Installing: /root/ros2_ws/install/gmock_vendor/src/gmock_vendor/src/gmock.cc
[0.071s] -- Installing: /root/ros2_ws/install/gmock_vendor/src/gmock_vendor/src/gmock_main.cc
[0.072s] Invoked command in '/root/ros2_ws/build/gmock_vendor' returned '0': CMAKE_PREFIX_PATH=/root/ros2_ws/install/gtest_vendor:/opt/ros/humble PKG_CONFIG_PATH=/root/ros2_ws/install/gtest_vendor/lib/x86_64-linux-gnu/pkgconfig:/root/ros2_ws/install/gtest_vendor/lib/pkgconfig /usr/bin/cmake --install /root/ros2_ws/build/gmock_vendor
