-- The C compiler identification is GNU 11.4.0
-- The CXX compiler identification is GNU 11.4.0
-- Detecting C compiler ABI info
-- Detecting C compiler ABI info - done
-- Check for working C compiler: /usr/bin/cc - skipped
-- Detecting C compile features
-- Detecting C compile features - done
-- Detecting CXX compiler ABI info
-- Detecting CXX compiler ABI info - done
-- Check for working CXX compiler: /usr/bin/c++ - skipped
-- Detecting CXX compile features
-- Detecting CXX compile features - done
-- Found ament_cmake_ros: 0.10.0 (/root/ros2_ws/install/ament_cmake_ros/share/ament_cmake_ros/cmake)
-- Found Python3: /usr/bin/python3 (found version "3.10.12") found components: Interpreter 
-- Override CMake install command with custom implementation using symlinks instead of copying resources
-- Found rcl_logging_interface: 2.3.2 (/root/ros2_ws/install/rcl_logging_interface/share/rcl_logging_interface/cmake)
-- Found rcpputils: 2.4.6 (/root/ros2_ws/install/rcpputils/share/rcpputils/cmake)
-- Found spdlog_vendor: 1.3.1 (/root/ros2_ws/install/spdlog_vendor/share/spdlog_vendor/cmake)
-- Looking for pthread.h
-- Looking for pthread.h - found
-- Performing Test CMAKE_HAVE_LIBC_PTHREAD
-- Performing Test CMAKE_HAVE_LIBC_PTHREAD - Success
-- Found Threads: TRUE  
-- Found ament_lint_auto: 0.12.15 (/root/ros2_ws/install/ament_lint_auto/share/ament_lint_auto/cmake)
-- Found performance_test_fixture: 0.0.9 (/opt/ros/humble/share/performance_test_fixture/cmake)
-- Found gmock sources under '/root/ros2_ws/install/gmock_vendor/src/gmock_vendor': C++ tests using 'Google Mock' will be built
-- Found gtest sources under '/root/ros2_ws/install/gtest_vendor/src/gtest_vendor': C++ tests using 'Google Test' will be built
-- Performance tests are disabled by default, so Google Benchmark tests will be skipped. To enable these tests, set the CMake variable 'AMENT_RUN_PERFORMANCE_TESTS'.
-- Added test 'copyright' to check source files copyright and LICENSE
-- Added test 'cppcheck' to perform static code analysis on C / C++ code
-- Configured cppcheck include dirs: /opt/ros/humble/include
-- Configured cppcheck exclude dirs and/or files: 
-- Added test 'cpplint' to check C / C++ code against the Google style
-- Configured cpplint exclude dirs and/or files: 
-- Added test 'lint_cmake' to check CMake code style
-- Added test 'uncrustify' to check C / C++ code style
-- Configured uncrustify additional arguments: 
-- Added test 'xmllint' to check XML markup files
-- Configuring done
-- Generating done
-- Build files have been written to: /root/ros2_ws/build/rcl_logging_spdlog
[  9%] Building CXX object gmock/CMakeFiles/gmock_main.dir/src/gmock_main.cc.o
[ 18%] Building CXX object CMakeFiles/rcl_logging_spdlog.dir/src/rcl_logging_spdlog.cpp.o
[ 36%] Building CXX object gmock/CMakeFiles/gmock.dir/src/gmock-all.cc.o
[ 36%] Building CXX object gmock/CMakeFiles/gmock.dir/root/ros2_ws/install/gtest_vendor/src/gtest_vendor/src/gtest-all.cc.o
[ 45%] Linking CXX static library libgmock_main.a
[ 45%] Built target gmock_main
[ 54%] Linking CXX shared library librcl_logging_spdlog.so
[ 54%] Built target rcl_logging_spdlog
[ 63%] Building CXX object CMakeFiles/benchmark_logging_interface.dir/test/benchmark/benchmark_logging_interface.cpp.o
[ 72%] Linking CXX executable benchmark_logging_interface
[ 72%] Built target benchmark_logging_interface
[ 81%] Linking CXX static library libgmock.a
[ 81%] Built target gmock
[ 90%] Building CXX object CMakeFiles/test_logging_interface.dir/test/test_logging_interface.cpp.o
[100%] Linking CXX executable test_logging_interface
[100%] Built target test_logging_interface
-- Install configuration: ""
-- Execute custom install script
-- Symlinking: /root/ros2_ws/install/rcl_logging_spdlog/share/rcl_logging_spdlog/environment/library_path.sh
-- Symlinking: /root/ros2_ws/install/rcl_logging_spdlog/share/rcl_logging_spdlog/environment/library_path.dsv
-- Symlinking: /root/ros2_ws/install/rcl_logging_spdlog/share/ament_index/resource_index/package_run_dependencies/rcl_logging_spdlog
-- Symlinking: /root/ros2_ws/install/rcl_logging_spdlog/share/ament_index/resource_index/parent_prefix_path/rcl_logging_spdlog
-- Symlinking: /root/ros2_ws/install/rcl_logging_spdlog/share/rcl_logging_spdlog/environment/ament_prefix_path.sh
-- Symlinking: /root/ros2_ws/install/rcl_logging_spdlog/share/rcl_logging_spdlog/environment/ament_prefix_path.dsv
-- Symlinking: /root/ros2_ws/install/rcl_logging_spdlog/share/rcl_logging_spdlog/environment/path.sh
-- Symlinking: /root/ros2_ws/install/rcl_logging_spdlog/share/rcl_logging_spdlog/environment/path.dsv
-- Symlinking: /root/ros2_ws/install/rcl_logging_spdlog/share/rcl_logging_spdlog/local_setup.bash
-- Symlinking: /root/ros2_ws/install/rcl_logging_spdlog/share/rcl_logging_spdlog/local_setup.sh
-- Symlinking: /root/ros2_ws/install/rcl_logging_spdlog/share/rcl_logging_spdlog/local_setup.zsh
-- Symlinking: /root/ros2_ws/install/rcl_logging_spdlog/share/rcl_logging_spdlog/local_setup.dsv
-- Symlinking: /root/ros2_ws/install/rcl_logging_spdlog/share/rcl_logging_spdlog/package.dsv
-- Symlinking: /root/ros2_ws/install/rcl_logging_spdlog/share/ament_index/resource_index/packages/rcl_logging_spdlog
-- Symlinking: /root/ros2_ws/install/rcl_logging_spdlog/share/rcl_logging_spdlog/cmake/ament_cmake_export_dependencies-extras.cmake
-- Symlinking: /root/ros2_ws/install/rcl_logging_spdlog/share/rcl_logging_spdlog/cmake/ament_cmake_export_libraries-extras.cmake
-- Symlinking: /root/ros2_ws/install/rcl_logging_spdlog/share/rcl_logging_spdlog/cmake/ament_cmake_export_targets-extras.cmake
-- Symlinking: /root/ros2_ws/install/rcl_logging_spdlog/share/rcl_logging_spdlog/cmake/rcl_logging_spdlogConfig.cmake
-- Symlinking: /root/ros2_ws/install/rcl_logging_spdlog/share/rcl_logging_spdlog/cmake/rcl_logging_spdlogConfig-version.cmake
-- Symlinking: /root/ros2_ws/install/rcl_logging_spdlog/share/rcl_logging_spdlog/package.xml
-- Installing: /root/ros2_ws/install/rcl_logging_spdlog/lib/librcl_logging_spdlog.so
-- Set runtime path of "/root/ros2_ws/install/rcl_logging_spdlog/lib/librcl_logging_spdlog.so" to ""
-- Installing: /root/ros2_ws/install/rcl_logging_spdlog/share/rcl_logging_spdlog/cmake/rcl_logging_spdlogExport.cmake
-- Installing: /root/ros2_ws/install/rcl_logging_spdlog/share/rcl_logging_spdlog/cmake/rcl_logging_spdlogExport-noconfig.cmake
