[0.041s] Invoking command in '/root/ros2_ws/build/ament_cmake_export_dependencies': AMENT_PREFIX_PATH=/root/ros2_ws/install/ament_cmake_libraries:/root/ros2_ws/install/ament_cmake_core:/root/ros2_ws/install/ament_package:${AMENT_PREFIX_PATH} CMAKE_PREFIX_PATH=/root/ros2_ws/install/ament_cmake_libraries:/root/ros2_ws/install/ament_cmake_core:/opt/ros/humble PYTHONPATH=/root/ros2_ws/build/ament_package:/root/ros2_ws/install/ament_package/lib/python3.10/site-packages:${PYTHONPATH} /usr/bin/cmake --build /root/ros2_ws/build/ament_cmake_export_dependencies -- -j16 -l16
[0.091s] Invoked command in '/root/ros2_ws/build/ament_cmake_export_dependencies' returned '0': AMENT_PREFIX_PATH=/root/ros2_ws/install/ament_cmake_libraries:/root/ros2_ws/install/ament_cmake_core:/root/ros2_ws/install/ament_package:${AMENT_PREFIX_PATH} CMAKE_PREFIX_PATH=/root/ros2_ws/install/ament_cmake_libraries:/root/ros2_ws/install/ament_cmake_core:/opt/ros/humble PYTHONPATH=/root/ros2_ws/build/ament_package:/root/ros2_ws/install/ament_package/lib/python3.10/site-packages:${PYTHONPATH} /usr/bin/cmake --build /root/ros2_ws/build/ament_cmake_export_dependencies -- -j16 -l16
[0.092s] Invoking command in '/root/ros2_ws/build/ament_cmake_export_dependencies': AMENT_PREFIX_PATH=/root/ros2_ws/install/ament_cmake_libraries:/root/ros2_ws/install/ament_cmake_core:/root/ros2_ws/install/ament_package:${AMENT_PREFIX_PATH} CMAKE_PREFIX_PATH=/root/ros2_ws/install/ament_cmake_libraries:/root/ros2_ws/install/ament_cmake_core:/opt/ros/humble PYTHONPATH=/root/ros2_ws/build/ament_package:/root/ros2_ws/install/ament_package/lib/python3.10/site-packages:${PYTHONPATH} /usr/bin/cmake --install /root/ros2_ws/build/ament_cmake_export_dependencies
[0.097s] -- Install configuration: ""
[0.097s] -- Execute custom install script
[0.097s] -- Up-to-date symlink: /root/ros2_ws/install/ament_cmake_export_dependencies/share/ament_index/resource_index/package_run_dependencies/ament_cmake_export_dependencies
[0.098s] -- Up-to-date symlink: /root/ros2_ws/install/ament_cmake_export_dependencies/share/ament_index/resource_index/parent_prefix_path/ament_cmake_export_dependencies
[0.098s] -- Up-to-date symlink: /root/ros2_ws/install/ament_cmake_export_dependencies/share/ament_cmake_export_dependencies/environment/ament_prefix_path.sh
[0.098s] -- Up-to-date symlink: /root/ros2_ws/install/ament_cmake_export_dependencies/share/ament_cmake_export_dependencies/environment/ament_prefix_path.dsv
[0.098s] -- Up-to-date symlink: /root/ros2_ws/install/ament_cmake_export_dependencies/share/ament_cmake_export_dependencies/environment/path.sh
[0.098s] -- Up-to-date symlink: /root/ros2_ws/install/ament_cmake_export_dependencies/share/ament_cmake_export_dependencies/environment/path.dsv
[0.098s] -- Up-to-date symlink: /root/ros2_ws/install/ament_cmake_export_dependencies/share/ament_cmake_export_dependencies/local_setup.bash
[0.098s] -- Up-to-date symlink: /root/ros2_ws/install/ament_cmake_export_dependencies/share/ament_cmake_export_dependencies/local_setup.sh
[0.098s] -- Up-to-date symlink: /root/ros2_ws/install/ament_cmake_export_dependencies/share/ament_cmake_export_dependencies/local_setup.zsh
[0.098s] -- Up-to-date symlink: /root/ros2_ws/install/ament_cmake_export_dependencies/share/ament_cmake_export_dependencies/local_setup.dsv
[0.098s] -- Symlinking: /root/ros2_ws/install/ament_cmake_export_dependencies/share/ament_cmake_export_dependencies/package.dsv
[0.105s] -- Up-to-date symlink: /root/ros2_ws/install/ament_cmake_export_dependencies/share/ament_index/resource_index/packages/ament_cmake_export_dependencies
[0.105s] -- Up-to-date symlink: /root/ros2_ws/install/ament_cmake_export_dependencies/share/ament_cmake_export_dependencies/cmake/ament_cmake_export_dependencies-extras.cmake
[0.105s] -- Up-to-date symlink: /root/ros2_ws/install/ament_cmake_export_dependencies/share/ament_cmake_export_dependencies/cmake/ament_cmake_export_dependenciesConfig.cmake
[0.105s] -- Up-to-date symlink: /root/ros2_ws/install/ament_cmake_export_dependencies/share/ament_cmake_export_dependencies/cmake/ament_cmake_export_dependenciesConfig-version.cmake
[0.106s] -- Up-to-date symlink: /root/ros2_ws/install/ament_cmake_export_dependencies/share/ament_cmake_export_dependencies/package.xml
[0.106s] -- Up-to-date symlink: /root/ros2_ws/install/ament_cmake_export_dependencies/share/ament_cmake_export_dependencies/cmake/ament_cmake_export_dependencies-extras.cmake.in
[0.106s] -- Up-to-date symlink: /root/ros2_ws/install/ament_cmake_export_dependencies/share/ament_cmake_export_dependencies/cmake/ament_cmake_export_dependencies_package_hook.cmake
[0.106s] -- Up-to-date symlink: /root/ros2_ws/install/ament_cmake_export_dependencies/share/ament_cmake_export_dependencies/cmake/ament_export_dependencies.cmake
[0.108s] Invoked command in '/root/ros2_ws/build/ament_cmake_export_dependencies' returned '0': AMENT_PREFIX_PATH=/root/ros2_ws/install/ament_cmake_libraries:/root/ros2_ws/install/ament_cmake_core:/root/ros2_ws/install/ament_package:${AMENT_PREFIX_PATH} CMAKE_PREFIX_PATH=/root/ros2_ws/install/ament_cmake_libraries:/root/ros2_ws/install/ament_cmake_core:/opt/ros/humble PYTHONPATH=/root/ros2_ws/build/ament_package:/root/ros2_ws/install/ament_package/lib/python3.10/site-packages:${PYTHONPATH} /usr/bin/cmake --install /root/ros2_ws/build/ament_cmake_export_dependencies
