[1.032s] Invoking command in '/root/ros2_ws/build/osrf_pycommon': PYTHONPATH=/root/ros2_ws/build/osrf_pycommon/prefix_override:/usr/lib/python3/dist-packages/colcon_core/task/python/colcon_distutils_commands:/root/ros2_ws/install/osrf_pycommon/lib/python3.10/site-packages:${PYTHONPATH} /usr/bin/python3 -W ignore:setup.py install is deprecated -W ignore:easy_install command is deprecated setup.py develop --editable --build-directory /root/ros2_ws/build/osrf_pycommon/build --no-deps symlink_data
[1.256s] running develop
[1.396s] running egg_info
[1.397s] creating osrf_pycommon.egg-info
[1.397s] writing osrf_pycommon.egg-info/PKG-INFO
[1.397s] writing dependency_links to osrf_pycommon.egg-info/dependency_links.txt
[1.397s] writing requirements to osrf_pycommon.egg-info/requires.txt
[1.397s] writing top-level names to osrf_pycommon.egg-info/top_level.txt
[1.397s] writing manifest file 'osrf_pycommon.egg-info/SOURCES.txt'
[1.400s] reading manifest file 'osrf_pycommon.egg-info/SOURCES.txt'
[1.401s] writing manifest file 'osrf_pycommon.egg-info/SOURCES.txt'
[1.403s] running build_ext
[1.403s] Creating /root/ros2_ws/install/osrf_pycommon/lib/python3.10/site-packages/osrf-pycommon.egg-link (link to .)
[1.404s] 
[1.404s] Installed /root/ros2_ws/build/osrf_pycommon
[1.404s] running symlink_data
[1.404s] symbolically linking /root/ros2_ws/build/osrf_pycommon/package.xml -> /root/ros2_ws/install/osrf_pycommon/share/osrf_pycommon
[1.405s] creating /root/ros2_ws/install/osrf_pycommon/share/ament_index
[1.406s] creating /root/ros2_ws/install/osrf_pycommon/share/ament_index/resource_index
[1.406s] creating /root/ros2_ws/install/osrf_pycommon/share/ament_index/resource_index/packages
[1.406s] symbolically linking /root/ros2_ws/build/osrf_pycommon/resource/osrf_pycommon -> /root/ros2_ws/install/osrf_pycommon/share/ament_index/resource_index/packages
[1.507s] Invoked command in '/root/ros2_ws/build/osrf_pycommon' returned '0': PYTHONPATH=/root/ros2_ws/build/osrf_pycommon/prefix_override:/usr/lib/python3/dist-packages/colcon_core/task/python/colcon_distutils_commands:/root/ros2_ws/install/osrf_pycommon/lib/python3.10/site-packages:${PYTHONPATH} /usr/bin/python3 -W ignore:setup.py install is deprecated -W ignore:easy_install command is deprecated setup.py develop --editable --build-directory /root/ros2_ws/build/osrf_pycommon/build --no-deps symlink_data
