Consolidate compiler generated dependencies of target fastcdr
[100%] Built target fastcdr
-- Install configuration: "Release"
-- Installing: /root/ros2_ws/install/fastcdr/share/fastcdr/LICENSE
-- Installing: /root/ros2_ws/install/fastcdr/include/fastcdr
-- Installing: /root/ros2_ws/install/fastcdr/include/fastcdr/eProsima_auto_link.h
-- Installing: /root/ros2_ws/install/fastcdr/include/fastcdr/exceptions
-- Installing: /root/ros2_ws/install/fastcdr/include/fastcdr/exceptions/BadParamException.h
-- Installing: /root/ros2_ws/install/fastcdr/include/fastcdr/exceptions/Exception.h
-- Installing: /root/ros2_ws/install/fastcdr/include/fastcdr/exceptions/NotEnoughMemoryException.h
-- Installing: /root/ros2_ws/install/fastcdr/include/fastcdr/fastcdr_dll.h
-- Installing: /root/ros2_ws/install/fastcdr/include/fastcdr/Cdr.h
-- Installing: /root/ros2_ws/install/fastcdr/include/fastcdr/FastBuffer.h
-- Installing: /root/ros2_ws/install/fastcdr/include/fastcdr/FastCdr.h
-- Installing: /root/ros2_ws/install/fastcdr/include/fastcdr/config.h
-- Installing: /root/ros2_ws/install/fastcdr/lib/libfastcdr.so.1.0.24
-- Installing: /root/ros2_ws/install/fastcdr/lib/libfastcdr.so.1
-- Installing: /root/ros2_ws/install/fastcdr/lib/libfastcdr.so
-- Installing: /root/ros2_ws/install/fastcdr/lib/cmake/fastcdr/fastcdr-dynamic-targets.cmake
-- Installing: /root/ros2_ws/install/fastcdr/lib/cmake/fastcdr/fastcdr-dynamic-targets-release.cmake
-- Installing: /root/ros2_ws/install/fastcdr/lib/cmake/fastcdr/fastcdr-config.cmake
-- Installing: /root/ros2_ws/install/fastcdr/lib/cmake/fastcdr/fastcdr-config-version.cmake
