-- Found ament_cmake_python: 1.3.14 (/root/ros2_ws/install/ament_cmake_python/share/ament_cmake_python/cmake)
-- Found ament_cmake_ros: 0.10.0 (/root/ros2_ws/install/ament_cmake_ros/share/ament_cmake_ros/cmake)
-- Override CMake install command with custom implementation using symlinks instead of copying resources
-- Found performance_test_fixture: 0.0.9 (/opt/ros/humble/share/performance_test_fixture/cmake)
-- Found ament_lint_auto: 0.12.15 (/root/ros2_ws/install/ament_lint_auto/share/ament_lint_auto/cmake)
-- Found launch_testing_ament_cmake: 1.0.14 (/opt/ros/humble/share/launch_testing_ament_cmake/cmake)
-- Found python_cmake_module: 0.10.0 (/opt/ros/humble/share/python_cmake_module/cmake)
-- Found PythonInterp: /usr/bin/python3 (found suitable version "3.10.12", minimum required is "3.6") 
-- Found PythonLibs: /usr/lib/x86_64-linux-gnu/libpython3.10.so (found suitable version "3.10.12", minimum required is "3.5") 
-- Using PYTHON_EXECUTABLE: /usr/bin/python3
-- Using PYTHON_INCLUDE_DIRS: /usr/include/python3.10
-- Using PYTHON_LIBRARIES: /usr/lib/x86_64-linux-gnu/libpython3.10.so
-- Found PythonExtra: .so  
CMake Error at CMakeLists.txt:189 (find_package):
  By not providing "Findmimick_vendor.cmake" in CMAKE_MODULE_PATH this
  project has asked CMake to find a package configuration file provided by
  "mimick_vendor", but CMake did not find one.

  Could not find a package configuration file provided by "mimick_vendor"
  with any of the following names:

    mimick_vendorConfig.cmake
    mimick_vendor-config.cmake

  Add the installation prefix of "mimick_vendor" to CMAKE_PREFIX_PATH or set
  "mimick_vendor_DIR" to a directory containing one of the above files.  If
  "mimick_vendor" provides a separate development package or SDK, be sure it
  has been installed.


-- Configuring incomplete, errors occurred!
See also "/root/ros2_ws/build/rcutils/CMakeFiles/CMakeOutput.log".
